Log file open, 10/16/18 21:16:31
LogWindows: Failed to load 'aqProf.dll' (GetLastError=126)
LogWindows: File 'aqProf.dll' does not exist
LogWindows: Failed to load 'VSPerf140.dll' (GetLastError=126)
LogWindows: File 'VSPerf140.dll' does not exist
LogWindows: Failed to load 'VtuneApi.dll' (GetLastError=126)
LogWindows: File 'VtuneApi.dll' does not exist
LogWindows: Failed to load 'VtuneApi32e.dll' (GetLastError=126)
LogWindows: File 'VtuneApi32e.dll' does not exist
LogInit: Display: Running engine for game: TopHatSoloProject
LogPlatformFile: Not using cached read wrapper
LogTaskGraph: Started task graph with 5 named threads and 23 total threads with 3 sets of task threads.
LogStats: Stats thread started at 0.419001
LogD3D11RHI: Loaded GFSDK_Aftermath_Lib.x64.dll
LogICUInternationalization: Display: ICU TimeZone Detection - Raw Offset: +0:00, Platform Override: ''
LogPluginManager: Mounting plugin Paper2D
LogPluginManager: Mounting plugin AISupport
LogPluginManager: Mounting plugin LightPropagationVolume
LogPluginManager: Mounting plugin CLionSourceCodeAccess
LogPluginManager: Mounting plugin CodeLiteSourceCodeAccess
LogPluginManager: Mounting plugin GitSourceControl
LogPluginManager: Mounting plugin KDevelopSourceCodeAccess
LogPluginManager: Mounting plugin NullSourceCodeAccess
LogPluginManager: Mounting plugin PerforceSourceControl
LogPluginManager: Mounting plugin SubversionSourceControl
LogPluginManager: Mounting plugin UObjectPlugin
LogPluginManager: Mounting plugin VisualStudioCodeSourceCodeAccess
LogPluginManager: Mounting plugin VisualStudioSourceCodeAccess
LogPluginManager: Mounting plugin XCodeSourceCodeAccess
LogPluginManager: Mounting plugin AssetManagerEditor
LogPluginManager: Mounting plugin CryptoKeys
LogPluginManager: Mounting plugin DataValidation
LogPluginManager: Mounting plugin FacialAnimation
LogPluginManager: Mounting plugin GameplayTagsEditor
LogPluginManager: Mounting plugin MacGraphicsSwitching
LogPluginManager: Mounting plugin MeshEditor
LogPluginManager: Mounting plugin MobileLauncherProfileWizard
LogPluginManager: Mounting plugin PluginBrowser
LogPluginManager: Mounting plugin SpeedTreeImporter
LogPluginManager: Mounting plugin DatasmithContent
LogPluginManager: Mounting plugin AlembicImporter
LogPluginManager: Mounting plugin AppleImageUtils
LogPluginManager: Mounting plugin AppleVision
LogPluginManager: Mounting plugin BackChannel
LogPluginManager: Mounting plugin CharacterAI
LogPluginManager: Mounting plugin GeometryCache
LogPluginManager: Mounting plugin HTML5Networking
LogPluginManager: Mounting plugin ProxyLODPlugin
LogPluginManager: Mounting plugin MagicLeap
LogPluginManager: Mounting plugin MagicLeapEmulator
LogPluginManager: Mounting plugin MagicLeapMedia
LogPluginManager: Mounting plugin AndroidMedia
LogPluginManager: Mounting plugin AvfMedia
LogPluginManager: Mounting plugin ImgMedia
LogPluginManager: Mounting plugin LinearTimecode
LogPluginManager: Mounting plugin MediaCompositing
LogPluginManager: Mounting plugin MediaPlayerEditor
LogPluginManager: Mounting plugin WmfMedia
LogPluginManager: Mounting plugin TcpMessaging
LogPluginManager: Mounting plugin UdpMessaging
LogPluginManager: Mounting plugin ActorSequence
LogPluginManager: Mounting plugin LevelSequenceEditor
LogPluginManager: Mounting plugin MatineeToLevelSequence
LogPluginManager: Mounting plugin NetcodeUnitTest
LogPluginManager: Mounting plugin NUTUnrealEngine4
LogPluginManager: Mounting plugin OnlineSubsystemGooglePlay
LogPluginManager: Mounting plugin OnlineSubsystemIOS
LogPluginManager: Mounting plugin OnlineSubsystem
LogPluginManager: Mounting plugin OnlineSubsystemNull
LogPluginManager: Mounting plugin OnlineSubsystemUtils
LogPluginManager: Mounting plugin LauncherChunkInstaller
LogPluginManager: Mounting plugin AndroidDeviceProfileSelector
LogPluginManager: Mounting plugin AndroidMoviePlayer
LogPluginManager: Mounting plugin AndroidPermission
LogPluginManager: Mounting plugin AppleMoviePlayer
LogPluginManager: Mounting plugin ArchVisCharacter
LogPluginManager: Mounting plugin AudioCapture
LogPluginManager: Mounting plugin CableComponent
LogPluginManager: Mounting plugin CustomMeshComponent
LogPluginManager: Mounting plugin EditableMesh
LogPluginManager: Mounting plugin ExampleDeviceProfileSelector
LogPluginManager: Mounting plugin GoogleCloudMessaging
LogPluginManager: Mounting plugin ImmediatePhysics
LogPluginManager: Mounting plugin IOSDeviceProfileSelector
LogPluginManager: Mounting plugin LinuxDeviceProfileSelector
LogPluginManager: Mounting plugin LocationServicesBPLibrary
LogPluginManager: Mounting plugin MobilePatchingUtils
LogPluginManager: Mounting plugin OculusVR
LogPluginManager: Plugin shader directory ../../../Engine/Plugins/Runtime/Oculus/OculusVR/Shaders found
LogPluginManager: Mapping shader source directory ../../../Engine/Plugins/Runtime/Oculus/OculusVR/Shaders to virtual directory /Plugin/OculusVR
LogPluginManager: Mounting plugin PhysXVehicles
LogPluginManager: Mounting plugin ProceduralMeshComponent
LogPluginManager: Mounting plugin RuntimePhysXCooking
LogPluginManager: Mounting plugin SteamVR
LogPluginManager: Mounting plugin WindowsMoviePlayer
LogStreaming: Display: Took  0.284s to configure plugins.
LogInit: Using libcurl 7.55.1-DEV
LogInit:  - built for x86_64-pc-win32
LogInit:  - supports SSL with OpenSSL/1.0.2h
LogInit:  - supports HTTP deflate (compression) using libz 1.2.8
LogInit:  - other features:
LogInit:      CURL_VERSION_SSL
LogInit:      CURL_VERSION_LIBZ
LogInit:      CURL_VERSION_IPV6
LogInit:      CURL_VERSION_ASYNCHDNS
LogInit:      CURL_VERSION_LARGEFILE
LogInit:      CURL_VERSION_IDN
LogInit:  CurlRequestOptions (configurable via config and command line):
LogInit:  - bVerifyPeer = false  - Libcurl will NOT verify peer certificate
LogInit:  - bUseHttpProxy = false  - Libcurl will NOT use HTTP proxy
LogInit:  - bDontReuseConnections = false  - Libcurl will reuse connections
LogInit:  - CertBundlePath = nullptr  - Libcurl will use whatever was configured at build time.
LogInit:  - MaxHostConnections = 16  - Libcurl will limit the number of connections to a host
LogInit:  - LocalHostAddr = Default
LogInit:  - BufferSize = 65536
LogInit: WinSock: version 1.1 (2.2), MaxSocks=32767, MaxUdp=65467
LogInit: Build: ++UE4+Release-4.20-CL-4369336
LogInit: Engine Version: 4.20.3-4369336+++UE4+Release-4.20
LogInit: Compatible Engine Version: 4.20.0-4212847+++UE4+Release-4.20
LogInit: Net CL: 4212847
LogInit: OS: Windows 10 (), CPU: Intel(R) Xeon(R) CPU E5-1620 v4 @ 3.50GHz, GPU: NVIDIA GeForce GTX 1070
LogInit: Compiled (64-bit): Sep 17 2018 12:26:19
LogInit: Compiled with Visual C++: 19.13.26129.00
LogInit: Build Configuration: Development
LogInit: Branch Name: ++UE4+Release-4.20
LogInit: Command Line:  -skipcompile
LogInit: Base Directory: C:/Epic/UE4/UE_4.20/Engine/Binaries/Win64/
LogInit: Installed Engine Build: 1
LogDevObjectVersion: Number of dev versions registered: 20
LogDevObjectVersion:   Dev-Blueprints (B0D832E4-1F89-4F0D-ACCF-7EB736FD4AA2): 10
LogDevObjectVersion:   Dev-Build (E1C64328-A22C-4D53-A36C-8E866417BD8C): 0
LogDevObjectVersion:   Dev-Core (375EC13C-06E4-48FB-B500-84F0262A717E): 2
LogDevObjectVersion:   Dev-Editor (E4B068ED-F494-42E9-A231-DA0B2E46BB41): 24
LogDevObjectVersion:   Dev-Framework (CFFC743F-43B0-4480-9391-14DF171D2073): 34
LogDevObjectVersion:   Dev-Mobile (B02B49B5-BB20-44E9-A304-32B752E40360): 2
LogDevObjectVersion:   Dev-Networking (A4E4105C-59A1-49B5-A7C5-40C4547EDFEE): 0
LogDevObjectVersion:   Dev-Online (39C831C9-5AE6-47DC-9A44-9C173E1C8E7C): 0
LogDevObjectVersion:   Dev-Physics (78F01B33-EBEA-4F98-B9B4-84EACCB95AA2): 0
LogDevObjectVersion:   Dev-Platform (6631380F-2D4D-43E0-8009-CF276956A95A): 0
LogDevObjectVersion:   Dev-Rendering (12F88B9F-8875-4AFC-A67C-D90C383ABD29): 26
LogDevObjectVersion:   Dev-Sequencer (7B5AE74C-D270-4C10-A958-57980B212A5A): 9
LogDevObjectVersion:   Dev-VR (D7296918-1DD6-4BDD-9DE2-64A83CC13884): 2
LogDevObjectVersion:   Dev-LoadTimes (C2A15278-BFE7-4AFE-6C17-90FF531DF755): 1
LogDevObjectVersion:   Private-Geometry (6EACA3D4-40EC-4CC1-B786-8BED09428FC5): 3
LogDevObjectVersion:   Dev-AnimPhys (29E575DD-E0A3-4627-9D10-D276232CDCEA): 17
LogDevObjectVersion:   Dev-ReflectionCapture (6B266CEC-1EC7-4B8F-A30B-E4D90942FC07): 1
LogDevObjectVersion:   Dev-Automation (0DF73D61-A23F-47EA-B727-89E90C41499A): 1
LogDevObjectVersion:   FortniteMain (601D1886-AC64-4F84-AA16-D3DE0DEAC7D6): 12
LogDevObjectVersion:   Dev-Enterprise (9DFFBCD6-494F-0158-E221-12823C92A888): 1
LogStreaming: Display: Took  0.008s to delete old logs.
LogInit: Presizing for max 8388607 objects, including 0 objects not considered by GC, pre-allocating 0 bytes for permanent pool.
LogInit: Object subsystem initialized
[2018.10.16-20.16.32:093][  0]LogInit: Selected Device Profile: [Windows]
[2018.10.16-20.16.32:093][  0]LogInit: Applying CVar settings loaded from the selected device profile: [Windows]
[2018.10.16-20.16.32:112][  0]LogHAL: Display: Platform has ~ 32 GB [34272002048 / 34359738368 / 32], which maps to Largest [LargestMinGB=32, LargerMinGB=12, DefaultMinGB=8, SmallerMinGB=6, SmallestMinGB=0)
[2018.10.16-20.16.32:113][  0]LogInit: Setting Device Profile CVar: [[r.Vulkan.UseRealUBs:1]]
[2018.10.16-20.16.32:113][  0]LogInit: Going up to parent DeviceProfile []
[2018.10.16-20.16.32:113][  0]LogInit: Computer: D105-03
[2018.10.16-20.16.32:113][  0]LogInit: User: p018236h
[2018.10.16-20.16.32:113][  0]LogInit: CPU Page size=4096, Cores=4
[2018.10.16-20.16.32:113][  0]LogInit: High frequency timer resolution =3.410070 MHz
[2018.10.16-20.16.32:114][  0]LogMemory: Memory total: Physical=31.9GB (32GB approx)
[2018.10.16-20.16.32:114][  0]LogMemory: Platform Memory Stats for Windows
[2018.10.16-20.16.32:114][  0]LogMemory: Process Physical Memory: 101.61 MB used, 101.61 MB peak
[2018.10.16-20.16.32:114][  0]LogMemory: Process Virtual Memory: 89.46 MB used, 89.46 MB peak
[2018.10.16-20.16.32:114][  0]LogMemory: Physical Memory: 8039.45 MB used,  24644.88 MB free, 32684.33 MB total
[2018.10.16-20.16.32:114][  0]LogMemory: Virtual Memory: 4638.52 MB used,  24644.88 MB free, 134217728.00 MB total
[2018.10.16-20.16.32:232][  0]LogInit: Using OS detected language (en-US).
[2018.10.16-20.16.32:232][  0]LogInit: Using OS detected locale (en-GB).
[2018.10.16-20.16.32:234][  0]LogTextLocalizationManager: No specific localization for 'en-US' exists, so the 'en' localization will be used.
[2018.10.16-20.16.32:622][  0]LogStreaming: Display: Took  0.390s to InitEngineTextLocalization.
[2018.10.16-20.16.32:622][  0]LogInit: Setting process to per monitor DPI aware
[2018.10.16-20.16.32:683][  0]LogSlate: New Slate User Created.  User Index 0, Is Virtual User: 0
[2018.10.16-20.16.32:683][  0]LogSlate: Slate User Registered.  User Index 0, Is Virtual User: 0
[2018.10.16-20.16.33:024][  0]LogHMD: Failed to initialize OpenVR with code 126
[2018.10.16-20.16.33:024][  0]LogD3D11RHI: D3D11 adapters:
[2018.10.16-20.16.33:111][  0]LogD3D11RHI:    0. 'NVIDIA GeForce GTX 1070' (Feature Level 11_0)
[2018.10.16-20.16.33:111][  0]LogD3D11RHI:       8088/0/16342 MB DedicatedVideo/DedicatedSystem/SharedSystem, Outputs:2, VendorId:0x10de
[2018.10.16-20.16.33:128][  0]LogD3D11RHI:    1. 'Microsoft Basic Render Driver' (Feature Level 11_0)
[2018.10.16-20.16.33:128][  0]LogD3D11RHI:       0/0/16342 MB DedicatedVideo/DedicatedSystem/SharedSystem, Outputs:0, VendorId:0x1414
[2018.10.16-20.16.33:128][  0]LogD3D11RHI: Chosen D3D11 Adapter: 0
[2018.10.16-20.16.33:138][  0]LogD3D11RHI: Creating new Direct3DDevice
[2018.10.16-20.16.33:138][  0]LogD3D11RHI:     GPU DeviceId: 0x1b81 (for the marketing name, search the web for "GPU Device Id")
[2018.10.16-20.16.33:138][  0]LogWindows: EnumDisplayDevices:
[2018.10.16-20.16.33:138][  0]LogWindows:    0. 'NVIDIA GeForce GTX 1070' (P:1 D:1)
[2018.10.16-20.16.33:138][  0]LogWindows:    1. 'NVIDIA GeForce GTX 1070' (P:0 D:1)
[2018.10.16-20.16.33:139][  0]LogWindows:    2. 'NVIDIA GeForce GTX 1070' (P:0 D:0)
[2018.10.16-20.16.33:139][  0]LogWindows:    3. 'NVIDIA GeForce GTX 1070' (P:0 D:0)
[2018.10.16-20.16.33:139][  0]LogWindows: DebugString: FoundDriverCount:4 
[2018.10.16-20.16.33:140][  0]LogD3D11RHI:     Adapter Name: NVIDIA GeForce GTX 1070
[2018.10.16-20.16.33:140][  0]LogD3D11RHI:   Driver Version: 398.82 (internal:24.21.13.9882, unified:398.82)
[2018.10.16-20.16.33:140][  0]LogD3D11RHI:      Driver Date: 7-30-2018
[2018.10.16-20.16.33:140][  0]LogRHI: Texture pool is 5661 MB (70% of 8088 MB)
[2018.10.16-20.16.33:191][  0]LogD3D11RHI: Async texture creation enabled
[2018.10.16-20.16.33:209][  0]LogD3D11RHI: GPU Timing Frequency: 1000.000000 (Debug: 2 2)
[2018.10.16-20.16.33:295][  0]LogShaderCompilers: Guid format shader working directory is -54 characters bigger than the processId version (../../../../../../Users/p018236h/OneDrive - Staffordshire University/TGP/SoloProject/TopHatSoloProject/Intermediate/Shaders/WorkingDirectory/12796/).
[2018.10.16-20.16.33:296][  0]LogShaderCompilers: Cleaned the shader compiler working directory 'C:/Users/p018236h/AppData/Local/Temp/UnrealShaderWorkingDir/9792BD7845384B00F074679A30E914FB/'.
[2018.10.16-20.16.33:634][  0]LogTemp: Display: Loaded TP AllDesktopTargetPlatform
[2018.10.16-20.16.33:653][  0]LogTemp: Display: Loaded TP MacClientTargetPlatform
[2018.10.16-20.16.33:672][  0]LogTemp: Display: Loaded TP MacNoEditorTargetPlatform
[2018.10.16-20.16.33:691][  0]LogTemp: Display: Loaded TP MacServerTargetPlatform
[2018.10.16-20.16.33:712][  0]LogTemp: Display: Loaded TP MacTargetPlatform
[2018.10.16-20.16.33:732][  0]LogTemp: Display: Loaded TP WindowsClientTargetPlatform
[2018.10.16-20.16.33:751][  0]LogTemp: Display: Loaded TP WindowsNoEditorTargetPlatform
[2018.10.16-20.16.33:770][  0]LogTemp: Display: Loaded TP WindowsServerTargetPlatform
[2018.10.16-20.16.33:781][  0]LogTemp: Display: Loaded TP WindowsTargetPlatform
[2018.10.16-20.16.33:877][  0]LogTemp: Display: Loaded TP AndroidTargetPlatform
[2018.10.16-20.16.33:877][  0]LogTemp: Display: Loaded TP AndroidTargetPlatform
[2018.10.16-20.16.33:877][  0]LogTemp: Display: Loaded TP AndroidTargetPlatform
[2018.10.16-20.16.33:878][  0]LogTemp: Display: Loaded TP AndroidTargetPlatform
[2018.10.16-20.16.33:878][  0]LogTemp: Display: Loaded TP AndroidTargetPlatform
[2018.10.16-20.16.33:878][  0]LogTemp: Display: Loaded TP AndroidTargetPlatform
[2018.10.16-20.16.33:878][  0]LogTemp: Display: Loaded TP AndroidTargetPlatform
[2018.10.16-20.16.33:878][  0]LogTemp: Display: Loaded TP AndroidTargetPlatform
[2018.10.16-20.16.33:878][  0]LogTemp: Display: Loaded TP AndroidTargetPlatform
[2018.10.16-20.16.33:878][  0]LogTemp: Display: Loaded TP AndroidTargetPlatform
[2018.10.16-20.16.33:878][  0]LogTemp: Display: Loaded TP AndroidTargetPlatform
[2018.10.16-20.16.33:878][  0]LogTemp: Display: Loaded TP AndroidTargetPlatform
[2018.10.16-20.16.33:878][  0]LogTemp: Display: Loaded TP AndroidTargetPlatform
[2018.10.16-20.16.33:878][  0]LogTemp: Display: Loaded TP AndroidTargetPlatform
[2018.10.16-20.16.33:878][  0]LogTemp: Display: Loaded TP AndroidTargetPlatform
[2018.10.16-20.16.33:878][  0]LogTemp: Display: Loaded TP AndroidTargetPlatform
[2018.10.16-20.16.33:878][  0]LogTemp: Display: Loaded TP AndroidTargetPlatform
[2018.10.16-20.16.33:878][  0]LogTemp: Display: Loaded TP AndroidTargetPlatform
[2018.10.16-20.16.33:882][  0]LogTemp: Display: Loaded TP HTML5TargetPlatform
[2018.10.16-20.16.33:957][  0]LogTemp: Display: Loaded TP IOSTargetPlatform
[2018.10.16-20.16.33:957][  0]LogTemp: Display: Loaded TP IOSTargetPlatform
[2018.10.16-20.16.33:991][  0]LogTemp: Display: Loaded TP TVOSTargetPlatform
[2018.10.16-20.16.33:991][  0]LogTemp: Display: Loaded TP TVOSTargetPlatform
[2018.10.16-20.16.34:008][  0]LogTemp: Display: Loaded TP LinuxClientTargetPlatform
[2018.10.16-20.16.34:024][  0]LogTemp: Display: Loaded TP LinuxNoEditorTargetPlatform
[2018.10.16-20.16.34:041][  0]LogTemp: Display: Loaded TP LinuxServerTargetPlatform
[2018.10.16-20.16.34:057][  0]LogTemp: Display: Loaded TP LinuxTargetPlatform
[2018.10.16-20.16.34:071][  0]LogTemp: Display: Loaded TP LuminTargetPlatform
[2018.10.16-20.16.34:072][  0]LogTargetPlatformManager: Display: Building Assets For Windows
[2018.10.16-20.16.34:250][  0]LogXGEController: Cleaning working directory: C:/Users/p018236h/AppData/Local/Temp/UnrealXGEWorkingDir/
[2018.10.16-20.16.34:251][  0]LogXGEController: Cannot use XGE Controller as Incredibuild is not installed on this machine.
[2018.10.16-20.16.34:251][  0]LogShaderCompilers: Cannot use XGE Shader Compiler as Incredibuild is not installed on this machine.
[2018.10.16-20.16.34:251][  0]LogShaderCompilers: Display: Using Local Shader Compiler.
[2018.10.16-20.16.35:283][  0]LogDerivedDataCache: Display: Max Cache Size: 512 MB
[2018.10.16-20.16.35:384][  0]LogDerivedDataCache: Loaded boot cache 0.10s 73MB C:/Users/p018236h/AppData/Local/UnrealEngine/4.20/DerivedDataCache/Boot.ddc.
[2018.10.16-20.16.35:384][  0]LogDerivedDataCache: Display: Loaded Boot cache: C:/Users/p018236h/AppData/Local/UnrealEngine/4.20/DerivedDataCache/Boot.ddc
[2018.10.16-20.16.35:384][  0]LogDerivedDataCache: FDerivedDataBackendGraph:  Pak pak cache file ../../../../../../Users/p018236h/OneDrive - Staffordshire University/TGP/SoloProject/TopHatSoloProject/DerivedDataCache/DDC.ddp not found, will not use a pak cache.
[2018.10.16-20.16.35:384][  0]LogDerivedDataCache: Unable to find inner node Pak for hierarchical cache Hierarchy.
[2018.10.16-20.16.35:384][  0]LogDerivedDataCache: FDerivedDataBackendGraph:  CompressedPak pak cache file ../../../../../../Users/p018236h/OneDrive - Staffordshire University/TGP/SoloProject/TopHatSoloProject/DerivedDataCache/Compressed.ddp not found, will not use a pak cache.
[2018.10.16-20.16.35:384][  0]LogDerivedDataCache: Unable to find inner node CompressedPak for hierarchical cache Hierarchy.
[2018.10.16-20.16.35:397][  0]LogDerivedDataCache: Display: Pak cache opened for reading ../../../Engine/DerivedDataCache/Compressed.ddp.
[2018.10.16-20.16.35:410][  0]LogDerivedDataCache: Using Local data cache path C:/Users/p018236h/AppData/Local/UnrealEngine/Common/DerivedDataCache: Writable
[2018.10.16-20.16.35:410][  0]LogDerivedDataCache: Shared data cache path not found in *engine.ini, will not use an Shared cache.
[2018.10.16-20.16.35:410][  0]LogDerivedDataCache: Unable to find inner node Shared for hierarchical cache Hierarchy.
[2018.10.16-20.16.35:429][  0]LogMaterial: Verifying Global Shaders for PCD3D_SM5
[2018.10.16-20.16.35:430][  0]LogSlate: Using FreeType 2.6.0
[2018.10.16-20.16.35:431][  0]LogSlate: SlateFontServices - WITH_FREETYPE: 1, WITH_HARFBUZZ: 1
[2018.10.16-20.16.35:518][  0]LogAssetRegistry: FAssetRegistry took 0.0292 seconds to start up
[2018.10.16-20.16.35:929][  0]LogInit: Selected Device Profile: [Windows]
[2018.10.16-20.16.36:025][  0]LogSimplygon: Simplygon DLL not present - disabling.
[2018.10.16-20.16.36:035][  0]LogMeshReduction: Using SimplygonSwarm for distributed automatic mesh merging
[2018.10.16-20.16.36:035][  0]LogMeshReduction: Using ProxyLODMeshReduction for automatic mesh merging
[2018.10.16-20.16.36:035][  0]LogMeshReduction: Using QuadricMeshReduction for automatic static mesh reduction
[2018.10.16-20.16.36:035][  0]LogMeshReduction: No automatic skeletal mesh reduction module available
[2018.10.16-20.16.36:135][  0]LogNetVersion: TopHatSoloProject 1.0.0, NetCL: 4212847, EngineNetVer: 5, GameNetVer: 0 (Checksum: 426773178)
[2018.10.16-20.16.36:755][  0]LogPackageLocalizationCache: Processed 11 localized package path(s) for 2 prioritized culture(s) in 0.157078 seconds
[2018.10.16-20.16.36:764][  0]LogUObjectArray: 38425 objects as part of root set at end of initial load.
[2018.10.16-20.16.36:764][  0]LogUObjectAllocator: 6690872 out of 0 bytes used by permanent object pool.
[2018.10.16-20.16.36:764][  0]LogUObjectArray: CloseDisregardForGC: 0/0 objects in disregard for GC pool
[2018.10.16-20.16.37:926][  0]LogTcpMessaging: Initializing TcpMessaging bridge
[2018.10.16-20.16.37:944][  0]LogUdpMessaging: Initializing bridge on interface 0.0.0.0:0 to multicast group 230.0.0.1:6666.
[2018.10.16-20.16.38:352][  0]SourceControl: Source control is disabled
[2018.10.16-20.16.38:352][  0]SourceControl: Source control is disabled
[2018.10.16-20.16.38:356][  0]SourceControl: Source control is disabled
[2018.10.16-20.16.38:360][  0]SourceControl: Source control is disabled
[2018.10.16-20.16.38:645][  0]LogAndroidPermission: UAndroidPermissionCallbackProxy::GetInstance
[2018.10.16-20.16.38:700][  0]LogOcInput: OculusInput pre-init called
[2018.10.16-20.16.38:777][  0]LogEngine: Initializing Engine...
[2018.10.16-20.16.38:816][  0]LogHMD: Failed to initialize OpenVR with code 126
[2018.10.16-20.16.38:819][  0]LogStats: UGameplayTagsManager::ConstructGameplayTagTree: ImportINI prefixes -  0.000 s
[2018.10.16-20.16.38:819][  0]LogStats: UGameplayTagsManager::ConstructGameplayTagTree: Construct from data asset -  0.000 s
[2018.10.16-20.16.38:820][  0]LogStats: UGameplayTagsManager::ConstructGameplayTagTree: ImportINI -  0.000 s
[2018.10.16-20.16.38:820][  0]LogStats: UGameplayTagsManager::ConstructGameplayTagTree: GameplayTagTreeChangedEvent.Broadcast -  0.000 s
[2018.10.16-20.16.39:046][  0]LogInit: Initializing FReadOnlyCVARCache
[2018.10.16-20.16.39:069][  0]LogAIModule: Creating AISystem for world Untitled
[2018.10.16-20.16.39:080][  0]LogInit: No audio devices found!
[2018.10.16-20.16.39:080][  0]LogNetVersion: Set ProjectVersion to 1.0.0.0. Version Checksum will be recalculated on next use.
[2018.10.16-20.16.39:189][  0]LogDerivedDataCache: Saved boot cache 0.11s 73MB C:/Users/p018236h/AppData/Local/UnrealEngine/4.20/DerivedDataCache/Boot.ddc.
[2018.10.16-20.16.39:236][  0]LogInit: Texture streaming: Enabled
[2018.10.16-20.16.39:270][  0]LogEngineSessionManager: EngineSessionManager initialized
[2018.10.16-20.16.39:287][  0]LogInit: Transaction tracking system initialized
[2018.10.16-20.16.39:339][  0]BlueprintLog: New page: Editor Load
[2018.10.16-20.16.39:547][  0]LocalizationService: Localization service is disabled
[2018.10.16-20.16.39:928][  0]LogCook: Display: Max memory allowance for cook 16384mb min free memory 0mb
[2018.10.16-20.16.39:928][  0]LogCook: Display: Mobile HDR setting 1
[2018.10.16-20.16.39:929][  0]LogGameplayTags: Display: UGameplayTagsManager::DoneAddingNativeTags. DelegateIsBound: 0
[2018.10.16-20.16.39:929][  0]LogStats: UGameplayTagsManager::ConstructGameplayTagTree: ImportINI prefixes -  0.000 s
[2018.10.16-20.16.39:929][  0]LogStats: UGameplayTagsManager::ConstructGameplayTagTree: Construct from data asset -  0.000 s
[2018.10.16-20.16.39:929][  0]LogStats: UGameplayTagsManager::ConstructGameplayTagTree: ImportINI -  0.000 s
[2018.10.16-20.16.39:929][  0]LogStats: UGameplayTagsManager::ConstructGameplayTagTree: GameplayTagTreeChangedEvent.Broadcast -  0.000 s
[2018.10.16-20.16.40:159][  0]LogFileCache: Scanning file cache for directory 'C:/Users/p018236h/OneDrive - Staffordshire University/TGP/SoloProject/TopHatSoloProject/Content/' took 0.02s
[2018.10.16-20.16.40:159][  0]SourceControl: Source control is disabled
[2018.10.16-20.16.40:160][  0]LightingResults: New page: Lighting Build
[2018.10.16-20.16.40:165][  0]MapCheck: New page: Map Check
[2018.10.16-20.16.40:165][  0]LightingResults: New page: Lighting Build
[2018.10.16-20.16.40:486][  0]LogAIModule: Creating AISystem for world ThirdPersonExampleMap
[2018.10.16-20.16.40:495][  0]LogEditorServer: Finished looking for orphan Actors (0.000 secs)
[2018.10.16-20.16.40:522][  0]Cmd: MAP CHECKDEP NOCLEARLOG
[2018.10.16-20.16.40:743][  0]MapCheck: Map check complete: 0 Error(s), 0 Warning(s), took 220.18ms to complete.
[2018.10.16-20.16.40:743][  0]LogFileHelpers: Loading map 'ThirdPersonExampleMap' took 0.583
[2018.10.16-20.16.40:868][  0]LogSlate: Updating window title bar state: overlay mode, drag disabled, window buttons hidden, title bar hidden
[2018.10.16-20.16.40:876][  0]LogSlate: Updating window title bar state: overlay mode, drag disabled, window buttons hidden, title bar hidden
[2018.10.16-20.16.40:884][  0]LogSlate: Updating window title bar state: overlay mode, drag disabled, window buttons hidden, title bar hidden
[2018.10.16-20.16.40:893][  0]LogSlate: Updating window title bar state: overlay mode, drag disabled, window buttons hidden, title bar hidden
[2018.10.16-20.16.40:906][  0]LogCollectionManager: Loaded 0 collections in 0.004551 seconds
[2018.10.16-20.16.40:960][  0]LogFileCache: Scanning file cache for directory 'C:/Users/p018236h/OneDrive - Staffordshire University/TGP/SoloProject/TopHatSoloProject/Saved/Collections/' took 0.01s
[2018.10.16-20.16.40:961][  0]LogFileCache: Scanning file cache for directory 'C:/Users/p018236h/OneDrive - Staffordshire University/TGP/SoloProject/TopHatSoloProject/Content/Developers/p018236h/Collections/' took 0.01s
[2018.10.16-20.16.40:961][  0]LogFileCache: Scanning file cache for directory 'C:/Users/p018236h/OneDrive - Staffordshire University/TGP/SoloProject/TopHatSoloProject/Content/Collections/' took 0.01s
[2018.10.16-20.16.40:961][  0]LogCollectionManager: Rebuilt the GUID cache for 0 collections in 0.000000 seconds
[2018.10.16-20.16.40:971][  0]LogContentBrowser: Native class hierarchy populated in 0.0099 seconds. Added 2577 classes and 606 folders.
[2018.10.16-20.16.40:981][  0]LogContentBrowser: Native class hierarchy updated for 'WidgetCarousel' in 0.0005 seconds. Added 0 classes and 0 folders.
[2018.10.16-20.16.41:071][  0]LogContentBrowser: Native class hierarchy updated for 'AddContentDialog' in 0.0005 seconds. Added 0 classes and 0 folders.
[2018.10.16-20.16.41:080][  0]LogContentBrowser: Native class hierarchy updated for 'SceneOutliner' in 0.0006 seconds. Added 1 classes and 2 folders.
[2018.10.16-20.16.41:095][  0]LogSlate: Took 0.000296 seconds to synchronously load lazily loaded font '../../../Engine/Content/Slate/Fonts/Roboto-Regular.ttf' (155K)
[2018.10.16-20.16.41:098][  0]LogSlate: Took 0.000303 seconds to synchronously load lazily loaded font '../../../Engine/Content/Slate/Fonts/Roboto-Bold.ttf' (160K)
[2018.10.16-20.16.41:107][  0]LogSlate: Took 0.000426 seconds to synchronously load lazily loaded font '../../../Engine/Content/Editor/Slate/Fonts/FontAwesome.ttf' (139K)
[2018.10.16-20.16.41:186][  0]LogRenderer: Reallocating scene render targets to support 1208x576 Format 10 NumSamples 1 (Frame:1).
[2018.10.16-20.16.41:312][  0]LogContentBrowser: Native class hierarchy updated for 'HierarchicalLODOutliner' in 0.0006 seconds. Added 0 classes and 0 folders.
[2018.10.16-20.16.41:312][  0]LogLoad: (Engine Initialization) Total time: 12.43 seconds
[2018.10.16-20.16.41:312][  0]LogLoad: (Engine Initialization) Total Blueprint compile time: 0.00 seconds
[2018.10.16-20.16.41:322][  0]LogWindowsTextInputMethodSystem: Display: IME system now deactivated.
[2018.10.16-20.16.41:347][  0]LogContentStreaming: Texture pool size now 1000 MB
[2018.10.16-20.16.41:371][  0]LogSlate: Took 0.000237 seconds to synchronously load lazily loaded font '../../../Engine/Content/Slate/Fonts/Roboto-Light.ttf' (167K)
[2018.10.16-20.16.41:399][  1]LogAssetRegistry: Asset discovery search completed in 5.9052 seconds
[2018.10.16-20.16.41:400][  1]LogCollectionManager: Rebuilt the object cache for 0 collections in 0.000000 seconds (found 0 objects)
[2018.10.16-20.16.41:400][  1]LogCollectionManager: Fixed up redirectors for 0 collections in 0.000133 seconds (updated 0 objects)
[2018.10.16-20.16.44:122][322]LogSlate: FSceneViewport::OnFocusLost() reason 0
[2018.10.16-20.16.44:206][332]LogTemp: Repeating last play command: Selected Viewport
[2018.10.16-20.16.44:226][332]LogBlueprintUserMessages: Early PlayInEditor Detection: Level '/Game/ThirdPersonCPP/Maps/ThirdPersonExampleMap.ThirdPersonExampleMap:PersistentLevel' has LevelScriptBlueprint '/Game/ThirdPersonCPP/Maps/ThirdPersonExampleMap.ThirdPersonExampleMap:PersistentLevel.ThirdPersonExampleMap' with GeneratedClass '/Game/ThirdPersonCPP/Maps/ThirdPersonExampleMap.ThirdPersonExampleMap_C' with ClassGeneratedBy '/Game/ThirdPersonCPP/Maps/ThirdPersonExampleMap.ThirdPersonExampleMap:PersistentLevel.ThirdPersonExampleMap'
[2018.10.16-20.16.44:226][332]LogPlayLevel: PlayLevel: No blueprints needed recompiling
[2018.10.16-20.16.44:241][332]PIE: New page: PIE session: ThirdPersonExampleMap (16 Oct 2018 22:16:44)
[2018.10.16-20.16.44:241][332]LogPlayLevel: Creating play world package: /Game/ThirdPersonCPP/Maps/UEDPIE_0_ThirdPersonExampleMap
[2018.10.16-20.16.44:271][332]LogPlayLevel: PIE: StaticDuplicateObject took: (0.029924s)
[2018.10.16-20.16.44:272][332]LogAIModule: Creating AISystem for world ThirdPersonExampleMap
[2018.10.16-20.16.44:272][332]LogPlayLevel: PIE: World Init took: (0.000984s)
[2018.10.16-20.16.44:272][332]LogPlayLevel: PIE: Created PIE world by copying editor world from /Game/ThirdPersonCPP/Maps/ThirdPersonExampleMap.ThirdPersonExampleMap to /Game/ThirdPersonCPP/Maps/UEDPIE_0_ThirdPersonExampleMap.ThirdPersonExampleMap (0.031305s)
[2018.10.16-20.16.44:348][332]LogLoad: Game class is 'VampireGameMode_C'
[2018.10.16-20.16.44:350][332]LogWorld: Bringing World /Game/ThirdPersonCPP/Maps/UEDPIE_0_ThirdPersonExampleMap.ThirdPersonExampleMap up for play (max tick rate 0) at 2018.10.16-21.16.44
[2018.10.16-20.16.44:351][332]LogWorld: Bringing up level for play took: 0.001337
[2018.10.16-20.16.44:372][332]LogContentBrowser: Native class hierarchy updated for 'MovieSceneCapture' in 0.0006 seconds. Added 10 classes and 0 folders.
[2018.10.16-20.16.44:372][332]LogGameMode: Display: Match State Changed from EnteringMap to WaitingToStart
[2018.10.16-20.16.44:373][332]LogGameState: Match State Changed from EnteringMap to WaitingToStart
[2018.10.16-20.16.44:373][332]LogGameMode: Display: Match State Changed from WaitingToStart to InProgress
[2018.10.16-20.16.44:373][332]LogBlueprintUserMessages: [VampireGameMode_C_0] 0
[2018.10.16-20.16.44:373][332]LogGameState: Match State Changed from WaitingToStart to InProgress
[2018.10.16-20.16.44:374][332]PIE: Play in editor start time for /Game/ThirdPersonCPP/Maps/UEDPIE_0_ThirdPersonExampleMap 0.721
[2018.10.16-20.16.44:374][332]LogBlueprintUserMessages: Late PlayInEditor Detection: Level '/Game/ThirdPersonCPP/Maps/ThirdPersonExampleMap.ThirdPersonExampleMap:PersistentLevel' has LevelScriptBlueprint '/Game/ThirdPersonCPP/Maps/ThirdPersonExampleMap.ThirdPersonExampleMap:PersistentLevel.ThirdPersonExampleMap' with GeneratedClass '/Game/ThirdPersonCPP/Maps/ThirdPersonExampleMap.ThirdPersonExampleMap_C' with ClassGeneratedBy '/Game/ThirdPersonCPP/Maps/ThirdPersonExampleMap.ThirdPersonExampleMap:PersistentLevel.ThirdPersonExampleMap'
[2018.10.16-20.16.57:385][889]LogBlueprintUserMessages: Early EndPlayMap Detection: Level '/Game/ThirdPersonCPP/Maps/ThirdPersonExampleMap.ThirdPersonExampleMap:PersistentLevel' has LevelScriptBlueprint '/Game/ThirdPersonCPP/Maps/ThirdPersonExampleMap.ThirdPersonExampleMap:PersistentLevel.ThirdPersonExampleMap' with GeneratedClass '/Game/ThirdPersonCPP/Maps/ThirdPersonExampleMap.ThirdPersonExampleMap_C' with ClassGeneratedBy '/Game/ThirdPersonCPP/Maps/ThirdPersonExampleMap.ThirdPersonExampleMap:PersistentLevel.ThirdPersonExampleMap'
[2018.10.16-20.16.57:386][889]LogSlate: Updating window title bar state: overlay mode, drag disabled, window buttons hidden, title bar hidden
[2018.10.16-20.16.57:421][889]LogPlayLevel: Display: Shutting down PIE online subsystems
[2018.10.16-20.16.57:421][889]LogBlueprintUserMessages: Late EndPlayMap Detection: Level '/Game/ThirdPersonCPP/Maps/ThirdPersonExampleMap.ThirdPersonExampleMap:PersistentLevel' has LevelScriptBlueprint '/Game/ThirdPersonCPP/Maps/ThirdPersonExampleMap.ThirdPersonExampleMap:PersistentLevel.ThirdPersonExampleMap' with GeneratedClass '/Game/ThirdPersonCPP/Maps/ThirdPersonExampleMap.ThirdPersonExampleMap_C' with ClassGeneratedBy '/Game/ThirdPersonCPP/Maps/ThirdPersonExampleMap.ThirdPersonExampleMap:PersistentLevel.ThirdPersonExampleMap'
[2018.10.16-20.16.57:441][889]LogSlate: Updating window title bar state: overlay mode, drag disabled, window buttons hidden, title bar hidden
[2018.10.16-20.16.57:491][892]LogPlayLevel: Display: Destroying online subsystem :Context_2
[2018.10.16-20.17.10:264][423]Cmd: SELECT NONE
[2018.10.16-20.17.11:139][525]LogSlate: FSceneViewport::OnFocusLost() reason 0
[2018.10.16-20.17.11:214][534]LogTemp: Repeating last play command: Selected Viewport
[2018.10.16-20.17.11:236][534]LogBlueprintUserMessages: Early PlayInEditor Detection: Level '/Game/ThirdPersonCPP/Maps/ThirdPersonExampleMap.ThirdPersonExampleMap:PersistentLevel' has LevelScriptBlueprint '/Game/ThirdPersonCPP/Maps/ThirdPersonExampleMap.ThirdPersonExampleMap:PersistentLevel.ThirdPersonExampleMap' with GeneratedClass '/Game/ThirdPersonCPP/Maps/ThirdPersonExampleMap.ThirdPersonExampleMap_C' with ClassGeneratedBy '/Game/ThirdPersonCPP/Maps/ThirdPersonExampleMap.ThirdPersonExampleMap:PersistentLevel.ThirdPersonExampleMap'
[2018.10.16-20.17.11:237][534]LogPlayLevel: PlayLevel: No blueprints needed recompiling
[2018.10.16-20.17.11:237][534]PIE: New page: PIE session: ThirdPersonExampleMap (16 Oct 2018 22:17:11)
[2018.10.16-20.17.11:237][534]LogPlayLevel: Creating play world package: /Game/ThirdPersonCPP/Maps/UEDPIE_0_ThirdPersonExampleMap
[2018.10.16-20.17.11:252][534]LogPlayLevel: PIE: StaticDuplicateObject took: (0.015261s)
[2018.10.16-20.17.11:253][534]LogAIModule: Creating AISystem for world ThirdPersonExampleMap
[2018.10.16-20.17.11:254][534]LogPlayLevel: PIE: World Init took: (0.001389s)
[2018.10.16-20.17.11:254][534]LogPlayLevel: PIE: Created PIE world by copying editor world from /Game/ThirdPersonCPP/Maps/ThirdPersonExampleMap.ThirdPersonExampleMap to /Game/ThirdPersonCPP/Maps/UEDPIE_0_ThirdPersonExampleMap.ThirdPersonExampleMap (0.017326s)
[2018.10.16-20.17.11:320][534]LogLoad: Game class is 'VampireGameMode_C'
[2018.10.16-20.17.11:322][534]LogWorld: Bringing World /Game/ThirdPersonCPP/Maps/UEDPIE_0_ThirdPersonExampleMap.ThirdPersonExampleMap up for play (max tick rate 0) at 2018.10.16-21.17.11
[2018.10.16-20.17.11:323][534]LogWorld: Bringing up level for play took: 0.001320
[2018.10.16-20.17.11:336][534]LogGameMode: Display: Match State Changed from EnteringMap to WaitingToStart
[2018.10.16-20.17.11:336][534]LogGameState: Match State Changed from EnteringMap to WaitingToStart
[2018.10.16-20.17.11:336][534]LogGameMode: Display: Match State Changed from WaitingToStart to InProgress
[2018.10.16-20.17.11:336][534]LogBlueprintUserMessages: [VampireGameMode_C_0] 0
[2018.10.16-20.17.11:337][534]LogGameState: Match State Changed from WaitingToStart to InProgress
[2018.10.16-20.17.11:337][534]PIE: Play in editor start time for /Game/ThirdPersonCPP/Maps/UEDPIE_0_ThirdPersonExampleMap -0.316
[2018.10.16-20.17.11:337][534]LogBlueprintUserMessages: Late PlayInEditor Detection: Level '/Game/ThirdPersonCPP/Maps/ThirdPersonExampleMap.ThirdPersonExampleMap:PersistentLevel' has LevelScriptBlueprint '/Game/ThirdPersonCPP/Maps/ThirdPersonExampleMap.ThirdPersonExampleMap:PersistentLevel.ThirdPersonExampleMap' with GeneratedClass '/Game/ThirdPersonCPP/Maps/ThirdPersonExampleMap.ThirdPersonExampleMap_C' with ClassGeneratedBy '/Game/ThirdPersonCPP/Maps/ThirdPersonExampleMap.ThirdPersonExampleMap:PersistentLevel.ThirdPersonExampleMap'
[2018.10.16-20.17.22:440][863]LogBlueprintUserMessages: Early EndPlayMap Detection: Level '/Game/ThirdPersonCPP/Maps/ThirdPersonExampleMap.ThirdPersonExampleMap:PersistentLevel' has LevelScriptBlueprint '/Game/ThirdPersonCPP/Maps/ThirdPersonExampleMap.ThirdPersonExampleMap:PersistentLevel.ThirdPersonExampleMap' with GeneratedClass '/Game/ThirdPersonCPP/Maps/ThirdPersonExampleMap.ThirdPersonExampleMap_C' with ClassGeneratedBy '/Game/ThirdPersonCPP/Maps/ThirdPersonExampleMap.ThirdPersonExampleMap:PersistentLevel.ThirdPersonExampleMap'
[2018.10.16-20.17.22:441][863]LogSlate: Updating window title bar state: overlay mode, drag disabled, window buttons hidden, title bar hidden
[2018.10.16-20.17.22:475][863]LogPlayLevel: Display: Shutting down PIE online subsystems
[2018.10.16-20.17.22:475][863]LogBlueprintUserMessages: Late EndPlayMap Detection: Level '/Game/ThirdPersonCPP/Maps/ThirdPersonExampleMap.ThirdPersonExampleMap:PersistentLevel' has LevelScriptBlueprint '/Game/ThirdPersonCPP/Maps/ThirdPersonExampleMap.ThirdPersonExampleMap:PersistentLevel.ThirdPersonExampleMap' with GeneratedClass '/Game/ThirdPersonCPP/Maps/ThirdPersonExampleMap.ThirdPersonExampleMap_C' with ClassGeneratedBy '/Game/ThirdPersonCPP/Maps/ThirdPersonExampleMap.ThirdPersonExampleMap:PersistentLevel.ThirdPersonExampleMap'
[2018.10.16-20.17.22:498][863]LogSlate: Updating window title bar state: overlay mode, drag disabled, window buttons hidden, title bar hidden
[2018.10.16-20.17.22:543][866]LogPlayLevel: Display: Destroying online subsystem :Context_3
