Log file open, 10/22/18 01:53:35
LogWindows: Failed to load 'aqProf.dll' (GetLastError=126)
LogWindows: File 'aqProf.dll' does not exist
LogWindows: Failed to load 'VSPerf140.dll' (GetLastError=126)
LogWindows: File 'VSPerf140.dll' does not exist
LogWindows: Failed to load 'VtuneApi.dll' (GetLastError=126)
LogWindows: File 'VtuneApi.dll' does not exist
LogWindows: Failed to load 'VtuneApi32e.dll' (GetLastError=126)
LogWindows: File 'VtuneApi32e.dll' does not exist
LogInit: Display: Running engine for game: TopHatSoloProject
LogPlatformFile: Not using cached read wrapper
LogTaskGraph: Started task graph with 5 named threads and 23 total threads with 3 sets of task threads.
LogStats: Stats thread started at 0.454127
LogD3D11RHI: Loaded GFSDK_Aftermath_Lib.x64.dll
LogICUInternationalization: Display: ICU TimeZone Detection - Raw Offset: +0:00, Platform Override: ''
LogPluginManager: Mounting plugin Paper2D
LogPluginManager: Mounting plugin AISupport
LogPluginManager: Mounting plugin LightPropagationVolume
LogPluginManager: Mounting plugin CLionSourceCodeAccess
LogPluginManager: Mounting plugin CodeLiteSourceCodeAccess
LogPluginManager: Mounting plugin GitSourceControl
LogPluginManager: Mounting plugin KDevelopSourceCodeAccess
LogPluginManager: Mounting plugin NullSourceCodeAccess
LogPluginManager: Mounting plugin PerforceSourceControl
LogPluginManager: Mounting plugin SubversionSourceControl
LogPluginManager: Mounting plugin UObjectPlugin
LogPluginManager: Mounting plugin VisualStudioCodeSourceCodeAccess
LogPluginManager: Mounting plugin VisualStudioSourceCodeAccess
LogPluginManager: Mounting plugin XCodeSourceCodeAccess
LogPluginManager: Mounting plugin AssetManagerEditor
LogPluginManager: Mounting plugin CryptoKeys
LogPluginManager: Mounting plugin DataValidation
LogPluginManager: Mounting plugin FacialAnimation
LogPluginManager: Mounting plugin GameplayTagsEditor
LogPluginManager: Mounting plugin MacGraphicsSwitching
LogPluginManager: Mounting plugin MeshEditor
LogPluginManager: Mounting plugin MobileLauncherProfileWizard
LogPluginManager: Mounting plugin PluginBrowser
LogPluginManager: Mounting plugin SpeedTreeImporter
LogPluginManager: Mounting plugin DatasmithContent
LogPluginManager: Mounting plugin AlembicImporter
LogPluginManager: Mounting plugin AppleImageUtils
LogPluginManager: Mounting plugin AppleVision
LogPluginManager: Mounting plugin BackChannel
LogPluginManager: Mounting plugin CharacterAI
LogPluginManager: Mounting plugin GeometryCache
LogPluginManager: Mounting plugin HTML5Networking
LogPluginManager: Mounting plugin ProxyLODPlugin
LogPluginManager: Mounting plugin MagicLeap
LogPluginManager: Mounting plugin MagicLeapEmulator
LogPluginManager: Mounting plugin MagicLeapMedia
LogPluginManager: Mounting plugin AndroidMedia
LogPluginManager: Mounting plugin AvfMedia
LogPluginManager: Mounting plugin ImgMedia
LogPluginManager: Mounting plugin LinearTimecode
LogPluginManager: Mounting plugin MediaCompositing
LogPluginManager: Mounting plugin MediaPlayerEditor
LogPluginManager: Mounting plugin WmfMedia
LogPluginManager: Mounting plugin TcpMessaging
LogPluginManager: Mounting plugin UdpMessaging
LogPluginManager: Mounting plugin ActorSequence
LogPluginManager: Mounting plugin LevelSequenceEditor
LogPluginManager: Mounting plugin MatineeToLevelSequence
LogPluginManager: Mounting plugin NetcodeUnitTest
LogPluginManager: Mounting plugin NUTUnrealEngine4
LogPluginManager: Mounting plugin OnlineSubsystemGooglePlay
LogPluginManager: Mounting plugin OnlineSubsystemIOS
LogPluginManager: Mounting plugin OnlineSubsystem
LogPluginManager: Mounting plugin OnlineSubsystemNull
LogPluginManager: Mounting plugin OnlineSubsystemUtils
LogPluginManager: Mounting plugin LauncherChunkInstaller
LogPluginManager: Mounting plugin AndroidDeviceProfileSelector
LogPluginManager: Mounting plugin AndroidMoviePlayer
LogPluginManager: Mounting plugin AndroidPermission
LogPluginManager: Mounting plugin AppleMoviePlayer
LogPluginManager: Mounting plugin ArchVisCharacter
LogPluginManager: Mounting plugin AudioCapture
LogPluginManager: Mounting plugin CableComponent
LogPluginManager: Mounting plugin CustomMeshComponent
LogPluginManager: Mounting plugin EditableMesh
LogPluginManager: Mounting plugin ExampleDeviceProfileSelector
LogPluginManager: Mounting plugin GoogleCloudMessaging
LogPluginManager: Mounting plugin ImmediatePhysics
LogPluginManager: Mounting plugin IOSDeviceProfileSelector
LogPluginManager: Mounting plugin LinuxDeviceProfileSelector
LogPluginManager: Mounting plugin LocationServicesBPLibrary
LogPluginManager: Mounting plugin MobilePatchingUtils
LogPluginManager: Mounting plugin OculusVR
LogPluginManager: Plugin shader directory ../../../Engine/Plugins/Runtime/Oculus/OculusVR/Shaders found
LogPluginManager: Mapping shader source directory ../../../Engine/Plugins/Runtime/Oculus/OculusVR/Shaders to virtual directory /Plugin/OculusVR
LogPluginManager: Mounting plugin PhysXVehicles
LogPluginManager: Mounting plugin ProceduralMeshComponent
LogPluginManager: Mounting plugin RuntimePhysXCooking
LogPluginManager: Mounting plugin SteamVR
LogPluginManager: Mounting plugin WindowsMoviePlayer
LogStreaming: Display: Took  0.317s to configure plugins.
LogInit: Using libcurl 7.55.1-DEV
LogInit:  - built for x86_64-pc-win32
LogInit:  - supports SSL with OpenSSL/1.0.2h
LogInit:  - supports HTTP deflate (compression) using libz 1.2.8
LogInit:  - other features:
LogInit:      CURL_VERSION_SSL
LogInit:      CURL_VERSION_LIBZ
LogInit:      CURL_VERSION_IPV6
LogInit:      CURL_VERSION_ASYNCHDNS
LogInit:      CURL_VERSION_LARGEFILE
LogInit:      CURL_VERSION_IDN
LogInit:  CurlRequestOptions (configurable via config and command line):
LogInit:  - bVerifyPeer = false  - Libcurl will NOT verify peer certificate
LogInit:  - bUseHttpProxy = false  - Libcurl will NOT use HTTP proxy
LogInit:  - bDontReuseConnections = false  - Libcurl will reuse connections
LogInit:  - CertBundlePath = nullptr  - Libcurl will use whatever was configured at build time.
LogInit:  - MaxHostConnections = 16  - Libcurl will limit the number of connections to a host
LogInit:  - LocalHostAddr = Default
LogInit:  - BufferSize = 65536
LogInit: WinSock: version 1.1 (2.2), MaxSocks=32767, MaxUdp=65467
LogInit: Build: ++UE4+Release-4.20-CL-4369336
LogInit: Engine Version: 4.20.3-4369336+++UE4+Release-4.20
LogInit: Compatible Engine Version: 4.20.0-4212847+++UE4+Release-4.20
LogInit: Net CL: 4212847
LogInit: OS: Windows 10 (), CPU: Intel(R) Xeon(R) CPU E5-1620 v3 @ 3.50GHz, GPU: NVIDIA GeForce GTX 970
LogInit: Compiled (64-bit): Sep 17 2018 12:26:19
LogInit: Compiled with Visual C++: 19.13.26129.00
LogInit: Build Configuration: Development
LogInit: Branch Name: ++UE4+Release-4.20
LogInit: Command Line:  -skipcompile
LogInit: Base Directory: C:/Epic/UE4/UE_4.20/Engine/Binaries/Win64/
LogInit: Installed Engine Build: 1
LogDevObjectVersion: Number of dev versions registered: 20
LogDevObjectVersion:   Dev-Blueprints (B0D832E4-1F89-4F0D-ACCF-7EB736FD4AA2): 10
LogDevObjectVersion:   Dev-Build (E1C64328-A22C-4D53-A36C-8E866417BD8C): 0
LogDevObjectVersion:   Dev-Core (375EC13C-06E4-48FB-B500-84F0262A717E): 2
LogDevObjectVersion:   Dev-Editor (E4B068ED-F494-42E9-A231-DA0B2E46BB41): 24
LogDevObjectVersion:   Dev-Framework (CFFC743F-43B0-4480-9391-14DF171D2073): 34
LogDevObjectVersion:   Dev-Mobile (B02B49B5-BB20-44E9-A304-32B752E40360): 2
LogDevObjectVersion:   Dev-Networking (A4E4105C-59A1-49B5-A7C5-40C4547EDFEE): 0
LogDevObjectVersion:   Dev-Online (39C831C9-5AE6-47DC-9A44-9C173E1C8E7C): 0
LogDevObjectVersion:   Dev-Physics (78F01B33-EBEA-4F98-B9B4-84EACCB95AA2): 0
LogDevObjectVersion:   Dev-Platform (6631380F-2D4D-43E0-8009-CF276956A95A): 0
LogDevObjectVersion:   Dev-Rendering (12F88B9F-8875-4AFC-A67C-D90C383ABD29): 26
LogDevObjectVersion:   Dev-Sequencer (7B5AE74C-D270-4C10-A958-57980B212A5A): 9
LogDevObjectVersion:   Dev-VR (D7296918-1DD6-4BDD-9DE2-64A83CC13884): 2
LogDevObjectVersion:   Dev-LoadTimes (C2A15278-BFE7-4AFE-6C17-90FF531DF755): 1
LogDevObjectVersion:   Private-Geometry (6EACA3D4-40EC-4CC1-B786-8BED09428FC5): 3
LogDevObjectVersion:   Dev-AnimPhys (29E575DD-E0A3-4627-9D10-D276232CDCEA): 17
LogDevObjectVersion:   Dev-ReflectionCapture (6B266CEC-1EC7-4B8F-A30B-E4D90942FC07): 1
LogDevObjectVersion:   Dev-Automation (0DF73D61-A23F-47EA-B727-89E90C41499A): 1
LogDevObjectVersion:   FortniteMain (601D1886-AC64-4F84-AA16-D3DE0DEAC7D6): 12
LogDevObjectVersion:   Dev-Enterprise (9DFFBCD6-494F-0158-E221-12823C92A888): 1
LogStreaming: Display: Took  0.005s to delete old logs.
LogInit: Presizing for max 8388607 objects, including 0 objects not considered by GC, pre-allocating 0 bytes for permanent pool.
LogInit: Object subsystem initialized
[2018.10.22-00.53.36:464][  0]LogInit: Selected Device Profile: [Windows]
[2018.10.22-00.53.36:464][  0]LogInit: Applying CVar settings loaded from the selected device profile: [Windows]
[2018.10.22-00.53.36:482][  0]LogHAL: Display: Platform has ~ 16 GB [17092038656 / 17179869184 / 16], which maps to Larger [LargestMinGB=32, LargerMinGB=12, DefaultMinGB=8, SmallerMinGB=6, SmallestMinGB=0)
[2018.10.22-00.53.36:483][  0]LogInit: Setting Device Profile CVar: [[r.Vulkan.UseRealUBs:1]]
[2018.10.22-00.53.36:483][  0]LogInit: Going up to parent DeviceProfile []
[2018.10.22-00.53.36:483][  0]LogInit: Computer: C115-8
[2018.10.22-00.53.36:483][  0]LogInit: User: p018236h
[2018.10.22-00.53.36:484][  0]LogInit: CPU Page size=4096, Cores=4
[2018.10.22-00.53.36:484][  0]LogInit: High frequency timer resolution =3.410072 MHz
[2018.10.22-00.53.36:484][  0]LogMemory: Memory total: Physical=15.9GB (16GB approx)
[2018.10.22-00.53.36:484][  0]LogMemory: Platform Memory Stats for Windows
[2018.10.22-00.53.36:484][  0]LogMemory: Process Physical Memory: 100.18 MB used, 100.18 MB peak
[2018.10.22-00.53.36:484][  0]LogMemory: Process Virtual Memory: 90.80 MB used, 90.80 MB peak
[2018.10.22-00.53.36:484][  0]LogMemory: Physical Memory: 5190.96 MB used,  11109.28 MB free, 16300.24 MB total
[2018.10.22-00.53.36:484][  0]LogMemory: Virtual Memory: 4640.09 MB used,  11109.28 MB free, 134217728.00 MB total
[2018.10.22-00.53.36:612][  0]LogInit: Using OS detected language (en-US).
[2018.10.22-00.53.36:612][  0]LogInit: Using OS detected locale (en-GB).
[2018.10.22-00.53.36:614][  0]LogTextLocalizationManager: No specific localization for 'en-US' exists, so the 'en' localization will be used.
[2018.10.22-00.53.36:999][  0]LogStreaming: Display: Took  0.387s to InitEngineTextLocalization.
[2018.10.22-00.53.36:999][  0]LogInit: Setting process to per monitor DPI aware
[2018.10.22-00.53.37:070][  0]LogSlate: New Slate User Created.  User Index 0, Is Virtual User: 0
[2018.10.22-00.53.37:070][  0]LogSlate: Slate User Registered.  User Index 0, Is Virtual User: 0
[2018.10.22-00.53.37:447][  0]LogHMD: Failed to initialize OpenVR with code 110
[2018.10.22-00.53.37:447][  0]LogD3D11RHI: D3D11 adapters:
[2018.10.22-00.53.37:542][  0]LogD3D11RHI:    0. 'NVIDIA GeForce GTX 970' (Feature Level 11_0)
[2018.10.22-00.53.37:542][  0]LogD3D11RHI:       4043/0/8150 MB DedicatedVideo/DedicatedSystem/SharedSystem, Outputs:2, VendorId:0x10de
[2018.10.22-00.53.37:548][  0]LogD3D11RHI:    1. 'Microsoft Basic Render Driver' (Feature Level 11_0)
[2018.10.22-00.53.37:548][  0]LogD3D11RHI:       0/0/8150 MB DedicatedVideo/DedicatedSystem/SharedSystem, Outputs:0, VendorId:0x1414
[2018.10.22-00.53.37:548][  0]LogD3D11RHI: Chosen D3D11 Adapter: 0
[2018.10.22-00.53.37:557][  0]LogD3D11RHI: Creating new Direct3DDevice
[2018.10.22-00.53.37:557][  0]LogD3D11RHI:     GPU DeviceId: 0x13c2 (for the marketing name, search the web for "GPU Device Id")
[2018.10.22-00.53.37:557][  0]LogWindows: EnumDisplayDevices:
[2018.10.22-00.53.37:557][  0]LogWindows:    0. 'NVIDIA GeForce GTX 970' (P:1 D:1)
[2018.10.22-00.53.37:558][  0]LogWindows:    1. 'NVIDIA GeForce GTX 970' (P:0 D:1)
[2018.10.22-00.53.37:558][  0]LogWindows:    2. 'NVIDIA GeForce GTX 970' (P:0 D:0)
[2018.10.22-00.53.37:559][  0]LogWindows:    3. 'NVIDIA GeForce GTX 970' (P:0 D:0)
[2018.10.22-00.53.37:559][  0]LogWindows: DebugString: FoundDriverCount:4 
[2018.10.22-00.53.37:559][  0]LogD3D11RHI:     Adapter Name: NVIDIA GeForce GTX 970
[2018.10.22-00.53.37:559][  0]LogD3D11RHI:   Driver Version: 398.82 (internal:24.21.13.9882, unified:398.82)
[2018.10.22-00.53.37:559][  0]LogD3D11RHI:      Driver Date: 7-30-2018
[2018.10.22-00.53.37:559][  0]LogRHI: Texture pool is 2830 MB (70% of 4043 MB)
[2018.10.22-00.53.37:625][  0]LogD3D11RHI: Async texture creation enabled
[2018.10.22-00.53.37:644][  0]LogD3D11RHI: GPU Timing Frequency: 1000.000000 (Debug: 2 2)
[2018.10.22-00.53.37:689][  0]LogShaderCompilers: Guid format shader working directory is -69 characters bigger than the processId version (../../../../../../Users/p018236h/OneDrive - Staffordshire University/TGP/SoloProject/TGP_SoloProject/TopHatSoloProject/Intermediate/Shaders/WorkingDirectory/4652/).
[2018.10.22-00.53.37:689][  0]LogShaderCompilers: Cleaned the shader compiler working directory 'C:/Users/p018236h/AppData/Local/Temp/UnrealShaderWorkingDir/C44D98F04A6DD7FB99DEF3888B76ED67/'.
[2018.10.22-00.53.38:066][  0]LogTemp: Display: Loaded TP AllDesktopTargetPlatform
[2018.10.22-00.53.38:087][  0]LogTemp: Display: Loaded TP MacClientTargetPlatform
[2018.10.22-00.53.38:114][  0]LogTemp: Display: Loaded TP MacNoEditorTargetPlatform
[2018.10.22-00.53.38:134][  0]LogTemp: Display: Loaded TP MacServerTargetPlatform
[2018.10.22-00.53.38:158][  0]LogTemp: Display: Loaded TP MacTargetPlatform
[2018.10.22-00.53.38:177][  0]LogTemp: Display: Loaded TP WindowsClientTargetPlatform
[2018.10.22-00.53.38:197][  0]LogTemp: Display: Loaded TP WindowsNoEditorTargetPlatform
[2018.10.22-00.53.38:219][  0]LogTemp: Display: Loaded TP WindowsServerTargetPlatform
[2018.10.22-00.53.38:229][  0]LogTemp: Display: Loaded TP WindowsTargetPlatform
[2018.10.22-00.53.38:333][  0]LogTemp: Display: Loaded TP AndroidTargetPlatform
[2018.10.22-00.53.38:333][  0]LogTemp: Display: Loaded TP AndroidTargetPlatform
[2018.10.22-00.53.38:333][  0]LogTemp: Display: Loaded TP AndroidTargetPlatform
[2018.10.22-00.53.38:333][  0]LogTemp: Display: Loaded TP AndroidTargetPlatform
[2018.10.22-00.53.38:333][  0]LogTemp: Display: Loaded TP AndroidTargetPlatform
[2018.10.22-00.53.38:333][  0]LogTemp: Display: Loaded TP AndroidTargetPlatform
[2018.10.22-00.53.38:333][  0]LogTemp: Display: Loaded TP AndroidTargetPlatform
[2018.10.22-00.53.38:333][  0]LogTemp: Display: Loaded TP AndroidTargetPlatform
[2018.10.22-00.53.38:333][  0]LogTemp: Display: Loaded TP AndroidTargetPlatform
[2018.10.22-00.53.38:333][  0]LogTemp: Display: Loaded TP AndroidTargetPlatform
[2018.10.22-00.53.38:333][  0]LogTemp: Display: Loaded TP AndroidTargetPlatform
[2018.10.22-00.53.38:333][  0]LogTemp: Display: Loaded TP AndroidTargetPlatform
[2018.10.22-00.53.38:333][  0]LogTemp: Display: Loaded TP AndroidTargetPlatform
[2018.10.22-00.53.38:333][  0]LogTemp: Display: Loaded TP AndroidTargetPlatform
[2018.10.22-00.53.38:333][  0]LogTemp: Display: Loaded TP AndroidTargetPlatform
[2018.10.22-00.53.38:333][  0]LogTemp: Display: Loaded TP AndroidTargetPlatform
[2018.10.22-00.53.38:334][  0]LogTemp: Display: Loaded TP AndroidTargetPlatform
[2018.10.22-00.53.38:334][  0]LogTemp: Display: Loaded TP AndroidTargetPlatform
[2018.10.22-00.53.38:338][  0]LogTemp: Display: Loaded TP HTML5TargetPlatform
[2018.10.22-00.53.38:417][  0]LogTemp: Display: Loaded TP IOSTargetPlatform
[2018.10.22-00.53.38:417][  0]LogTemp: Display: Loaded TP IOSTargetPlatform
[2018.10.22-00.53.38:450][  0]LogTemp: Display: Loaded TP TVOSTargetPlatform
[2018.10.22-00.53.38:450][  0]LogTemp: Display: Loaded TP TVOSTargetPlatform
[2018.10.22-00.53.38:471][  0]LogTemp: Display: Loaded TP LinuxClientTargetPlatform
[2018.10.22-00.53.38:489][  0]LogTemp: Display: Loaded TP LinuxNoEditorTargetPlatform
[2018.10.22-00.53.38:506][  0]LogTemp: Display: Loaded TP LinuxServerTargetPlatform
[2018.10.22-00.53.38:525][  0]LogTemp: Display: Loaded TP LinuxTargetPlatform
[2018.10.22-00.53.38:543][  0]LogTemp: Display: Loaded TP LuminTargetPlatform
[2018.10.22-00.53.38:544][  0]LogTargetPlatformManager: Display: Building Assets For Windows
[2018.10.22-00.53.38:726][  0]LogXGEController: Cleaning working directory: C:/Users/p018236h/AppData/Local/Temp/UnrealXGEWorkingDir/
[2018.10.22-00.53.38:726][  0]LogXGEController: Cannot use XGE Controller as Incredibuild is not installed on this machine.
[2018.10.22-00.53.38:727][  0]LogShaderCompilers: Cannot use XGE Shader Compiler as Incredibuild is not installed on this machine.
[2018.10.22-00.53.38:727][  0]LogShaderCompilers: Display: Using Local Shader Compiler.
[2018.10.22-00.53.39:848][  0]LogDerivedDataCache: Display: Max Cache Size: 512 MB
[2018.10.22-00.53.39:946][  0]LogDerivedDataCache: Loaded boot cache 0.10s 73MB C:/Users/p018236h/AppData/Local/UnrealEngine/4.20/DerivedDataCache/Boot.ddc.
[2018.10.22-00.53.39:953][  0]LogDerivedDataCache: Display: Loaded Boot cache: C:/Users/p018236h/AppData/Local/UnrealEngine/4.20/DerivedDataCache/Boot.ddc
[2018.10.22-00.53.39:953][  0]LogDerivedDataCache: FDerivedDataBackendGraph:  Pak pak cache file ../../../../../../Users/p018236h/OneDrive - Staffordshire University/TGP/SoloProject/TGP_SoloProject/TopHatSoloProject/DerivedDataCache/DDC.ddp not found, will not use a pak cache.
[2018.10.22-00.53.39:953][  0]LogDerivedDataCache: Unable to find inner node Pak for hierarchical cache Hierarchy.
[2018.10.22-00.53.39:954][  0]LogDerivedDataCache: FDerivedDataBackendGraph:  CompressedPak pak cache file ../../../../../../Users/p018236h/OneDrive - Staffordshire University/TGP/SoloProject/TGP_SoloProject/TopHatSoloProject/DerivedDataCache/Compressed.ddp not found, will not use a pak cache.
[2018.10.22-00.53.39:954][  0]LogDerivedDataCache: Unable to find inner node CompressedPak for hierarchical cache Hierarchy.
[2018.10.22-00.53.39:972][  0]LogDerivedDataCache: Display: Pak cache opened for reading ../../../Engine/DerivedDataCache/Compressed.ddp.
[2018.10.22-00.53.39:986][  0]LogDerivedDataCache: Using Local data cache path C:/Users/p018236h/AppData/Local/UnrealEngine/Common/DerivedDataCache: Writable
[2018.10.22-00.53.39:986][  0]LogDerivedDataCache: Shared data cache path not found in *engine.ini, will not use an Shared cache.
[2018.10.22-00.53.39:986][  0]LogDerivedDataCache: Unable to find inner node Shared for hierarchical cache Hierarchy.
[2018.10.22-00.53.40:036][  0]LogMaterial: Verifying Global Shaders for PCD3D_SM5
[2018.10.22-00.53.40:040][  0]LogSlate: Using FreeType 2.6.0
[2018.10.22-00.53.40:042][  0]LogSlate: SlateFontServices - WITH_FREETYPE: 1, WITH_HARFBUZZ: 1
[2018.10.22-00.53.40:168][  0]LogAssetRegistry: FAssetRegistry took 0.0339 seconds to start up
[2018.10.22-00.53.40:591][  0]LogInit: Selected Device Profile: [Windows]
[2018.10.22-00.53.40:798][  0]LogSimplygon: Simplygon DLL not present - disabling.
[2018.10.22-00.53.40:808][  0]LogMeshReduction: Using SimplygonSwarm for distributed automatic mesh merging
[2018.10.22-00.53.40:808][  0]LogMeshReduction: Using ProxyLODMeshReduction for automatic mesh merging
[2018.10.22-00.53.40:808][  0]LogMeshReduction: Using QuadricMeshReduction for automatic static mesh reduction
[2018.10.22-00.53.40:808][  0]LogMeshReduction: No automatic skeletal mesh reduction module available
[2018.10.22-00.53.40:826][  0]LogNetVersion: TopHatSoloProject 1.0.0, NetCL: 4212847, EngineNetVer: 5, GameNetVer: 0 (Checksum: 426773178)
[2018.10.22-00.53.41:625][  0]LogPackageLocalizationCache: Processed 11 localized package path(s) for 2 prioritized culture(s) in 0.200239 seconds
[2018.10.22-00.53.41:633][  0]LogUObjectArray: 38425 objects as part of root set at end of initial load.
[2018.10.22-00.53.41:634][  0]LogUObjectAllocator: 6690872 out of 0 bytes used by permanent object pool.
[2018.10.22-00.53.41:634][  0]LogUObjectArray: CloseDisregardForGC: 0/0 objects in disregard for GC pool
[2018.10.22-00.53.42:873][  0]LogTcpMessaging: Initializing TcpMessaging bridge
[2018.10.22-00.53.42:892][  0]LogUdpMessaging: Initializing bridge on interface 0.0.0.0:0 to multicast group 230.0.0.1:6666.
[2018.10.22-00.53.43:325][  0]SourceControl: Source control is disabled
[2018.10.22-00.53.43:325][  0]SourceControl: Source control is disabled
[2018.10.22-00.53.43:329][  0]SourceControl: Source control is disabled
[2018.10.22-00.53.43:333][  0]SourceControl: Source control is disabled
[2018.10.22-00.53.43:652][  0]LogAndroidPermission: UAndroidPermissionCallbackProxy::GetInstance
[2018.10.22-00.53.43:756][  0]LogOcInput: OculusInput pre-init called
[2018.10.22-00.53.43:832][  0]LogEngine: Initializing Engine...
[2018.10.22-00.53.43:833][  0]LogHMD: Failed to initialize OpenVR with code 110
[2018.10.22-00.53.43:834][  0]LogStats: UGameplayTagsManager::ConstructGameplayTagTree: ImportINI prefixes -  0.000 s
[2018.10.22-00.53.43:834][  0]LogStats: UGameplayTagsManager::ConstructGameplayTagTree: Construct from data asset -  0.000 s
[2018.10.22-00.53.43:835][  0]LogStats: UGameplayTagsManager::ConstructGameplayTagTree: ImportINI -  0.000 s
[2018.10.22-00.53.43:835][  0]LogStats: UGameplayTagsManager::ConstructGameplayTagTree: GameplayTagTreeChangedEvent.Broadcast -  0.000 s
[2018.10.22-00.53.44:076][  0]LogInit: Initializing FReadOnlyCVARCache
[2018.10.22-00.53.44:101][  0]LogAIModule: Creating AISystem for world Untitled
[2018.10.22-00.53.44:117][  0]LogInit: XAudio2 using 'Speakers (Realtek High Definition Audio)' : 2 channels at 48 kHz using 32 bits per sample (channel mask 0x3)
[2018.10.22-00.53.44:158][  0]LogInit: FAudioDevice initialized.
[2018.10.22-00.53.44:158][  0]LogNetVersion: Set ProjectVersion to 1.0.0.0. Version Checksum will be recalculated on next use.
[2018.10.22-00.53.44:365][  0]LogDerivedDataCache: Saved boot cache 0.21s 73MB C:/Users/p018236h/AppData/Local/UnrealEngine/4.20/DerivedDataCache/Boot.ddc.
[2018.10.22-00.53.44:388][  0]LogInit: Texture streaming: Enabled
[2018.10.22-00.53.44:428][  0]LogEngineSessionManager: EngineSessionManager initialized
[2018.10.22-00.53.44:447][  0]LogInit: Transaction tracking system initialized
[2018.10.22-00.53.44:507][  0]BlueprintLog: New page: Editor Load
[2018.10.22-00.53.44:731][  0]LocalizationService: Localization service is disabled
[2018.10.22-00.53.45:126][  0]LogCook: Display: Max memory allowance for cook 16384mb min free memory 0mb
[2018.10.22-00.53.45:127][  0]LogCook: Display: Mobile HDR setting 1
[2018.10.22-00.53.45:127][  0]LogGameplayTags: Display: UGameplayTagsManager::DoneAddingNativeTags. DelegateIsBound: 0
[2018.10.22-00.53.45:127][  0]LogStats: UGameplayTagsManager::ConstructGameplayTagTree: ImportINI prefixes -  0.000 s
[2018.10.22-00.53.45:127][  0]LogStats: UGameplayTagsManager::ConstructGameplayTagTree: Construct from data asset -  0.000 s
[2018.10.22-00.53.45:128][  0]LogStats: UGameplayTagsManager::ConstructGameplayTagTree: ImportINI -  0.000 s
[2018.10.22-00.53.45:128][  0]LogStats: UGameplayTagsManager::ConstructGameplayTagTree: GameplayTagTreeChangedEvent.Broadcast -  0.000 s
[2018.10.22-00.53.45:378][  0]LogFileCache: Scanning file cache for directory 'C:/Users/p018236h/OneDrive - Staffordshire University/TGP/SoloProject/TGP_SoloProject/TopHatSoloProject/Content/' took 0.03s
[2018.10.22-00.53.45:378][  0]SourceControl: Source control is disabled
[2018.10.22-00.53.45:378][  0]Cmd: MAP LOAD FILE="../../../Engine/Content/Maps/Templates/Template_Default.umap" TEMPLATE=1 SHOWPROGRESS=1 FEATURELEVEL=3
[2018.10.22-00.53.45:379][  0]LightingResults: New page: Lighting Build
[2018.10.22-00.53.45:384][  0]MapCheck: New page: Map Check
[2018.10.22-00.53.45:384][  0]LightingResults: New page: Lighting Build
[2018.10.22-00.53.45:569][  0]LogAIModule: Creating AISystem for world Untitled_1
[2018.10.22-00.53.45:584][  0]LogEditorServer: Finished looking for orphan Actors (0.000 secs)
[2018.10.22-00.53.45:612][  0]Cmd: MAP CHECKDEP NOCLEARLOG
[2018.10.22-00.53.45:815][  0]MapCheck: Map check complete: 0 Error(s), 0 Warning(s), took 203.105ms to complete.
[2018.10.22-00.53.45:815][  0]LogFileHelpers: Loading map 'Template_Default' took 0.437
[2018.10.22-00.53.45:957][  0]LogSlate: Updating window title bar state: overlay mode, drag disabled, window buttons hidden, title bar hidden
[2018.10.22-00.53.45:963][  0]LogSlate: Updating window title bar state: overlay mode, drag disabled, window buttons hidden, title bar hidden
[2018.10.22-00.53.45:970][  0]LogSlate: Updating window title bar state: overlay mode, drag disabled, window buttons hidden, title bar hidden
[2018.10.22-00.53.45:977][  0]LogSlate: Updating window title bar state: overlay mode, drag disabled, window buttons hidden, title bar hidden
[2018.10.22-00.53.45:990][  0]LogCollectionManager: Loaded 0 collections in 0.003818 seconds
[2018.10.22-00.53.46:053][  0]LogFileCache: Scanning file cache for directory 'C:/Users/p018236h/OneDrive - Staffordshire University/TGP/SoloProject/TGP_SoloProject/TopHatSoloProject/Saved/Collections/' took 0.01s
[2018.10.22-00.53.46:053][  0]LogFileCache: Scanning file cache for directory 'C:/Users/p018236h/OneDrive - Staffordshire University/TGP/SoloProject/TGP_SoloProject/TopHatSoloProject/Content/Developers/p018236h/Collections/' took 0.01s
[2018.10.22-00.53.46:053][  0]LogFileCache: Scanning file cache for directory 'C:/Users/p018236h/OneDrive - Staffordshire University/TGP/SoloProject/TGP_SoloProject/TopHatSoloProject/Content/Collections/' took 0.01s
[2018.10.22-00.53.46:053][  0]LogCollectionManager: Rebuilt the GUID cache for 0 collections in 0.000000 seconds
[2018.10.22-00.53.46:070][  0]LogContentBrowser: Native class hierarchy populated in 0.0156 seconds. Added 2578 classes and 606 folders.
[2018.10.22-00.53.46:088][  0]LogContentBrowser: Native class hierarchy updated for 'WidgetCarousel' in 0.0006 seconds. Added 0 classes and 0 folders.
[2018.10.22-00.53.46:181][  0]LogContentBrowser: Native class hierarchy updated for 'AddContentDialog' in 0.0005 seconds. Added 0 classes and 0 folders.
[2018.10.22-00.53.46:191][  0]LogContentBrowser: Native class hierarchy updated for 'SceneOutliner' in 0.0006 seconds. Added 1 classes and 2 folders.
[2018.10.22-00.53.46:207][  0]LogSlate: Took 0.000283 seconds to synchronously load lazily loaded font '../../../Engine/Content/Slate/Fonts/Roboto-Regular.ttf' (155K)
[2018.10.22-00.53.46:211][  0]LogSlate: Took 0.000295 seconds to synchronously load lazily loaded font '../../../Engine/Content/Slate/Fonts/Roboto-Bold.ttf' (160K)
[2018.10.22-00.53.46:218][  0]LogSlate: Took 0.000327 seconds to synchronously load lazily loaded font '../../../Engine/Content/Editor/Slate/Fonts/FontAwesome.ttf' (139K)
[2018.10.22-00.53.46:305][  0]LogRenderer: Reallocating scene render targets to support 1208x576 Format 10 NumSamples 1 (Frame:1).
[2018.10.22-00.53.46:493][  0]LogContentBrowser: Native class hierarchy updated for 'HierarchicalLODOutliner' in 0.0006 seconds. Added 0 classes and 0 folders.
[2018.10.22-00.53.46:494][  0]LogLoad: (Engine Initialization) Total time: 13.55 seconds
[2018.10.22-00.53.46:494][  0]LogLoad: (Engine Initialization) Total Blueprint compile time: 0.00 seconds
[2018.10.22-00.53.46:506][  0]LogWindowsTextInputMethodSystem: Display: IME system now deactivated.
[2018.10.22-00.53.46:545][  0]LogContentStreaming: Texture pool size now 1000 MB
[2018.10.22-00.53.46:566][  0]LogSlate: Took 0.000251 seconds to synchronously load lazily loaded font '../../../Engine/Content/Slate/Fonts/Roboto-Light.ttf' (167K)
[2018.10.22-00.53.46:570][  1]LogFileCache: Retrieving MD5 hashes for directory 'C:/Users/p018236h/OneDrive - Staffordshire University/TGP/SoloProject/TGP_SoloProject/TopHatSoloProject/Content/' took 0.05s
[2018.10.22-00.53.46:586][  1]LogAssetRegistry: Asset discovery search completed in 6.4458 seconds
[2018.10.22-00.53.46:588][  1]LogCollectionManager: Rebuilt the object cache for 0 collections in 0.000001 seconds (found 0 objects)
[2018.10.22-00.53.46:588][  1]LogCollectionManager: Fixed up redirectors for 0 collections in 0.000148 seconds (updated 0 objects)
[2018.10.22-00.54.02:243][869]LogEditorViewport: Clicking on Actor (LMB): StaticMeshActor (Floor)
[2018.10.22-00.54.03:392][995]LogEditorViewport: Clicking on Actor (LMB): BP_Sky_Sphere_C (Sky Sphere)
[2018.10.22-00.54.05:257][214]LogSlate: FSceneViewport::OnFocusLost() reason 0
[2018.10.22-00.54.08:430][586]LogSlate: Took 0.000250 seconds to synchronously load lazily loaded font '../../../Engine/Content/Slate/Fonts/Roboto-Light.ttf' (167K)
[2018.10.22-00.54.08:649][586]LogAIModule: Creating AISystem for world TestLevel
[2018.10.22-00.54.08:671][586]LogAssetEditorManager: Opening Asset editor for World /Game/MainMenu/TestLevel.TestLevel
[2018.10.22-00.54.08:695][586]LightingResults: New page: Lighting Build
[2018.10.22-00.54.08:696][586]LoadErrors: New page: Loading map: TestLevel.umap
[2018.10.22-00.54.08:697][586]MapCheck: New page: Map Check
[2018.10.22-00.54.08:697][586]LightingResults: New page: Lighting Build
[2018.10.22-00.54.09:140][586]LogEditorServer: Finished looking for orphan Actors (0.000 secs)
[2018.10.22-00.54.09:196][586]Cmd: MAP CHECKDEP NOCLEARLOG
[2018.10.22-00.54.09:428][586]MapCheck: Map check complete: 0 Error(s), 0 Warning(s), took 231.83ms to complete.
[2018.10.22-00.54.09:429][586]LogFileHelpers: Loading map 'TestLevel' took 0.735
[2018.10.22-00.54.16:866][417]LogAIModule: Creating AISystem for world ThirdPersonExampleMap
[2018.10.22-00.54.16:894][417]LogAssetEditorManager: Opening Asset editor for World /Game/ThirdPersonCPP/Maps/ThirdPersonExampleMap.ThirdPersonExampleMap
[2018.10.22-00.54.16:918][417]LightingResults: New page: Lighting Build
[2018.10.22-00.54.16:919][417]LoadErrors: New page: Loading map: ThirdPersonExampleMap.umap
[2018.10.22-00.54.16:920][417]MapCheck: New page: Map Check
[2018.10.22-00.54.16:921][417]LightingResults: New page: Lighting Build
[2018.10.22-00.54.16:953][417]LogEditorServer: Finished looking for orphan Actors (0.000 secs)
[2018.10.22-00.54.17:009][417]Cmd: MAP CHECKDEP NOCLEARLOG
[2018.10.22-00.54.17:262][417]MapCheck: Map check complete: 0 Error(s), 0 Warning(s), took 252.336ms to complete.
[2018.10.22-00.54.17:263][417]LogFileHelpers: Loading map 'ThirdPersonExampleMap' took 0.346
[2018.10.22-00.54.17:964][490]LogTemp: Repeating last play command: Selected Viewport
[2018.10.22-00.54.17:984][490]LogBlueprintUserMessages: Early PlayInEditor Detection: Level '/Game/ThirdPersonCPP/Maps/ThirdPersonExampleMap.ThirdPersonExampleMap:PersistentLevel' has LevelScriptBlueprint '/Game/ThirdPersonCPP/Maps/ThirdPersonExampleMap.ThirdPersonExampleMap:PersistentLevel.ThirdPersonExampleMap' with GeneratedClass '/Game/ThirdPersonCPP/Maps/ThirdPersonExampleMap.ThirdPersonExampleMap_C' with ClassGeneratedBy '/Game/ThirdPersonCPP/Maps/ThirdPersonExampleMap.ThirdPersonExampleMap:PersistentLevel.ThirdPersonExampleMap'
[2018.10.22-00.54.17:984][490]LogPlayLevel: PlayLevel: No blueprints needed recompiling
[2018.10.22-00.54.17:998][490]PIE: New page: PIE session: ThirdPersonExampleMap (22 Oct 2018 02:54:17)
[2018.10.22-00.54.17:999][490]LogPlayLevel: Creating play world package: /Game/ThirdPersonCPP/Maps/UEDPIE_0_ThirdPersonExampleMap
[2018.10.22-00.54.18:028][490]LogPlayLevel: PIE: StaticDuplicateObject took: (0.028872s)
[2018.10.22-00.54.18:029][490]LogAIModule: Creating AISystem for world ThirdPersonExampleMap
[2018.10.22-00.54.18:029][490]LogPlayLevel: PIE: World Init took: (0.001139s)
[2018.10.22-00.54.18:029][490]LogPlayLevel: PIE: Created PIE world by copying editor world from /Game/ThirdPersonCPP/Maps/ThirdPersonExampleMap.ThirdPersonExampleMap to /Game/ThirdPersonCPP/Maps/UEDPIE_0_ThirdPersonExampleMap.ThirdPersonExampleMap (0.030484s)
[2018.10.22-00.54.18:055][490]LogInit: XAudio2 using 'Speakers (Realtek High Definition Audio)' : 2 channels at 48 kHz using 32 bits per sample (channel mask 0x3)
[2018.10.22-00.54.18:075][490]LogInit: FAudioDevice initialized.
[2018.10.22-00.54.18:127][490]LogLoad: Game class is 'VampireGameMode_C'
[2018.10.22-00.54.18:130][490]LogWorld: Bringing World /Game/ThirdPersonCPP/Maps/UEDPIE_0_ThirdPersonExampleMap.ThirdPersonExampleMap up for play (max tick rate 0) at 2018.10.22-01.54.18
[2018.10.22-00.54.18:131][490]LogWorld: Bringing up level for play took: 0.001813
[2018.10.22-00.54.18:154][490]LogContentBrowser: Native class hierarchy updated for 'MovieSceneCapture' in 0.0009 seconds. Added 10 classes and 0 folders.
[2018.10.22-00.54.18:154][490]LogGameMode: Display: Match State Changed from EnteringMap to WaitingToStart
[2018.10.22-00.54.18:154][490]LogGameState: Match State Changed from EnteringMap to WaitingToStart
[2018.10.22-00.54.18:154][490]LogGameMode: Display: Match State Changed from WaitingToStart to InProgress
[2018.10.22-00.54.18:157][490]LogGameState: Match State Changed from WaitingToStart to InProgress
[2018.10.22-00.54.18:157][490]PIE: Play in editor start time for /Game/ThirdPersonCPP/Maps/UEDPIE_0_ThirdPersonExampleMap 0.77
[2018.10.22-00.54.18:157][490]LogBlueprintUserMessages: Late PlayInEditor Detection: Level '/Game/ThirdPersonCPP/Maps/ThirdPersonExampleMap.ThirdPersonExampleMap:PersistentLevel' has LevelScriptBlueprint '/Game/ThirdPersonCPP/Maps/ThirdPersonExampleMap.ThirdPersonExampleMap:PersistentLevel.ThirdPersonExampleMap' with GeneratedClass '/Game/ThirdPersonCPP/Maps/ThirdPersonExampleMap.ThirdPersonExampleMap_C' with ClassGeneratedBy '/Game/ThirdPersonCPP/Maps/ThirdPersonExampleMap.ThirdPersonExampleMap:PersistentLevel.ThirdPersonExampleMap'
[2018.10.22-00.54.19:298][622]LogSlate: Updating window title bar state: overlay mode, drag disabled, window buttons hidden, title bar hidden
[2018.10.22-00.54.19:298][622]LogGameMode: Display: Match State Changed from InProgress to LeavingMap
[2018.10.22-00.54.19:299][622]LogGameState: Match State Changed from InProgress to LeavingMap
[2018.10.22-00.54.19:299][622]LogNet: Browse: /Game/MainMenu/TestLevel
[2018.10.22-00.54.19:299][622]LogLoad: LoadMap: /Game/MainMenu/TestLevel
[2018.10.22-00.54.19:822][622]LogAIModule: Creating AISystem for world TestLevel
[2018.10.22-00.54.19:822][622]LogLoad: Game class is 'TopHatSoloProjectGameMode'
[2018.10.22-00.54.19:831][622]LogWorld: Bringing World /Game/MainMenu/UEDPIE_0_TestLevel.TestLevel up for play (max tick rate 0) at 2018.10.22-01.54.19
[2018.10.22-00.54.19:831][622]LogWorld: Bringing up level for play took: 0.008047
[2018.10.22-00.54.19:832][622]LogGameMode: FindPlayerStart: PATHS NOT DEFINED or NO PLAYERSTART with positive rating
[2018.10.22-00.54.19:832][622]LogLoad: Took 0.533698 seconds to LoadMap(/Game/MainMenu/TestLevel)
[2018.10.22-00.54.22:002][880]LogBlueprintUserMessages: [TopHatPickUp3_5] 1
[2018.10.22-00.54.24:378][165]LogBlueprintUserMessages: [TopHatPickUp_2] 2
[2018.10.22-00.54.25:302][276]LogBlueprintUserMessages: [TopHatPickUp2_2] 3
[2018.10.22-00.54.25:989][358]LogBlueprintUserMessages: [TopHatPickUp4_8] 4
[2018.10.22-00.54.28:091][610]LogBlueprintUserMessages: Early EndPlayMap Detection: Level '/Game/ThirdPersonCPP/Maps/ThirdPersonExampleMap.ThirdPersonExampleMap:PersistentLevel' has LevelScriptBlueprint '/Game/ThirdPersonCPP/Maps/ThirdPersonExampleMap.ThirdPersonExampleMap:PersistentLevel.ThirdPersonExampleMap' with GeneratedClass '/Game/ThirdPersonCPP/Maps/ThirdPersonExampleMap.ThirdPersonExampleMap_C' with ClassGeneratedBy '/Game/ThirdPersonCPP/Maps/ThirdPersonExampleMap.ThirdPersonExampleMap:PersistentLevel.ThirdPersonExampleMap'
[2018.10.22-00.54.28:092][610]LogSlate: Updating window title bar state: overlay mode, drag disabled, window buttons hidden, title bar hidden
[2018.10.22-00.54.28:128][610]LogPlayLevel: Display: Shutting down PIE online subsystems
[2018.10.22-00.54.28:129][610]LogBlueprintUserMessages: Late EndPlayMap Detection: Level '/Game/ThirdPersonCPP/Maps/ThirdPersonExampleMap.ThirdPersonExampleMap:PersistentLevel' has LevelScriptBlueprint '/Game/ThirdPersonCPP/Maps/ThirdPersonExampleMap.ThirdPersonExampleMap:PersistentLevel.ThirdPersonExampleMap' with GeneratedClass '/Game/ThirdPersonCPP/Maps/ThirdPersonExampleMap.ThirdPersonExampleMap_C' with ClassGeneratedBy '/Game/ThirdPersonCPP/Maps/ThirdPersonExampleMap.ThirdPersonExampleMap:PersistentLevel.ThirdPersonExampleMap'
[2018.10.22-00.54.28:153][610]LogSlate: Updating window title bar state: overlay mode, drag disabled, window buttons hidden, title bar hidden
[2018.10.22-00.54.28:198][614]LogPlayLevel: Display: Destroying online subsystem :Context_2
[2018.10.22-00.54.29:042][715]LogEditorViewport: Clicking on Actor (LMB): BP_Sky_Sphere_C (SkySphereBlueprint)
[2018.10.22-00.54.32:152][ 81]LogSlate: FSceneViewport::OnFocusLost() reason 0
[2018.10.22-00.54.32:372][ 93]LogSlate: Window 'TopHatSoloProject - Unreal Editor' being destroyed
[2018.10.22-00.54.32:373][ 93]LogWindowsTextInputMethodSystem: Display: IME system now deactivated.
[2018.10.22-00.54.32:575][ 94]Cmd: QUIT_EDITOR
[2018.10.22-00.54.32:651][ 94]LogExit: Preparing to exit.
[2018.10.22-00.54.33:413][ 94]LogExit: Editor shut down
[2018.10.22-00.54.33:413][ 94]LogExit: Transaction tracking system shut down
[2018.10.22-00.54.34:006][ 94]LogExit: Object subsystem successfully closed.
[2018.10.22-00.54.34:036][ 94]LogShaderCompilers: Display: Shaders left to compile 0
[2018.10.22-00.54.34:040][ 94]LogD3D11RHI: Shutdown
[2018.10.22-00.54.34:040][ 94]LogD3D11RHI: CleanupD3DDevice
[2018.10.22-00.54.34:042][ 94]LogD3D11RHI: ~FD3D11DynamicRHI
[2018.10.22-00.54.34:080][ 94]LogModuleManager: Shutting down and abandoning module MovieSceneCapture (618)
[2018.10.22-00.54.34:080][ 94]LogModuleManager: Shutting down and abandoning module Voice (616)
[2018.10.22-00.54.34:080][ 94]LogModuleManager: Shutting down and abandoning module HierarchicalLODOutliner (614)
[2018.10.22-00.54.34:080][ 94]LogModuleManager: Shutting down and abandoning module SceneOutliner (612)
[2018.10.22-00.54.34:080][ 94]LogModuleManager: Shutting down and abandoning module AddContentDialog (610)
[2018.10.22-00.54.34:092][ 94]LogModuleManager: Shutting down and abandoning module WidgetCarousel (609)
[2018.10.22-00.54.34:092][ 94]LogModuleManager: Shutting down and abandoning module EditorWidgets (606)
[2018.10.22-00.54.34:092][ 94]LogModuleManager: Shutting down and abandoning module CollectionManager (604)
[2018.10.22-00.54.34:093][ 94]LogModuleManager: Shutting down and abandoning module HierarchicalLODUtilities (602)
[2018.10.22-00.54.34:093][ 94]LogModuleManager: Shutting down and abandoning module StatsViewer (600)
[2018.10.22-00.54.34:093][ 94]LogModuleManager: Shutting down and abandoning module FoliageEdit (598)
[2018.10.22-00.54.34:093][ 94]LogModuleManager: Shutting down and abandoning module LandscapeEditor (596)
[2018.10.22-00.54.34:093][ 94]LogModuleManager: Shutting down and abandoning module MeshPaintMode (594)
[2018.10.22-00.54.34:093][ 94]LogModuleManager: Shutting down and abandoning module SceneDepthPickerMode (592)
[2018.10.22-00.54.34:093][ 94]LogModuleManager: Shutting down and abandoning module ActorPickerMode (590)
[2018.10.22-00.54.34:093][ 94]LogModuleManager: Shutting down and abandoning module GeometryMode (588)
[2018.10.22-00.54.34:093][ 94]LogModuleManager: Shutting down and abandoning module TextureAlignMode (586)
[2018.10.22-00.54.34:093][ 94]LogModuleManager: Shutting down and abandoning module BspMode (584)
[2018.10.22-00.54.34:094][ 94]LogModuleManager: Shutting down and abandoning module PIEPreviewDeviceProfileSelector (582)
[2018.10.22-00.54.34:094][ 94]LogModuleManager: Shutting down and abandoning module SequenceRecorderSections (580)
[2018.10.22-00.54.34:094][ 94]LogModuleManager: Shutting down and abandoning module AutomationWorker (578)
[2018.10.22-00.54.34:094][ 94]LogModuleManager: Shutting down and abandoning module AudioCaptureEditor (576)
[2018.10.22-00.54.34:094][ 94]LogModuleManager: Shutting down and abandoning module SequenceRecorder (575)
[2018.10.22-00.54.34:094][ 94]LogModuleManager: Shutting down and abandoning module MatineeToLevelSequence (572)
[2018.10.22-00.54.34:094][ 94]LogModuleManager: Shutting down and abandoning module LevelSequenceEditor (570)
[2018.10.22-00.54.34:094][ 94]LogModuleManager: Shutting down and abandoning module PlacementMode (569)
[2018.10.22-00.54.34:094][ 94]LogModuleManager: Shutting down and abandoning module MaterialEditor (568)
[2018.10.22-00.54.34:094][ 94]LogModuleManager: Shutting down and abandoning module WmfMediaFactory (564)
[2018.10.22-00.54.34:095][ 94]LogModuleManager: Shutting down and abandoning module WmfMediaEditor (562)
[2018.10.22-00.54.34:095][ 94]LogModuleManager: Shutting down and abandoning module MediaPlayerEditor (560)
[2018.10.22-00.54.34:095][ 94]LogModuleManager: Shutting down and abandoning module OpenExrWrapper (558)
[2018.10.22-00.54.34:095][ 94]LogModuleManager: Shutting down and abandoning module ImgMediaFactory (556)
[2018.10.22-00.54.34:095][ 94]LogModuleManager: Shutting down and abandoning module ImgMediaEditor (554)
[2018.10.22-00.54.34:095][ 94]LogModuleManager: Shutting down and abandoning module AvfMediaFactory (552)
[2018.10.22-00.54.34:095][ 94]LogModuleManager: Shutting down and abandoning module AvfMediaEditor (550)
[2018.10.22-00.54.34:095][ 94]LogModuleManager: Shutting down and abandoning module AndroidMediaFactory (548)
[2018.10.22-00.54.34:095][ 94]LogModuleManager: Shutting down and abandoning module AndroidMediaEditor (546)
[2018.10.22-00.54.34:095][ 94]LogModuleManager: Shutting down and abandoning module MagicLeapCameraPreviewFactory (544)
[2018.10.22-00.54.34:095][ 94]LogModuleManager: Shutting down and abandoning module MagicLeapMediaFactory (542)
[2018.10.22-00.54.34:096][ 94]LogModuleManager: Shutting down and abandoning module MagicLeapMediaEditor (540)
[2018.10.22-00.54.34:096][ 94]LogModuleManager: Shutting down and abandoning module CharacterAI (538)
[2018.10.22-00.54.34:096][ 94]LogModuleManager: Shutting down and abandoning module SmartSnapping (536)
[2018.10.22-00.54.34:096][ 94]LogModuleManager: Shutting down and abandoning module SessionServices (534)
[2018.10.22-00.54.34:096][ 94]LogModuleManager: Shutting down and abandoning module ViewportSnapping (532)
[2018.10.22-00.54.34:096][ 94]LogModuleManager: Shutting down and abandoning module ViewportInteraction (530)
[2018.10.22-00.54.34:096][ 94]LogModuleManager: Shutting down and abandoning module ClothPainter (528)
[2018.10.22-00.54.34:096][ 94]LogModuleManager: Shutting down and abandoning module SkeletalMeshEditor (527)
[2018.10.22-00.54.34:096][ 94]LogModuleManager: Shutting down and abandoning module LogVisualizer (524)
[2018.10.22-00.54.34:096][ 94]LogModuleManager: Shutting down and abandoning module IntroTutorials (522)
[2018.10.22-00.54.34:096][ 94]LogModuleManager: Shutting down and abandoning module GameProjectGeneration (521)
[2018.10.22-00.54.34:097][ 94]LogModuleManager: Shutting down and abandoning module LuminPlatformEditor (518)
[2018.10.22-00.54.34:097][ 94]LogModuleManager: Shutting down and abandoning module IOSPlatformEditor (516)
[2018.10.22-00.54.34:097][ 94]LogModuleManager: Shutting down and abandoning module HTML5PlatformEditor (514)
[2018.10.22-00.54.34:097][ 94]LogModuleManager: Shutting down and abandoning module AndroidPlatformEditor (512)
[2018.10.22-00.54.34:097][ 94]LogModuleManager: Shutting down and abandoning module AndroidDeviceDetection (511)
