Log file open, 10/27/18 02:34:12
LogWindows: Failed to load 'aqProf.dll' (GetLastError=126)
LogWindows: File 'aqProf.dll' does not exist
LogWindows: Failed to load 'VSPerf140.dll' (GetLastError=126)
LogWindows: File 'VSPerf140.dll' does not exist
LogWindows: Failed to load 'VtuneApi.dll' (GetLastError=126)
LogWindows: File 'VtuneApi.dll' does not exist
LogWindows: Failed to load 'VtuneApi32e.dll' (GetLastError=126)
LogWindows: File 'VtuneApi32e.dll' does not exist
LogInit: Display: Running engine for game: TopHatSoloProject
LogPlatformFile: Not using cached read wrapper
LogTaskGraph: Started task graph with 5 named threads and 23 total threads with 3 sets of task threads.
LogStats: Stats thread started at 0.326136
LogD3D11RHI: Loaded GFSDK_Aftermath_Lib.x64.dll
LogICUInternationalization: Display: ICU TimeZone Detection - Raw Offset: +0:00, Platform Override: ''
LogPluginManager: Mounting plugin Paper2D
LogPluginManager: Mounting plugin AISupport
LogPluginManager: Mounting plugin LightPropagationVolume
LogPluginManager: Mounting plugin CLionSourceCodeAccess
LogPluginManager: Mounting plugin CodeLiteSourceCodeAccess
LogPluginManager: Mounting plugin GitSourceControl
LogPluginManager: Mounting plugin KDevelopSourceCodeAccess
LogPluginManager: Mounting plugin NullSourceCodeAccess
LogPluginManager: Mounting plugin PerforceSourceControl
LogPluginManager: Mounting plugin SubversionSourceControl
LogPluginManager: Mounting plugin UObjectPlugin
LogPluginManager: Mounting plugin VisualStudioCodeSourceCodeAccess
LogPluginManager: Mounting plugin VisualStudioSourceCodeAccess
LogPluginManager: Mounting plugin XCodeSourceCodeAccess
LogPluginManager: Mounting plugin AssetManagerEditor
LogPluginManager: Mounting plugin CryptoKeys
LogPluginManager: Mounting plugin DataValidation
LogPluginManager: Mounting plugin FacialAnimation
LogPluginManager: Mounting plugin GameplayTagsEditor
LogPluginManager: Mounting plugin MacGraphicsSwitching
LogPluginManager: Mounting plugin MeshEditor
LogPluginManager: Mounting plugin MobileLauncherProfileWizard
LogPluginManager: Mounting plugin PluginBrowser
LogPluginManager: Mounting plugin SpeedTreeImporter
LogPluginManager: Mounting plugin DatasmithContent
LogPluginManager: Mounting plugin AlembicImporter
LogPluginManager: Mounting plugin AppleImageUtils
LogPluginManager: Mounting plugin AppleVision
LogPluginManager: Mounting plugin BackChannel
LogPluginManager: Mounting plugin CharacterAI
LogPluginManager: Mounting plugin GeometryCache
LogPluginManager: Mounting plugin HTML5Networking
LogPluginManager: Mounting plugin ProxyLODPlugin
LogPluginManager: Mounting plugin MagicLeap
LogPluginManager: Mounting plugin MagicLeapEmulator
LogPluginManager: Mounting plugin MagicLeapMedia
LogPluginManager: Mounting plugin AndroidMedia
LogPluginManager: Mounting plugin AvfMedia
LogPluginManager: Mounting plugin ImgMedia
LogPluginManager: Mounting plugin LinearTimecode
LogPluginManager: Mounting plugin MediaCompositing
LogPluginManager: Mounting plugin MediaPlayerEditor
LogPluginManager: Mounting plugin WmfMedia
LogPluginManager: Mounting plugin TcpMessaging
LogPluginManager: Mounting plugin UdpMessaging
LogPluginManager: Mounting plugin ActorSequence
LogPluginManager: Mounting plugin LevelSequenceEditor
LogPluginManager: Mounting plugin MatineeToLevelSequence
LogPluginManager: Mounting plugin NetcodeUnitTest
LogPluginManager: Mounting plugin NUTUnrealEngine4
LogPluginManager: Mounting plugin OnlineSubsystemGooglePlay
LogPluginManager: Mounting plugin OnlineSubsystemIOS
LogPluginManager: Mounting plugin OnlineSubsystem
LogPluginManager: Mounting plugin OnlineSubsystemNull
LogPluginManager: Mounting plugin OnlineSubsystemUtils
LogPluginManager: Mounting plugin LauncherChunkInstaller
LogPluginManager: Mounting plugin AndroidDeviceProfileSelector
LogPluginManager: Mounting plugin AndroidMoviePlayer
LogPluginManager: Mounting plugin AndroidPermission
LogPluginManager: Mounting plugin AppleMoviePlayer
LogPluginManager: Mounting plugin ArchVisCharacter
LogPluginManager: Mounting plugin AudioCapture
LogPluginManager: Mounting plugin CableComponent
LogPluginManager: Mounting plugin CustomMeshComponent
LogPluginManager: Mounting plugin EditableMesh
LogPluginManager: Mounting plugin ExampleDeviceProfileSelector
LogPluginManager: Mounting plugin GoogleCloudMessaging
LogPluginManager: Mounting plugin ImmediatePhysics
LogPluginManager: Mounting plugin IOSDeviceProfileSelector
LogPluginManager: Mounting plugin LinuxDeviceProfileSelector
LogPluginManager: Mounting plugin LocationServicesBPLibrary
LogPluginManager: Mounting plugin MobilePatchingUtils
LogPluginManager: Mounting plugin OculusVR
LogPluginManager: Plugin shader directory ../../../Engine/Plugins/Runtime/Oculus/OculusVR/Shaders found
LogPluginManager: Mapping shader source directory ../../../Engine/Plugins/Runtime/Oculus/OculusVR/Shaders to virtual directory /Plugin/OculusVR
LogPluginManager: Mounting plugin PhysXVehicles
LogPluginManager: Mounting plugin ProceduralMeshComponent
LogPluginManager: Mounting plugin RuntimePhysXCooking
LogPluginManager: Mounting plugin SteamVR
LogPluginManager: Mounting plugin WindowsMoviePlayer
LogStreaming: Display: Took  0.201s to configure plugins.
LogInit: Using libcurl 7.55.1-DEV
LogInit:  - built for x86_64-pc-win32
LogInit:  - supports SSL with OpenSSL/1.0.2h
LogInit:  - supports HTTP deflate (compression) using libz 1.2.8
LogInit:  - other features:
LogInit:      CURL_VERSION_SSL
LogInit:      CURL_VERSION_LIBZ
LogInit:      CURL_VERSION_IPV6
LogInit:      CURL_VERSION_ASYNCHDNS
LogInit:      CURL_VERSION_LARGEFILE
LogInit:      CURL_VERSION_IDN
LogInit:  CurlRequestOptions (configurable via config and command line):
LogInit:  - bVerifyPeer = false  - Libcurl will NOT verify peer certificate
LogInit:  - bUseHttpProxy = false  - Libcurl will NOT use HTTP proxy
LogInit:  - bDontReuseConnections = false  - Libcurl will reuse connections
LogInit:  - CertBundlePath = nullptr  - Libcurl will use whatever was configured at build time.
LogInit:  - MaxHostConnections = 16  - Libcurl will limit the number of connections to a host
LogInit:  - LocalHostAddr = Default
LogInit:  - BufferSize = 65536
LogInit: WinSock: version 1.1 (2.2), MaxSocks=32767, MaxUdp=65467
LogInit: Build: ++UE4+Release-4.20-CL-4369336
LogInit: Engine Version: 4.20.3-4369336+++UE4+Release-4.20
LogInit: Compatible Engine Version: 4.20.0-4212847+++UE4+Release-4.20
LogInit: Net CL: 4212847
LogInit: OS: Windows 10 (), CPU: Intel(R) Xeon(R) CPU E5-1620 v4 @ 3.50GHz, GPU: NVIDIA GeForce GTX 1070
LogInit: Compiled (64-bit): Sep 17 2018 12:26:19
LogInit: Compiled with Visual C++: 19.13.26129.00
LogInit: Build Configuration: Development
LogInit: Branch Name: ++UE4+Release-4.20
LogInit: Command Line:  
LogInit: Base Directory: C:/Epic/UE4/UE_4.20/Engine/Binaries/Win64/
LogInit: Installed Engine Build: 1
LogDevObjectVersion: Number of dev versions registered: 20
LogDevObjectVersion:   Dev-Blueprints (B0D832E4-1F89-4F0D-ACCF-7EB736FD4AA2): 10
LogDevObjectVersion:   Dev-Build (E1C64328-A22C-4D53-A36C-8E866417BD8C): 0
LogDevObjectVersion:   Dev-Core (375EC13C-06E4-48FB-B500-84F0262A717E): 2
LogDevObjectVersion:   Dev-Editor (E4B068ED-F494-42E9-A231-DA0B2E46BB41): 24
LogDevObjectVersion:   Dev-Framework (CFFC743F-43B0-4480-9391-14DF171D2073): 34
LogDevObjectVersion:   Dev-Mobile (B02B49B5-BB20-44E9-A304-32B752E40360): 2
LogDevObjectVersion:   Dev-Networking (A4E4105C-59A1-49B5-A7C5-40C4547EDFEE): 0
LogDevObjectVersion:   Dev-Online (39C831C9-5AE6-47DC-9A44-9C173E1C8E7C): 0
LogDevObjectVersion:   Dev-Physics (78F01B33-EBEA-4F98-B9B4-84EACCB95AA2): 0
LogDevObjectVersion:   Dev-Platform (6631380F-2D4D-43E0-8009-CF276956A95A): 0
LogDevObjectVersion:   Dev-Rendering (12F88B9F-8875-4AFC-A67C-D90C383ABD29): 26
LogDevObjectVersion:   Dev-Sequencer (7B5AE74C-D270-4C10-A958-57980B212A5A): 9
LogDevObjectVersion:   Dev-VR (D7296918-1DD6-4BDD-9DE2-64A83CC13884): 2
LogDevObjectVersion:   Dev-LoadTimes (C2A15278-BFE7-4AFE-6C17-90FF531DF755): 1
LogDevObjectVersion:   Private-Geometry (6EACA3D4-40EC-4CC1-B786-8BED09428FC5): 3
LogDevObjectVersion:   Dev-AnimPhys (29E575DD-E0A3-4627-9D10-D276232CDCEA): 17
LogDevObjectVersion:   Dev-ReflectionCapture (6B266CEC-1EC7-4B8F-A30B-E4D90942FC07): 1
LogDevObjectVersion:   Dev-Automation (0DF73D61-A23F-47EA-B727-89E90C41499A): 1
LogDevObjectVersion:   FortniteMain (601D1886-AC64-4F84-AA16-D3DE0DEAC7D6): 12
LogDevObjectVersion:   Dev-Enterprise (9DFFBCD6-494F-0158-E221-12823C92A888): 1
LogStreaming: Display: Took  0.002s to delete old logs.
LogInit: Presizing for max 8388607 objects, including 0 objects not considered by GC, pre-allocating 0 bytes for permanent pool.
LogInit: Object subsystem initialized
[2018.10.27-01.34.13:429][  0]LogInit: Selected Device Profile: [Windows]
[2018.10.27-01.34.13:429][  0]LogInit: Applying CVar settings loaded from the selected device profile: [Windows]
[2018.10.27-01.34.13:444][  0]LogHAL: Display: Platform has ~ 32 GB [34272002048 / 34359738368 / 32], which maps to Largest [LargestMinGB=32, LargerMinGB=12, DefaultMinGB=8, SmallerMinGB=6, SmallestMinGB=0)
[2018.10.27-01.34.13:444][  0]LogInit: Setting Device Profile CVar: [[r.Vulkan.UseRealUBs:1]]
[2018.10.27-01.34.13:444][  0]LogInit: Going up to parent DeviceProfile []
[2018.10.27-01.34.13:444][  0]LogInit: Computer: D105-17
[2018.10.27-01.34.13:444][  0]LogInit: User: p018236h
[2018.10.27-01.34.13:444][  0]LogInit: CPU Page size=4096, Cores=4
[2018.10.27-01.34.13:445][  0]LogInit: High frequency timer resolution =3.410072 MHz
[2018.10.27-01.34.13:445][  0]LogMemory: Memory total: Physical=31.9GB (32GB approx)
[2018.10.27-01.34.13:445][  0]LogMemory: Platform Memory Stats for Windows
[2018.10.27-01.34.13:445][  0]LogMemory: Process Physical Memory: 100.38 MB used, 100.38 MB peak
[2018.10.27-01.34.13:445][  0]LogMemory: Process Virtual Memory: 89.52 MB used, 89.52 MB peak
[2018.10.27-01.34.13:445][  0]LogMemory: Physical Memory: 7278.52 MB used,  25405.81 MB free, 32684.33 MB total
[2018.10.27-01.34.13:445][  0]LogMemory: Virtual Memory: 4638.52 MB used,  25405.81 MB free, 134217728.00 MB total
[2018.10.27-01.34.13:484][  0]LogInit: Using OS detected language (en-US).
[2018.10.27-01.34.13:484][  0]LogInit: Using OS detected locale (en-GB).
[2018.10.27-01.34.13:485][  0]LogTextLocalizationManager: No specific localization for 'en-US' exists, so the 'en' localization will be used.
[2018.10.27-01.34.13:904][  0]LogStreaming: Display: Took  0.421s to InitEngineTextLocalization.
[2018.10.27-01.34.13:904][  0]LogInit: Setting process to per monitor DPI aware
[2018.10.27-01.34.13:986][  0]LogSlate: New Slate User Created.  User Index 0, Is Virtual User: 0
[2018.10.27-01.34.13:986][  0]LogSlate: Slate User Registered.  User Index 0, Is Virtual User: 0
[2018.10.27-01.34.14:408][  0]LogHMD: Failed to initialize OpenVR with code 110
[2018.10.27-01.34.14:408][  0]LogD3D11RHI: D3D11 adapters:
[2018.10.27-01.34.14:495][  0]LogD3D11RHI:    0. 'NVIDIA GeForce GTX 1070' (Feature Level 11_0)
[2018.10.27-01.34.14:495][  0]LogD3D11RHI:       8088/0/16342 MB DedicatedVideo/DedicatedSystem/SharedSystem, Outputs:2, VendorId:0x10de
[2018.10.27-01.34.14:498][  0]LogD3D11RHI:    1. 'Microsoft Basic Render Driver' (Feature Level 11_0)
[2018.10.27-01.34.14:498][  0]LogD3D11RHI:       0/0/16342 MB DedicatedVideo/DedicatedSystem/SharedSystem, Outputs:0, VendorId:0x1414
[2018.10.27-01.34.14:498][  0]LogD3D11RHI: Chosen D3D11 Adapter: 0
[2018.10.27-01.34.14:506][  0]LogD3D11RHI: Creating new Direct3DDevice
[2018.10.27-01.34.14:506][  0]LogD3D11RHI:     GPU DeviceId: 0x1b81 (for the marketing name, search the web for "GPU Device Id")
[2018.10.27-01.34.14:506][  0]LogWindows: EnumDisplayDevices:
[2018.10.27-01.34.14:507][  0]LogWindows:    0. 'NVIDIA GeForce GTX 1070' (P:1 D:1)
[2018.10.27-01.34.14:507][  0]LogWindows:    1. 'NVIDIA GeForce GTX 1070' (P:0 D:1)
[2018.10.27-01.34.14:507][  0]LogWindows:    2. 'NVIDIA GeForce GTX 1070' (P:0 D:0)
[2018.10.27-01.34.14:508][  0]LogWindows:    3. 'NVIDIA GeForce GTX 1070' (P:0 D:0)
[2018.10.27-01.34.14:508][  0]LogWindows: DebugString: FoundDriverCount:4 
[2018.10.27-01.34.14:508][  0]LogD3D11RHI:     Adapter Name: NVIDIA GeForce GTX 1070
[2018.10.27-01.34.14:508][  0]LogD3D11RHI:   Driver Version: 398.82 (internal:24.21.13.9882, unified:398.82)
[2018.10.27-01.34.14:508][  0]LogD3D11RHI:      Driver Date: 7-30-2018
[2018.10.27-01.34.14:508][  0]LogRHI: Texture pool is 5661 MB (70% of 8088 MB)
[2018.10.27-01.34.14:553][  0]LogD3D11RHI: Async texture creation enabled
[2018.10.27-01.34.14:571][  0]LogD3D11RHI: GPU Timing Frequency: 1000.000000 (Debug: 2 2)
[2018.10.27-01.34.14:660][  0]LogShaderCompilers: Guid format shader working directory is 9 characters bigger than the processId version (E:/TGP/TGP_SoloProject/TopHatSoloProject/Intermediate/Shaders/WorkingDirectory/9096/).
[2018.10.27-01.34.14:661][  0]LogShaderCompilers: Cleaned the shader compiler working directory 'C:/Users/p018236h/AppData/Local/Temp/UnrealShaderWorkingDir/114576794EF23CB92AC337B825BA0435/'.
[2018.10.27-01.34.14:972][  0]LogTemp: Display: Loaded TP AllDesktopTargetPlatform
[2018.10.27-01.34.14:989][  0]LogTemp: Display: Loaded TP MacClientTargetPlatform
[2018.10.27-01.34.15:005][  0]LogTemp: Display: Loaded TP MacNoEditorTargetPlatform
[2018.10.27-01.34.15:021][  0]LogTemp: Display: Loaded TP MacServerTargetPlatform
[2018.10.27-01.34.15:038][  0]LogTemp: Display: Loaded TP MacTargetPlatform
[2018.10.27-01.34.15:054][  0]LogTemp: Display: Loaded TP WindowsClientTargetPlatform
[2018.10.27-01.34.15:069][  0]LogTemp: Display: Loaded TP WindowsNoEditorTargetPlatform
[2018.10.27-01.34.15:085][  0]LogTemp: Display: Loaded TP WindowsServerTargetPlatform
[2018.10.27-01.34.15:094][  0]LogTemp: Display: Loaded TP WindowsTargetPlatform
[2018.10.27-01.34.15:176][  0]LogTemp: Display: Loaded TP AndroidTargetPlatform
[2018.10.27-01.34.15:176][  0]LogTemp: Display: Loaded TP AndroidTargetPlatform
[2018.10.27-01.34.15:176][  0]LogTemp: Display: Loaded TP AndroidTargetPlatform
[2018.10.27-01.34.15:176][  0]LogTemp: Display: Loaded TP AndroidTargetPlatform
[2018.10.27-01.34.15:176][  0]LogTemp: Display: Loaded TP AndroidTargetPlatform
[2018.10.27-01.34.15:176][  0]LogTemp: Display: Loaded TP AndroidTargetPlatform
[2018.10.27-01.34.15:176][  0]LogTemp: Display: Loaded TP AndroidTargetPlatform
[2018.10.27-01.34.15:176][  0]LogTemp: Display: Loaded TP AndroidTargetPlatform
[2018.10.27-01.34.15:176][  0]LogTemp: Display: Loaded TP AndroidTargetPlatform
[2018.10.27-01.34.15:176][  0]LogTemp: Display: Loaded TP AndroidTargetPlatform
[2018.10.27-01.34.15:176][  0]LogTemp: Display: Loaded TP AndroidTargetPlatform
[2018.10.27-01.34.15:176][  0]LogTemp: Display: Loaded TP AndroidTargetPlatform
[2018.10.27-01.34.15:176][  0]LogTemp: Display: Loaded TP AndroidTargetPlatform
[2018.10.27-01.34.15:176][  0]LogTemp: Display: Loaded TP AndroidTargetPlatform
[2018.10.27-01.34.15:176][  0]LogTemp: Display: Loaded TP AndroidTargetPlatform
[2018.10.27-01.34.15:176][  0]LogTemp: Display: Loaded TP AndroidTargetPlatform
[2018.10.27-01.34.15:176][  0]LogTemp: Display: Loaded TP AndroidTargetPlatform
[2018.10.27-01.34.15:176][  0]LogTemp: Display: Loaded TP AndroidTargetPlatform
[2018.10.27-01.34.15:178][  0]LogTemp: Display: Loaded TP HTML5TargetPlatform
[2018.10.27-01.34.15:246][  0]LogTemp: Display: Loaded TP IOSTargetPlatform
[2018.10.27-01.34.15:246][  0]LogTemp: Display: Loaded TP IOSTargetPlatform
[2018.10.27-01.34.15:271][  0]LogTemp: Display: Loaded TP TVOSTargetPlatform
[2018.10.27-01.34.15:271][  0]LogTemp: Display: Loaded TP TVOSTargetPlatform
[2018.10.27-01.34.15:285][  0]LogTemp: Display: Loaded TP LinuxClientTargetPlatform
[2018.10.27-01.34.15:298][  0]LogTemp: Display: Loaded TP LinuxNoEditorTargetPlatform
[2018.10.27-01.34.15:311][  0]LogTemp: Display: Loaded TP LinuxServerTargetPlatform
[2018.10.27-01.34.15:326][  0]LogTemp: Display: Loaded TP LinuxTargetPlatform
[2018.10.27-01.34.15:336][  0]LogTemp: Display: Loaded TP LuminTargetPlatform
[2018.10.27-01.34.15:336][  0]LogTargetPlatformManager: Display: Building Assets For Windows
[2018.10.27-01.34.15:455][  0]LogXGEController: Cleaning working directory: C:/Users/p018236h/AppData/Local/Temp/UnrealXGEWorkingDir/
[2018.10.27-01.34.15:456][  0]LogXGEController: Cannot use XGE Controller as Incredibuild is not installed on this machine.
[2018.10.27-01.34.15:456][  0]LogShaderCompilers: Cannot use XGE Shader Compiler as Incredibuild is not installed on this machine.
[2018.10.27-01.34.15:456][  0]LogShaderCompilers: Display: Using Local Shader Compiler.
[2018.10.27-01.34.16:622][  0]LogDerivedDataCache: Display: Max Cache Size: 512 MB
[2018.10.27-01.34.16:724][  0]LogDerivedDataCache: Loaded boot cache 0.10s 73MB C:/Users/p018236h/AppData/Local/UnrealEngine/4.20/DerivedDataCache/Boot.ddc.
[2018.10.27-01.34.16:725][  0]LogDerivedDataCache: Display: Loaded Boot cache: C:/Users/p018236h/AppData/Local/UnrealEngine/4.20/DerivedDataCache/Boot.ddc
[2018.10.27-01.34.16:725][  0]LogDerivedDataCache: FDerivedDataBackendGraph:  Pak pak cache file E:/TGP/TGP_SoloProject/TopHatSoloProject/DerivedDataCache/DDC.ddp not found, will not use a pak cache.
[2018.10.27-01.34.16:725][  0]LogDerivedDataCache: Unable to find inner node Pak for hierarchical cache Hierarchy.
[2018.10.27-01.34.16:725][  0]LogDerivedDataCache: FDerivedDataBackendGraph:  CompressedPak pak cache file E:/TGP/TGP_SoloProject/TopHatSoloProject/DerivedDataCache/Compressed.ddp not found, will not use a pak cache.
[2018.10.27-01.34.16:725][  0]LogDerivedDataCache: Unable to find inner node CompressedPak for hierarchical cache Hierarchy.
[2018.10.27-01.34.16:738][  0]LogDerivedDataCache: Display: Pak cache opened for reading ../../../Engine/DerivedDataCache/Compressed.ddp.
[2018.10.27-01.34.16:750][  0]LogDerivedDataCache: Using Local data cache path C:/Users/p018236h/AppData/Local/UnrealEngine/Common/DerivedDataCache: Writable
[2018.10.27-01.34.16:750][  0]LogDerivedDataCache: Shared data cache path not found in *engine.ini, will not use an Shared cache.
[2018.10.27-01.34.16:750][  0]LogDerivedDataCache: Unable to find inner node Shared for hierarchical cache Hierarchy.
[2018.10.27-01.34.16:776][  0]LogMaterial: Verifying Global Shaders for PCD3D_SM5
[2018.10.27-01.34.16:778][  0]LogSlate: Using FreeType 2.6.0
[2018.10.27-01.34.16:778][  0]LogSlate: SlateFontServices - WITH_FREETYPE: 1, WITH_HARFBUZZ: 1
[2018.10.27-01.34.16:871][  0]LogAssetRegistry: FAssetRegistry took 0.0264 seconds to start up
[2018.10.27-01.34.17:263][  0]LogInit: Selected Device Profile: [Windows]
[2018.10.27-01.34.17:433][  0]LogSimplygon: Simplygon DLL not present - disabling.
[2018.10.27-01.34.17:439][  0]LogMeshReduction: Using SimplygonSwarm for distributed automatic mesh merging
[2018.10.27-01.34.17:439][  0]LogMeshReduction: Using ProxyLODMeshReduction for automatic mesh merging
[2018.10.27-01.34.17:439][  0]LogMeshReduction: Using QuadricMeshReduction for automatic static mesh reduction
[2018.10.27-01.34.17:439][  0]LogMeshReduction: No automatic skeletal mesh reduction module available
[2018.10.27-01.34.17:460][  0]LogNetVersion: TopHatSoloProject 1.0.0, NetCL: 4212847, EngineNetVer: 5, GameNetVer: 0 (Checksum: 426773178)
[2018.10.27-01.34.18:170][  0]LogPackageLocalizationCache: Processed 11 localized package path(s) for 2 prioritized culture(s) in 0.212170 seconds
[2018.10.27-01.34.18:179][  0]LogUObjectArray: 38425 objects as part of root set at end of initial load.
[2018.10.27-01.34.18:179][  0]LogUObjectAllocator: 6690864 out of 0 bytes used by permanent object pool.
[2018.10.27-01.34.18:179][  0]LogUObjectArray: CloseDisregardForGC: 0/0 objects in disregard for GC pool
[2018.10.27-01.34.19:408][  0]LogTcpMessaging: Initializing TcpMessaging bridge
[2018.10.27-01.34.19:425][  0]LogUdpMessaging: Initializing bridge on interface 0.0.0.0:0 to multicast group 230.0.0.1:6666.
[2018.10.27-01.34.19:915][  0]SourceControl: Source control is disabled
[2018.10.27-01.34.19:915][  0]SourceControl: Source control is disabled
[2018.10.27-01.34.19:917][  0]SourceControl: Source control is disabled
[2018.10.27-01.34.19:918][  0]SourceControl: Source control is disabled
[2018.10.27-01.34.20:151][  0]LogAndroidPermission: UAndroidPermissionCallbackProxy::GetInstance
[2018.10.27-01.34.20:247][  0]LogOcInput: OculusInput pre-init called
[2018.10.27-01.34.20:320][  0]LogEngine: Initializing Engine...
[2018.10.27-01.34.20:321][  0]LogHMD: Failed to initialize OpenVR with code 110
[2018.10.27-01.34.20:322][  0]LogStats: UGameplayTagsManager::ConstructGameplayTagTree: ImportINI prefixes -  0.000 s
[2018.10.27-01.34.20:322][  0]LogStats: UGameplayTagsManager::ConstructGameplayTagTree: Construct from data asset -  0.000 s
[2018.10.27-01.34.20:323][  0]LogStats: UGameplayTagsManager::ConstructGameplayTagTree: ImportINI -  0.000 s
[2018.10.27-01.34.20:323][  0]LogStats: UGameplayTagsManager::ConstructGameplayTagTree: GameplayTagTreeChangedEvent.Broadcast -  0.000 s
[2018.10.27-01.34.20:621][  0]LogInit: Initializing FReadOnlyCVARCache
[2018.10.27-01.34.20:652][  0]LogAIModule: Creating AISystem for world Untitled
[2018.10.27-01.34.20:674][  0]LogInit: XAudio2 using 'Speakers (Realtek High Definition Audio)' : 2 channels at 48 kHz using 32 bits per sample (channel mask 0x3)
[2018.10.27-01.34.20:715][  0]LogInit: FAudioDevice initialized.
[2018.10.27-01.34.20:715][  0]LogNetVersion: Set ProjectVersion to 1.0.0.0. Version Checksum will be recalculated on next use.
[2018.10.27-01.34.20:819][  0]LogDerivedDataCache: Saved boot cache 0.10s 73MB C:/Users/p018236h/AppData/Local/UnrealEngine/4.20/DerivedDataCache/Boot.ddc.
[2018.10.27-01.34.20:824][  0]LogInit: Texture streaming: Enabled
[2018.10.27-01.34.20:861][  0]LogEngineSessionManager: EngineSessionManager initialized
[2018.10.27-01.34.20:861][  0]LogEngineSessionManager: EngineSessionManager sent abnormal shutdown report. Type=Debugger, SessionId={90E1C4D6-4E04-9236-48C3-ADA2C60D9DF6}
[2018.10.27-01.34.20:861][  0]LogEngineSessionManager: EngineSessionManager sent abnormal shutdown report. Type=Debugger, SessionId={DD2115A3-4475-35E6-8322-568CF8F731A0}
[2018.10.27-01.34.20:953][  0]LogInit: Transaction tracking system initialized
[2018.10.27-01.34.21:010][  0]BlueprintLog: New page: Editor Load
[2018.10.27-01.34.21:229][  0]LocalizationService: Localization service is disabled
[2018.10.27-01.34.21:583][  0]LogCook: Display: Max memory allowance for cook 16384mb min free memory 0mb
[2018.10.27-01.34.21:583][  0]LogCook: Display: Mobile HDR setting 1
[2018.10.27-01.34.21:583][  0]LogGameplayTags: Display: UGameplayTagsManager::DoneAddingNativeTags. DelegateIsBound: 0
[2018.10.27-01.34.21:583][  0]LogStats: UGameplayTagsManager::ConstructGameplayTagTree: ImportINI prefixes -  0.000 s
[2018.10.27-01.34.21:583][  0]LogStats: UGameplayTagsManager::ConstructGameplayTagTree: Construct from data asset -  0.000 s
[2018.10.27-01.34.21:584][  0]LogStats: UGameplayTagsManager::ConstructGameplayTagTree: ImportINI -  0.000 s
[2018.10.27-01.34.21:584][  0]LogStats: UGameplayTagsManager::ConstructGameplayTagTree: GameplayTagTreeChangedEvent.Broadcast -  0.000 s
[2018.10.27-01.34.21:772][  0]LogFileCache: Scanning file cache for directory 'E:/TGP/TGP_SoloProject/TopHatSoloProject/Content/' took 0.04s
[2018.10.27-01.34.21:773][  0]SourceControl: Source control is disabled
[2018.10.27-01.34.21:773][  0]Cmd: MAP LOAD FILE="../../../Engine/Content/Maps/Templates/Template_Default.umap" TEMPLATE=1 SHOWPROGRESS=1 FEATURELEVEL=3
[2018.10.27-01.34.21:773][  0]LightingResults: New page: Lighting Build
[2018.10.27-01.34.21:778][  0]MapCheck: New page: Map Check
[2018.10.27-01.34.21:778][  0]LightingResults: New page: Lighting Build
[2018.10.27-01.34.21:972][  0]LogAIModule: Creating AISystem for world Untitled_1
[2018.10.27-01.34.21:981][  0]LogEditorServer: Finished looking for orphan Actors (0.000 secs)
[2018.10.27-01.34.22:009][  0]Cmd: MAP CHECKDEP NOCLEARLOG
[2018.10.27-01.34.22:211][  0]MapCheck: Map check complete: 0 Error(s), 0 Warning(s), took 202.063ms to complete.
[2018.10.27-01.34.22:211][  0]LogFileHelpers: Loading map 'Template_Default' took 0.438
[2018.10.27-01.34.22:318][  0]LogSlate: Updating window title bar state: overlay mode, drag disabled, window buttons hidden, title bar hidden
[2018.10.27-01.34.22:326][  0]LogSlate: Updating window title bar state: overlay mode, drag disabled, window buttons hidden, title bar hidden
[2018.10.27-01.34.22:333][  0]LogSlate: Updating window title bar state: overlay mode, drag disabled, window buttons hidden, title bar hidden
[2018.10.27-01.34.22:340][  0]LogSlate: Updating window title bar state: overlay mode, drag disabled, window buttons hidden, title bar hidden
[2018.10.27-01.34.22:351][  0]LogCollectionManager: Loaded 0 collections in 0.003491 seconds
[2018.10.27-01.34.22:395][  0]LogFileCache: Scanning file cache for directory 'E:/TGP/TGP_SoloProject/TopHatSoloProject/Saved/Collections/' took 0.01s
[2018.10.27-01.34.22:396][  0]LogFileCache: Scanning file cache for directory 'E:/TGP/TGP_SoloProject/TopHatSoloProject/Content/Developers/p018236h/Collections/' took 0.01s
[2018.10.27-01.34.22:396][  0]LogFileCache: Scanning file cache for directory 'E:/TGP/TGP_SoloProject/TopHatSoloProject/Content/Collections/' took 0.01s
[2018.10.27-01.34.22:396][  0]LogCollectionManager: Rebuilt the GUID cache for 0 collections in 0.000000 seconds
[2018.10.27-01.34.22:404][  0]LogContentBrowser: Native class hierarchy populated in 0.0087 seconds. Added 2580 classes and 606 folders.
[2018.10.27-01.34.22:419][  0]LogContentBrowser: Native class hierarchy updated for 'WidgetCarousel' in 0.0004 seconds. Added 0 classes and 0 folders.
[2018.10.27-01.34.22:512][  0]LogContentBrowser: Native class hierarchy updated for 'AddContentDialog' in 0.0003 seconds. Added 0 classes and 0 folders.
[2018.10.27-01.34.22:520][  0]LogContentBrowser: Native class hierarchy updated for 'SceneOutliner' in 0.0004 seconds. Added 1 classes and 2 folders.
[2018.10.27-01.34.22:566][  0]LogContentBrowser: Native class hierarchy updated for 'HierarchicalLODOutliner' in 0.0004 seconds. Added 0 classes and 0 folders.
[2018.10.27-01.34.22:566][  0]LogLoad: (Engine Initialization) Total time: 12.52 seconds
[2018.10.27-01.34.22:566][  0]LogLoad: (Engine Initialization) Total Blueprint compile time: 0.00 seconds
[2018.10.27-01.34.22:613][  0]LogContentStreaming: Texture pool size now 1000 MB
[2018.10.27-01.34.22:615][  0]LogSlate: Took 0.000268 seconds to synchronously load lazily loaded font '../../../Engine/Content/Slate/Fonts/Roboto-Regular.ttf' (155K)
[2018.10.27-01.34.22:616][  0]LogSlate: Took 0.000222 seconds to synchronously load lazily loaded font '../../../Engine/Content/Slate/Fonts/Roboto-Bold.ttf' (160K)
[2018.10.27-01.34.22:622][  0]LogSlate: Took 0.000289 seconds to synchronously load lazily loaded font '../../../Engine/Content/Editor/Slate/Fonts/FontAwesome.ttf' (139K)
[2018.10.27-01.34.22:799][  1]LogRenderer: Reallocating scene render targets to support 804x376 Format 10 NumSamples 1 (Frame:1).
[2018.10.27-01.34.22:878][  2]LogSlate: Took 0.000495 seconds to synchronously load lazily loaded font '../../../Engine/Content/Slate/Fonts/Roboto-Light.ttf' (167K)
[2018.10.27-01.34.22:959][  4]LogAssetRegistry: Asset discovery search completed in 6.1106 seconds
[2018.10.27-01.34.22:961][  4]LogCollectionManager: Rebuilt the object cache for 0 collections in 0.000000 seconds (found 0 objects)
[2018.10.27-01.34.22:961][  4]LogCollectionManager: Fixed up redirectors for 0 collections in 0.000058 seconds (updated 0 objects)
[2018.10.27-01.34.24:875][ 33]LogRenderer: Reallocating scene render targets to support 1208x600 Format 10 NumSamples 1 (Frame:30).
[2018.10.27-01.34.25:986][159]LogSlate: FSceneViewport::OnFocusLost() reason 0
[2018.10.27-01.34.27:809][375]LogFileCache: Retrieving MD5 hashes for directory 'E:/TGP/TGP_SoloProject/TopHatSoloProject/Content/' took 5.22s
[2018.10.27-01.34.28:991][513]LogTemp: Repeating last play command: Selected Viewport
[2018.10.27-01.34.29:026][513]LogPlayLevel: PlayLevel: No blueprints needed recompiling
[2018.10.27-01.34.29:038][513]PIE: New page: PIE session: Untitled_1 (27 Oct 2018 03:34:29)
[2018.10.27-01.34.29:038][513]LogPlayLevel: Creating play world package: /Temp/UEDPIE_0_Untitled_1
[2018.10.27-01.34.29:042][513]LogPlayLevel: PIE: StaticDuplicateObject took: (0.003986s)
[2018.10.27-01.34.29:043][513]LogAIModule: Creating AISystem for world Untitled_1
[2018.10.27-01.34.29:043][513]LogPlayLevel: PIE: World Init took: (0.001179s)
[2018.10.27-01.34.29:043][513]LogPlayLevel: PIE: Created PIE world by copying editor world from /Temp/Untitled_1.Untitled_1 to /Temp/UEDPIE_0_Untitled_1.Untitled_1 (0.005344s)
[2018.10.27-01.34.29:073][513]LogInit: XAudio2 using 'Speakers (Realtek High Definition Audio)' : 2 channels at 48 kHz using 32 bits per sample (channel mask 0x3)
[2018.10.27-01.34.29:090][513]LogInit: FAudioDevice initialized.
[2018.10.27-01.34.29:133][513]LogLoad: Game class is 'TopHatSoloProjectGameMode'
[2018.10.27-01.34.29:134][513]LogWorld: Bringing World /Temp/UEDPIE_0_Untitled_1.Untitled_1 up for play (max tick rate 0) at 2018.10.27-02.34.29
[2018.10.27-01.34.29:135][513]LogWorld: Bringing up level for play took: 0.000561
[2018.10.27-01.34.29:158][513]LogContentBrowser: Native class hierarchy updated for 'MovieSceneCapture' in 0.0006 seconds. Added 10 classes and 0 folders.
[2018.10.27-01.34.29:166][513]PIE: Play in editor start time for /Temp/UEDPIE_0_Untitled_1 -0.165
[2018.10.27-01.34.30:244][636]LogSlate: Updating window title bar state: overlay mode, drag disabled, window buttons hidden, title bar hidden
[2018.10.27-01.34.30:275][636]LogPlayLevel: Display: Shutting down PIE online subsystems
[2018.10.27-01.34.30:299][636]LogSlate: Updating window title bar state: overlay mode, drag disabled, window buttons hidden, title bar hidden
[2018.10.27-01.34.30:350][639]LogPlayLevel: Display: Destroying online subsystem :Context_1
[2018.10.27-01.34.31:086][727]LogSlate: FSceneViewport::OnFocusLost() reason 0
[2018.10.27-01.34.31:226][743]LogSlate: Took 0.000229 seconds to synchronously load lazily loaded font '../../../Engine/Content/Slate/Fonts/Roboto-Light.ttf' (167K)
[2018.10.27-01.34.31:678][743]LogAIModule: Creating AISystem for world TestLevel
[2018.10.27-01.34.31:703][743]LogAssetEditorManager: Opening Asset editor for World /Game/MainMenu/TestLevel.TestLevel
[2018.10.27-01.34.31:728][743]Cmd: MAP LOAD FILE="E:/TGP/TGP_SoloProject/TopHatSoloProject/Content/MainMenu/TestLevel.umap" TEMPLATE=0 SHOWPROGRESS=1 FEATURELEVEL=3
[2018.10.27-01.34.31:728][743]LightingResults: New page: Lighting Build
[2018.10.27-01.34.31:729][743]LoadErrors: New page: Loading map: TestLevel.umap
[2018.10.27-01.34.31:730][743]MapCheck: New page: Map Check
[2018.10.27-01.34.31:730][743]LightingResults: New page: Lighting Build
[2018.10.27-01.34.31:791][743]LogPhysics: Warning: PopulatePhysXGeometryAndTransform(Convex): ConvexElem has invalid transform
[2018.10.27-01.34.31:791][743]LogPhysics: Warning: ForeachShape(Convex): [/Engine/BasicShapes/Cone.Cone] ScaledElem[0] invalid
[2018.10.27-01.34.31:791][743]LogPhysics: Warning: PopulatePhysXGeometryAndTransform(Convex): ConvexElem has invalid transform
[2018.10.27-01.34.31:791][743]LogPhysics: Warning: ForeachShape(Convex): [/Engine/BasicShapes/Cone.Cone] ScaledElem[1] invalid
[2018.10.27-01.34.31:791][743]LogPhysics: Warning: PopulatePhysXGeometryAndTransform(Convex): ConvexElem has invalid transform
[2018.10.27-01.34.31:791][743]LogPhysics: Warning: ForeachShape(Convex): [/Engine/BasicShapes/Cone.Cone] ScaledElem[2] invalid
[2018.10.27-01.34.31:791][743]LogPhysics: Warning: PopulatePhysXGeometryAndTransform(Convex): ConvexElem has invalid transform
[2018.10.27-01.34.31:791][743]LogPhysics: Warning: ForeachShape(Convex): [/Engine/BasicShapes/Cone.Cone] ScaledElem[3] invalid
[2018.10.27-01.34.31:792][743]LogPhysics: Warning: PopulatePhysXGeometryAndTransform(Convex): ConvexElem has invalid transform
[2018.10.27-01.34.31:792][743]LogPhysics: Warning: ForeachShape(Convex): [/Engine/BasicShapes/Cone.Cone] ScaledElem[0] invalid
[2018.10.27-01.34.31:792][743]LogPhysics: Warning: PopulatePhysXGeometryAndTransform(Convex): ConvexElem has invalid transform
[2018.10.27-01.34.31:792][743]LogPhysics: Warning: ForeachShape(Convex): [/Engine/BasicShapes/Cone.Cone] ScaledElem[1] invalid
[2018.10.27-01.34.31:792][743]LogPhysics: Warning: PopulatePhysXGeometryAndTransform(Convex): ConvexElem has invalid transform
[2018.10.27-01.34.31:792][743]LogPhysics: Warning: ForeachShape(Convex): [/Engine/BasicShapes/Cone.Cone] ScaledElem[2] invalid
[2018.10.27-01.34.31:792][743]LogPhysics: Warning: PopulatePhysXGeometryAndTransform(Convex): ConvexElem has invalid transform
[2018.10.27-01.34.31:792][743]LogPhysics: Warning: ForeachShape(Convex): [/Engine/BasicShapes/Cone.Cone] ScaledElem[3] invalid
[2018.10.27-01.34.31:803][743]LogPhysics: Warning: PopulatePhysXGeometryAndTransform(Convex): ConvexElem has invalid transform
[2018.10.27-01.34.31:803][743]LogPhysics: Warning: ForeachShape(Convex): [/Engine/BasicShapes/Cone.Cone] ScaledElem[0] invalid
[2018.10.27-01.34.31:803][743]LogPhysics: Warning: PopulatePhysXGeometryAndTransform(Convex): ConvexElem has invalid transform
[2018.10.27-01.34.31:803][743]LogPhysics: Warning: ForeachShape(Convex): [/Engine/BasicShapes/Cone.Cone] ScaledElem[1] invalid
[2018.10.27-01.34.31:803][743]LogPhysics: Warning: PopulatePhysXGeometryAndTransform(Convex): ConvexElem has invalid transform
[2018.10.27-01.34.31:803][743]LogPhysics: Warning: ForeachShape(Convex): [/Engine/BasicShapes/Cone.Cone] ScaledElem[2] invalid
[2018.10.27-01.34.31:803][743]LogPhysics: Warning: PopulatePhysXGeometryAndTransform(Convex): ConvexElem has invalid transform
[2018.10.27-01.34.31:803][743]LogPhysics: Warning: ForeachShape(Convex): [/Engine/BasicShapes/Cone.Cone] ScaledElem[3] invalid
[2018.10.27-01.34.31:803][743]LogPhysics: Warning: PopulatePhysXGeometryAndTransform(Convex): ConvexElem has invalid transform
[2018.10.27-01.34.31:803][743]LogPhysics: Warning: ForeachShape(Convex): [/Engine/BasicShapes/Cone.Cone] ScaledElem[0] invalid
[2018.10.27-01.34.31:803][743]LogPhysics: Warning: PopulatePhysXGeometryAndTransform(Convex): ConvexElem has invalid transform
[2018.10.27-01.34.31:803][743]LogPhysics: Warning: ForeachShape(Convex): [/Engine/BasicShapes/Cone.Cone] ScaledElem[1] invalid
[2018.10.27-01.34.31:803][743]LogPhysics: Warning: PopulatePhysXGeometryAndTransform(Convex): ConvexElem has invalid transform
[2018.10.27-01.34.31:803][743]LogPhysics: Warning: ForeachShape(Convex): [/Engine/BasicShapes/Cone.Cone] ScaledElem[2] invalid
[2018.10.27-01.34.31:803][743]LogPhysics: Warning: PopulatePhysXGeometryAndTransform(Convex): ConvexElem has invalid transform
[2018.10.27-01.34.31:804][743]LogPhysics: Warning: ForeachShape(Convex): [/Engine/BasicShapes/Cone.Cone] ScaledElem[3] invalid
[2018.10.27-01.34.31:804][743]LogPhysics: Warning: PopulatePhysXGeometryAndTransform(Convex): ConvexElem has invalid transform
[2018.10.27-01.34.31:804][743]LogPhysics: Warning: ForeachShape(Convex): [/Engine/BasicShapes/Cone.Cone] ScaledElem[0] invalid
[2018.10.27-01.34.31:804][743]LogPhysics: Warning: PopulatePhysXGeometryAndTransform(Convex): ConvexElem has invalid transform
[2018.10.27-01.34.31:804][743]LogPhysics: Warning: ForeachShape(Convex): [/Engine/BasicShapes/Cone.Cone] ScaledElem[1] invalid
[2018.10.27-01.34.31:804][743]LogPhysics: Warning: PopulatePhysXGeometryAndTransform(Convex): ConvexElem has invalid transform
[2018.10.27-01.34.31:804][743]LogPhysics: Warning: ForeachShape(Convex): [/Engine/BasicShapes/Cone.Cone] ScaledElem[2] invalid
[2018.10.27-01.34.31:804][743]LogPhysics: Warning: PopulatePhysXGeometryAndTransform(Convex): ConvexElem has invalid transform
[2018.10.27-01.34.31:804][743]LogPhysics: Warning: ForeachShape(Convex): [/Engine/BasicShapes/Cone.Cone] ScaledElem[3] invalid
[2018.10.27-01.34.31:805][743]LogPhysics: Warning: PopulatePhysXGeometryAndTransform(Convex): ConvexElem has invalid transform
[2018.10.27-01.34.31:805][743]LogPhysics: Warning: ForeachShape(Convex): [/Engine/BasicShapes/Cone.Cone] ScaledElem[0] invalid
[2018.10.27-01.34.31:805][743]LogPhysics: Warning: PopulatePhysXGeometryAndTransform(Convex): ConvexElem has invalid transform
[2018.10.27-01.34.31:805][743]LogPhysics: Warning: ForeachShape(Convex): [/Engine/BasicShapes/Cone.Cone] ScaledElem[1] invalid
[2018.10.27-01.34.31:805][743]LogPhysics: Warning: PopulatePhysXGeometryAndTransform(Convex): ConvexElem has invalid transform
[2018.10.27-01.34.31:805][743]LogPhysics: Warning: ForeachShape(Convex): [/Engine/BasicShapes/Cone.Cone] ScaledElem[2] invalid
[2018.10.27-01.34.31:805][743]LogPhysics: Warning: PopulatePhysXGeometryAndTransform(Convex): ConvexElem has invalid transform
[2018.10.27-01.34.31:805][743]LogPhysics: Warning: ForeachShape(Convex): [/Engine/BasicShapes/Cone.Cone] ScaledElem[3] invalid
[2018.10.27-01.34.31:805][743]LogPhysics: Warning: PopulatePhysXGeometryAndTransform(Convex): ConvexElem has invalid transform
[2018.10.27-01.34.31:805][743]LogPhysics: Warning: ForeachShape(Convex): [/Engine/BasicShapes/Cone.Cone] ScaledElem[0] invalid
[2018.10.27-01.34.31:805][743]LogPhysics: Warning: PopulatePhysXGeometryAndTransform(Convex): ConvexElem has invalid transform
[2018.10.27-01.34.31:805][743]LogPhysics: Warning: ForeachShape(Convex): [/Engine/BasicShapes/Cone.Cone] ScaledElem[1] invalid
[2018.10.27-01.34.31:805][743]LogPhysics: Warning: PopulatePhysXGeometryAndTransform(Convex): ConvexElem has invalid transform
[2018.10.27-01.34.31:805][743]LogPhysics: Warning: ForeachShape(Convex): [/Engine/BasicShapes/Cone.Cone] ScaledElem[2] invalid
[2018.10.27-01.34.31:805][743]LogPhysics: Warning: PopulatePhysXGeometryAndTransform(Convex): ConvexElem has invalid transform
[2018.10.27-01.34.31:805][743]LogPhysics: Warning: ForeachShape(Convex): [/Engine/BasicShapes/Cone.Cone] ScaledElem[3] invalid
[2018.10.27-01.34.31:805][743]LogPhysics: Warning: PopulatePhysXGeometryAndTransform(Convex): ConvexElem has invalid transform
[2018.10.27-01.34.31:805][743]LogPhysics: Warning: ForeachShape(Convex): [/Engine/BasicShapes/Cone.Cone] ScaledElem[0] invalid
[2018.10.27-01.34.31:805][743]LogPhysics: Warning: PopulatePhysXGeometryAndTransform(Convex): ConvexElem has invalid transform
[2018.10.27-01.34.31:805][743]LogPhysics: Warning: ForeachShape(Convex): [/Engine/BasicShapes/Cone.Cone] ScaledElem[1] invalid
[2018.10.27-01.34.31:805][743]LogPhysics: Warning: PopulatePhysXGeometryAndTransform(Convex): ConvexElem has invalid transform
[2018.10.27-01.34.31:805][743]LogPhysics: Warning: ForeachShape(Convex): [/Engine/BasicShapes/Cone.Cone] ScaledElem[2] invalid
[2018.10.27-01.34.31:805][743]LogPhysics: Warning: PopulatePhysXGeometryAndTransform(Convex): ConvexElem has invalid transform
[2018.10.27-01.34.31:805][743]LogPhysics: Warning: ForeachShape(Convex): [/Engine/BasicShapes/Cone.Cone] ScaledElem[3] invalid
[2018.10.27-01.34.31:807][743]LogEditorServer: Finished looking for orphan Actors (0.000 secs)
[2018.10.27-01.34.31:890][743]Cmd: MAP CHECKDEP NOCLEARLOG
[2018.10.27-01.34.32:122][743]MapCheck: Map check complete: 0 Error(s), 0 Warning(s), took 231.543ms to complete.
[2018.10.27-01.34.32:124][743]LogFileHelpers: Loading map 'TestLevel' took 0.396
[2018.10.27-01.34.33:243][864]LogTemp: Repeating last play command: Selected Viewport
[2018.10.27-01.34.33:271][864]LogBlueprintUserMessages: Early PlayInEditor Detection: Level '/Game/MainMenu/TestLevel.TestLevel:PersistentLevel' has LevelScriptBlueprint '/Game/MainMenu/TestLevel.TestLevel:PersistentLevel.TestLevel' with GeneratedClass '/Game/MainMenu/TestLevel.TestLevel_C' with ClassGeneratedBy '/Game/MainMenu/TestLevel.TestLevel:PersistentLevel.TestLevel'
[2018.10.27-01.34.33:271][864]LogPlayLevel: PlayLevel: No blueprints needed recompiling
[2018.10.27-01.34.33:272][864]PIE: New page: PIE session: TestLevel (27 Oct 2018 03:34:33)
[2018.10.27-01.34.33:272][864]LogPlayLevel: Creating play world package: /Game/MainMenu/UEDPIE_0_TestLevel
[2018.10.27-01.34.33:301][864]LogPlayLevel: PIE: StaticDuplicateObject took: (0.029582s)
[2018.10.27-01.34.33:302][864]LogAIModule: Creating AISystem for world TestLevel
[2018.10.27-01.34.33:302][864]LogPlayLevel: PIE: World Init took: (0.000763s)
[2018.10.27-01.34.33:302][864]LogPlayLevel: PIE: Created PIE world by copying editor world from /Game/MainMenu/TestLevel.TestLevel to /Game/MainMenu/UEDPIE_0_TestLevel.TestLevel (0.030498s)
[2018.10.27-01.34.33:328][864]LogInit: XAudio2 using 'Speakers (Realtek High Definition Audio)' : 2 channels at 48 kHz using 32 bits per sample (channel mask 0x3)
[2018.10.27-01.34.33:342][864]LogInit: FAudioDevice initialized.
[2018.10.27-01.34.33:377][864]LogLoad: Game class is 'TopHatSoloProjectGameMode'
[2018.10.27-01.34.33:384][864]LogPhysics: Warning: PopulatePhysXGeometryAndTransform(Convex): ConvexElem has invalid transform
[2018.10.27-01.34.33:384][864]LogPhysics: Warning: ForeachShape(Convex): [/Engine/BasicShapes/Cone.Cone] ScaledElem[0] invalid
[2018.10.27-01.34.33:384][864]LogPhysics: Warning: PopulatePhysXGeometryAndTransform(Convex): ConvexElem has invalid transform
[2018.10.27-01.34.33:384][864]LogPhysics: Warning: ForeachShape(Convex): [/Engine/BasicShapes/Cone.Cone] ScaledElem[1] invalid
[2018.10.27-01.34.33:384][864]LogPhysics: Warning: PopulatePhysXGeometryAndTransform(Convex): ConvexElem has invalid transform
[2018.10.27-01.34.33:384][864]LogPhysics: Warning: ForeachShape(Convex): [/Engine/BasicShapes/Cone.Cone] ScaledElem[2] invalid
[2018.10.27-01.34.33:384][864]LogPhysics: Warning: PopulatePhysXGeometryAndTransform(Convex): ConvexElem has invalid transform
[2018.10.27-01.34.33:384][864]LogPhysics: Warning: ForeachShape(Convex): [/Engine/BasicShapes/Cone.Cone] ScaledElem[3] invalid
[2018.10.27-01.34.33:384][864]LogPhysics: Warning: PopulatePhysXGeometryAndTransform(Convex): ConvexElem has invalid transform
[2018.10.27-01.34.33:384][864]LogPhysics: Warning: ForeachShape(Convex): [/Engine/BasicShapes/Cone.Cone] ScaledElem[0] invalid
[2018.10.27-01.34.33:384][864]LogPhysics: Warning: PopulatePhysXGeometryAndTransform(Convex): ConvexElem has invalid transform
[2018.10.27-01.34.33:384][864]LogPhysics: Warning: ForeachShape(Convex): [/Engine/BasicShapes/Cone.Cone] ScaledElem[1] invalid
[2018.10.27-01.34.33:384][864]LogPhysics: Warning: PopulatePhysXGeometryAndTransform(Convex): ConvexElem has invalid transform
[2018.10.27-01.34.33:384][864]LogPhysics: Warning: ForeachShape(Convex): [/Engine/BasicShapes/Cone.Cone] ScaledElem[2] invalid
[2018.10.27-01.34.33:384][864]LogPhysics: Warning: PopulatePhysXGeometryAndTransform(Convex): ConvexElem has invalid transform
[2018.10.27-01.34.33:384][864]LogPhysics: Warning: ForeachShape(Convex): [/Engine/BasicShapes/Cone.Cone] ScaledElem[3] invalid
[2018.10.27-01.34.33:385][864]LogWorld: Bringing World /Game/MainMenu/UEDPIE_0_TestLevel.TestLevel up for play (max tick rate 0) at 2018.10.27-02.34.33
[2018.10.27-01.34.33:385][864]LogWorld: Bringing up level for play took: 0.008197
[2018.10.27-01.34.33:398][864]PIE: Play in editor start time for /Game/MainMenu/UEDPIE_0_TestLevel 0.067
[2018.10.27-01.34.33:398][864]LogBlueprintUserMessages: Late PlayInEditor Detection: Level '/Game/MainMenu/TestLevel.TestLevel:PersistentLevel' has LevelScriptBlueprint '/Game/MainMenu/TestLevel.TestLevel:PersistentLevel.TestLevel' with GeneratedClass '/Game/MainMenu/TestLevel.TestLevel_C' with ClassGeneratedBy '/Game/MainMenu/TestLevel.TestLevel:PersistentLevel.TestLevel'
[2018.10.27-01.34.37:105][302]LogBlueprintUserMessages: Early EndPlayMap Detection: Level '/Game/MainMenu/TestLevel.TestLevel:PersistentLevel' has LevelScriptBlueprint '/Game/MainMenu/TestLevel.TestLevel:PersistentLevel.TestLevel' with GeneratedClass '/Game/MainMenu/TestLevel.TestLevel_C' with ClassGeneratedBy '/Game/MainMenu/TestLevel.TestLevel:PersistentLevel.TestLevel'
[2018.10.27-01.34.37:105][302]LogSlate: Updating window title bar state: overlay mode, drag disabled, window buttons hidden, title bar hidden
[2018.10.27-01.34.37:139][302]LogPlayLevel: Display: Shutting down PIE online subsystems
[2018.10.27-01.34.37:140][302]LogBlueprintUserMessages: Late EndPlayMap Detection: Level '/Game/MainMenu/TestLevel.TestLevel:PersistentLevel' has LevelScriptBlueprint '/Game/MainMenu/TestLevel.TestLevel:PersistentLevel.TestLevel' with GeneratedClass '/Game/MainMenu/TestLevel.TestLevel_C' with ClassGeneratedBy '/Game/MainMenu/TestLevel.TestLevel:PersistentLevel.TestLevel'
[2018.10.27-01.34.37:166][302]LogSlate: Updating window title bar state: overlay mode, drag disabled, window buttons hidden, title bar hidden
[2018.10.27-01.34.37:204][305]LogPlayLevel: Display: Destroying online subsystem :Context_2
[2018.10.27-01.34.44:869][218]LogSlate: FSceneViewport::OnFocusLost() reason 2
[2018.10.27-01.34.45:786][327]LogSlate: FSceneViewport::OnFocusLost() reason 2
[2018.10.27-01.34.46:685][327]LogSlate: Only BGRA pngs, bmps or icos are supported in by External Image Picker
[2018.10.27-01.34.46:760][328]LogTemp: Executing iPhonePackager certificates Engine -bundlename com.YourCompany.TopHatSoloProject
[2018.10.27-01.34.46:760][328]LogTemp: CWD: C:\Epic\UE4\UE_4.20\Engine\Binaries\DotNET\IOS
[2018.10.27-01.34.46:760][328]LogTemp: Initial Dir: C:\Epic\UE4\UE_4.20
[2018.10.27-01.34.46:760][328]LogTemp: Env CWD: C:\Epic\UE4\UE_4.20\Engine\Binaries\DotNET\IOS
[2018.10.27-01.34.46:760][328]LogTemp: BranchPath = D105-17/C/Epic/UE4/UE_4.20/Engine/Binaries --- GameBranchPath = D105-17/C/Epic/UE4/UE_4.20/Engine/Binaries
[2018.10.27-01.34.46:760][328]LogTemp: IPP ERROR: Could not find provision directory 'C:\Users\p018236h\AppData\Local/Apple Computer/MobileDevice/Provisioning Profiles/'.
[2018.10.27-01.35.04:305][359]LogSlate: Window 'Project Settings' being destroyed
[2018.10.27-01.35.04:308][359]LogSlate: Window 'Project Settings' being destroyed
[2018.10.27-01.35.05:791][534]LogSlate: FSceneViewport::OnFocusLost() reason 0
[2018.10.27-01.35.05:953][542]LogSlate: Window 'TopHatSoloProject - Unreal Editor' being destroyed
[2018.10.27-01.35.05:954][542]LogWindowsTextInputMethodSystem: Display: IME system now deactivated.
[2018.10.27-01.35.06:145][543]Cmd: QUIT_EDITOR
[2018.10.27-01.35.06:431][543]LogExit: Preparing to exit.
[2018.10.27-01.35.07:525][543]LogExit: Editor shut down
[2018.10.27-01.35.07:526][543]LogExit: Transaction tracking system shut down
[2018.10.27-01.35.08:099][543]LogExit: Object subsystem successfully closed.
[2018.10.27-01.35.08:128][543]LogShaderCompilers: Display: Shaders left to compile 0
[2018.10.27-01.35.08:136][543]LogD3D11RHI: Shutdown
[2018.10.27-01.35.08:136][543]LogD3D11RHI: CleanupD3DDevice
[2018.10.27-01.35.08:139][543]LogD3D11RHI: ~FD3D11DynamicRHI
[2018.10.27-01.35.08:186][543]LogModuleManager: Shutting down and abandoning module ExternalImagePicker (620)
[2018.10.27-01.35.08:186][543]LogModuleManager: Shutting down and abandoning module MovieSceneCapture (618)
[2018.10.27-01.35.08:186][543]LogModuleManager: Shutting down and abandoning module Voice (616)
[2018.10.27-01.35.08:186][543]LogModuleManager: Shutting down and abandoning module HierarchicalLODOutliner (614)
[2018.10.27-01.35.08:186][543]LogModuleManager: Shutting down and abandoning module SceneOutliner (612)
[2018.10.27-01.35.08:186][543]LogModuleManager: Shutting down and abandoning module AddContentDialog (610)
[2018.10.27-01.35.08:186][543]LogModuleManager: Shutting down and abandoning module WidgetCarousel (609)
[2018.10.27-01.35.08:186][543]LogModuleManager: Shutting down and abandoning module EditorWidgets (606)
[2018.10.27-01.35.08:186][543]LogModuleManager: Shutting down and abandoning module CollectionManager (604)
[2018.10.27-01.35.08:186][543]LogModuleManager: Shutting down and abandoning module HierarchicalLODUtilities (602)
[2018.10.27-01.35.08:186][543]LogModuleManager: Shutting down and abandoning module StatsViewer (600)
[2018.10.27-01.35.08:186][543]LogModuleManager: Shutting down and abandoning module FoliageEdit (598)
[2018.10.27-01.35.08:186][543]LogModuleManager: Shutting down and abandoning module LandscapeEditor (596)
[2018.10.27-01.35.08:187][543]LogModuleManager: Shutting down and abandoning module MeshPaintMode (594)
[2018.10.27-01.35.08:187][543]LogModuleManager: Shutting down and abandoning module SceneDepthPickerMode (592)
[2018.10.27-01.35.08:187][543]LogModuleManager: Shutting down and abandoning module ActorPickerMode (590)
[2018.10.27-01.35.08:187][543]LogModuleManager: Shutting down and abandoning module GeometryMode (588)
[2018.10.27-01.35.08:187][543]LogModuleManager: Shutting down and abandoning module TextureAlignMode (586)
[2018.10.27-01.35.08:187][543]LogModuleManager: Shutting down and abandoning module BspMode (584)
[2018.10.27-01.35.08:187][543]LogModuleManager: Shutting down and abandoning module PIEPreviewDeviceProfileSelector (582)
[2018.10.27-01.35.08:187][543]LogModuleManager: Shutting down and abandoning module SequenceRecorderSections (580)
[2018.10.27-01.35.08:187][543]LogModuleManager: Shutting down and abandoning module AutomationWorker (578)
[2018.10.27-01.35.08:187][543]LogModuleManager: Shutting down and abandoning module AudioCaptureEditor (576)
[2018.10.27-01.35.08:187][543]LogModuleManager: Shutting down and abandoning module SequenceRecorder (575)
[2018.10.27-01.35.08:187][543]LogModuleManager: Shutting down and abandoning module MatineeToLevelSequence (572)
[2018.10.27-01.35.08:187][543]LogModuleManager: Shutting down and abandoning module LevelSequenceEditor (570)
[2018.10.27-01.35.08:187][543]LogModuleManager: Shutting down and abandoning module PlacementMode (569)
[2018.10.27-01.35.08:187][543]LogModuleManager: Shutting down and abandoning module MaterialEditor (568)
[2018.10.27-01.35.08:187][543]LogModuleManager: Shutting down and abandoning module WmfMediaFactory (564)
[2018.10.27-01.35.08:187][543]LogModuleManager: Shutting down and abandoning module WmfMediaEditor (562)
[2018.10.27-01.35.08:187][543]LogModuleManager: Shutting down and abandoning module MediaPlayerEditor (560)
[2018.10.27-01.35.08:187][543]LogModuleManager: Shutting down and abandoning module OpenExrWrapper (558)
[2018.10.27-01.35.08:187][543]LogModuleManager: Shutting down and abandoning module ImgMediaFactory (556)
[2018.10.27-01.35.08:187][543]LogModuleManager: Shutting down and abandoning module ImgMediaEditor (554)
[2018.10.27-01.35.08:187][543]LogModuleManager: Shutting down and abandoning module AvfMediaFactory (552)
[2018.10.27-01.35.08:187][543]LogModuleManager: Shutting down and abandoning module AvfMediaEditor (550)
[2018.10.27-01.35.08:187][543]LogModuleManager: Shutting down and abandoning module AndroidMediaFactory (548)
[2018.10.27-01.35.08:187][543]LogModuleManager: Shutting down and abandoning module AndroidMediaEditor (546)
[2018.10.27-01.35.08:187][543]LogModuleManager: Shutting down and abandoning module MagicLeapCameraPreviewFactory (544)
[2018.10.27-01.35.08:187][543]LogModuleManager: Shutting down and abandoning module MagicLeapMediaFactory (542)
[2018.10.27-01.35.08:187][543]LogModuleManager: Shutting down and abandoning module MagicLeapMediaEditor (540)
[2018.10.27-01.35.08:187][543]LogModuleManager: Shutting down and abandoning module CharacterAI (538)
[2018.10.27-01.35.08:187][543]LogModuleManager: Shutting down and abandoning module SmartSnapping (536)
[2018.10.27-01.35.08:187][543]LogModuleManager: Shutting down and abandoning module SessionServices (534)
[2018.10.27-01.35.08:187][543]LogModuleManager: Shutting down and abandoning module ViewportSnapping (532)
[2018.10.27-01.35.08:187][543]LogModuleManager: Shutting down and abandoning module ViewportInteraction (530)
[2018.10.27-01.35.08:187][543]LogModuleManager: Shutting down and abandoning module ClothPainter (528)
[2018.10.27-01.35.08:188][543]LogModuleManager: Shutting down and abandoning module SkeletalMeshEditor (527)
[2018.10.27-01.35.08:188][543]LogModuleManager: Shutting down and abandoning module LogVisualizer (524)
[2018.10.27-01.35.08:188][543]LogModuleManager: Shutting down and abandoning module IntroTutorials (522)
[2018.10.27-01.35.08:188][543]LogModuleManager: Shutting down and abandoning module GameProjectGeneration (521)
[2018.10.27-01.35.08:188][543]LogModuleManager: Shutting down and abandoning module LuminPlatformEditor (518)
[2018.10.27-01.35.08:188][543]LogModuleManager: Shutting down and abandoning module IOSPlatformEditor (516)
[2018.10.27-01.35.08:188][543]LogModuleManager: Shutting down and abandoning module HTML5PlatformEditor (514)
[2018.10.27-01.35.08:188][543]LogModuleManager: Shutting down and abandoning module AndroidPlatformEditor (512)
[2018.10.27-01.35.08:188][543]LogModuleManager: Shutting down and abandoning module AndroidDeviceDetection (511)
[2018.10.27-01.35.08:308][543]LogModuleManager: Shutting down and abandoning module WindowsPlatformEditor (508)
[2018.10.27-01.35.08:308][543]LogModuleManager: Shutting down and abandoning module LuminRuntimeSettings (506)
[2018.10.27-01.35.08:308][543]LogModuleManager: Shutting down and abandoning module IOSRuntimeSettings (504)
[2018.10.27-01.35.08:308][543]LogModuleManager: Shutting down and abandoning module AndroidRuntimeSettings (502)
[2018.10.27-01.35.08:308][543]LogModuleManager: Shutting down and abandoning module InputBindingEditor (500)
[2018.10.27-01.35.08:308][543]LogModuleManager: Shutting down and abandoning module MergeActors (498)
[2018.10.27-01.35.08:308][543]LogModuleManager: Shutting down and abandoning module LocalizationDashboard (496)
[2018.10.27-01.35.08:308][543]LogModuleManager: Shutting down and abandoning module LocalizationService (495)
[2018.10.27-01.35.08:308][543]LogModuleManager: Shutting down and abandoning module HardwareTargeting (492)
[2018.10.27-01.35.08:308][543]LogModuleManager: Shutting down and abandoning module DeviceProfileEditor (490)
[2018.10.27-01.35.08:308][543]LogModuleManager: Shutting down and abandoning module UndoHistory (488)
[2018.10.27-01.35.08:308][543]LogModuleManager: Shutting down and abandoning module XmlParser (486)
[2018.10.27-01.35.08:308][543]LogModuleManager: Shutting down and abandoning module Blutility (484)
[2018.10.27-01.35.08:308][543]LogModuleManager: Shutting down and abandoning module ProjectSettingsViewer (482)
[2018.10.27-01.35.08:308][543]LogModuleManager: Shutting down and abandoning module ProjectTargetPlatformEditor (481)
[2018.10.27-01.35.08:308][543]LogModuleManager: Shutting down and abandoning module EditorSettingsViewer (478)
[2018.10.27-01.35.08:308][543]LogModuleManager: Shutting down and abandoning module SettingsEditor (476)
[2018.10.27-01.35.08:308][543]LogModuleManager: Shutting down and abandoning module ProjectLauncher (474)
[2018.10.27-01.35.08:308][543]LogModuleManager: Shutting down and abandoning module SessionFrontend (472)
[2018.10.27-01.35.08:308][543]LogModuleManager: Shutting down and abandoning module ProfilerClient (470)
[2018.10.27-01.35.08:308][543]LogModuleManager: Shutting down and abandoning module DeviceManager (468)
[2018.10.27-01.35.08:308][543]LogModuleManager: Shutting down and abandoning module TargetDeviceServices (467)
[2018.10.27-01.35.08:374][543]LogModuleManager: Shutting down and abandoning module AutomationController (464)
[2018.10.27-01.35.08:374][543]LogModuleManager: Shutting down and abandoning module AutomationWindow (462)
[2018.10.27-01.35.08:374][543]LogModuleManager: Shutting down and abandoning module Layers (460)
[2018.10.27-01.35.08:374][543]LogModuleManager: Shutting down and abandoning module ComponentVisualizers (458)
[2018.10.27-01.35.08:374][543]LogModuleManager: Shutting down and abandoning module DetailCustomizations (456)
[2018.10.27-01.35.08:374][543]LogModuleManager: Shutting down and abandoning module PackagesDialog (454)
[2018.10.27-01.35.08:374][543]LogModuleManager: Shutting down and abandoning module Persona (452)
[2018.10.27-01.35.08:374][543]LogModuleManager: Shutting down and abandoning module AdvancedPreviewScene (451)
[2018.10.27-01.35.08:374][543]LogModuleManager: Shutting down and abandoning module AnimGraph (449)
[2018.10.27-01.35.08:374][543]LogModuleManager: Shutting down and abandoning module Kismet (446)
[2018.10.27-01.35.08:374][543]LogModuleManager: Shutting down and abandoning module GraphEditor (444)
[2018.10.27-01.35.08:374][543]LogModuleManager: Shutting down and abandoning module ClassViewer (442)
[2018.10.27-01.35.08:374][543]LogModuleManager: Shutting down and abandoning module Toolbox (440)
[2018.10.27-01.35.08:374][543]LogModuleManager: Shutting down and abandoning module DesktopPlatform (439)
[2018.10.27-01.35.08:375][543]LogModuleManager: Shutting down and abandoning module ModuleUI (436)
[2018.10.27-01.35.08:375][543]LogModuleManager: Shutting down and abandoning module MovieSceneTools (434)
[2018.10.27-01.35.08:375][543]LogModuleManager: Shutting down and abandoning module OutputLog (432)
[2018.10.27-01.35.08:375][543]LogModuleManager: Shutting down and abandoning module GammaUI (430)
[2018.10.27-01.35.08:375][543]LogModuleManager: Shutting down and abandoning module Documentation (428)
[2018.10.27-01.35.08:375][543]LogModuleManager: Shutting down and abandoning module MovieSceneTracks (426)
[2018.10.27-01.35.08:375][543]LogModuleManager: Shutting down and abandoning module MovieScene (424)
[2018.10.27-01.35.08:375][543]LogModuleManager: Shutting down and abandoning module StreamingPauseRendering (422)
[2018.10.27-01.35.08:375][543]LogModuleManager: Shutting down and abandoning module LauncherPlatform (420)
[2018.10.27-01.35.08:375][543]LogModuleManager: Shutting down and abandoning module AnalyticsET (418)
[2018.10.27-01.35.08:375][543]LogModuleManager: Shutting down and abandoning module PortalServices (416)
[2018.10.27-01.35.08:375][543]LogModuleManager: Shutting down and abandoning module PortalRpc (414)
[2018.10.27-01.35.08:375][543]LogModuleManager: Shutting down and abandoning module MessagingRpc (412)
[2018.10.27-01.35.08:375][543]LogModuleManager: Shutting down and abandoning module AIModule (410)
[2018.10.27-01.35.08:375][543]LogModuleManager: Shutting down and abandoning module GameplayDebugger (409)
[2018.10.27-01.35.08:375][543]LogModuleManager: Shutting down and abandoning module AITestSuite (407)
[2018.10.27-01.35.08:375][543]LogModuleManager: Shutting down and abandoning module NavigationSystem (405)
[2018.10.27-01.35.08:375][543]LogModuleManager: Shutting down and abandoning module ProfilerService (402)
[2018.10.27-01.35.08:426][543]LogModuleManager: Shutting down and abandoning module TaskGraph (400)
[2018.10.27-01.35.08:426][543]LogModuleManager: Shutting down and abandoning module SteamVRController (398)
[2018.10.27-01.35.08:426][543]LogModuleManager: Shutting down and abandoning module ProceduralMeshComponentEditor (396)
[2018.10.27-01.35.08:426][543]LogModuleManager: Shutting down and abandoning module ProceduralMeshComponent (394)
[2018.10.27-01.35.08:426][543]LogModuleManager: Shutting down and abandoning module OculusInput (392)
[2018.10.27-01.35.08:426][543]LogModuleManager: Shutting down and abandoning module MobilePatchingUtils (390)
[2018.10.27-01.35.08:426][543]LogModuleManager: Shutting down and abandoning module EditableMesh (388)
[2018.10.27-01.35.08:426][543]LogModuleManager: Shutting down and abandoning module CustomMeshComponent (386)
[2018.10.27-01.35.08:426][543]LogModuleManager: Shutting down and abandoning module CableComponent (384)
[2018.10.27-01.35.08:426][543]LogModuleManager: Shutting down and abandoning module AudioCapture (382)
[2018.10.27-01.35.08:426][543]LogModuleManager: Shutting down and abandoning module ArchVisCharacter (380)
[2018.10.27-01.35.08:426][543]LogModuleManager: Shutting down and abandoning module AndroidPermission (378)
[2018.10.27-01.35.08:426][543]LogModuleManager: Shutting down and abandoning module NUTUnrealEngine4 (376)
[2018.10.27-01.35.08:426][543]LogModuleManager: Shutting down and abandoning module NetcodeUnitTest (374)
[2018.10.27-01.35.08:426][543]LogModuleManager: Shutting down and abandoning module MediaCompositingEditor (372)
[2018.10.27-01.35.08:427][543]LogModuleManager: Shutting down and abandoning module MediaCompositing (370)
[2018.10.27-01.35.08:427][543]LogModuleManager: Shutting down and abandoning module LinearTimecode (368)
[2018.10.27-01.35.08:427][543]LogModuleManager: Shutting down and abandoning module ImgMedia (366)
[2018.10.27-01.35.08:433][543]LogModuleManager: Shutting down and abandoning module HTML5Networking (364)
[2018.10.27-01.35.08:433][543]LogModuleManager: Shutting down and abandoning module GeometryCacheTracks (362)
[2018.10.27-01.35.08:433][543]LogModuleManager: Shutting down and abandoning module GeometryCacheSequencer (360)
[2018.10.27-01.35.08:433][543]LogModuleManager: Shutting down and abandoning module BackChannel (358)
[2018.10.27-01.35.08:433][543]LogModuleManager: Shutting down and abandoning module AppleVision (356)
[2018.10.27-01.35.08:433][543]LogModuleManager: Shutting down and abandoning module AppleImageUtils (354)
[2018.10.27-01.35.08:433][543]LogModuleManager: Shutting down and abandoning module AlembicImporter (352)
[2018.10.27-01.35.08:433][543]LogModuleManager: Shutting down and abandoning module AlembicLibrary (351)
[2018.10.27-01.35.08:433][543]LogModuleManager: Shutting down and abandoning module GeometryCache (350)
[2018.10.27-01.35.08:433][543]LogModuleManager: Shutting down and abandoning module GeometryCacheEd (349)
[2018.10.27-01.35.08:433][543]LogModuleManager: Shutting down and abandoning module DatasmithContentEditor (344)
[2018.10.27-01.35.08:433][543]LogModuleManager: Shutting down and abandoning module DatasmithContent (342)
[2018.10.27-01.35.08:455][543]LogModuleManager: Shutting down and abandoning module SpeedTreeImporter (340)
[2018.10.27-01.35.08:455][543]LogModuleManager: Shutting down and abandoning module PluginBrowser (338)
[2018.10.27-01.35.08:455][543]LogModuleManager: Shutting down and abandoning module MobileLauncherProfileWizard (336)
[2018.10.27-01.35.08:455][543]LogModuleManager: Shutting down and abandoning module PolygonModeling (334)
[2018.10.27-01.35.08:455][543]LogModuleManager: Shutting down and abandoning module MeshEditor (332)
[2018.10.27-01.35.08:455][543]LogModuleManager: Shutting down and abandoning module CryptoKeysOpenSSL (330)
[2018.10.27-01.35.08:455][543]LogModuleManager: Shutting down and abandoning module CryptoKeys (328)
[2018.10.27-01.35.08:455][543]LogModuleManager: Shutting down and abandoning module VisualStudioSourceCodeAccess (326)
[2018.10.27-01.35.08:455][543]LogModuleManager: Shutting down and abandoning module VisualStudioCodeSourceCodeAccess (324)
[2018.10.27-01.35.08:455][543]LogModuleManager: Shutting down and abandoning module UObjectPlugin (322)
[2018.10.27-01.35.08:455][543]LogModuleManager: Shutting down and abandoning module SubversionSourceControl (320)
[2018.10.27-01.35.08:455][543]LogModuleManager: Shutting down and abandoning module PerforceSourceControl (318)
[2018.10.27-01.35.08:455][543]LogModuleManager: Shutting down and abandoning module GitSourceControl (316)
[2018.10.27-01.35.08:455][543]LogModuleManager: Shutting down and abandoning module SourceControl (315)
[2018.10.27-01.35.08:455][543]LogModuleManager: Shutting down and abandoning module CLionSourceCodeAccess (312)
[2018.10.27-01.35.08:455][543]LogModuleManager: Shutting down and abandoning module LightPropagationVolumeEditor (310)
[2018.10.27-01.35.08:455][543]LogModuleManager: Shutting down and abandoning module PaperTiledImporter (308)
[2018.10.27-01.35.08:455][543]LogModuleManager: Shutting down and abandoning module PaperSpriteSheetImporter (306)
[2018.10.27-01.35.08:455][543]LogModuleManager: Shutting down and abandoning module Paper2DEditor (304)
[2018.10.27-01.35.08:455][543]LogModuleManager: Shutting down and abandoning module MeshPaint (303)
[2018.10.27-01.35.08:455][543]LogModuleManager: Shutting down and abandoning module TopHatSoloProject (300)
[2018.10.27-01.35.08:455][543]LogModuleManager: Shutting down and abandoning module RuntimePhysXCooking (298)
[2018.10.27-01.35.08:455][543]LogModuleManager: Shutting down and abandoning module PhysXVehiclesEditor (296)
[2018.10.27-01.35.08:455][543]LogModuleManager: Shutting down and abandoning module PhysXVehicles (294)
[2018.10.27-01.35.08:455][543]LogModuleManager: Shutting down and abandoning module OculusEditor (292)
[2018.10.27-01.35.08:455][543]LogModuleManager: Shutting down and abandoning module LocationServicesBPLibrary (290)
[2018.10.27-01.35.08:455][543]LogModuleManager: Shutting down and abandoning module ImmediatePhysicsEditor (288)
[2018.10.27-01.35.08:455][543]LogModuleManager: Shutting down and abandoning module ImmediatePhysics (286)
[2018.10.27-01.35.08:455][543]LogModuleManager: Shutting down and abandoning module ActorSequence (284)
[2018.10.27-01.35.08:455][543]LogModuleManager: Shutting down and abandoning module UdpMessaging (282)
[2018.10.27-01.35.08:556][543]LogModuleManager: Shutting down and abandoning module TcpMessaging (280)
[2018.10.27-01.35.08:657][543]LogModuleManager: Shutting down and abandoning module MagicLeapAudio (278)
[2018.10.27-01.35.08:657][543]LogModuleManager: Shutting down and abandoning module GameplayTagsEditor (276)
[2018.10.27-01.35.08:657][543]LogModuleManager: Shutting down and abandoning module FacialAnimationEditor (274)
[2018.10.27-01.35.08:657][543]LogModuleManager: Shutting down and abandoning module FacialAnimation (272)
[2018.10.27-01.35.08:657][543]LogModuleManager: Shutting down and abandoning module DataValidation (270)
[2018.10.27-01.35.08:657][543]LogModuleManager: Shutting down and abandoning module AssetManagerEditor (268)
[2018.10.27-01.35.08:657][543]LogModuleManager: Shutting down and abandoning module LevelEditor (267)
[2018.10.27-01.35.08:659][543]LogModuleManager: Shutting down and abandoning module PixelInspectorModule (266)
[2018.10.27-01.35.08:659][543]LogModuleManager: Shutting down and abandoning module CommonMenuExtensions (264)
[2018.10.27-01.35.08:659][543]LogModuleManager: Shutting down and abandoning module MainFrame (262)
[2018.10.27-01.35.08:659][543]LogModuleManager: Shutting down and abandoning module HotReload (261)
[2018.10.27-01.35.08:660][543]LogModuleManager: Shutting down and abandoning module ContentBrowser (257)
[2018.10.27-01.35.08:662][543]LogModuleManager: Shutting down and abandoning module TreeMap (255)
[2018.10.27-01.35.08:662][543]LogModuleManager: Shutting down and abandoning module LightPropagationVolumeRuntime (252)
[2018.10.27-01.35.08:662][543]LogModuleManager: Shutting down and abandoning module AISupportModule (250)
[2018.10.27-01.35.08:662][543]LogModuleManager: Shutting down and abandoning module Paper2D (248)
[2018.10.27-01.35.08:663][543]LogModuleManager: Shutting down and abandoning module WindowsMoviePlayer (246)
[2018.10.27-01.35.08:663][543]LogModuleManager: Shutting down and abandoning module WmfMedia (244)
[2018.10.27-01.35.08:665][543]LogModuleManager: Shutting down and abandoning module Media (243)
[2018.10.27-01.35.08:672][543]LogModuleManager: Shutting down and abandoning module PacketHandler (240)
[2018.10.27-01.35.08:672][543]LogModuleManager: Shutting down and abandoning module ClothingSystemEditor (238)
[2018.10.27-01.35.08:672][543]LogModuleManager: Shutting down and abandoning module ClothingSystemRuntime (236)
[2018.10.27-01.35.08:672][543]LogModuleManager: Shutting down and abandoning module MediaAssets (234)
[2018.10.27-01.35.08:672][543]LogModuleManager: Shutting down and abandoning module Overlay (232)
[2018.10.27-01.35.08:672][543]LogModuleManager: Shutting down and abandoning module OverlayEditor (231)
[2018.10.27-01.35.08:672][543]LogModuleManager: Shutting down and abandoning module VREditor (228)
[2018.10.27-01.35.08:672][543]LogModuleManager: Shutting down and abandoning module StringTableEditor (226)
[2018.10.27-01.35.08:672][543]LogModuleManager: Shutting down and abandoning module GameplayTasksEditor (224)
[2018.10.27-01.35.08:672][543]LogModuleManager: Shutting down and abandoning module BehaviorTreeEditor (222)
[2018.10.27-01.35.08:672][543]LogModuleManager: Shutting down and abandoning module FunctionalTesting (220)
[2018.10.27-01.35.08:672][543]LogModuleManager: Shutting down and abandoning module CollisionAnalyzer (218)
[2018.10.27-01.35.08:672][543]LogModuleManager: Shutting down and abandoning module WorkspaceMenuStructure (217)
[2018.10.27-01.35.08:672][543]LogModuleManager: Shutting down and abandoning module UMG (214)
[2018.10.27-01.35.08:672][543]LogModuleManager: Shutting down and abandoning module UMGEditor (213)
[2018.10.27-01.35.08:673][543]LogModuleManager: Shutting down and abandoning module Sequencer (212)
[2018.10.27-01.35.08:673][543]LogModuleManager: Shutting down and abandoning module MessageLog (209)
[2018.10.27-01.35.08:673][543]LogModuleManager: Shutting down and abandoning module SlateReflector (204)
[2018.10.27-01.35.08:673][543]LogModuleManager: Shutting down and abandoning module Slate (202)
[2018.10.27-01.35.08:673][543]LogModuleManager: Shutting down and abandoning module EditorStyle (200)
[2018.10.27-01.35.08:677][543]LogModuleManager: Shutting down and abandoning module MRMesh (198)
[2018.10.27-01.35.08:677][543]LogModuleManager: Shutting down and abandoning module SourceCodeAccess (196)
[2018.10.27-01.35.08:677][543]LogModuleManager: Shutting down and abandoning module HeadMountedDisplay (194)
[2018.10.27-01.35.08:677][543]LogModuleManager: Shutting down and abandoning module XAudio2 (192)
[2018.10.27-01.35.08:677][543]LogModuleManager: Shutting down and abandoning module Networking (190)
[2018.10.27-01.35.08:677][543]LogModuleManager: Shutting down and abandoning module Core (188)
[2018.10.27-01.35.08:677][543]LogModuleManager: Shutting down and abandoning module LevelSequence (186)
[2018.10.27-01.35.08:677][543]LogModuleManager: Shutting down and abandoning module KismetCompiler (184)
[2018.10.27-01.35.08:677][543]LogModuleManager: Shutting down and abandoning module MeshUtilities (182)
[2018.10.27-01.35.08:677][543]LogModuleManager: Shutting down and abandoning module MeshMergeUtilities (181)
[2018.10.27-01.35.08:677][543]LogModuleManager: Shutting down and abandoning module MeshReductionInterface (180)
[2018.10.27-01.35.08:677][543]LogModuleManager: Shutting down and abandoning module SimplygonSwarm (179)
[2018.10.27-01.35.08:677][543]LogModuleManager: Shutting down and abandoning module ProxyLODMeshReduction (177)
[2018.10.27-01.35.08:677][543]LogModuleManager: Shutting down and abandoning module SimplygonMeshReduction (175)
[2018.10.27-01.35.08:677][543]LogModuleManager: Shutting down and abandoning module QuadricMeshReduction (173)
[2018.10.27-01.35.08:678][543]LogModuleManager: Shutting down and abandoning module MaterialBaking (169)
[2018.10.27-01.35.08:678][543]LogModuleManager: Shutting down and abandoning module DirectoryWatcher (165)
[2018.10.27-01.35.08:678][543]LogModuleManager: Shutting down and abandoning module DerivedDataCache (162)
[2018.10.27-01.35.08:815][543]LogDerivedDataCache: Shutdown
[2018.10.27-01.35.08:815][543]LogModuleManager: Shutting down and abandoning module XGEController (160)
[2018.10.27-01.35.08:816][543]LogXGEController: Cleaning working directory: C:/Users/p018236h/AppData/Local/Temp/UnrealXGEWorkingDir/
[2018.10.27-01.35.08:817][543]LogModuleManager: Shutting down and abandoning module TargetPlatform (158)
[2018.10.27-01.35.08:817][543]LogModuleManager: Shutting down and abandoning module VulkanShaderFormat (157)
[2018.10.27-01.35.08:817][543]LogModuleManager: Shutting down and abandoning module ShaderFormatVectorVM (155)
[2018.10.27-01.35.08:817][543]LogModuleManager: Shutting down and abandoning module ShaderFormatOpenGL (153)
[2018.10.27-01.35.08:817][543]LogModuleManager: Shutting down and abandoning module ShaderFormatD3D (151)
[2018.10.27-01.35.08:817][543]LogModuleManager: Shutting down and abandoning module MetalShaderFormat (149)
[2018.10.27-01.35.08:817][543]LogModuleManager: Shutting down and abandoning module TextureFormatUncompressed (147)
[2018.10.27-01.35.08:817][543]LogModuleManager: Shutting down and abandoning module TextureFormatPVR (145)
[2018.10.27-01.35.08:817][543]LogModuleManager: Shutting down and abandoning module TextureFormatDXT (143)
[2018.10.27-01.35.08:817][543]LogModuleManager: Shutting down and abandoning module TextureFormatIntelISPCTexComp (141)
[2018.10.27-01.35.08:818][543]LogModuleManager: Shutting down and abandoning module TextureFormatASTC (139)
[2018.10.27-01.35.08:818][543]LogModuleManager: Shutting down and abandoning module ImageWrapper (138)
[2018.10.27-01.35.08:818][543]LogModuleManager: Shutting down and abandoning module TextureFormatAndroid (135)
[2018.10.27-01.35.08:818][543]LogModuleManager: Shutting down and abandoning module AudioFormatOpus (133)
[2018.10.27-01.35.08:818][543]LogModuleManager: Shutting down and abandoning module AudioFormatOgg (131)
[2018.10.27-01.35.08:818][543]LogModuleManager: Shutting down and abandoning module AudioFormatADPCM (129)
[2018.10.27-01.35.08:818][543]LogModuleManager: Shutting down and abandoning module LuminTargetPlatform (127)
[2018.10.27-01.35.08:818][543]LogModuleManager: Shutting down and abandoning module LinuxTargetPlatform (125)
[2018.10.27-01.35.08:818][543]LogModuleManager: Shutting down and abandoning module LinuxServerTargetPlatform (123)
[2018.10.27-01.35.08:818][543]LogModuleManager: Shutting down and abandoning module LinuxNoEditorTargetPlatform (121)
[2018.10.27-01.35.08:818][543]LogModuleManager: Shutting down and abandoning module LinuxClientTargetPlatform (119)
[2018.10.27-01.35.08:818][543]LogModuleManager: Shutting down and abandoning module TVOSTargetPlatform (117)
[2018.10.27-01.35.08:819][543]LogModuleManager: Shutting down and abandoning module Messaging (115)
[2018.10.27-01.35.08:819][543]LogModuleManager: Shutting down and abandoning module IOSTargetPlatform (113)
[2018.10.27-01.35.08:821][543]LogModuleManager: Shutting down and abandoning module HTML5TargetPlatform (111)
[2018.10.27-01.35.08:821][543]LogModuleManager: Shutting down and abandoning module AndroidTargetPlatform (109)
[2018.10.27-01.35.08:834][543]LogModuleManager: Shutting down and abandoning module WindowsTargetPlatform (107)
[2018.10.27-01.35.08:834][543]LogModuleManager: Shutting down and abandoning module WindowsServerTargetPlatform (105)
[2018.10.27-01.35.08:834][543]LogModuleManager: Shutting down and abandoning module WindowsNoEditorTargetPlatform (103)
[2018.10.27-01.35.08:834][543]LogModuleManager: Shutting down and abandoning module WindowsClientTargetPlatform (101)
[2018.10.27-01.35.08:834][543]LogModuleManager: Shutting down and abandoning module MacTargetPlatform (99)
[2018.10.27-01.35.08:834][543]LogModuleManager: Shutting down and abandoning module MacServerTargetPlatform (97)
[2018.10.27-01.35.08:834][543]LogModuleManager: Shutting down and abandoning module MacNoEditorTargetPlatform (95)
[2018.10.27-01.35.08:834][543]LogModuleManager: Shutting down and abandoning module MacClientTargetPlatform (93)
[2018.10.27-01.35.08:834][543]LogModuleManager: Shutting down and abandoning module AllDesktopTargetPlatform (91)
[2018.10.27-01.35.08:835][543]LogModuleManager: Shutting down and abandoning module InputCore (88)
[2018.10.27-01.35.08:835][543]LogModuleManager: Shutting down and abandoning module Settings (86)
[2018.10.27-01.35.08:835][543]LogModuleManager: Shutting down and abandoning module PhysXCooking (84)
[2018.10.27-01.35.08:835][543]LogModuleManager: Shutting down and abandoning module SteamVR (82)
[2018.10.27-01.35.08:835][543]LogModuleManager: Shutting down and abandoning module OculusHMD (80)
[2018.10.27-01.35.08:835][543]LogModuleManager: Shutting down and abandoning module ExampleDeviceProfileSelector (78)
[2018.10.27-01.35.08:835][543]LogModuleManager: Shutting down and abandoning module LauncherChunkInstaller (76)
[2018.10.27-01.35.08:835][543]LogModuleManager: Shutting down and abandoning module OnlineBlueprintSupport (74)
[2018.10.27-01.35.08:835][543]LogModuleManager: Shutting down and abandoning module OnlineSubsystem (70)
[2018.10.27-01.35.08:836][543]LogModuleManager: Shutting down and abandoning module XMPP (65)
[2018.10.27-01.35.08:837][543]LogModuleManager: Shutting down and abandoning module WebSockets (64)
[2018.10.27-01.35.08:855][543]LogModuleManager: Shutting down and abandoning module HTTP (61)
[2018.10.27-01.35.08:855][543]LogHttp: Display: Http module shutting down, but needs to wait on 1 outstanding Http requests:
[2018.10.27-01.35.08:855][543]LogHttp: Display: 	verb=[POST] url=[https://datarouter.ol.epicgames.com/datarouter/api/v1/public/data?SessionID=%7BFBB58735-4D8D-4B28-CB6F-1382FBDFB37A%7D&AppID=UEEditor.Rocket.Release&AppVersion=4.20.3-4369336%2B%2B%2BUE4%2BRelease-4.20&UserID=fa8ed2c0456addccdc3f3a89b6910236%7C%7Cfb020657-c90a-43e3-b592-e9786b6faf69&AppEnvironment=datacollector-binary&UploadType=eteventstream] status=Processing
[2018.10.27-01.35.08:873][543]LogModuleManager: Shutting down and abandoning module SSL (60)
[2018.10.27-01.35.08:875][543]LogModuleManager: Shutting down and abandoning module MagicLeapEmulator (56)
[2018.10.27-01.35.08:875][543]LogModuleManager: Shutting down and abandoning module MagicLeapPrivileges (54)
[2018.10.27-01.35.08:875][543]LogModuleManager: Shutting down and abandoning module MagicLeapIdentity (52)
[2018.10.27-01.35.08:875][543]LogModuleManager: Shutting down and abandoning module MagicLeapHelperVulkan (50)
[2018.10.27-01.35.08:875][543]LogModuleManager: Shutting down and abandoning module MagicLeapHelperOpenGL (48)
[2018.10.27-01.35.08:875][543]LogModuleManager: Shutting down and abandoning module MagicLeapSecureStorage (46)
[2018.10.27-01.35.08:875][543]LogModuleManager: Shutting down and abandoning module MagicLeapGestures (44)
[2018.10.27-01.35.08:875][543]LogModuleManager: Shutting down and abandoning module MagicLeapEyeTracker (42)
[2018.10.27-01.35.08:875][543]LogModuleManager: Shutting down and abandoning module MagicLeapController (40)
[2018.10.27-01.35.08:876][543]LogSlate: Slate User Destroyed.  User Index 0, Is Virtual User: 0
[2018.10.27-01.35.08:876][543]LogModuleManager: Shutting down and abandoning module MagicLeap (38)
[2018.10.27-01.35.08:876][543]LogModuleManager: Shutting down and abandoning module AnimationModifiers (36)
[2018.10.27-01.35.08:876][543]LogModuleManager: Shutting down and abandoning module PropertyEditor (35)
[2018.10.27-01.35.08:876][543]LogModuleManager: Shutting down and abandoning module AudioEditor (32)
[2018.10.27-01.35.08:876][543]LogModuleManager: Shutting down and abandoning module TextureCompressor (30)
[2018.10.27-01.35.08:877][543]LogModuleManager: Shutting down and abandoning module ShaderCore (28)
[2018.10.27-01.35.08:877][543]LogModuleManager: Shutting down and abandoning module Landscape (26)
[2018.10.27-01.35.08:877][543]LogModuleManager: Shutting down and abandoning module SlateRHIRenderer (24)
[2018.10.27-01.35.08:877][543]LogModuleManager: Shutting down and abandoning module OpenGLDrv (22)
[2018.10.27-01.35.08:877][543]LogModuleManager: Shutting down and abandoning module D3D11RHI (20)
[2018.10.27-01.35.08:878][543]LogModuleManager: Shutting down and abandoning module AnimGraphRuntime (18)
[2018.10.27-01.35.08:878][543]LogModuleManager: Shutting down and abandoning module Renderer (16)
[2018.10.27-01.35.08:878][543]LogModuleManager: Shutting down and abandoning module Engine (14)
[2018.10.27-01.35.08:878][543]LogModuleManager: Shutting down and abandoning module CoreUObject (12)
[2018.10.27-01.35.08:878][543]LogModuleManager: Shutting down and abandoning module NetworkFile (10)
[2018.10.27-01.35.08:878][543]LogModuleManager: Shutting down and abandoning module CookedIterativeFile (8)
[2018.10.27-01.35.08:878][543]LogModuleManager: Shutting down and abandoning module StreamingFile (6)
[2018.10.27-01.35.08:878][543]LogModuleManager: Shutting down and abandoning module SandboxFile (4)
[2018.10.27-01.35.08:878][543]LogModuleManager: Shutting down and abandoning module PakFile (2)
[2018.10.27-01.35.08:892][543]LogExit: Exiting.
[2018.10.27-01.35.08:935][543]Log file closed, 10/27/18 02:35:08
