Log file open, 10/25/18 10:28:43
LogWindows: Failed to load 'aqProf.dll' (GetLastError=126)
LogWindows: File 'aqProf.dll' does not exist
LogWindows: Failed to load 'VSPerf140.dll' (GetLastError=126)
LogWindows: File 'VSPerf140.dll' does not exist
LogWindows: Failed to load 'VtuneApi.dll' (GetLastError=126)
LogWindows: File 'VtuneApi.dll' does not exist
LogWindows: Failed to load 'VtuneApi32e.dll' (GetLastError=126)
LogWindows: File 'VtuneApi32e.dll' does not exist
LogInit: Display: Running engine for game: TopHatSoloProject
LogPlatformFile: Not using cached read wrapper
LogTaskGraph: Started task graph with 5 named threads and 23 total threads with 3 sets of task threads.
LogStats: Stats thread started at 0.383434
LogD3D11RHI: Loaded GFSDK_Aftermath_Lib.x64.dll
LogICUInternationalization: Display: ICU TimeZone Detection - Raw Offset: +0:00, Platform Override: ''
LogPluginManager: Mounting plugin Paper2D
LogPluginManager: Mounting plugin AISupport
LogPluginManager: Mounting plugin LightPropagationVolume
LogPluginManager: Mounting plugin CLionSourceCodeAccess
LogPluginManager: Mounting plugin CodeLiteSourceCodeAccess
LogPluginManager: Mounting plugin GitSourceControl
LogPluginManager: Mounting plugin KDevelopSourceCodeAccess
LogPluginManager: Mounting plugin NullSourceCodeAccess
LogPluginManager: Mounting plugin PerforceSourceControl
LogPluginManager: Mounting plugin SubversionSourceControl
LogPluginManager: Mounting plugin UObjectPlugin
LogPluginManager: Mounting plugin VisualStudioCodeSourceCodeAccess
LogPluginManager: Mounting plugin VisualStudioSourceCodeAccess
LogPluginManager: Mounting plugin XCodeSourceCodeAccess
LogPluginManager: Mounting plugin AssetManagerEditor
LogPluginManager: Mounting plugin CryptoKeys
LogPluginManager: Mounting plugin DataValidation
LogPluginManager: Mounting plugin FacialAnimation
LogPluginManager: Mounting plugin GameplayTagsEditor
LogPluginManager: Mounting plugin MacGraphicsSwitching
LogPluginManager: Mounting plugin MeshEditor
LogPluginManager: Mounting plugin MobileLauncherProfileWizard
LogPluginManager: Mounting plugin PluginBrowser
LogPluginManager: Mounting plugin SpeedTreeImporter
LogPluginManager: Mounting plugin DatasmithContent
LogPluginManager: Mounting plugin AlembicImporter
LogPluginManager: Mounting plugin AppleImageUtils
LogPluginManager: Mounting plugin AppleVision
LogPluginManager: Mounting plugin BackChannel
LogPluginManager: Mounting plugin CharacterAI
LogPluginManager: Mounting plugin GeometryCache
LogPluginManager: Mounting plugin HTML5Networking
LogPluginManager: Mounting plugin ProxyLODPlugin
LogPluginManager: Mounting plugin MagicLeap
LogPluginManager: Mounting plugin MagicLeapEmulator
LogPluginManager: Mounting plugin MagicLeapMedia
LogPluginManager: Mounting plugin AndroidMedia
LogPluginManager: Mounting plugin AvfMedia
LogPluginManager: Mounting plugin ImgMedia
LogPluginManager: Mounting plugin LinearTimecode
LogPluginManager: Mounting plugin MediaCompositing
LogPluginManager: Mounting plugin MediaPlayerEditor
LogPluginManager: Mounting plugin WmfMedia
LogPluginManager: Mounting plugin TcpMessaging
LogPluginManager: Mounting plugin UdpMessaging
LogPluginManager: Mounting plugin ActorSequence
LogPluginManager: Mounting plugin LevelSequenceEditor
LogPluginManager: Mounting plugin MatineeToLevelSequence
LogPluginManager: Mounting plugin NetcodeUnitTest
LogPluginManager: Mounting plugin NUTUnrealEngine4
LogPluginManager: Mounting plugin OnlineSubsystemGooglePlay
LogPluginManager: Mounting plugin OnlineSubsystemIOS
LogPluginManager: Mounting plugin OnlineSubsystem
LogPluginManager: Mounting plugin OnlineSubsystemNull
LogPluginManager: Mounting plugin OnlineSubsystemUtils
LogPluginManager: Mounting plugin LauncherChunkInstaller
LogPluginManager: Mounting plugin AndroidDeviceProfileSelector
LogPluginManager: Mounting plugin AndroidMoviePlayer
LogPluginManager: Mounting plugin AndroidPermission
LogPluginManager: Mounting plugin AppleMoviePlayer
LogPluginManager: Mounting plugin ArchVisCharacter
LogPluginManager: Mounting plugin AudioCapture
LogPluginManager: Mounting plugin CableComponent
LogPluginManager: Mounting plugin CustomMeshComponent
LogPluginManager: Mounting plugin EditableMesh
LogPluginManager: Mounting plugin ExampleDeviceProfileSelector
LogPluginManager: Mounting plugin GoogleCloudMessaging
LogPluginManager: Mounting plugin ImmediatePhysics
LogPluginManager: Mounting plugin IOSDeviceProfileSelector
LogPluginManager: Mounting plugin LinuxDeviceProfileSelector
LogPluginManager: Mounting plugin LocationServicesBPLibrary
LogPluginManager: Mounting plugin MobilePatchingUtils
LogPluginManager: Mounting plugin OculusVR
LogPluginManager: Plugin shader directory ../../../Engine/Plugins/Runtime/Oculus/OculusVR/Shaders found
LogPluginManager: Mapping shader source directory ../../../Engine/Plugins/Runtime/Oculus/OculusVR/Shaders to virtual directory /Plugin/OculusVR
LogPluginManager: Mounting plugin PhysXVehicles
LogPluginManager: Mounting plugin ProceduralMeshComponent
LogPluginManager: Mounting plugin RuntimePhysXCooking
LogPluginManager: Mounting plugin SteamVR
LogPluginManager: Mounting plugin WindowsMoviePlayer
LogStreaming: Display: Took  0.247s to configure plugins.
LogInit: Using libcurl 7.55.1-DEV
LogInit:  - built for x86_64-pc-win32
LogInit:  - supports SSL with OpenSSL/1.0.2h
LogInit:  - supports HTTP deflate (compression) using libz 1.2.8
LogInit:  - other features:
LogInit:      CURL_VERSION_SSL
LogInit:      CURL_VERSION_LIBZ
LogInit:      CURL_VERSION_IPV6
LogInit:      CURL_VERSION_ASYNCHDNS
LogInit:      CURL_VERSION_LARGEFILE
LogInit:      CURL_VERSION_IDN
LogInit:  CurlRequestOptions (configurable via config and command line):
LogInit:  - bVerifyPeer = false  - Libcurl will NOT verify peer certificate
LogInit:  - bUseHttpProxy = false  - Libcurl will NOT use HTTP proxy
LogInit:  - bDontReuseConnections = false  - Libcurl will reuse connections
LogInit:  - CertBundlePath = nullptr  - Libcurl will use whatever was configured at build time.
LogInit:  - MaxHostConnections = 16  - Libcurl will limit the number of connections to a host
LogInit:  - LocalHostAddr = Default
LogInit:  - BufferSize = 65536
LogInit: WinSock: version 1.1 (2.2), MaxSocks=32767, MaxUdp=65467
LogInit: Build: ++UE4+Release-4.20-CL-4369336
LogInit: Engine Version: 4.20.3-4369336+++UE4+Release-4.20
LogInit: Compatible Engine Version: 4.20.0-4212847+++UE4+Release-4.20
LogInit: Net CL: 4212847
LogInit: OS: Windows 10 (), CPU: Intel(R) Xeon(R) W-2123 CPU @ 3.60GHz, GPU: NVIDIA GeForce GTX 1070
LogInit: Compiled (64-bit): Sep 17 2018 12:26:19
LogInit: Compiled with Visual C++: 19.13.26129.00
LogInit: Build Configuration: Development
LogInit: Branch Name: ++UE4+Release-4.20
LogInit: Command Line:  -skipcompile
LogInit: Base Directory: C:/Epic/UE4/UE_4.20/Engine/Binaries/Win64/
LogInit: Installed Engine Build: 1
LogDevObjectVersion: Number of dev versions registered: 20
LogDevObjectVersion:   Dev-Blueprints (B0D832E4-1F89-4F0D-ACCF-7EB736FD4AA2): 10
LogDevObjectVersion:   Dev-Build (E1C64328-A22C-4D53-A36C-8E866417BD8C): 0
LogDevObjectVersion:   Dev-Core (375EC13C-06E4-48FB-B500-84F0262A717E): 2
LogDevObjectVersion:   Dev-Editor (E4B068ED-F494-42E9-A231-DA0B2E46BB41): 24
LogDevObjectVersion:   Dev-Framework (CFFC743F-43B0-4480-9391-14DF171D2073): 34
LogDevObjectVersion:   Dev-Mobile (B02B49B5-BB20-44E9-A304-32B752E40360): 2
LogDevObjectVersion:   Dev-Networking (A4E4105C-59A1-49B5-A7C5-40C4547EDFEE): 0
LogDevObjectVersion:   Dev-Online (39C831C9-5AE6-47DC-9A44-9C173E1C8E7C): 0
LogDevObjectVersion:   Dev-Physics (78F01B33-EBEA-4F98-B9B4-84EACCB95AA2): 0
LogDevObjectVersion:   Dev-Platform (6631380F-2D4D-43E0-8009-CF276956A95A): 0
LogDevObjectVersion:   Dev-Rendering (12F88B9F-8875-4AFC-A67C-D90C383ABD29): 26
LogDevObjectVersion:   Dev-Sequencer (7B5AE74C-D270-4C10-A958-57980B212A5A): 9
LogDevObjectVersion:   Dev-VR (D7296918-1DD6-4BDD-9DE2-64A83CC13884): 2
LogDevObjectVersion:   Dev-LoadTimes (C2A15278-BFE7-4AFE-6C17-90FF531DF755): 1
LogDevObjectVersion:   Private-Geometry (6EACA3D4-40EC-4CC1-B786-8BED09428FC5): 3
LogDevObjectVersion:   Dev-AnimPhys (29E575DD-E0A3-4627-9D10-D276232CDCEA): 17
LogDevObjectVersion:   Dev-ReflectionCapture (6B266CEC-1EC7-4B8F-A30B-E4D90942FC07): 1
LogDevObjectVersion:   Dev-Automation (0DF73D61-A23F-47EA-B727-89E90C41499A): 1
LogDevObjectVersion:   FortniteMain (601D1886-AC64-4F84-AA16-D3DE0DEAC7D6): 12
LogDevObjectVersion:   Dev-Enterprise (9DFFBCD6-494F-0158-E221-12823C92A888): 1
LogStreaming: Display: Took  0.004s to delete old logs.
LogInit: Presizing for max 8388607 objects, including 0 objects not considered by GC, pre-allocating 0 bytes for permanent pool.
LogInit: Object subsystem initialized
[2018.10.25-09.28.43:908][  0]LogInit: Selected Device Profile: [Windows]
[2018.10.25-09.28.43:908][  0]LogInit: Applying CVar settings loaded from the selected device profile: [Windows]
[2018.10.25-09.28.43:926][  0]LogHAL: Display: Platform has ~ 32 GB [34065870848 / 34359738368 / 32], which maps to Largest [LargestMinGB=32, LargerMinGB=12, DefaultMinGB=8, SmallerMinGB=6, SmallestMinGB=0)
[2018.10.25-09.28.43:926][  0]LogInit: Setting Device Profile CVar: [[r.Vulkan.UseRealUBs:1]]
[2018.10.25-09.28.43:926][  0]LogInit: Going up to parent DeviceProfile []
[2018.10.25-09.28.43:927][  0]LogInit: Computer: C117B-012
[2018.10.25-09.28.43:927][  0]LogInit: User: p018236h
[2018.10.25-09.28.43:927][  0]LogInit: CPU Page size=4096, Cores=4
[2018.10.25-09.28.43:927][  0]LogInit: High frequency timer resolution =3.515625 MHz
[2018.10.25-09.28.43:928][  0]LogMemory: Memory total: Physical=31.7GB (32GB approx)
[2018.10.25-09.28.43:928][  0]LogMemory: Platform Memory Stats for Windows
[2018.10.25-09.28.43:928][  0]LogMemory: Process Physical Memory: 100.99 MB used, 100.99 MB peak
[2018.10.25-09.28.43:928][  0]LogMemory: Process Virtual Memory: 91.09 MB used, 91.09 MB peak
[2018.10.25-09.28.43:928][  0]LogMemory: Physical Memory: 7970.18 MB used,  24517.57 MB free, 32487.75 MB total
[2018.10.25-09.28.43:928][  0]LogMemory: Virtual Memory: 4640.09 MB used,  24517.57 MB free, 134217728.00 MB total
[2018.10.25-09.28.44:055][  0]LogInit: Using OS detected language (en-US).
[2018.10.25-09.28.44:055][  0]LogInit: Using OS detected locale (en-GB).
[2018.10.25-09.28.44:057][  0]LogTextLocalizationManager: No specific localization for 'en-US' exists, so the 'en' localization will be used.
[2018.10.25-09.28.44:403][  0]LogStreaming: Display: Took  0.347s to InitEngineTextLocalization.
[2018.10.25-09.28.44:403][  0]LogInit: Setting process to per monitor DPI aware
[2018.10.25-09.28.44:455][  0]LogSlate: New Slate User Created.  User Index 0, Is Virtual User: 0
[2018.10.25-09.28.44:455][  0]LogSlate: Slate User Registered.  User Index 0, Is Virtual User: 0
[2018.10.25-09.28.44:693][  0]LogHMD: Failed to initialize OpenVR with code 110
[2018.10.25-09.28.44:693][  0]LogD3D11RHI: D3D11 adapters:
[2018.10.25-09.28.44:793][  0]LogD3D11RHI:    0. 'NVIDIA GeForce GTX 1070' (Feature Level 11_0)
[2018.10.25-09.28.44:793][  0]LogD3D11RHI:       8088/0/16243 MB DedicatedVideo/DedicatedSystem/SharedSystem, Outputs:2, VendorId:0x10de
[2018.10.25-09.28.44:798][  0]LogD3D11RHI:    1. 'Microsoft Basic Render Driver' (Feature Level 11_0)
[2018.10.25-09.28.44:798][  0]LogD3D11RHI:       0/0/16243 MB DedicatedVideo/DedicatedSystem/SharedSystem, Outputs:0, VendorId:0x1414
[2018.10.25-09.28.44:798][  0]LogD3D11RHI: Chosen D3D11 Adapter: 0
[2018.10.25-09.28.44:804][  0]LogD3D11RHI: Creating new Direct3DDevice
[2018.10.25-09.28.44:804][  0]LogD3D11RHI:     GPU DeviceId: 0x1b81 (for the marketing name, search the web for "GPU Device Id")
[2018.10.25-09.28.44:804][  0]LogWindows: EnumDisplayDevices:
[2018.10.25-09.28.44:804][  0]LogWindows:    0. 'NVIDIA GeForce GTX 1070' (P:1 D:1)
[2018.10.25-09.28.44:804][  0]LogWindows:    1. 'NVIDIA GeForce GTX 1070' (P:0 D:1)
[2018.10.25-09.28.44:805][  0]LogWindows:    2. 'NVIDIA GeForce GTX 1070' (P:0 D:0)
[2018.10.25-09.28.44:805][  0]LogWindows:    3. 'NVIDIA GeForce GTX 1070' (P:0 D:0)
[2018.10.25-09.28.44:805][  0]LogWindows: DebugString: FoundDriverCount:4 
[2018.10.25-09.28.44:805][  0]LogD3D11RHI:     Adapter Name: NVIDIA GeForce GTX 1070
[2018.10.25-09.28.44:805][  0]LogD3D11RHI:   Driver Version: 399.24 (internal:24.21.13.9924, unified:399.24)
[2018.10.25-09.28.44:805][  0]LogD3D11RHI:      Driver Date: 9-5-2018
[2018.10.25-09.28.44:805][  0]LogRHI: Texture pool is 5661 MB (70% of 8088 MB)
[2018.10.25-09.28.44:846][  0]LogD3D11RHI: Async texture creation enabled
[2018.10.25-09.28.44:862][  0]LogD3D11RHI: GPU Timing Frequency: 1000.000000 (Debug: 2 2)
[2018.10.25-09.28.44:867][  0]LogShaderCompilers: Guid format shader working directory is -34 characters bigger than the processId version (../../../../../../Users/p018236h/Documents/GitHub/TGP_SoloProject/TopHatSoloProject/Intermediate/Shaders/WorkingDirectory/9388/).
[2018.10.25-09.28.44:868][  0]LogShaderCompilers: Cleaned the shader compiler working directory 'C:/Users/p018236h/AppData/Local/Temp/UnrealShaderWorkingDir/172468A848F3351642AF0A8A9104914F/'.
[2018.10.25-09.28.45:198][  0]LogTemp: Display: Loaded TP AllDesktopTargetPlatform
[2018.10.25-09.28.45:213][  0]LogTemp: Display: Loaded TP MacClientTargetPlatform
[2018.10.25-09.28.45:229][  0]LogTemp: Display: Loaded TP MacNoEditorTargetPlatform
[2018.10.25-09.28.45:247][  0]LogTemp: Display: Loaded TP MacServerTargetPlatform
[2018.10.25-09.28.45:263][  0]LogTemp: Display: Loaded TP MacTargetPlatform
[2018.10.25-09.28.45:278][  0]LogTemp: Display: Loaded TP WindowsClientTargetPlatform
[2018.10.25-09.28.45:293][  0]LogTemp: Display: Loaded TP WindowsNoEditorTargetPlatform
[2018.10.25-09.28.45:308][  0]LogTemp: Display: Loaded TP WindowsServerTargetPlatform
[2018.10.25-09.28.45:316][  0]LogTemp: Display: Loaded TP WindowsTargetPlatform
[2018.10.25-09.28.45:393][  0]LogTemp: Display: Loaded TP AndroidTargetPlatform
[2018.10.25-09.28.45:393][  0]LogTemp: Display: Loaded TP AndroidTargetPlatform
[2018.10.25-09.28.45:394][  0]LogTemp: Display: Loaded TP AndroidTargetPlatform
[2018.10.25-09.28.45:394][  0]LogTemp: Display: Loaded TP AndroidTargetPlatform
[2018.10.25-09.28.45:394][  0]LogTemp: Display: Loaded TP AndroidTargetPlatform
[2018.10.25-09.28.45:394][  0]LogTemp: Display: Loaded TP AndroidTargetPlatform
[2018.10.25-09.28.45:394][  0]LogTemp: Display: Loaded TP AndroidTargetPlatform
[2018.10.25-09.28.45:394][  0]LogTemp: Display: Loaded TP AndroidTargetPlatform
[2018.10.25-09.28.45:394][  0]LogTemp: Display: Loaded TP AndroidTargetPlatform
[2018.10.25-09.28.45:394][  0]LogTemp: Display: Loaded TP AndroidTargetPlatform
[2018.10.25-09.28.45:394][  0]LogTemp: Display: Loaded TP AndroidTargetPlatform
[2018.10.25-09.28.45:394][  0]LogTemp: Display: Loaded TP AndroidTargetPlatform
[2018.10.25-09.28.45:394][  0]LogTemp: Display: Loaded TP AndroidTargetPlatform
[2018.10.25-09.28.45:395][  0]LogTemp: Display: Loaded TP AndroidTargetPlatform
[2018.10.25-09.28.45:395][  0]LogTemp: Display: Loaded TP AndroidTargetPlatform
[2018.10.25-09.28.45:395][  0]LogTemp: Display: Loaded TP AndroidTargetPlatform
[2018.10.25-09.28.45:395][  0]LogTemp: Display: Loaded TP AndroidTargetPlatform
[2018.10.25-09.28.45:395][  0]LogTemp: Display: Loaded TP AndroidTargetPlatform
[2018.10.25-09.28.45:401][  0]LogTemp: Display: Loaded TP HTML5TargetPlatform
[2018.10.25-09.28.45:485][  0]LogTemp: Display: Loaded TP IOSTargetPlatform
[2018.10.25-09.28.45:485][  0]LogTemp: Display: Loaded TP IOSTargetPlatform
[2018.10.25-09.28.45:530][  0]LogTemp: Display: Loaded TP TVOSTargetPlatform
[2018.10.25-09.28.45:530][  0]LogTemp: Display: Loaded TP TVOSTargetPlatform
[2018.10.25-09.28.45:565][  0]LogTemp: Display: Loaded TP LinuxClientTargetPlatform
[2018.10.25-09.28.45:593][  0]LogTemp: Display: Loaded TP LinuxNoEditorTargetPlatform
[2018.10.25-09.28.45:617][  0]LogTemp: Display: Loaded TP LinuxServerTargetPlatform
[2018.10.25-09.28.45:635][  0]LogTemp: Display: Loaded TP LinuxTargetPlatform
[2018.10.25-09.28.45:660][  0]LogTemp: Display: Loaded TP LuminTargetPlatform
[2018.10.25-09.28.45:661][  0]LogTargetPlatformManager: Display: Building Assets For Windows
[2018.10.25-09.28.45:831][  0]LogXGEController: Cleaning working directory: C:/Users/p018236h/AppData/Local/Temp/UnrealXGEWorkingDir/
[2018.10.25-09.28.45:832][  0]LogXGEController: Cannot use XGE Controller as Incredibuild is not installed on this machine.
[2018.10.25-09.28.45:832][  0]LogShaderCompilers: Cannot use XGE Shader Compiler as Incredibuild is not installed on this machine.
[2018.10.25-09.28.45:832][  0]LogShaderCompilers: Display: Using Local Shader Compiler.
[2018.10.25-09.28.46:693][  0]LogDerivedDataCache: Display: Max Cache Size: 512 MB
[2018.10.25-09.28.46:755][  0]LogDerivedDataCache: Loaded boot cache 0.06s 73MB C:/Users/p018236h/AppData/Local/UnrealEngine/4.20/DerivedDataCache/Boot.ddc.
[2018.10.25-09.28.46:755][  0]LogDerivedDataCache: Display: Loaded Boot cache: C:/Users/p018236h/AppData/Local/UnrealEngine/4.20/DerivedDataCache/Boot.ddc
[2018.10.25-09.28.46:756][  0]LogDerivedDataCache: FDerivedDataBackendGraph:  Pak pak cache file ../../../../../../Users/p018236h/Documents/GitHub/TGP_SoloProject/TopHatSoloProject/DerivedDataCache/DDC.ddp not found, will not use a pak cache.
[2018.10.25-09.28.46:756][  0]LogDerivedDataCache: Unable to find inner node Pak for hierarchical cache Hierarchy.
[2018.10.25-09.28.46:756][  0]LogDerivedDataCache: FDerivedDataBackendGraph:  CompressedPak pak cache file ../../../../../../Users/p018236h/Documents/GitHub/TGP_SoloProject/TopHatSoloProject/DerivedDataCache/Compressed.ddp not found, will not use a pak cache.
[2018.10.25-09.28.46:756][  0]LogDerivedDataCache: Unable to find inner node CompressedPak for hierarchical cache Hierarchy.
[2018.10.25-09.28.46:782][  0]LogDerivedDataCache: Display: Pak cache opened for reading ../../../Engine/DerivedDataCache/Compressed.ddp.
[2018.10.25-09.28.46:797][  0]LogDerivedDataCache: Using Local data cache path C:/Users/p018236h/AppData/Local/UnrealEngine/Common/DerivedDataCache: Writable
[2018.10.25-09.28.46:798][  0]LogDerivedDataCache: Shared data cache path not found in *engine.ini, will not use an Shared cache.
[2018.10.25-09.28.46:798][  0]LogDerivedDataCache: Unable to find inner node Shared for hierarchical cache Hierarchy.
[2018.10.25-09.28.46:831][  0]LogMaterial: Verifying Global Shaders for PCD3D_SM5
[2018.10.25-09.28.46:835][  0]LogSlate: Using FreeType 2.6.0
[2018.10.25-09.28.46:836][  0]LogSlate: SlateFontServices - WITH_FREETYPE: 1, WITH_HARFBUZZ: 1
[2018.10.25-09.28.46:909][  0]LogAssetRegistry: FAssetRegistry took 0.0302 seconds to start up
[2018.10.25-09.28.47:271][  0]LogInit: Selected Device Profile: [Windows]
[2018.10.25-09.28.47:431][  0]LogSimplygon: Simplygon DLL not present - disabling.
[2018.10.25-09.28.47:443][  0]LogMeshReduction: Using SimplygonSwarm for distributed automatic mesh merging
[2018.10.25-09.28.47:443][  0]LogMeshReduction: Using ProxyLODMeshReduction for automatic mesh merging
[2018.10.25-09.28.47:443][  0]LogMeshReduction: Using QuadricMeshReduction for automatic static mesh reduction
[2018.10.25-09.28.47:443][  0]LogMeshReduction: No automatic skeletal mesh reduction module available
[2018.10.25-09.28.47:461][  0]LogNetVersion: TopHatSoloProject 1.0.0, NetCL: 4212847, EngineNetVer: 5, GameNetVer: 0 (Checksum: 426773178)
[2018.10.25-09.28.48:088][  0]LogPackageLocalizationCache: Processed 11 localized package path(s) for 2 prioritized culture(s) in 0.157210 seconds
[2018.10.25-09.28.48:097][  0]LogUObjectArray: 38425 objects as part of root set at end of initial load.
[2018.10.25-09.28.48:097][  0]LogUObjectAllocator: 6690872 out of 0 bytes used by permanent object pool.
[2018.10.25-09.28.48:097][  0]LogUObjectArray: CloseDisregardForGC: 0/0 objects in disregard for GC pool
[2018.10.25-09.28.49:168][  0]LogTcpMessaging: Initializing TcpMessaging bridge
[2018.10.25-09.28.49:188][  0]LogUdpMessaging: Initializing bridge on interface 0.0.0.0:0 to multicast group 230.0.0.1:6666.
[2018.10.25-09.28.49:631][  0]SourceControl: Source control is disabled
[2018.10.25-09.28.49:631][  0]SourceControl: Source control is disabled
[2018.10.25-09.28.49:635][  0]SourceControl: Source control is disabled
[2018.10.25-09.28.49:638][  0]SourceControl: Source control is disabled
[2018.10.25-09.28.49:926][  0]LogAndroidPermission: UAndroidPermissionCallbackProxy::GetInstance
[2018.10.25-09.28.50:021][  0]LogOcInput: OculusInput pre-init called
[2018.10.25-09.28.50:089][  0]LogEngine: Initializing Engine...
[2018.10.25-09.28.50:090][  0]LogHMD: Failed to initialize OpenVR with code 110
[2018.10.25-09.28.50:092][  0]LogStats: UGameplayTagsManager::ConstructGameplayTagTree: ImportINI prefixes -  0.000 s
[2018.10.25-09.28.50:092][  0]LogStats: UGameplayTagsManager::ConstructGameplayTagTree: Construct from data asset -  0.000 s
[2018.10.25-09.28.50:092][  0]LogStats: UGameplayTagsManager::ConstructGameplayTagTree: ImportINI -  0.000 s
[2018.10.25-09.28.50:092][  0]LogStats: UGameplayTagsManager::ConstructGameplayTagTree: GameplayTagTreeChangedEvent.Broadcast -  0.000 s
[2018.10.25-09.28.50:289][  0]LogInit: Initializing FReadOnlyCVARCache
[2018.10.25-09.28.50:315][  0]LogAIModule: Creating AISystem for world Untitled
[2018.10.25-09.28.50:327][  0]LogInit: XAudio2 using 'Speakers (Realtek High Definition Audio)' : 2 channels at 48 kHz using 32 bits per sample (channel mask 0x3)
[2018.10.25-09.28.50:374][  0]LogInit: FAudioDevice initialized.
[2018.10.25-09.28.50:374][  0]LogNetVersion: Set ProjectVersion to 1.0.0.0. Version Checksum will be recalculated on next use.
[2018.10.25-09.28.50:421][  0]LogDerivedDataCache: Saved boot cache 0.05s 73MB C:/Users/p018236h/AppData/Local/UnrealEngine/4.20/DerivedDataCache/Boot.ddc.
[2018.10.25-09.28.50:439][  0]LogInit: Texture streaming: Enabled
[2018.10.25-09.28.50:474][  0]LogEngineSessionManager: EngineSessionManager initialized
[2018.10.25-09.28.50:474][  0]LogEngineSessionManager: EngineSessionManager sent abnormal shutdown report. Type=Debugger, SessionId={55CBD433-46BC-8FAF-7207-3799A926910D}
[2018.10.25-09.28.50:485][  0]LogInit: Transaction tracking system initialized
[2018.10.25-09.28.50:528][  0]BlueprintLog: New page: Editor Load
[2018.10.25-09.28.50:716][  0]LocalizationService: Localization service is disabled
[2018.10.25-09.28.51:099][  0]LogCook: Display: Max memory allowance for cook 16384mb min free memory 0mb
[2018.10.25-09.28.51:100][  0]LogCook: Display: Mobile HDR setting 1
[2018.10.25-09.28.51:100][  0]LogGameplayTags: Display: UGameplayTagsManager::DoneAddingNativeTags. DelegateIsBound: 0
[2018.10.25-09.28.51:100][  0]LogStats: UGameplayTagsManager::ConstructGameplayTagTree: ImportINI prefixes -  0.000 s
[2018.10.25-09.28.51:100][  0]LogStats: UGameplayTagsManager::ConstructGameplayTagTree: Construct from data asset -  0.000 s
[2018.10.25-09.28.51:100][  0]LogStats: UGameplayTagsManager::ConstructGameplayTagTree: ImportINI -  0.000 s
[2018.10.25-09.28.51:100][  0]LogStats: UGameplayTagsManager::ConstructGameplayTagTree: GameplayTagTreeChangedEvent.Broadcast -  0.000 s
[2018.10.25-09.28.51:320][  0]LogFileCache: Scanning file cache for directory 'C:/Users/p018236h/Documents/GitHub/TGP_SoloProject/TopHatSoloProject/Content/' took 0.05s
[2018.10.25-09.28.51:320][  0]SourceControl: Source control is disabled
[2018.10.25-09.28.51:321][  0]Cmd: MAP LOAD FILE="../../../Engine/Content/Maps/Templates/Template_Default.umap" TEMPLATE=1 SHOWPROGRESS=1 FEATURELEVEL=3
[2018.10.25-09.28.51:321][  0]LightingResults: New page: Lighting Build
[2018.10.25-09.28.51:326][  0]MapCheck: New page: Map Check
[2018.10.25-09.28.51:326][  0]LightingResults: New page: Lighting Build
[2018.10.25-09.28.51:488][  0]LogAIModule: Creating AISystem for world Untitled_1
[2018.10.25-09.28.51:502][  0]LogEditorServer: Finished looking for orphan Actors (0.000 secs)
[2018.10.25-09.28.51:533][  0]Cmd: MAP CHECKDEP NOCLEARLOG
[2018.10.25-09.28.51:658][  0]MapCheck: Map check complete: 0 Error(s), 0 Warning(s), took 125.617ms to complete.
[2018.10.25-09.28.51:658][  0]LogFileHelpers: Loading map 'Template_Default' took 0.338
[2018.10.25-09.28.51:814][  0]LogSlate: Updating window title bar state: overlay mode, drag disabled, window buttons hidden, title bar hidden
[2018.10.25-09.28.51:821][  0]LogSlate: Updating window title bar state: overlay mode, drag disabled, window buttons hidden, title bar hidden
[2018.10.25-09.28.51:829][  0]LogSlate: Updating window title bar state: overlay mode, drag disabled, window buttons hidden, title bar hidden
[2018.10.25-09.28.51:836][  0]LogSlate: Updating window title bar state: overlay mode, drag disabled, window buttons hidden, title bar hidden
[2018.10.25-09.28.51:846][  0]LogCollectionManager: Loaded 0 collections in 0.003088 seconds
[2018.10.25-09.28.51:905][  0]LogFileCache: Scanning file cache for directory 'C:/Users/p018236h/Documents/GitHub/TGP_SoloProject/TopHatSoloProject/Saved/Collections/' took 0.01s
[2018.10.25-09.28.51:906][  0]LogFileCache: Scanning file cache for directory 'C:/Users/p018236h/Documents/GitHub/TGP_SoloProject/TopHatSoloProject/Content/Developers/p018236h/Collections/' took 0.01s
[2018.10.25-09.28.51:906][  0]LogFileCache: Scanning file cache for directory 'C:/Users/p018236h/Documents/GitHub/TGP_SoloProject/TopHatSoloProject/Content/Collections/' took 0.01s
[2018.10.25-09.28.51:906][  0]LogCollectionManager: Rebuilt the GUID cache for 0 collections in 0.000001 seconds
[2018.10.25-09.28.51:921][  0]LogContentBrowser: Native class hierarchy populated in 0.0150 seconds. Added 2580 classes and 606 folders.
[2018.10.25-09.28.51:930][  0]LogContentBrowser: Native class hierarchy updated for 'WidgetCarousel' in 0.0004 seconds. Added 0 classes and 0 folders.
[2018.10.25-09.28.51:984][  0]LogContentBrowser: Native class hierarchy updated for 'AddContentDialog' in 0.0004 seconds. Added 0 classes and 0 folders.
[2018.10.25-09.28.51:992][  0]LogContentBrowser: Native class hierarchy updated for 'SceneOutliner' in 0.0005 seconds. Added 1 classes and 2 folders.
[2018.10.25-09.28.52:010][  0]LogSlate: Took 0.000299 seconds to synchronously load lazily loaded font '../../../Engine/Content/Slate/Fonts/Roboto-Regular.ttf' (155K)
[2018.10.25-09.28.52:017][  0]LogSlate: Took 0.000445 seconds to synchronously load lazily loaded font '../../../Engine/Content/Slate/Fonts/Roboto-Bold.ttf' (160K)
[2018.10.25-09.28.52:023][  0]LogSlate: Took 0.000237 seconds to synchronously load lazily loaded font '../../../Engine/Content/Editor/Slate/Fonts/FontAwesome.ttf' (139K)
[2018.10.25-09.28.52:096][  0]LogRenderer: Reallocating scene render targets to support 1208x576 Format 10 NumSamples 1 (Frame:1).
[2018.10.25-09.28.52:189][  0]LogSlate: FSceneViewport::OnFocusLost() reason 2
[2018.10.25-09.28.52:202][  0]LogSlate: Window 'Tutorials' being destroyed
[2018.10.25-09.28.52:247][  0]LogContentBrowser: Native class hierarchy updated for 'HierarchicalLODOutliner' in 0.0007 seconds. Added 0 classes and 0 folders.
[2018.10.25-09.28.52:247][  0]LogLoad: (Engine Initialization) Total time: 10.79 seconds
[2018.10.25-09.28.52:247][  0]LogLoad: (Engine Initialization) Total Blueprint compile time: 0.00 seconds
[2018.10.25-09.28.52:259][  0]LogWindowsTextInputMethodSystem: Display: IME system now deactivated.
[2018.10.25-09.28.52:297][  0]LogContentStreaming: Texture pool size now 1000 MB
[2018.10.25-09.28.52:461][  4]LogAssetRegistry: Asset discovery search completed in 5.5782 seconds
[2018.10.25-09.28.52:463][  4]LogCollectionManager: Rebuilt the object cache for 0 collections in 0.000000 seconds (found 0 objects)
[2018.10.25-09.28.52:464][  4]LogCollectionManager: Fixed up redirectors for 0 collections in 0.000175 seconds (updated 0 objects)
[2018.10.25-09.28.56:434][474]LogSlate: Took 0.000284 seconds to synchronously load lazily loaded font '../../../Engine/Content/Slate/Fonts/Roboto-Light.ttf' (167K)
[2018.10.25-09.28.57:348][583]LogFileCache: Retrieving MD5 hashes for directory 'C:/Users/p018236h/Documents/GitHub/TGP_SoloProject/TopHatSoloProject/Content/' took 5.07s
[2018.10.25-09.29.07:684][ 90]LogSlate: FSceneViewport::OnFocusLost() reason 0
[2018.10.25-09.29.09:424][266]LogSlate: Took 0.000224 seconds to synchronously load lazily loaded font '../../../Engine/Content/Slate/Fonts/Roboto-Light.ttf' (167K)
[2018.10.25-09.29.09:464][266]LogBlueprint: Error: [Compiler Vampire_Player] In use pin  <Unnamed>  no longer exists on node  Get Player Speed . Please refresh node or break links to remove pin.
[2018.10.25-09.29.09:464][266]LogBlueprint: Error: [Compiler Vampire_Player] In use pin  <Unnamed>  no longer exists on node  Get Player Speed . Please refresh node or break links to remove pin.
[2018.10.25-09.29.09:464][266]LogBlueprint: Error: [Compiler Vampire_Player] In use pin  Value X  no longer exists on node  Get Player Speed . Please refresh node or break links to remove pin.
[2018.10.25-09.29.09:464][266]LogBlueprint: Error: [Compiler Vampire_Player] In use pin  Value Y  no longer exists on node  Get Player Speed . Please refresh node or break links to remove pin.
[2018.10.25-09.29.09:464][266]LogBlueprint: Error: [Compiler Vampire_Player] In use pin  Return Value  no longer exists on node  Get Player Speed . Please refresh node or break links to remove pin.
[2018.10.25-09.29.09:465][266]LogBlueprint: Error: [Compiler Vampire_Player] Could not find a function named "GetPlayerSpeed" in 'Vampire_Player_C'.
Make sure 'Vampire_Player_C' has been compiled for  Get Player Speed
[2018.10.25-09.29.09:466][266]LogBlueprint: Warning: [Compiler Vampire_Player] [0028.01] Compile of Vampire_Player failed. 6 Fatal Issue(s) 0 Warning(s) [in 4 ms] (/Game/Blueprints/Vampire_Player.Vampire_Player)
[2018.10.25-09.29.09:605][266]LogAIModule: Creating AISystem for world ThirdPersonExampleMap
[2018.10.25-09.29.09:621][266]LogAssetEditorManager: Opening Asset editor for World /Game/ThirdPersonCPP/Maps/ThirdPersonExampleMap.ThirdPersonExampleMap
[2018.10.25-09.29.09:650][266]Cmd: MAP LOAD FILE="../../../../../../Users/p018236h/Documents/GitHub/TGP_SoloProject/TopHatSoloProject/Content/ThirdPersonCPP/Maps/ThirdPersonExampleMap.umap" TEMPLATE=0 SHOWPROGRESS=1 FEATURELEVEL=3
[2018.10.25-09.29.09:650][266]LightingResults: New page: Lighting Build
[2018.10.25-09.29.09:651][266]LoadErrors: New page: Loading map: ThirdPersonExampleMap.umap
[2018.10.25-09.29.09:652][266]MapCheck: New page: Map Check
[2018.10.25-09.29.09:652][266]LightingResults: New page: Lighting Build
[2018.10.25-09.29.09:683][266]LogEditorServer: Finished looking for orphan Actors (0.000 secs)
[2018.10.25-09.29.09:736][266]Cmd: MAP CHECKDEP NOCLEARLOG
[2018.10.25-09.29.09:905][266]MapCheck: Map check complete: 0 Error(s), 0 Warning(s), took 168.079ms to complete.
[2018.10.25-09.29.09:908][266]LogFileHelpers: Loading map 'ThirdPersonExampleMap' took 0.258
[2018.10.25-09.29.10:561][324]LogTemp: Repeating last play command: Selected Viewport
[2018.10.25-09.29.10:580][324]LogBlueprintUserMessages: Early PlayInEditor Detection: Level '/Game/ThirdPersonCPP/Maps/ThirdPersonExampleMap.ThirdPersonExampleMap:PersistentLevel' has LevelScriptBlueprint '/Game/ThirdPersonCPP/Maps/ThirdPersonExampleMap.ThirdPersonExampleMap:PersistentLevel.ThirdPersonExampleMap' with GeneratedClass '/Game/ThirdPersonCPP/Maps/ThirdPersonExampleMap.ThirdPersonExampleMap_C' with ClassGeneratedBy '/Game/ThirdPersonCPP/Maps/ThirdPersonExampleMap.ThirdPersonExampleMap:PersistentLevel.ThirdPersonExampleMap'
[2018.10.25-09.29.10:580][324]LogPlayLevel: PlayLevel: No blueprints needed recompiling
[2018.10.25-09.29.12:867][324]LogSlate: Window 'Message' being destroyed
[2018.10.25-09.29.16:105][699]LogAssetEditorManager: Opening Asset editor for Blueprint /Game/Blueprints/Vampire_Player.Vampire_Player
[2018.10.25-09.29.16:539][699]LogContentBrowser: Native class hierarchy updated for 'BlueprintGraph' in 0.0007 seconds. Added 116 classes and 0 folders.
[2018.10.25-09.29.17:541][699]LogSlate: Took 0.000284 seconds to synchronously load lazily loaded font '../../../Engine/Content/Slate/Fonts/Roboto-BoldCondensed.ttf' (158K)
[2018.10.25-09.29.47:772][694]BlueprintLog: New page: Compile Vampire_Player
[2018.10.25-09.29.48:412][732]LogSavePackage: Moving '../../../../../../Users/p018236h/Documents/GitHub/TGP_SoloProject/TopHatSoloProject/Saved/Vampire_Player8F8CB5BC45649DA0D8337E8C4C15EA09.tmp' to '../../../../../../Users/p018236h/Documents/GitHub/TGP_SoloProject/TopHatSoloProject/Content/Blueprints/Vampire_Player.uasset'
[2018.10.25-09.29.49:339][830]LogSlate: Window 'Vampire_Player' being destroyed
[2018.10.25-09.29.49:344][830]LogSlate: Window 'Vampire_Player' being destroyed
[2018.10.25-09.29.50:005][899]LogTemp: Repeating last play command: Selected Viewport
[2018.10.25-09.29.50:028][899]LogBlueprintUserMessages: Early PlayInEditor Detection: Level '/Game/ThirdPersonCPP/Maps/ThirdPersonExampleMap.ThirdPersonExampleMap:PersistentLevel' has LevelScriptBlueprint '/Game/ThirdPersonCPP/Maps/ThirdPersonExampleMap.ThirdPersonExampleMap:PersistentLevel.ThirdPersonExampleMap' with GeneratedClass '/Game/ThirdPersonCPP/Maps/ThirdPersonExampleMap.ThirdPersonExampleMap_C' with ClassGeneratedBy '/Game/ThirdPersonCPP/Maps/ThirdPersonExampleMap.ThirdPersonExampleMap:PersistentLevel.ThirdPersonExampleMap'
[2018.10.25-09.29.50:029][899]LogPlayLevel: PlayLevel: No blueprints needed recompiling
[2018.10.25-09.29.50:056][899]PIE: New page: PIE session: ThirdPersonExampleMap (25 Oct 2018 11:29:50)
[2018.10.25-09.29.50:056][899]LogPlayLevel: Creating play world package: /Game/ThirdPersonCPP/Maps/UEDPIE_0_ThirdPersonExampleMap
[2018.10.25-09.29.50:101][899]LogPlayLevel: PIE: StaticDuplicateObject took: (0.044464s)
[2018.10.25-09.29.50:102][899]LogAIModule: Creating AISystem for world ThirdPersonExampleMap
[2018.10.25-09.29.50:103][899]LogPlayLevel: PIE: World Init took: (0.001998s)
[2018.10.25-09.29.50:103][899]LogPlayLevel: PIE: Created PIE world by copying editor world from /Game/ThirdPersonCPP/Maps/ThirdPersonExampleMap.ThirdPersonExampleMap to /Game/ThirdPersonCPP/Maps/UEDPIE_0_ThirdPersonExampleMap.ThirdPersonExampleMap (0.046965s)
[2018.10.25-09.29.50:171][899]LogInit: XAudio2 using 'Speakers (Realtek High Definition Audio)' : 2 channels at 48 kHz using 32 bits per sample (channel mask 0x3)
[2018.10.25-09.29.50:199][899]LogInit: FAudioDevice initialized.
[2018.10.25-09.29.50:261][899]LogLoad: Game class is 'VampireGameMode_C'
[2018.10.25-09.29.50:266][899]LogWorld: Bringing World /Game/ThirdPersonCPP/Maps/UEDPIE_0_ThirdPersonExampleMap.ThirdPersonExampleMap up for play (max tick rate 0) at 2018.10.25-10.29.50
[2018.10.25-09.29.50:267][899]LogWorld: Bringing up level for play took: 0.002514
[2018.10.25-09.29.50:312][899]LogContentBrowser: Native class hierarchy updated for 'MovieSceneCapture' in 0.0007 seconds. Added 10 classes and 0 folders.
[2018.10.25-09.29.50:313][899]LogGameMode: Display: Match State Changed from EnteringMap to WaitingToStart
[2018.10.25-09.29.50:313][899]LogGameState: Match State Changed from EnteringMap to WaitingToStart
[2018.10.25-09.29.50:313][899]LogGameMode: Display: Match State Changed from WaitingToStart to InProgress
[2018.10.25-09.29.50:319][899]LogGameState: Match State Changed from WaitingToStart to InProgress
[2018.10.25-09.29.50:319][899]PIE: Play in editor start time for /Game/ThirdPersonCPP/Maps/UEDPIE_0_ThirdPersonExampleMap -0.088
[2018.10.25-09.29.50:320][899]LogBlueprintUserMessages: Late PlayInEditor Detection: Level '/Game/ThirdPersonCPP/Maps/ThirdPersonExampleMap.ThirdPersonExampleMap:PersistentLevel' has LevelScriptBlueprint '/Game/ThirdPersonCPP/Maps/ThirdPersonExampleMap.ThirdPersonExampleMap:PersistentLevel.ThirdPersonExampleMap' with GeneratedClass '/Game/ThirdPersonCPP/Maps/ThirdPersonExampleMap.ThirdPersonExampleMap_C' with ClassGeneratedBy '/Game/ThirdPersonCPP/Maps/ThirdPersonExampleMap.ThirdPersonExampleMap:PersistentLevel.ThirdPersonExampleMap'
[2018.10.25-09.29.50:879][931]LogSlate: Updating window title bar state: overlay mode, drag disabled, window buttons hidden, title bar hidden
[2018.10.25-09.29.50:880][931]LogGameMode: Display: Match State Changed from InProgress to LeavingMap
[2018.10.25-09.29.50:880][931]LogGameState: Match State Changed from InProgress to LeavingMap
[2018.10.25-09.29.50:881][931]LogNet: Browse: /Game/MainMenu/TestLevel
[2018.10.25-09.29.50:881][931]LogLoad: LoadMap: /Game/MainMenu/TestLevel
[2018.10.25-09.29.51:608][931]LogAIModule: Creating AISystem for world TestLevel
[2018.10.25-09.29.51:609][931]LogLoad: Game class is 'TopHatSoloProjectGameMode'
[2018.10.25-09.29.51:613][931]LogPhysics: Warning: PopulatePhysXGeometryAndTransform(Convex): ConvexElem has invalid transform
[2018.10.25-09.29.51:613][931]LogPhysics: Warning: ForeachShape(Convex): [/Engine/BasicShapes/Cone.Cone] ScaledElem[0] invalid
[2018.10.25-09.29.51:613][931]LogPhysics: Warning: PopulatePhysXGeometryAndTransform(Convex): ConvexElem has invalid transform
[2018.10.25-09.29.51:614][931]LogPhysics: Warning: ForeachShape(Convex): [/Engine/BasicShapes/Cone.Cone] ScaledElem[1] invalid
[2018.10.25-09.29.51:614][931]LogPhysics: Warning: PopulatePhysXGeometryAndTransform(Convex): ConvexElem has invalid transform
[2018.10.25-09.29.51:614][931]LogPhysics: Warning: ForeachShape(Convex): [/Engine/BasicShapes/Cone.Cone] ScaledElem[2] invalid
[2018.10.25-09.29.51:614][931]LogPhysics: Warning: PopulatePhysXGeometryAndTransform(Convex): ConvexElem has invalid transform
[2018.10.25-09.29.51:614][931]LogPhysics: Warning: ForeachShape(Convex): [/Engine/BasicShapes/Cone.Cone] ScaledElem[3] invalid
[2018.10.25-09.29.51:614][931]LogPhysics: Warning: PopulatePhysXGeometryAndTransform(Convex): ConvexElem has invalid transform
[2018.10.25-09.29.51:615][931]LogPhysics: Warning: ForeachShape(Convex): [/Engine/BasicShapes/Cone.Cone] ScaledElem[0] invalid
[2018.10.25-09.29.51:615][931]LogPhysics: Warning: PopulatePhysXGeometryAndTransform(Convex): ConvexElem has invalid transform
[2018.10.25-09.29.51:615][931]LogPhysics: Warning: ForeachShape(Convex): [/Engine/BasicShapes/Cone.Cone] ScaledElem[1] invalid
[2018.10.25-09.29.51:615][931]LogPhysics: Warning: PopulatePhysXGeometryAndTransform(Convex): ConvexElem has invalid transform
[2018.10.25-09.29.51:615][931]LogPhysics: Warning: ForeachShape(Convex): [/Engine/BasicShapes/Cone.Cone] ScaledElem[2] invalid
[2018.10.25-09.29.51:615][931]LogPhysics: Warning: PopulatePhysXGeometryAndTransform(Convex): ConvexElem has invalid transform
[2018.10.25-09.29.51:615][931]LogPhysics: Warning: ForeachShape(Convex): [/Engine/BasicShapes/Cone.Cone] ScaledElem[3] invalid
[2018.10.25-09.29.51:623][931]LogPhysics: Warning: PopulatePhysXGeometryAndTransform(Convex): ConvexElem has invalid transform
[2018.10.25-09.29.51:623][931]LogPhysics: Warning: ForeachShape(Convex): [/Engine/BasicShapes/Cone.Cone] ScaledElem[0] invalid
[2018.10.25-09.29.51:623][931]LogPhysics: Warning: PopulatePhysXGeometryAndTransform(Convex): ConvexElem has invalid transform
[2018.10.25-09.29.51:623][931]LogPhysics: Warning: ForeachShape(Convex): [/Engine/BasicShapes/Cone.Cone] ScaledElem[1] invalid
[2018.10.25-09.29.51:623][931]LogPhysics: Warning: PopulatePhysXGeometryAndTransform(Convex): ConvexElem has invalid transform
[2018.10.25-09.29.51:623][931]LogPhysics: Warning: ForeachShape(Convex): [/Engine/BasicShapes/Cone.Cone] ScaledElem[2] invalid
[2018.10.25-09.29.51:624][931]LogPhysics: Warning: PopulatePhysXGeometryAndTransform(Convex): ConvexElem has invalid transform
[2018.10.25-09.29.51:624][931]LogPhysics: Warning: ForeachShape(Convex): [/Engine/BasicShapes/Cone.Cone] ScaledElem[3] invalid
[2018.10.25-09.29.51:624][931]LogPhysics: Warning: PopulatePhysXGeometryAndTransform(Convex): ConvexElem has invalid transform
[2018.10.25-09.29.51:624][931]LogPhysics: Warning: ForeachShape(Convex): [/Engine/BasicShapes/Cone.Cone] ScaledElem[0] invalid
[2018.10.25-09.29.51:624][931]LogPhysics: Warning: PopulatePhysXGeometryAndTransform(Convex): ConvexElem has invalid transform
[2018.10.25-09.29.51:625][931]LogPhysics: Warning: ForeachShape(Convex): [/Engine/BasicShapes/Cone.Cone] ScaledElem[1] invalid
[2018.10.25-09.29.51:625][931]LogPhysics: Warning: PopulatePhysXGeometryAndTransform(Convex): ConvexElem has invalid transform
[2018.10.25-09.29.51:625][931]LogPhysics: Warning: ForeachShape(Convex): [/Engine/BasicShapes/Cone.Cone] ScaledElem[2] invalid
[2018.10.25-09.29.51:625][931]LogPhysics: Warning: PopulatePhysXGeometryAndTransform(Convex): ConvexElem has invalid transform
[2018.10.25-09.29.51:625][931]LogPhysics: Warning: ForeachShape(Convex): [/Engine/BasicShapes/Cone.Cone] ScaledElem[3] invalid
[2018.10.25-09.29.51:626][931]LogPhysics: Warning: PopulatePhysXGeometryAndTransform(Convex): ConvexElem has invalid transform
[2018.10.25-09.29.51:626][931]LogPhysics: Warning: ForeachShape(Convex): [/Engine/BasicShapes/Cone.Cone] ScaledElem[0] invalid
[2018.10.25-09.29.51:626][931]LogPhysics: Warning: PopulatePhysXGeometryAndTransform(Convex): ConvexElem has invalid transform
[2018.10.25-09.29.51:626][931]LogPhysics: Warning: ForeachShape(Convex): [/Engine/BasicShapes/Cone.Cone] ScaledElem[1] invalid
[2018.10.25-09.29.51:626][931]LogPhysics: Warning: PopulatePhysXGeometryAndTransform(Convex): ConvexElem has invalid transform
[2018.10.25-09.29.51:626][931]LogPhysics: Warning: ForeachShape(Convex): [/Engine/BasicShapes/Cone.Cone] ScaledElem[2] invalid
[2018.10.25-09.29.51:626][931]LogPhysics: Warning: PopulatePhysXGeometryAndTransform(Convex): ConvexElem has invalid transform
[2018.10.25-09.29.51:626][931]LogPhysics: Warning: ForeachShape(Convex): [/Engine/BasicShapes/Cone.Cone] ScaledElem[3] invalid
[2018.10.25-09.29.51:626][931]LogPhysics: Warning: PopulatePhysXGeometryAndTransform(Convex): ConvexElem has invalid transform
[2018.10.25-09.29.51:627][931]LogPhysics: Warning: ForeachShape(Convex): [/Engine/BasicShapes/Cone.Cone] ScaledElem[0] invalid
[2018.10.25-09.29.51:627][931]LogPhysics: Warning: PopulatePhysXGeometryAndTransform(Convex): ConvexElem has invalid transform
[2018.10.25-09.29.51:627][931]LogPhysics: Warning: ForeachShape(Convex): [/Engine/BasicShapes/Cone.Cone] ScaledElem[1] invalid
[2018.10.25-09.29.51:627][931]LogPhysics: Warning: PopulatePhysXGeometryAndTransform(Convex): ConvexElem has invalid transform
[2018.10.25-09.29.51:627][931]LogPhysics: Warning: ForeachShape(Convex): [/Engine/BasicShapes/Cone.Cone] ScaledElem[2] invalid
[2018.10.25-09.29.51:627][931]LogPhysics: Warning: PopulatePhysXGeometryAndTransform(Convex): ConvexElem has invalid transform
[2018.10.25-09.29.51:627][931]LogPhysics: Warning: ForeachShape(Convex): [/Engine/BasicShapes/Cone.Cone] ScaledElem[3] invalid
[2018.10.25-09.29.51:639][931]LogWorld: Bringing World /Game/MainMenu/UEDPIE_0_TestLevel.TestLevel up for play (max tick rate 0) at 2018.10.25-10.29.51
[2018.10.25-09.29.51:640][931]LogWorld: Bringing up level for play took: 0.029990
[2018.10.25-09.29.51:641][931]LogGameMode: FindPlayerStart: PATHS NOT DEFINED or NO PLAYERSTART with positive rating
[2018.10.25-09.29.51:641][931]LogLoad: Took 0.760624 seconds to LoadMap(/Game/MainMenu/TestLevel)
[2018.10.25-09.29.55:090][334]LogBlueprintUserMessages: [TopHatPickUp9_11] 1
[2018.10.25-09.29.58:987][797]LogBlueprintUserMessages: Early EndPlayMap Detection: Level '/Game/ThirdPersonCPP/Maps/ThirdPersonExampleMap.ThirdPersonExampleMap:PersistentLevel' has LevelScriptBlueprint '/Game/ThirdPersonCPP/Maps/ThirdPersonExampleMap.ThirdPersonExampleMap:PersistentLevel.ThirdPersonExampleMap' with GeneratedClass '/Game/ThirdPersonCPP/Maps/ThirdPersonExampleMap.ThirdPersonExampleMap_C' with ClassGeneratedBy '/Game/ThirdPersonCPP/Maps/ThirdPersonExampleMap.ThirdPersonExampleMap:PersistentLevel.ThirdPersonExampleMap'
[2018.10.25-09.29.58:987][797]LogSlate: Updating window title bar state: overlay mode, drag disabled, window buttons hidden, title bar hidden
[2018.10.25-09.29.59:037][797]LogPlayLevel: Display: Shutting down PIE online subsystems
[2018.10.25-09.29.59:037][797]LogBlueprintUserMessages: Late EndPlayMap Detection: Level '/Game/ThirdPersonCPP/Maps/ThirdPersonExampleMap.ThirdPersonExampleMap:PersistentLevel' has LevelScriptBlueprint '/Game/ThirdPersonCPP/Maps/ThirdPersonExampleMap.ThirdPersonExampleMap:PersistentLevel.ThirdPersonExampleMap' with GeneratedClass '/Game/ThirdPersonCPP/Maps/ThirdPersonExampleMap.ThirdPersonExampleMap_C' with ClassGeneratedBy '/Game/ThirdPersonCPP/Maps/ThirdPersonExampleMap.ThirdPersonExampleMap:PersistentLevel.ThirdPersonExampleMap'
[2018.10.25-09.29.59:078][797]LogSlate: Updating window title bar state: overlay mode, drag disabled, window buttons hidden, title bar hidden
[2018.10.25-09.29.59:101][798]LogPlayLevel: Display: Destroying online subsystem :Context_3
[2018.10.25-09.30.11:138][332]LogSlate: FSceneViewport::OnFocusLost() reason 0
