Log file open, 10/16/18 21:13:46
LogWindows: Failed to load 'aqProf.dll' (GetLastError=126)
LogWindows: File 'aqProf.dll' does not exist
LogWindows: Failed to load 'VSPerf140.dll' (GetLastError=126)
LogWindows: File 'VSPerf140.dll' does not exist
LogWindows: Failed to load 'VtuneApi.dll' (GetLastError=126)
LogWindows: File 'VtuneApi.dll' does not exist
LogWindows: Failed to load 'VtuneApi32e.dll' (GetLastError=126)
LogWindows: File 'VtuneApi32e.dll' does not exist
LogInit: Display: Running engine for game: TopHatSoloProject
LogPlatformFile: Not using cached read wrapper
LogTaskGraph: Started task graph with 5 named threads and 23 total threads with 3 sets of task threads.
LogStats: Stats thread started at 0.463229
LogD3D11RHI: Loaded GFSDK_Aftermath_Lib.x64.dll
LogICUInternationalization: Display: ICU TimeZone Detection - Raw Offset: +0:00, Platform Override: ''
LogPluginManager: Mounting plugin Paper2D
LogPluginManager: Mounting plugin AISupport
LogPluginManager: Mounting plugin LightPropagationVolume
LogPluginManager: Mounting plugin CLionSourceCodeAccess
LogPluginManager: Mounting plugin CodeLiteSourceCodeAccess
LogPluginManager: Mounting plugin GitSourceControl
LogPluginManager: Mounting plugin KDevelopSourceCodeAccess
LogPluginManager: Mounting plugin NullSourceCodeAccess
LogPluginManager: Mounting plugin PerforceSourceControl
LogPluginManager: Mounting plugin SubversionSourceControl
LogPluginManager: Mounting plugin UObjectPlugin
LogPluginManager: Mounting plugin VisualStudioCodeSourceCodeAccess
LogPluginManager: Mounting plugin VisualStudioSourceCodeAccess
LogPluginManager: Mounting plugin XCodeSourceCodeAccess
LogPluginManager: Mounting plugin AssetManagerEditor
LogPluginManager: Mounting plugin CryptoKeys
LogPluginManager: Mounting plugin DataValidation
LogPluginManager: Mounting plugin FacialAnimation
LogPluginManager: Mounting plugin GameplayTagsEditor
LogPluginManager: Mounting plugin MacGraphicsSwitching
LogPluginManager: Mounting plugin MeshEditor
LogPluginManager: Mounting plugin MobileLauncherProfileWizard
LogPluginManager: Mounting plugin PluginBrowser
LogPluginManager: Mounting plugin SpeedTreeImporter
LogPluginManager: Mounting plugin DatasmithContent
LogPluginManager: Mounting plugin AlembicImporter
LogPluginManager: Mounting plugin AppleImageUtils
LogPluginManager: Mounting plugin AppleVision
LogPluginManager: Mounting plugin BackChannel
LogPluginManager: Mounting plugin CharacterAI
LogPluginManager: Mounting plugin GeometryCache
LogPluginManager: Mounting plugin HTML5Networking
LogPluginManager: Mounting plugin ProxyLODPlugin
LogPluginManager: Mounting plugin MagicLeap
LogPluginManager: Mounting plugin MagicLeapEmulator
LogPluginManager: Mounting plugin MagicLeapMedia
LogPluginManager: Mounting plugin AndroidMedia
LogPluginManager: Mounting plugin AvfMedia
LogPluginManager: Mounting plugin ImgMedia
LogPluginManager: Mounting plugin LinearTimecode
LogPluginManager: Mounting plugin MediaCompositing
LogPluginManager: Mounting plugin MediaPlayerEditor
LogPluginManager: Mounting plugin WmfMedia
LogPluginManager: Mounting plugin TcpMessaging
LogPluginManager: Mounting plugin UdpMessaging
LogPluginManager: Mounting plugin ActorSequence
LogPluginManager: Mounting plugin LevelSequenceEditor
LogPluginManager: Mounting plugin MatineeToLevelSequence
LogPluginManager: Mounting plugin NetcodeUnitTest
LogPluginManager: Mounting plugin NUTUnrealEngine4
LogPluginManager: Mounting plugin OnlineSubsystemGooglePlay
LogPluginManager: Mounting plugin OnlineSubsystemIOS
LogPluginManager: Mounting plugin OnlineSubsystem
LogPluginManager: Mounting plugin OnlineSubsystemNull
LogPluginManager: Mounting plugin OnlineSubsystemUtils
LogPluginManager: Mounting plugin LauncherChunkInstaller
LogPluginManager: Mounting plugin AndroidDeviceProfileSelector
LogPluginManager: Mounting plugin AndroidMoviePlayer
LogPluginManager: Mounting plugin AndroidPermission
LogPluginManager: Mounting plugin AppleMoviePlayer
LogPluginManager: Mounting plugin ArchVisCharacter
LogPluginManager: Mounting plugin AudioCapture
LogPluginManager: Mounting plugin CableComponent
LogPluginManager: Mounting plugin CustomMeshComponent
LogPluginManager: Mounting plugin EditableMesh
LogPluginManager: Mounting plugin ExampleDeviceProfileSelector
LogPluginManager: Mounting plugin GoogleCloudMessaging
LogPluginManager: Mounting plugin ImmediatePhysics
LogPluginManager: Mounting plugin IOSDeviceProfileSelector
LogPluginManager: Mounting plugin LinuxDeviceProfileSelector
LogPluginManager: Mounting plugin LocationServicesBPLibrary
LogPluginManager: Mounting plugin MobilePatchingUtils
LogPluginManager: Mounting plugin OculusVR
LogPluginManager: Plugin shader directory ../../../Engine/Plugins/Runtime/Oculus/OculusVR/Shaders found
LogPluginManager: Mapping shader source directory ../../../Engine/Plugins/Runtime/Oculus/OculusVR/Shaders to virtual directory /Plugin/OculusVR
LogPluginManager: Mounting plugin PhysXVehicles
LogPluginManager: Mounting plugin ProceduralMeshComponent
LogPluginManager: Mounting plugin RuntimePhysXCooking
LogPluginManager: Mounting plugin SteamVR
LogPluginManager: Mounting plugin WindowsMoviePlayer
LogStreaming: Display: Took  0.300s to configure plugins.
LogInit: Using libcurl 7.55.1-DEV
LogInit:  - built for x86_64-pc-win32
LogInit:  - supports SSL with OpenSSL/1.0.2h
LogInit:  - supports HTTP deflate (compression) using libz 1.2.8
LogInit:  - other features:
LogInit:      CURL_VERSION_SSL
LogInit:      CURL_VERSION_LIBZ
LogInit:      CURL_VERSION_IPV6
LogInit:      CURL_VERSION_ASYNCHDNS
LogInit:      CURL_VERSION_LARGEFILE
LogInit:      CURL_VERSION_IDN
LogInit:  CurlRequestOptions (configurable via config and command line):
LogInit:  - bVerifyPeer = false  - Libcurl will NOT verify peer certificate
LogInit:  - bUseHttpProxy = false  - Libcurl will NOT use HTTP proxy
LogInit:  - bDontReuseConnections = false  - Libcurl will reuse connections
LogInit:  - CertBundlePath = nullptr  - Libcurl will use whatever was configured at build time.
LogInit:  - MaxHostConnections = 16  - Libcurl will limit the number of connections to a host
LogInit:  - LocalHostAddr = Default
LogInit:  - BufferSize = 65536
LogInit: WinSock: version 1.1 (2.2), MaxSocks=32767, MaxUdp=65467
LogInit: Build: ++UE4+Release-4.20-CL-4369336
LogInit: Engine Version: 4.20.3-4369336+++UE4+Release-4.20
LogInit: Compatible Engine Version: 4.20.0-4212847+++UE4+Release-4.20
LogInit: Net CL: 4212847
LogInit: OS: Windows 10 (), CPU: Intel(R) Xeon(R) CPU E5-1620 v4 @ 3.50GHz, GPU: NVIDIA GeForce GTX 1070
LogInit: Compiled (64-bit): Sep 17 2018 12:26:19
LogInit: Compiled with Visual C++: 19.13.26129.00
LogInit: Build Configuration: Development
LogInit: Branch Name: ++UE4+Release-4.20
LogInit: Command Line:  -skipcompile
LogInit: Base Directory: C:/Epic/UE4/UE_4.20/Engine/Binaries/Win64/
LogInit: Installed Engine Build: 1
LogDevObjectVersion: Number of dev versions registered: 20
LogDevObjectVersion:   Dev-Blueprints (B0D832E4-1F89-4F0D-ACCF-7EB736FD4AA2): 10
LogDevObjectVersion:   Dev-Build (E1C64328-A22C-4D53-A36C-8E866417BD8C): 0
LogDevObjectVersion:   Dev-Core (375EC13C-06E4-48FB-B500-84F0262A717E): 2
LogDevObjectVersion:   Dev-Editor (E4B068ED-F494-42E9-A231-DA0B2E46BB41): 24
LogDevObjectVersion:   Dev-Framework (CFFC743F-43B0-4480-9391-14DF171D2073): 34
LogDevObjectVersion:   Dev-Mobile (B02B49B5-BB20-44E9-A304-32B752E40360): 2
LogDevObjectVersion:   Dev-Networking (A4E4105C-59A1-49B5-A7C5-40C4547EDFEE): 0
LogDevObjectVersion:   Dev-Online (39C831C9-5AE6-47DC-9A44-9C173E1C8E7C): 0
LogDevObjectVersion:   Dev-Physics (78F01B33-EBEA-4F98-B9B4-84EACCB95AA2): 0
LogDevObjectVersion:   Dev-Platform (6631380F-2D4D-43E0-8009-CF276956A95A): 0
LogDevObjectVersion:   Dev-Rendering (12F88B9F-8875-4AFC-A67C-D90C383ABD29): 26
LogDevObjectVersion:   Dev-Sequencer (7B5AE74C-D270-4C10-A958-57980B212A5A): 9
LogDevObjectVersion:   Dev-VR (D7296918-1DD6-4BDD-9DE2-64A83CC13884): 2
LogDevObjectVersion:   Dev-LoadTimes (C2A15278-BFE7-4AFE-6C17-90FF531DF755): 1
LogDevObjectVersion:   Private-Geometry (6EACA3D4-40EC-4CC1-B786-8BED09428FC5): 3
LogDevObjectVersion:   Dev-AnimPhys (29E575DD-E0A3-4627-9D10-D276232CDCEA): 17
LogDevObjectVersion:   Dev-ReflectionCapture (6B266CEC-1EC7-4B8F-A30B-E4D90942FC07): 1
LogDevObjectVersion:   Dev-Automation (0DF73D61-A23F-47EA-B727-89E90C41499A): 1
LogDevObjectVersion:   FortniteMain (601D1886-AC64-4F84-AA16-D3DE0DEAC7D6): 12
LogDevObjectVersion:   Dev-Enterprise (9DFFBCD6-494F-0158-E221-12823C92A888): 1
LogStreaming: Display: Took  0.007s to delete old logs.
LogInit: Presizing for max 8388607 objects, including 0 objects not considered by GC, pre-allocating 0 bytes for permanent pool.
LogInit: Object subsystem initialized
[2018.10.16-20.13.47:582][  0]LogInit: Selected Device Profile: [Windows]
[2018.10.16-20.13.47:582][  0]LogInit: Applying CVar settings loaded from the selected device profile: [Windows]
[2018.10.16-20.13.47:599][  0]LogHAL: Display: Platform has ~ 32 GB [34272002048 / 34359738368 / 32], which maps to Largest [LargestMinGB=32, LargerMinGB=12, DefaultMinGB=8, SmallerMinGB=6, SmallestMinGB=0)
[2018.10.16-20.13.47:600][  0]LogInit: Setting Device Profile CVar: [[r.Vulkan.UseRealUBs:1]]
[2018.10.16-20.13.47:600][  0]LogInit: Going up to parent DeviceProfile []
[2018.10.16-20.13.47:600][  0]LogInit: Computer: D105-03
[2018.10.16-20.13.47:600][  0]LogInit: User: p018236h
[2018.10.16-20.13.47:600][  0]LogInit: CPU Page size=4096, Cores=4
[2018.10.16-20.13.47:600][  0]LogInit: High frequency timer resolution =3.410070 MHz
[2018.10.16-20.13.47:601][  0]LogMemory: Memory total: Physical=31.9GB (32GB approx)
[2018.10.16-20.13.47:601][  0]LogMemory: Platform Memory Stats for Windows
[2018.10.16-20.13.47:601][  0]LogMemory: Process Physical Memory: 101.52 MB used, 101.52 MB peak
[2018.10.16-20.13.47:601][  0]LogMemory: Process Virtual Memory: 89.36 MB used, 89.36 MB peak
[2018.10.16-20.13.47:601][  0]LogMemory: Physical Memory: 8106.97 MB used,  24577.36 MB free, 32684.33 MB total
[2018.10.16-20.13.47:601][  0]LogMemory: Virtual Memory: 4638.52 MB used,  24577.36 MB free, 134217728.00 MB total
[2018.10.16-20.13.47:715][  0]LogInit: Using OS detected language (en-US).
[2018.10.16-20.13.47:715][  0]LogInit: Using OS detected locale (en-GB).
[2018.10.16-20.13.47:717][  0]LogTextLocalizationManager: No specific localization for 'en-US' exists, so the 'en' localization will be used.
[2018.10.16-20.13.48:107][  0]LogStreaming: Display: Took  0.392s to InitEngineTextLocalization.
[2018.10.16-20.13.48:107][  0]LogInit: Setting process to per monitor DPI aware
[2018.10.16-20.13.48:174][  0]LogSlate: New Slate User Created.  User Index 0, Is Virtual User: 0
[2018.10.16-20.13.48:174][  0]LogSlate: Slate User Registered.  User Index 0, Is Virtual User: 0
[2018.10.16-20.13.48:542][  0]LogHMD: Failed to initialize OpenVR with code 126
[2018.10.16-20.13.48:542][  0]LogD3D11RHI: D3D11 adapters:
[2018.10.16-20.13.48:635][  0]LogD3D11RHI:    0. 'NVIDIA GeForce GTX 1070' (Feature Level 11_0)
[2018.10.16-20.13.48:635][  0]LogD3D11RHI:       8088/0/16342 MB DedicatedVideo/DedicatedSystem/SharedSystem, Outputs:2, VendorId:0x10de
[2018.10.16-20.13.48:642][  0]LogD3D11RHI:    1. 'Microsoft Basic Render Driver' (Feature Level 11_0)
[2018.10.16-20.13.48:642][  0]LogD3D11RHI:       0/0/16342 MB DedicatedVideo/DedicatedSystem/SharedSystem, Outputs:0, VendorId:0x1414
[2018.10.16-20.13.48:642][  0]LogD3D11RHI: Chosen D3D11 Adapter: 0
[2018.10.16-20.13.48:654][  0]LogD3D11RHI: Creating new Direct3DDevice
[2018.10.16-20.13.48:654][  0]LogD3D11RHI:     GPU DeviceId: 0x1b81 (for the marketing name, search the web for "GPU Device Id")
[2018.10.16-20.13.48:654][  0]LogWindows: EnumDisplayDevices:
[2018.10.16-20.13.48:655][  0]LogWindows:    0. 'NVIDIA GeForce GTX 1070' (P:1 D:1)
[2018.10.16-20.13.48:655][  0]LogWindows:    1. 'NVIDIA GeForce GTX 1070' (P:0 D:1)
[2018.10.16-20.13.48:656][  0]LogWindows:    2. 'NVIDIA GeForce GTX 1070' (P:0 D:0)
[2018.10.16-20.13.48:656][  0]LogWindows:    3. 'NVIDIA GeForce GTX 1070' (P:0 D:0)
[2018.10.16-20.13.48:656][  0]LogWindows: DebugString: FoundDriverCount:4 
[2018.10.16-20.13.48:656][  0]LogD3D11RHI:     Adapter Name: NVIDIA GeForce GTX 1070
[2018.10.16-20.13.48:656][  0]LogD3D11RHI:   Driver Version: 398.82 (internal:24.21.13.9882, unified:398.82)
[2018.10.16-20.13.48:656][  0]LogD3D11RHI:      Driver Date: 7-30-2018
[2018.10.16-20.13.48:657][  0]LogRHI: Texture pool is 5661 MB (70% of 8088 MB)
[2018.10.16-20.13.48:722][  0]LogD3D11RHI: Async texture creation enabled
[2018.10.16-20.13.48:744][  0]LogD3D11RHI: GPU Timing Frequency: 1000.000000 (Debug: 2 2)
[2018.10.16-20.13.48:832][  0]LogShaderCompilers: Guid format shader working directory is -53 characters bigger than the processId version (../../../../../../Users/p018236h/OneDrive - Staffordshire University/TGP/SoloProject/TopHatSoloProject/Intermediate/Shaders/WorkingDirectory/2420/).
[2018.10.16-20.13.48:833][  0]LogShaderCompilers: Cleaned the shader compiler working directory 'C:/Users/p018236h/AppData/Local/Temp/UnrealShaderWorkingDir/69402E2B4A44C37A41AA4CBBA4A1C7CB/'.
[2018.10.16-20.13.49:170][  0]LogTemp: Display: Loaded TP AllDesktopTargetPlatform
[2018.10.16-20.13.49:190][  0]LogTemp: Display: Loaded TP MacClientTargetPlatform
[2018.10.16-20.13.49:208][  0]LogTemp: Display: Loaded TP MacNoEditorTargetPlatform
[2018.10.16-20.13.49:229][  0]LogTemp: Display: Loaded TP MacServerTargetPlatform
[2018.10.16-20.13.49:248][  0]LogTemp: Display: Loaded TP MacTargetPlatform
[2018.10.16-20.13.49:267][  0]LogTemp: Display: Loaded TP WindowsClientTargetPlatform
[2018.10.16-20.13.49:286][  0]LogTemp: Display: Loaded TP WindowsNoEditorTargetPlatform
[2018.10.16-20.13.49:305][  0]LogTemp: Display: Loaded TP WindowsServerTargetPlatform
[2018.10.16-20.13.49:317][  0]LogTemp: Display: Loaded TP WindowsTargetPlatform
[2018.10.16-20.13.49:413][  0]LogTemp: Display: Loaded TP AndroidTargetPlatform
[2018.10.16-20.13.49:414][  0]LogTemp: Display: Loaded TP AndroidTargetPlatform
[2018.10.16-20.13.49:414][  0]LogTemp: Display: Loaded TP AndroidTargetPlatform
[2018.10.16-20.13.49:414][  0]LogTemp: Display: Loaded TP AndroidTargetPlatform
[2018.10.16-20.13.49:414][  0]LogTemp: Display: Loaded TP AndroidTargetPlatform
[2018.10.16-20.13.49:414][  0]LogTemp: Display: Loaded TP AndroidTargetPlatform
[2018.10.16-20.13.49:414][  0]LogTemp: Display: Loaded TP AndroidTargetPlatform
[2018.10.16-20.13.49:414][  0]LogTemp: Display: Loaded TP AndroidTargetPlatform
[2018.10.16-20.13.49:414][  0]LogTemp: Display: Loaded TP AndroidTargetPlatform
[2018.10.16-20.13.49:414][  0]LogTemp: Display: Loaded TP AndroidTargetPlatform
[2018.10.16-20.13.49:414][  0]LogTemp: Display: Loaded TP AndroidTargetPlatform
[2018.10.16-20.13.49:414][  0]LogTemp: Display: Loaded TP AndroidTargetPlatform
[2018.10.16-20.13.49:414][  0]LogTemp: Display: Loaded TP AndroidTargetPlatform
[2018.10.16-20.13.49:414][  0]LogTemp: Display: Loaded TP AndroidTargetPlatform
[2018.10.16-20.13.49:414][  0]LogTemp: Display: Loaded TP AndroidTargetPlatform
[2018.10.16-20.13.49:414][  0]LogTemp: Display: Loaded TP AndroidTargetPlatform
[2018.10.16-20.13.49:415][  0]LogTemp: Display: Loaded TP AndroidTargetPlatform
[2018.10.16-20.13.49:415][  0]LogTemp: Display: Loaded TP AndroidTargetPlatform
[2018.10.16-20.13.49:419][  0]LogTemp: Display: Loaded TP HTML5TargetPlatform
[2018.10.16-20.13.49:494][  0]LogTemp: Display: Loaded TP IOSTargetPlatform
[2018.10.16-20.13.49:494][  0]LogTemp: Display: Loaded TP IOSTargetPlatform
[2018.10.16-20.13.49:528][  0]LogTemp: Display: Loaded TP TVOSTargetPlatform
[2018.10.16-20.13.49:528][  0]LogTemp: Display: Loaded TP TVOSTargetPlatform
[2018.10.16-20.13.49:545][  0]LogTemp: Display: Loaded TP LinuxClientTargetPlatform
[2018.10.16-20.13.49:562][  0]LogTemp: Display: Loaded TP LinuxNoEditorTargetPlatform
[2018.10.16-20.13.49:579][  0]LogTemp: Display: Loaded TP LinuxServerTargetPlatform
[2018.10.16-20.13.49:599][  0]LogTemp: Display: Loaded TP LinuxTargetPlatform
[2018.10.16-20.13.49:614][  0]LogTemp: Display: Loaded TP LuminTargetPlatform
[2018.10.16-20.13.49:614][  0]LogTargetPlatformManager: Display: Building Assets For Windows
[2018.10.16-20.13.49:780][  0]LogXGEController: Cleaning working directory: C:/Users/p018236h/AppData/Local/Temp/UnrealXGEWorkingDir/
[2018.10.16-20.13.49:781][  0]LogXGEController: Cannot use XGE Controller as Incredibuild is not installed on this machine.
[2018.10.16-20.13.49:781][  0]LogShaderCompilers: Cannot use XGE Shader Compiler as Incredibuild is not installed on this machine.
[2018.10.16-20.13.49:781][  0]LogShaderCompilers: Display: Using Local Shader Compiler.
[2018.10.16-20.13.50:800][  0]LogDerivedDataCache: Display: Max Cache Size: 512 MB
[2018.10.16-20.13.50:902][  0]LogDerivedDataCache: Loaded boot cache 0.10s 73MB C:/Users/p018236h/AppData/Local/UnrealEngine/4.20/DerivedDataCache/Boot.ddc.
[2018.10.16-20.13.50:904][  0]LogDerivedDataCache: Display: Loaded Boot cache: C:/Users/p018236h/AppData/Local/UnrealEngine/4.20/DerivedDataCache/Boot.ddc
[2018.10.16-20.13.50:904][  0]LogDerivedDataCache: FDerivedDataBackendGraph:  Pak pak cache file ../../../../../../Users/p018236h/OneDrive - Staffordshire University/TGP/SoloProject/TopHatSoloProject/DerivedDataCache/DDC.ddp not found, will not use a pak cache.
[2018.10.16-20.13.50:904][  0]LogDerivedDataCache: Unable to find inner node Pak for hierarchical cache Hierarchy.
[2018.10.16-20.13.50:905][  0]LogDerivedDataCache: FDerivedDataBackendGraph:  CompressedPak pak cache file ../../../../../../Users/p018236h/OneDrive - Staffordshire University/TGP/SoloProject/TopHatSoloProject/DerivedDataCache/Compressed.ddp not found, will not use a pak cache.
[2018.10.16-20.13.50:905][  0]LogDerivedDataCache: Unable to find inner node CompressedPak for hierarchical cache Hierarchy.
[2018.10.16-20.13.50:918][  0]LogDerivedDataCache: Display: Pak cache opened for reading ../../../Engine/DerivedDataCache/Compressed.ddp.
[2018.10.16-20.13.50:932][  0]LogDerivedDataCache: Using Local data cache path C:/Users/p018236h/AppData/Local/UnrealEngine/Common/DerivedDataCache: Writable
[2018.10.16-20.13.50:932][  0]LogDerivedDataCache: Shared data cache path not found in *engine.ini, will not use an Shared cache.
[2018.10.16-20.13.50:932][  0]LogDerivedDataCache: Unable to find inner node Shared for hierarchical cache Hierarchy.
[2018.10.16-20.13.50:953][  0]LogMaterial: Verifying Global Shaders for PCD3D_SM5
[2018.10.16-20.13.50:954][  0]LogSlate: Using FreeType 2.6.0
[2018.10.16-20.13.50:955][  0]LogSlate: SlateFontServices - WITH_FREETYPE: 1, WITH_HARFBUZZ: 1
[2018.10.16-20.13.51:045][  0]LogAssetRegistry: FAssetRegistry took 0.0299 seconds to start up
[2018.10.16-20.13.51:441][  0]LogInit: Selected Device Profile: [Windows]
[2018.10.16-20.13.51:531][  0]LogSimplygon: Simplygon DLL not present - disabling.
[2018.10.16-20.13.51:542][  0]LogMeshReduction: Using SimplygonSwarm for distributed automatic mesh merging
[2018.10.16-20.13.51:542][  0]LogMeshReduction: Using ProxyLODMeshReduction for automatic mesh merging
[2018.10.16-20.13.51:542][  0]LogMeshReduction: Using QuadricMeshReduction for automatic static mesh reduction
[2018.10.16-20.13.51:542][  0]LogMeshReduction: No automatic skeletal mesh reduction module available
[2018.10.16-20.13.51:648][  0]LogNetVersion: TopHatSoloProject 1.0.0, NetCL: 4212847, EngineNetVer: 5, GameNetVer: 0 (Checksum: 426773178)
[2018.10.16-20.13.52:288][  0]LogPackageLocalizationCache: Processed 11 localized package path(s) for 2 prioritized culture(s) in 0.164288 seconds
[2018.10.16-20.13.52:296][  0]LogUObjectArray: 38425 objects as part of root set at end of initial load.
[2018.10.16-20.13.52:296][  0]LogUObjectAllocator: 6690872 out of 0 bytes used by permanent object pool.
[2018.10.16-20.13.52:296][  0]LogUObjectArray: CloseDisregardForGC: 0/0 objects in disregard for GC pool
[2018.10.16-20.13.53:440][  0]LogTcpMessaging: Initializing TcpMessaging bridge
[2018.10.16-20.13.53:459][  0]LogUdpMessaging: Initializing bridge on interface 0.0.0.0:0 to multicast group 230.0.0.1:6666.
[2018.10.16-20.13.53:872][  0]SourceControl: Source control is disabled
[2018.10.16-20.13.53:872][  0]SourceControl: Source control is disabled
[2018.10.16-20.13.53:877][  0]SourceControl: Source control is disabled
[2018.10.16-20.13.53:880][  0]SourceControl: Source control is disabled
[2018.10.16-20.13.54:168][  0]LogAndroidPermission: UAndroidPermissionCallbackProxy::GetInstance
[2018.10.16-20.13.54:222][  0]LogOcInput: OculusInput pre-init called
[2018.10.16-20.13.54:298][  0]LogEngine: Initializing Engine...
[2018.10.16-20.13.54:334][  0]LogHMD: Failed to initialize OpenVR with code 126
[2018.10.16-20.13.54:335][  0]LogStats: UGameplayTagsManager::ConstructGameplayTagTree: ImportINI prefixes -  0.000 s
[2018.10.16-20.13.54:336][  0]LogStats: UGameplayTagsManager::ConstructGameplayTagTree: Construct from data asset -  0.000 s
[2018.10.16-20.13.54:336][  0]LogStats: UGameplayTagsManager::ConstructGameplayTagTree: ImportINI -  0.000 s
[2018.10.16-20.13.54:336][  0]LogStats: UGameplayTagsManager::ConstructGameplayTagTree: GameplayTagTreeChangedEvent.Broadcast -  0.000 s
[2018.10.16-20.13.54:579][  0]LogInit: Initializing FReadOnlyCVARCache
[2018.10.16-20.13.54:610][  0]LogAIModule: Creating AISystem for world Untitled
[2018.10.16-20.13.54:625][  0]LogInit: No audio devices found!
[2018.10.16-20.13.54:626][  0]LogNetVersion: Set ProjectVersion to 1.0.0.0. Version Checksum will be recalculated on next use.
[2018.10.16-20.13.54:726][  0]LogDerivedDataCache: Saved boot cache 0.10s 73MB C:/Users/p018236h/AppData/Local/UnrealEngine/4.20/DerivedDataCache/Boot.ddc.
[2018.10.16-20.13.54:751][  0]LogInit: Texture streaming: Enabled
[2018.10.16-20.13.54:786][  0]LogEngineSessionManager: EngineSessionManager initialized
[2018.10.16-20.13.54:804][  0]LogInit: Transaction tracking system initialized
[2018.10.16-20.13.54:860][  0]BlueprintLog: New page: Editor Load
[2018.10.16-20.13.55:077][  0]LocalizationService: Localization service is disabled
[2018.10.16-20.13.55:443][  0]LogCook: Display: Max memory allowance for cook 16384mb min free memory 0mb
[2018.10.16-20.13.55:444][  0]LogCook: Display: Mobile HDR setting 1
[2018.10.16-20.13.55:444][  0]LogGameplayTags: Display: UGameplayTagsManager::DoneAddingNativeTags. DelegateIsBound: 0
[2018.10.16-20.13.55:444][  0]LogStats: UGameplayTagsManager::ConstructGameplayTagTree: ImportINI prefixes -  0.000 s
[2018.10.16-20.13.55:444][  0]LogStats: UGameplayTagsManager::ConstructGameplayTagTree: Construct from data asset -  0.000 s
[2018.10.16-20.13.55:444][  0]LogStats: UGameplayTagsManager::ConstructGameplayTagTree: ImportINI -  0.000 s
[2018.10.16-20.13.55:445][  0]LogStats: UGameplayTagsManager::ConstructGameplayTagTree: GameplayTagTreeChangedEvent.Broadcast -  0.000 s
[2018.10.16-20.13.55:680][  0]LogFileCache: Scanning file cache for directory 'C:/Users/p018236h/OneDrive - Staffordshire University/TGP/SoloProject/TopHatSoloProject/Content/' took 0.03s
[2018.10.16-20.13.55:680][  0]SourceControl: Source control is disabled
[2018.10.16-20.13.55:681][  0]LightingResults: New page: Lighting Build
[2018.10.16-20.13.55:686][  0]MapCheck: New page: Map Check
[2018.10.16-20.13.55:686][  0]LightingResults: New page: Lighting Build
[2018.10.16-20.13.56:003][  0]LogAIModule: Creating AISystem for world ThirdPersonExampleMap
[2018.10.16-20.13.56:028][  0]LogEditorServer: Finished looking for orphan Actors (0.000 secs)
[2018.10.16-20.13.56:053][  0]Cmd: MAP CHECKDEP NOCLEARLOG
[2018.10.16-20.13.56:272][  0]MapCheck: Map check complete: 0 Error(s), 0 Warning(s), took 219.346ms to complete.
[2018.10.16-20.13.56:272][  0]LogFileHelpers: Loading map 'ThirdPersonExampleMap' took 0.592
[2018.10.16-20.13.56:403][  0]LogSlate: Updating window title bar state: overlay mode, drag disabled, window buttons hidden, title bar hidden
[2018.10.16-20.13.56:410][  0]LogSlate: Updating window title bar state: overlay mode, drag disabled, window buttons hidden, title bar hidden
[2018.10.16-20.13.56:418][  0]LogSlate: Updating window title bar state: overlay mode, drag disabled, window buttons hidden, title bar hidden
[2018.10.16-20.13.56:425][  0]LogSlate: Updating window title bar state: overlay mode, drag disabled, window buttons hidden, title bar hidden
[2018.10.16-20.13.56:438][  0]LogCollectionManager: Loaded 0 collections in 0.004496 seconds
[2018.10.16-20.13.56:490][  0]LogFileCache: Scanning file cache for directory 'C:/Users/p018236h/OneDrive - Staffordshire University/TGP/SoloProject/TopHatSoloProject/Saved/Collections/' took 0.01s
[2018.10.16-20.13.56:490][  0]LogFileCache: Scanning file cache for directory 'C:/Users/p018236h/OneDrive - Staffordshire University/TGP/SoloProject/TopHatSoloProject/Content/Developers/p018236h/Collections/' took 0.01s
[2018.10.16-20.13.56:490][  0]LogFileCache: Scanning file cache for directory 'C:/Users/p018236h/OneDrive - Staffordshire University/TGP/SoloProject/TopHatSoloProject/Content/Collections/' took 0.01s
[2018.10.16-20.13.56:490][  0]LogCollectionManager: Rebuilt the GUID cache for 0 collections in 0.000000 seconds
[2018.10.16-20.13.56:500][  0]LogContentBrowser: Native class hierarchy populated in 0.0102 seconds. Added 2577 classes and 606 folders.
[2018.10.16-20.13.56:510][  0]LogContentBrowser: Native class hierarchy updated for 'WidgetCarousel' in 0.0005 seconds. Added 0 classes and 0 folders.
[2018.10.16-20.13.56:593][  0]LogContentBrowser: Native class hierarchy updated for 'AddContentDialog' in 0.0005 seconds. Added 0 classes and 0 folders.
[2018.10.16-20.13.56:603][  0]LogContentBrowser: Native class hierarchy updated for 'SceneOutliner' in 0.0006 seconds. Added 1 classes and 2 folders.
[2018.10.16-20.13.56:618][  0]LogSlate: Took 0.000291 seconds to synchronously load lazily loaded font '../../../Engine/Content/Slate/Fonts/Roboto-Regular.ttf' (155K)
[2018.10.16-20.13.56:621][  0]LogSlate: Took 0.000306 seconds to synchronously load lazily loaded font '../../../Engine/Content/Slate/Fonts/Roboto-Bold.ttf' (160K)
[2018.10.16-20.13.56:627][  0]LogSlate: Took 0.000238 seconds to synchronously load lazily loaded font '../../../Engine/Content/Editor/Slate/Fonts/FontAwesome.ttf' (139K)
[2018.10.16-20.13.56:706][  0]LogRenderer: Reallocating scene render targets to support 1208x576 Format 10 NumSamples 1 (Frame:1).
[2018.10.16-20.13.56:835][  0]LogContentBrowser: Native class hierarchy updated for 'HierarchicalLODOutliner' in 0.0008 seconds. Added 0 classes and 0 folders.
[2018.10.16-20.13.56:836][  0]LogLoad: (Engine Initialization) Total time: 12.58 seconds
[2018.10.16-20.13.56:836][  0]LogLoad: (Engine Initialization) Total Blueprint compile time: 0.00 seconds
[2018.10.16-20.13.56:845][  0]LogWindowsTextInputMethodSystem: Display: IME system now deactivated.
[2018.10.16-20.13.56:869][  0]LogContentStreaming: Texture pool size now 1000 MB
[2018.10.16-20.13.56:895][  0]LogSlate: Took 0.000266 seconds to synchronously load lazily loaded font '../../../Engine/Content/Slate/Fonts/Roboto-Light.ttf' (167K)
[2018.10.16-20.13.56:917][  1]LogAssetRegistry: Asset discovery search completed in 5.8969 seconds
[2018.10.16-20.13.56:919][  1]LogCollectionManager: Rebuilt the object cache for 0 collections in 0.000001 seconds (found 0 objects)
[2018.10.16-20.13.56:919][  1]LogCollectionManager: Fixed up redirectors for 0 collections in 0.000127 seconds (updated 0 objects)
[2018.10.16-20.14.01:221][512]LogSlate: FSceneViewport::OnFocusLost() reason 0
[2018.10.16-20.14.01:279][519]LogTemp: Repeating last play command: Selected Viewport
[2018.10.16-20.14.01:300][519]LogBlueprintUserMessages: Early PlayInEditor Detection: Level '/Game/ThirdPersonCPP/Maps/ThirdPersonExampleMap.ThirdPersonExampleMap:PersistentLevel' has LevelScriptBlueprint '/Game/ThirdPersonCPP/Maps/ThirdPersonExampleMap.ThirdPersonExampleMap:PersistentLevel.ThirdPersonExampleMap' with GeneratedClass '/Game/ThirdPersonCPP/Maps/ThirdPersonExampleMap.ThirdPersonExampleMap_C' with ClassGeneratedBy '/Game/ThirdPersonCPP/Maps/ThirdPersonExampleMap.ThirdPersonExampleMap:PersistentLevel.ThirdPersonExampleMap'
[2018.10.16-20.14.01:300][519]LogPlayLevel: PlayLevel: No blueprints needed recompiling
[2018.10.16-20.14.01:315][519]PIE: New page: PIE session: ThirdPersonExampleMap (16 Oct 2018 22:14:01)
[2018.10.16-20.14.01:315][519]LogPlayLevel: Creating play world package: /Game/ThirdPersonCPP/Maps/UEDPIE_0_ThirdPersonExampleMap
[2018.10.16-20.14.01:346][519]LogPlayLevel: PIE: StaticDuplicateObject took: (0.031401s)
[2018.10.16-20.14.01:347][519]LogAIModule: Creating AISystem for world ThirdPersonExampleMap
[2018.10.16-20.14.01:347][519]LogPlayLevel: PIE: World Init took: (0.000830s)
[2018.10.16-20.14.01:347][519]LogPlayLevel: PIE: Created PIE world by copying editor world from /Game/ThirdPersonCPP/Maps/ThirdPersonExampleMap.ThirdPersonExampleMap to /Game/ThirdPersonCPP/Maps/UEDPIE_0_ThirdPersonExampleMap.ThirdPersonExampleMap (0.032644s)
[2018.10.16-20.14.01:413][519]LogLoad: Game class is 'VampireGameMode_C'
[2018.10.16-20.14.01:415][519]LogWorld: Bringing World /Game/ThirdPersonCPP/Maps/UEDPIE_0_ThirdPersonExampleMap.ThirdPersonExampleMap up for play (max tick rate 0) at 2018.10.16-21.14.01
[2018.10.16-20.14.01:416][519]LogWorld: Bringing up level for play took: 0.001258
[2018.10.16-20.14.01:437][519]LogContentBrowser: Native class hierarchy updated for 'MovieSceneCapture' in 0.0006 seconds. Added 10 classes and 0 folders.
[2018.10.16-20.14.01:437][519]LogGameMode: Display: Match State Changed from EnteringMap to WaitingToStart
[2018.10.16-20.14.01:437][519]LogGameState: Match State Changed from EnteringMap to WaitingToStart
[2018.10.16-20.14.01:437][519]LogGameMode: Display: Match State Changed from WaitingToStart to InProgress
[2018.10.16-20.14.01:438][519]LogBlueprintUserMessages: [VampireGameMode_C_0] 0
[2018.10.16-20.14.01:438][519]LogGameState: Match State Changed from WaitingToStart to InProgress
[2018.10.16-20.14.01:438][519]PIE: Play in editor start time for /Game/ThirdPersonCPP/Maps/UEDPIE_0_ThirdPersonExampleMap -0.214
[2018.10.16-20.14.01:439][519]LogBlueprintUserMessages: Late PlayInEditor Detection: Level '/Game/ThirdPersonCPP/Maps/ThirdPersonExampleMap.ThirdPersonExampleMap:PersistentLevel' has LevelScriptBlueprint '/Game/ThirdPersonCPP/Maps/ThirdPersonExampleMap.ThirdPersonExampleMap:PersistentLevel.ThirdPersonExampleMap' with GeneratedClass '/Game/ThirdPersonCPP/Maps/ThirdPersonExampleMap.ThirdPersonExampleMap_C' with ClassGeneratedBy '/Game/ThirdPersonCPP/Maps/ThirdPersonExampleMap.ThirdPersonExampleMap:PersistentLevel.ThirdPersonExampleMap'
[2018.10.16-20.14.14:910][130]LogBlueprintUserMessages: Early EndPlayMap Detection: Level '/Game/ThirdPersonCPP/Maps/ThirdPersonExampleMap.ThirdPersonExampleMap:PersistentLevel' has LevelScriptBlueprint '/Game/ThirdPersonCPP/Maps/ThirdPersonExampleMap.ThirdPersonExampleMap:PersistentLevel.ThirdPersonExampleMap' with GeneratedClass '/Game/ThirdPersonCPP/Maps/ThirdPersonExampleMap.ThirdPersonExampleMap_C' with ClassGeneratedBy '/Game/ThirdPersonCPP/Maps/ThirdPersonExampleMap.ThirdPersonExampleMap:PersistentLevel.ThirdPersonExampleMap'
[2018.10.16-20.14.14:910][130]LogSlate: Updating window title bar state: overlay mode, drag disabled, window buttons hidden, title bar hidden
[2018.10.16-20.14.14:950][130]LogPlayLevel: Display: Shutting down PIE online subsystems
[2018.10.16-20.14.14:951][130]LogBlueprintUserMessages: Late EndPlayMap Detection: Level '/Game/ThirdPersonCPP/Maps/ThirdPersonExampleMap.ThirdPersonExampleMap:PersistentLevel' has LevelScriptBlueprint '/Game/ThirdPersonCPP/Maps/ThirdPersonExampleMap.ThirdPersonExampleMap:PersistentLevel.ThirdPersonExampleMap' with GeneratedClass '/Game/ThirdPersonCPP/Maps/ThirdPersonExampleMap.ThirdPersonExampleMap_C' with ClassGeneratedBy '/Game/ThirdPersonCPP/Maps/ThirdPersonExampleMap.ThirdPersonExampleMap:PersistentLevel.ThirdPersonExampleMap'
[2018.10.16-20.14.14:971][130]LogSlate: Updating window title bar state: overlay mode, drag disabled, window buttons hidden, title bar hidden
[2018.10.16-20.14.15:016][133]LogPlayLevel: Display: Destroying online subsystem :Context_2
[2018.10.16-20.14.25:231][342]LogEditorViewport: Clicking on Actor (LMB): Vampire_Player_C (Vampire_Player)
[2018.10.16-20.14.27:154][533]LogSlate: FSceneViewport::OnFocusLost() reason 0
[2018.10.16-20.14.35:197][488]LogSlate: Took 0.000266 seconds to synchronously load lazily loaded font '../../../Engine/Content/Slate/Fonts/Roboto-Italic.ttf' (157K)
[2018.10.16-20.14.57:204][ 45]LogSlate: Took 0.000282 seconds to synchronously load lazily loaded font '../../../Engine/Content/Slate/Fonts/Roboto-Light.ttf' (167K)
[2018.10.16-20.14.57:428][ 45]LogSavePackage: Moving '../../../../../../Users/p018236h/OneDrive - Staffordshire University/TGP/SoloProject/TopHatSoloProject/Saved/ThirdPersonExampleMap24AF2F8248A6A9C28597A6B9D838844E.tmp' to '../../../../../../Users/p018236h/OneDrive - Staffordshire University/TGP/SoloProject/TopHatSoloProject/Content/ThirdPersonCPP/Maps/ThirdPersonExampleMap.umap'
[2018.10.16-20.14.58:026][ 45]LogSavePackage: Moving '../../../../../../Users/p018236h/OneDrive - Staffordshire University/TGP/SoloProject/TopHatSoloProject/Saved/ThirdPersonExampleMap_BuiltData15B3E0A34C8266833963188E90D32E57.tmp' to '../../../../../../Users/p018236h/OneDrive - Staffordshire University/TGP/SoloProject/TopHatSoloProject/Content/ThirdPersonCPP/Maps/ThirdPersonExampleMap_BuiltData.uasset'
[2018.10.16-20.14.58:676][120]LogTemp: Repeating last play command: Selected Viewport
[2018.10.16-20.14.58:705][120]LogBlueprintUserMessages: Early PlayInEditor Detection: Level '/Game/ThirdPersonCPP/Maps/ThirdPersonExampleMap.ThirdPersonExampleMap:PersistentLevel' has LevelScriptBlueprint '/Game/ThirdPersonCPP/Maps/ThirdPersonExampleMap.ThirdPersonExampleMap:PersistentLevel.ThirdPersonExampleMap' with GeneratedClass '/Game/ThirdPersonCPP/Maps/ThirdPersonExampleMap.ThirdPersonExampleMap_C' with ClassGeneratedBy '/Game/ThirdPersonCPP/Maps/ThirdPersonExampleMap.ThirdPersonExampleMap:PersistentLevel.ThirdPersonExampleMap'
[2018.10.16-20.14.58:706][120]LogPlayLevel: PlayLevel: No blueprints needed recompiling
[2018.10.16-20.14.58:706][120]PIE: New page: PIE session: ThirdPersonExampleMap (16 Oct 2018 22:14:58)
[2018.10.16-20.14.58:706][120]LogPlayLevel: Creating play world package: /Game/ThirdPersonCPP/Maps/UEDPIE_0_ThirdPersonExampleMap
[2018.10.16-20.14.58:723][120]LogPlayLevel: PIE: StaticDuplicateObject took: (0.016858s)
[2018.10.16-20.14.58:724][120]LogAIModule: Creating AISystem for world ThirdPersonExampleMap
[2018.10.16-20.14.58:724][120]LogPlayLevel: PIE: World Init took: (0.001470s)
[2018.10.16-20.14.58:725][120]LogPlayLevel: PIE: Created PIE world by copying editor world from /Game/ThirdPersonCPP/Maps/ThirdPersonExampleMap.ThirdPersonExampleMap to /Game/ThirdPersonCPP/Maps/UEDPIE_0_ThirdPersonExampleMap.ThirdPersonExampleMap (0.018719s)
[2018.10.16-20.14.58:825][120]LogLoad: Game class is 'VampireGameMode_C'
[2018.10.16-20.14.58:827][120]LogWorld: Bringing World /Game/ThirdPersonCPP/Maps/UEDPIE_0_ThirdPersonExampleMap.ThirdPersonExampleMap up for play (max tick rate 0) at 2018.10.16-21.14.58
[2018.10.16-20.14.58:827][120]LogWorld: Bringing up level for play took: 0.001195
[2018.10.16-20.14.58:841][120]LogGameMode: Display: Match State Changed from EnteringMap to WaitingToStart
[2018.10.16-20.14.58:841][120]LogGameState: Match State Changed from EnteringMap to WaitingToStart
[2018.10.16-20.14.58:841][120]LogGameMode: Display: Match State Changed from WaitingToStart to InProgress
[2018.10.16-20.14.58:841][120]LogBlueprintUserMessages: [VampireGameMode_C_0] 0
[2018.10.16-20.14.58:841][120]LogGameState: Match State Changed from WaitingToStart to InProgress
[2018.10.16-20.14.58:841][120]PIE: Play in editor start time for /Game/ThirdPersonCPP/Maps/UEDPIE_0_ThirdPersonExampleMap -0.811
[2018.10.16-20.14.58:842][120]LogBlueprintUserMessages: Late PlayInEditor Detection: Level '/Game/ThirdPersonCPP/Maps/ThirdPersonExampleMap.ThirdPersonExampleMap:PersistentLevel' has LevelScriptBlueprint '/Game/ThirdPersonCPP/Maps/ThirdPersonExampleMap.ThirdPersonExampleMap:PersistentLevel.ThirdPersonExampleMap' with GeneratedClass '/Game/ThirdPersonCPP/Maps/ThirdPersonExampleMap.ThirdPersonExampleMap_C' with ClassGeneratedBy '/Game/ThirdPersonCPP/Maps/ThirdPersonExampleMap.ThirdPersonExampleMap:PersistentLevel.ThirdPersonExampleMap'
[2018.10.16-20.15.10:912][562]LogBlueprintUserMessages: Early EndPlayMap Detection: Level '/Game/ThirdPersonCPP/Maps/ThirdPersonExampleMap.ThirdPersonExampleMap:PersistentLevel' has LevelScriptBlueprint '/Game/ThirdPersonCPP/Maps/ThirdPersonExampleMap.ThirdPersonExampleMap:PersistentLevel.ThirdPersonExampleMap' with GeneratedClass '/Game/ThirdPersonCPP/Maps/ThirdPersonExampleMap.ThirdPersonExampleMap_C' with ClassGeneratedBy '/Game/ThirdPersonCPP/Maps/ThirdPersonExampleMap.ThirdPersonExampleMap:PersistentLevel.ThirdPersonExampleMap'
[2018.10.16-20.15.10:912][562]LogSlate: Updating window title bar state: overlay mode, drag disabled, window buttons hidden, title bar hidden
[2018.10.16-20.15.10:951][562]LogPlayLevel: Display: Shutting down PIE online subsystems
[2018.10.16-20.15.10:951][562]LogBlueprintUserMessages: Late EndPlayMap Detection: Level '/Game/ThirdPersonCPP/Maps/ThirdPersonExampleMap.ThirdPersonExampleMap:PersistentLevel' has LevelScriptBlueprint '/Game/ThirdPersonCPP/Maps/ThirdPersonExampleMap.ThirdPersonExampleMap:PersistentLevel.ThirdPersonExampleMap' with GeneratedClass '/Game/ThirdPersonCPP/Maps/ThirdPersonExampleMap.ThirdPersonExampleMap_C' with ClassGeneratedBy '/Game/ThirdPersonCPP/Maps/ThirdPersonExampleMap.ThirdPersonExampleMap:PersistentLevel.ThirdPersonExampleMap'
[2018.10.16-20.15.10:970][562]LogSlate: Updating window title bar state: overlay mode, drag disabled, window buttons hidden, title bar hidden
[2018.10.16-20.15.11:016][565]LogPlayLevel: Display: Destroying online subsystem :Context_5
[2018.10.16-20.16.16:460][730]LogSlate: FSceneViewport::OnFocusLost() reason 0
[2018.10.16-20.16.16:875][730]LogSlate: Window 'TopHatSoloProject - Unreal Editor' being destroyed
[2018.10.16-20.16.16:876][730]LogWindowsTextInputMethodSystem: Display: IME system now deactivated.
[2018.10.16-20.16.17:071][731]Cmd: QUIT_EDITOR
[2018.10.16-20.16.17:517][731]LogExit: Preparing to exit.
[2018.10.16-20.16.17:958][731]LogExit: Editor shut down
[2018.10.16-20.16.17:959][731]LogExit: Transaction tracking system shut down
[2018.10.16-20.16.18:355][731]LogExit: Object subsystem successfully closed.
[2018.10.16-20.16.18:379][731]LogShaderCompilers: Display: Shaders left to compile 0
[2018.10.16-20.16.18:383][731]LogD3D11RHI: Shutdown
[2018.10.16-20.16.18:383][731]LogD3D11RHI: CleanupD3DDevice
[2018.10.16-20.16.18:385][731]LogD3D11RHI: ~FD3D11DynamicRHI
[2018.10.16-20.16.18:425][731]LogModuleManager: Shutting down and abandoning module MovieSceneCapture (616)
[2018.10.16-20.16.18:425][731]LogModuleManager: Shutting down and abandoning module Voice (614)
[2018.10.16-20.16.18:425][731]LogModuleManager: Shutting down and abandoning module HierarchicalLODOutliner (612)
[2018.10.16-20.16.18:425][731]LogModuleManager: Shutting down and abandoning module SceneOutliner (610)
[2018.10.16-20.16.18:425][731]LogModuleManager: Shutting down and abandoning module AddContentDialog (608)
[2018.10.16-20.16.18:425][731]LogModuleManager: Shutting down and abandoning module WidgetCarousel (607)
[2018.10.16-20.16.18:426][731]LogModuleManager: Shutting down and abandoning module EditorWidgets (604)
[2018.10.16-20.16.18:426][731]LogModuleManager: Shutting down and abandoning module CollectionManager (602)
[2018.10.16-20.16.18:426][731]LogModuleManager: Shutting down and abandoning module StatsViewer (600)
[2018.10.16-20.16.18:426][731]LogModuleManager: Shutting down and abandoning module FoliageEdit (598)
[2018.10.16-20.16.18:426][731]LogModuleManager: Shutting down and abandoning module LandscapeEditor (596)
[2018.10.16-20.16.18:426][731]LogModuleManager: Shutting down and abandoning module MeshPaintMode (594)
[2018.10.16-20.16.18:426][731]LogModuleManager: Shutting down and abandoning module SceneDepthPickerMode (592)
[2018.10.16-20.16.18:426][731]LogModuleManager: Shutting down and abandoning module ActorPickerMode (590)
[2018.10.16-20.16.18:426][731]LogModuleManager: Shutting down and abandoning module GeometryMode (588)
[2018.10.16-20.16.18:427][731]LogModuleManager: Shutting down and abandoning module TextureAlignMode (586)
[2018.10.16-20.16.18:427][731]LogModuleManager: Shutting down and abandoning module BspMode (584)
[2018.10.16-20.16.18:427][731]LogModuleManager: Shutting down and abandoning module PIEPreviewDeviceProfileSelector (582)
[2018.10.16-20.16.18:427][731]LogModuleManager: Shutting down and abandoning module SequenceRecorderSections (580)
[2018.10.16-20.16.18:427][731]LogModuleManager: Shutting down and abandoning module AutomationWorker (578)
[2018.10.16-20.16.18:427][731]LogModuleManager: Shutting down and abandoning module AudioCaptureEditor (576)
[2018.10.16-20.16.18:427][731]LogModuleManager: Shutting down and abandoning module SequenceRecorder (575)
[2018.10.16-20.16.18:427][731]LogModuleManager: Shutting down and abandoning module MatineeToLevelSequence (572)
[2018.10.16-20.16.18:427][731]LogModuleManager: Shutting down and abandoning module LevelSequenceEditor (570)
[2018.10.16-20.16.18:427][731]LogModuleManager: Shutting down and abandoning module PlacementMode (569)
[2018.10.16-20.16.18:427][731]LogModuleManager: Shutting down and abandoning module MaterialEditor (568)
[2018.10.16-20.16.18:427][731]LogModuleManager: Shutting down and abandoning module WmfMediaFactory (564)
[2018.10.16-20.16.18:427][731]LogModuleManager: Shutting down and abandoning module WmfMediaEditor (562)
[2018.10.16-20.16.18:428][731]LogModuleManager: Shutting down and abandoning module MediaPlayerEditor (560)
[2018.10.16-20.16.18:428][731]LogModuleManager: Shutting down and abandoning module OpenExrWrapper (558)
[2018.10.16-20.16.18:428][731]LogModuleManager: Shutting down and abandoning module ImgMediaFactory (556)
[2018.10.16-20.16.18:428][731]LogModuleManager: Shutting down and abandoning module ImgMediaEditor (554)
[2018.10.16-20.16.18:428][731]LogModuleManager: Shutting down and abandoning module AvfMediaFactory (552)
[2018.10.16-20.16.18:428][731]LogModuleManager: Shutting down and abandoning module AvfMediaEditor (550)
[2018.10.16-20.16.18:428][731]LogModuleManager: Shutting down and abandoning module AndroidMediaFactory (548)
[2018.10.16-20.16.18:428][731]LogModuleManager: Shutting down and abandoning module AndroidMediaEditor (546)
[2018.10.16-20.16.18:428][731]LogModuleManager: Shutting down and abandoning module MagicLeapCameraPreviewFactory (544)
[2018.10.16-20.16.18:428][731]LogModuleManager: Shutting down and abandoning module MagicLeapMediaFactory (542)
[2018.10.16-20.16.18:428][731]LogModuleManager: Shutting down and abandoning module MagicLeapMediaEditor (540)
[2018.10.16-20.16.18:428][731]LogModuleManager: Shutting down and abandoning module CharacterAI (538)
[2018.10.16-20.16.18:428][731]LogModuleManager: Shutting down and abandoning module SmartSnapping (536)
[2018.10.16-20.16.18:428][731]LogModuleManager: Shutting down and abandoning module SessionServices (534)
[2018.10.16-20.16.18:429][731]LogModuleManager: Shutting down and abandoning module ViewportSnapping (532)
[2018.10.16-20.16.18:429][731]LogModuleManager: Shutting down and abandoning module ViewportInteraction (530)
[2018.10.16-20.16.18:429][731]LogModuleManager: Shutting down and abandoning module ClothPainter (528)
[2018.10.16-20.16.18:429][731]LogModuleManager: Shutting down and abandoning module SkeletalMeshEditor (527)
[2018.10.16-20.16.18:429][731]LogModuleManager: Shutting down and abandoning module LogVisualizer (524)
[2018.10.16-20.16.18:429][731]LogModuleManager: Shutting down and abandoning module IntroTutorials (522)
[2018.10.16-20.16.18:429][731]LogModuleManager: Shutting down and abandoning module GameProjectGeneration (521)
[2018.10.16-20.16.18:429][731]LogModuleManager: Shutting down and abandoning module LuminPlatformEditor (518)
[2018.10.16-20.16.18:429][731]LogModuleManager: Shutting down and abandoning module IOSPlatformEditor (516)
[2018.10.16-20.16.18:429][731]LogModuleManager: Shutting down and abandoning module HTML5PlatformEditor (514)
[2018.10.16-20.16.18:429][731]LogModuleManager: Shutting down and abandoning module AndroidPlatformEditor (512)
[2018.10.16-20.16.18:430][731]LogModuleManager: Shutting down and abandoning module AndroidDeviceDetection (511)
[2018.10.16-20.16.19:404][731]LogModuleManager: Shutting down and abandoning module WindowsPlatformEditor (508)
[2018.10.16-20.16.19:404][731]LogModuleManager: Shutting down and abandoning module LuminRuntimeSettings (506)
[2018.10.16-20.16.19:404][731]LogModuleManager: Shutting down and abandoning module IOSRuntimeSettings (504)
[2018.10.16-20.16.19:404][731]LogModuleManager: Shutting down and abandoning module AndroidRuntimeSettings (502)
[2018.10.16-20.16.19:404][731]LogModuleManager: Shutting down and abandoning module InputBindingEditor (500)
[2018.10.16-20.16.19:405][731]LogModuleManager: Shutting down and abandoning module MergeActors (498)
[2018.10.16-20.16.19:405][731]LogModuleManager: Shutting down and abandoning module LocalizationDashboard (496)
[2018.10.16-20.16.19:405][731]LogModuleManager: Shutting down and abandoning module LocalizationService (495)
[2018.10.16-20.16.19:405][731]LogModuleManager: Shutting down and abandoning module HardwareTargeting (492)
[2018.10.16-20.16.19:405][731]LogModuleManager: Shutting down and abandoning module DeviceProfileEditor (490)
[2018.10.16-20.16.19:405][731]LogModuleManager: Shutting down and abandoning module UndoHistory (488)
[2018.10.16-20.16.19:405][731]LogModuleManager: Shutting down and abandoning module XmlParser (486)
[2018.10.16-20.16.19:405][731]LogModuleManager: Shutting down and abandoning module Blutility (484)
[2018.10.16-20.16.19:405][731]LogModuleManager: Shutting down and abandoning module ProjectSettingsViewer (482)
[2018.10.16-20.16.19:406][731]LogModuleManager: Shutting down and abandoning module ProjectTargetPlatformEditor (481)
[2018.10.16-20.16.19:406][731]LogModuleManager: Shutting down and abandoning module EditorSettingsViewer (478)
[2018.10.16-20.16.19:406][731]LogModuleManager: Shutting down and abandoning module SettingsEditor (476)
[2018.10.16-20.16.19:406][731]LogModuleManager: Shutting down and abandoning module ProjectLauncher (474)
[2018.10.16-20.16.19:406][731]LogModuleManager: Shutting down and abandoning module SessionFrontend (472)
[2018.10.16-20.16.19:406][731]LogModuleManager: Shutting down and abandoning module ProfilerClient (470)
[2018.10.16-20.16.19:406][731]LogModuleManager: Shutting down and abandoning module DeviceManager (468)
[2018.10.16-20.16.19:406][731]LogModuleManager: Shutting down and abandoning module TargetDeviceServices (467)
[2018.10.16-20.16.19:472][731]LogModuleManager: Shutting down and abandoning module AutomationController (464)
[2018.10.16-20.16.19:472][731]LogModuleManager: Shutting down and abandoning module AutomationWindow (462)
[2018.10.16-20.16.19:472][731]LogModuleManager: Shutting down and abandoning module Layers (460)
[2018.10.16-20.16.19:472][731]LogModuleManager: Shutting down and abandoning module ComponentVisualizers (458)
[2018.10.16-20.16.19:472][731]LogModuleManager: Shutting down and abandoning module DetailCustomizations (456)
[2018.10.16-20.16.19:472][731]LogModuleManager: Shutting down and abandoning module PackagesDialog (454)
[2018.10.16-20.16.19:472][731]LogModuleManager: Shutting down and abandoning module Persona (452)
[2018.10.16-20.16.19:472][731]LogModuleManager: Shutting down and abandoning module AdvancedPreviewScene (451)
[2018.10.16-20.16.19:473][731]LogModuleManager: Shutting down and abandoning module AnimGraph (449)
[2018.10.16-20.16.19:473][731]LogModuleManager: Shutting down and abandoning module Kismet (446)
[2018.10.16-20.16.19:473][731]LogModuleManager: Shutting down and abandoning module GraphEditor (444)
[2018.10.16-20.16.19:473][731]LogModuleManager: Shutting down and abandoning module ClassViewer (442)
[2018.10.16-20.16.19:473][731]LogModuleManager: Shutting down and abandoning module Toolbox (440)
[2018.10.16-20.16.19:473][731]LogModuleManager: Shutting down and abandoning module DesktopPlatform (439)
[2018.10.16-20.16.19:473][731]LogModuleManager: Shutting down and abandoning module ModuleUI (436)
[2018.10.16-20.16.19:474][731]LogModuleManager: Shutting down and abandoning module MovieSceneTools (434)
[2018.10.16-20.16.19:474][731]LogModuleManager: Shutting down and abandoning module OutputLog (432)
[2018.10.16-20.16.19:474][731]LogModuleManager: Shutting down and abandoning module GammaUI (430)
[2018.10.16-20.16.19:474][731]LogModuleManager: Shutting down and abandoning module Documentation (428)
[2018.10.16-20.16.19:474][731]LogModuleManager: Shutting down and abandoning module MovieSceneTracks (426)
[2018.10.16-20.16.19:474][731]LogModuleManager: Shutting down and abandoning module MovieScene (424)
[2018.10.16-20.16.19:474][731]LogModuleManager: Shutting down and abandoning module StreamingPauseRendering (422)
[2018.10.16-20.16.19:474][731]LogModuleManager: Shutting down and abandoning module LauncherPlatform (420)
[2018.10.16-20.16.19:474][731]LogModuleManager: Shutting down and abandoning module AnalyticsET (418)
[2018.10.16-20.16.19:474][731]LogModuleManager: Shutting down and abandoning module PortalServices (416)
[2018.10.16-20.16.19:474][731]LogModuleManager: Shutting down and abandoning module PortalRpc (414)
[2018.10.16-20.16.19:474][731]LogModuleManager: Shutting down and abandoning module MessagingRpc (412)
[2018.10.16-20.16.19:474][731]LogModuleManager: Shutting down and abandoning module AIModule (410)
[2018.10.16-20.16.19:475][731]LogModuleManager: Shutting down and abandoning module GameplayDebugger (409)
[2018.10.16-20.16.19:475][731]LogModuleManager: Shutting down and abandoning module AITestSuite (407)
[2018.10.16-20.16.19:475][731]LogModuleManager: Shutting down and abandoning module NavigationSystem (405)
[2018.10.16-20.16.19:475][731]LogModuleManager: Shutting down and abandoning module ProfilerService (402)
[2018.10.16-20.16.19:508][731]LogModuleManager: Shutting down and abandoning module TaskGraph (400)
[2018.10.16-20.16.19:508][731]LogModuleManager: Shutting down and abandoning module SteamVRController (398)
[2018.10.16-20.16.19:508][731]LogModuleManager: Shutting down and abandoning module ProceduralMeshComponentEditor (396)
[2018.10.16-20.16.19:508][731]LogModuleManager: Shutting down and abandoning module ProceduralMeshComponent (394)
[2018.10.16-20.16.19:508][731]LogModuleManager: Shutting down and abandoning module OculusInput (392)
[2018.10.16-20.16.19:508][731]LogModuleManager: Shutting down and abandoning module MobilePatchingUtils (390)
[2018.10.16-20.16.19:508][731]LogModuleManager: Shutting down and abandoning module EditableMesh (388)
[2018.10.16-20.16.19:508][731]LogModuleManager: Shutting down and abandoning module CustomMeshComponent (386)
[2018.10.16-20.16.19:508][731]LogModuleManager: Shutting down and abandoning module CableComponent (384)
[2018.10.16-20.16.19:509][731]LogModuleManager: Shutting down and abandoning module AudioCapture (382)
[2018.10.16-20.16.19:509][731]LogModuleManager: Shutting down and abandoning module ArchVisCharacter (380)
[2018.10.16-20.16.19:509][731]LogModuleManager: Shutting down and abandoning module AndroidPermission (378)
[2018.10.16-20.16.19:509][731]LogModuleManager: Shutting down and abandoning module NUTUnrealEngine4 (376)
[2018.10.16-20.16.19:509][731]LogModuleManager: Shutting down and abandoning module NetcodeUnitTest (374)
[2018.10.16-20.16.19:509][731]LogModuleManager: Shutting down and abandoning module MediaCompositingEditor (372)
[2018.10.16-20.16.19:509][731]LogModuleManager: Shutting down and abandoning module MediaCompositing (370)
[2018.10.16-20.16.19:509][731]LogModuleManager: Shutting down and abandoning module LinearTimecode (368)
[2018.10.16-20.16.19:509][731]LogModuleManager: Shutting down and abandoning module ImgMedia (366)
[2018.10.16-20.16.19:516][731]LogModuleManager: Shutting down and abandoning module HTML5Networking (364)
[2018.10.16-20.16.19:516][731]LogModuleManager: Shutting down and abandoning module GeometryCacheTracks (362)
[2018.10.16-20.16.19:516][731]LogModuleManager: Shutting down and abandoning module GeometryCacheSequencer (360)
[2018.10.16-20.16.19:516][731]LogModuleManager: Shutting down and abandoning module BackChannel (358)
[2018.10.16-20.16.19:516][731]LogModuleManager: Shutting down and abandoning module AppleVision (356)
[2018.10.16-20.16.19:516][731]LogModuleManager: Shutting down and abandoning module AppleImageUtils (354)
[2018.10.16-20.16.19:516][731]LogModuleManager: Shutting down and abandoning module AlembicImporter (352)
[2018.10.16-20.16.19:516][731]LogModuleManager: Shutting down and abandoning module AlembicLibrary (351)
[2018.10.16-20.16.19:516][731]LogModuleManager: Shutting down and abandoning module GeometryCache (350)
[2018.10.16-20.16.19:516][731]LogModuleManager: Shutting down and abandoning module GeometryCacheEd (349)
[2018.10.16-20.16.19:516][731]LogModuleManager: Shutting down and abandoning module DatasmithContentEditor (344)
[2018.10.16-20.16.19:516][731]LogModuleManager: Shutting down and abandoning module DatasmithContent (342)
[2018.10.16-20.16.19:518][731]LogModuleManager: Shutting down and abandoning module SpeedTreeImporter (340)
[2018.10.16-20.16.19:518][731]LogModuleManager: Shutting down and abandoning module PluginBrowser (338)
[2018.10.16-20.16.19:518][731]LogModuleManager: Shutting down and abandoning module MobileLauncherProfileWizard (336)
[2018.10.16-20.16.19:518][731]LogModuleManager: Shutting down and abandoning module PolygonModeling (334)
[2018.10.16-20.16.19:518][731]LogModuleManager: Shutting down and abandoning module MeshEditor (332)
[2018.10.16-20.16.19:518][731]LogModuleManager: Shutting down and abandoning module CryptoKeysOpenSSL (330)
[2018.10.16-20.16.19:518][731]LogModuleManager: Shutting down and abandoning module CryptoKeys (328)
[2018.10.16-20.16.19:518][731]LogModuleManager: Shutting down and abandoning module VisualStudioSourceCodeAccess (326)
[2018.10.16-20.16.19:518][731]LogModuleManager: Shutting down and abandoning module VisualStudioCodeSourceCodeAccess (324)
[2018.10.16-20.16.19:519][731]LogModuleManager: Shutting down and abandoning module UObjectPlugin (322)
[2018.10.16-20.16.19:519][731]LogModuleManager: Shutting down and abandoning module SubversionSourceControl (320)
[2018.10.16-20.16.19:519][731]LogModuleManager: Shutting down and abandoning module PerforceSourceControl (318)
[2018.10.16-20.16.19:519][731]LogModuleManager: Shutting down and abandoning module GitSourceControl (316)
[2018.10.16-20.16.19:519][731]LogModuleManager: Shutting down and abandoning module SourceControl (315)
[2018.10.16-20.16.19:519][731]LogModuleManager: Shutting down and abandoning module CLionSourceCodeAccess (312)
[2018.10.16-20.16.19:519][731]LogModuleManager: Shutting down and abandoning module LightPropagationVolumeEditor (310)
[2018.10.16-20.16.19:519][731]LogModuleManager: Shutting down and abandoning module PaperTiledImporter (308)
[2018.10.16-20.16.19:519][731]LogModuleManager: Shutting down and abandoning module PaperSpriteSheetImporter (306)
[2018.10.16-20.16.19:519][731]LogModuleManager: Shutting down and abandoning module Paper2DEditor (304)
[2018.10.16-20.16.19:519][731]LogModuleManager: Shutting down and abandoning module MeshPaint (303)
[2018.10.16-20.16.19:519][731]LogModuleManager: Shutting down and abandoning module TopHatSoloProject (300)
[2018.10.16-20.16.19:520][731]LogModuleManager: Shutting down and abandoning module RuntimePhysXCooking (298)
[2018.10.16-20.16.19:520][731]LogModuleManager: Shutting down and abandoning module PhysXVehiclesEditor (296)
[2018.10.16-20.16.19:520][731]LogModuleManager: Shutting down and abandoning module PhysXVehicles (294)
[2018.10.16-20.16.19:520][731]LogModuleManager: Shutting down and abandoning module OculusEditor (292)
[2018.10.16-20.16.19:520][731]LogModuleManager: Shutting down and abandoning module LocationServicesBPLibrary (290)
[2018.10.16-20.16.19:520][731]LogModuleManager: Shutting down and abandoning module ImmediatePhysicsEditor (288)
[2018.10.16-20.16.19:520][731]LogModuleManager: Shutting down and abandoning module ImmediatePhysics (286)
[2018.10.16-20.16.19:520][731]LogModuleManager: Shutting down and abandoning module ActorSequence (284)
[2018.10.16-20.16.19:520][731]LogModuleManager: Shutting down and abandoning module UdpMessaging (282)
[2018.10.16-20.16.19:620][731]LogModuleManager: Shutting down and abandoning module TcpMessaging (280)
[2018.10.16-20.16.19:721][731]LogModuleManager: Shutting down and abandoning module MagicLeapAudio (278)
[2018.10.16-20.16.19:721][731]LogModuleManager: Shutting down and abandoning module GameplayTagsEditor (276)
[2018.10.16-20.16.19:721][731]LogModuleManager: Shutting down and abandoning module FacialAnimationEditor (274)
[2018.10.16-20.16.19:721][731]LogModuleManager: Shutting down and abandoning module FacialAnimation (272)
[2018.10.16-20.16.19:721][731]LogModuleManager: Shutting down and abandoning module DataValidation (270)
[2018.10.16-20.16.19:721][731]LogModuleManager: Shutting down and abandoning module AssetManagerEditor (268)
[2018.10.16-20.16.19:721][731]LogModuleManager: Shutting down and abandoning module LevelEditor (267)
[2018.10.16-20.16.19:722][731]LogModuleManager: Shutting down and abandoning module PixelInspectorModule (266)
[2018.10.16-20.16.19:722][731]LogModuleManager: Shutting down and abandoning module CommonMenuExtensions (264)
[2018.10.16-20.16.19:722][731]LogModuleManager: Shutting down and abandoning module MainFrame (262)
[2018.10.16-20.16.19:722][731]LogModuleManager: Shutting down and abandoning module HotReload (261)
[2018.10.16-20.16.19:723][731]LogModuleManager: Shutting down and abandoning module ContentBrowser (257)
[2018.10.16-20.16.19:724][731]LogModuleManager: Shutting down and abandoning module TreeMap (255)
[2018.10.16-20.16.19:724][731]LogModuleManager: Shutting down and abandoning module LightPropagationVolumeRuntime (252)
[2018.10.16-20.16.19:724][731]LogModuleManager: Shutting down and abandoning module AISupportModule (250)
[2018.10.16-20.16.19:724][731]LogModuleManager: Shutting down and abandoning module Paper2D (248)
[2018.10.16-20.16.19:724][731]LogModuleManager: Shutting down and abandoning module WindowsMoviePlayer (246)
[2018.10.16-20.16.19:725][731]LogModuleManager: Shutting down and abandoning module WmfMedia (244)
[2018.10.16-20.16.19:732][731]LogModuleManager: Shutting down and abandoning module Media (243)
[2018.10.16-20.16.19:739][731]LogModuleManager: Shutting down and abandoning module PacketHandler (240)
[2018.10.16-20.16.19:739][731]LogModuleManager: Shutting down and abandoning module ClothingSystemEditor (238)
[2018.10.16-20.16.19:739][731]LogModuleManager: Shutting down and abandoning module ClothingSystemRuntime (236)
[2018.10.16-20.16.19:739][731]LogModuleManager: Shutting down and abandoning module MediaAssets (234)
[2018.10.16-20.16.19:739][731]LogModuleManager: Shutting down and abandoning module Overlay (232)
[2018.10.16-20.16.19:739][731]LogModuleManager: Shutting down and abandoning module OverlayEditor (231)
[2018.10.16-20.16.19:739][731]LogModuleManager: Shutting down and abandoning module VREditor (228)
[2018.10.16-20.16.19:739][731]LogModuleManager: Shutting down and abandoning module StringTableEditor (226)
[2018.10.16-20.16.19:739][731]LogModuleManager: Shutting down and abandoning module GameplayTasksEditor (224)
[2018.10.16-20.16.19:739][731]LogModuleManager: Shutting down and abandoning module BehaviorTreeEditor (222)
[2018.10.16-20.16.19:739][731]LogModuleManager: Shutting down and abandoning module FunctionalTesting (220)
[2018.10.16-20.16.19:739][731]LogModuleManager: Shutting down and abandoning module CollisionAnalyzer (218)
[2018.10.16-20.16.19:739][731]LogModuleManager: Shutting down and abandoning module WorkspaceMenuStructure (217)
[2018.10.16-20.16.19:740][731]LogModuleManager: Shutting down and abandoning module UMG (214)
[2018.10.16-20.16.19:740][731]LogModuleManager: Shutting down and abandoning module UMGEditor (213)
[2018.10.16-20.16.19:740][731]LogModuleManager: Shutting down and abandoning module Sequencer (212)
[2018.10.16-20.16.19:740][731]LogModuleManager: Shutting down and abandoning module MessageLog (209)
[2018.10.16-20.16.19:740][731]LogModuleManager: Shutting down and abandoning module SlateReflector (204)
[2018.10.16-20.16.19:740][731]LogModuleManager: Shutting down and abandoning module Slate (202)
[2018.10.16-20.16.19:740][731]LogModuleManager: Shutting down and abandoning module EditorStyle (200)
[2018.10.16-20.16.19:741][731]LogModuleManager: Shutting down and abandoning module MRMesh (198)
[2018.10.16-20.16.19:742][731]LogModuleManager: Shutting down and abandoning module SourceCodeAccess (196)
[2018.10.16-20.16.19:742][731]LogModuleManager: Shutting down and abandoning module HeadMountedDisplay (194)
[2018.10.16-20.16.19:742][731]LogModuleManager: Shutting down and abandoning module XAudio2 (192)
[2018.10.16-20.16.19:742][731]LogModuleManager: Shutting down and abandoning module Networking (190)
[2018.10.16-20.16.19:742][731]LogModuleManager: Shutting down and abandoning module Core (188)
[2018.10.16-20.16.19:742][731]LogModuleManager: Shutting down and abandoning module LevelSequence (186)
[2018.10.16-20.16.19:742][731]LogModuleManager: Shutting down and abandoning module KismetCompiler (184)
[2018.10.16-20.16.19:742][731]LogModuleManager: Shutting down and abandoning module MeshUtilities (182)
[2018.10.16-20.16.19:742][731]LogModuleManager: Shutting down and abandoning module MeshMergeUtilities (181)
[2018.10.16-20.16.19:742][731]LogModuleManager: Shutting down and abandoning module MeshReductionInterface (180)
[2018.10.16-20.16.19:742][731]LogModuleManager: Shutting down and abandoning module SimplygonSwarm (179)
[2018.10.16-20.16.19:742][731]LogModuleManager: Shutting down and abandoning module ProxyLODMeshReduction (177)
[2018.10.16-20.16.19:742][731]LogModuleManager: Shutting down and abandoning module SimplygonMeshReduction (175)
[2018.10.16-20.16.19:742][731]LogModuleManager: Shutting down and abandoning module QuadricMeshReduction (173)
[2018.10.16-20.16.19:742][731]LogModuleManager: Shutting down and abandoning module MaterialBaking (169)
[2018.10.16-20.16.19:743][731]LogModuleManager: Shutting down and abandoning module DirectoryWatcher (165)
[2018.10.16-20.16.19:747][731]LogModuleManager: Shutting down and abandoning module DerivedDataCache (162)
[2018.10.16-20.16.19:825][731]LogDerivedDataCache: Shutdown
[2018.10.16-20.16.19:825][731]LogModuleManager: Shutting down and abandoning module XGEController (160)
[2018.10.16-20.16.19:825][731]LogXGEController: Cleaning working directory: C:/Users/p018236h/AppData/Local/Temp/UnrealXGEWorkingDir/
[2018.10.16-20.16.19:826][731]LogModuleManager: Shutting down and abandoning module TargetPlatform (158)
[2018.10.16-20.16.19:826][731]LogModuleManager: Shutting down and abandoning module VulkanShaderFormat (157)
[2018.10.16-20.16.19:826][731]LogModuleManager: Shutting down and abandoning module ShaderFormatVectorVM (155)
[2018.10.16-20.16.19:826][731]LogModuleManager: Shutting down and abandoning module ShaderFormatOpenGL (153)
[2018.10.16-20.16.19:826][731]LogModuleManager: Shutting down and abandoning module ShaderFormatD3D (151)
[2018.10.16-20.16.19:826][731]LogModuleManager: Shutting down and abandoning module MetalShaderFormat (149)
[2018.10.16-20.16.19:826][731]LogModuleManager: Shutting down and abandoning module TextureFormatUncompressed (147)
[2018.10.16-20.16.19:826][731]LogModuleManager: Shutting down and abandoning module TextureFormatPVR (145)
[2018.10.16-20.16.19:826][731]LogModuleManager: Shutting down and abandoning module TextureFormatDXT (143)
[2018.10.16-20.16.19:826][731]LogModuleManager: Shutting down and abandoning module TextureFormatIntelISPCTexComp (141)
[2018.10.16-20.16.19:828][731]LogModuleManager: Shutting down and abandoning module TextureFormatASTC (139)
[2018.10.16-20.16.19:828][731]LogModuleManager: Shutting down and abandoning module ImageWrapper (138)
[2018.10.16-20.16.19:828][731]LogModuleManager: Shutting down and abandoning module TextureFormatAndroid (135)
[2018.10.16-20.16.19:828][731]LogModuleManager: Shutting down and abandoning module AudioFormatOpus (133)
[2018.10.16-20.16.19:828][731]LogModuleManager: Shutting down and abandoning module AudioFormatOgg (131)
[2018.10.16-20.16.19:828][731]LogModuleManager: Shutting down and abandoning module AudioFormatADPCM (129)
[2018.10.16-20.16.19:828][731]LogModuleManager: Shutting down and abandoning module LuminTargetPlatform (127)
[2018.10.16-20.16.19:829][731]LogModuleManager: Shutting down and abandoning module LinuxTargetPlatform (125)
[2018.10.16-20.16.19:829][731]LogModuleManager: Shutting down and abandoning module LinuxServerTargetPlatform (123)
[2018.10.16-20.16.19:829][731]LogModuleManager: Shutting down and abandoning module LinuxNoEditorTargetPlatform (121)
[2018.10.16-20.16.19:829][731]LogModuleManager: Shutting down and abandoning module LinuxClientTargetPlatform (119)
[2018.10.16-20.16.19:829][731]LogModuleManager: Shutting down and abandoning module TVOSTargetPlatform (117)
[2018.10.16-20.16.19:831][731]LogModuleManager: Shutting down and abandoning module Messaging (115)
[2018.10.16-20.16.19:831][731]LogModuleManager: Shutting down and abandoning module IOSTargetPlatform (113)
[2018.10.16-20.16.19:832][731]LogModuleManager: Shutting down and abandoning module HTML5TargetPlatform (111)
[2018.10.16-20.16.19:832][731]LogModuleManager: Shutting down and abandoning module AndroidTargetPlatform (109)
[2018.10.16-20.16.19:839][731]LogModuleManager: Shutting down and abandoning module WindowsTargetPlatform (107)
[2018.10.16-20.16.19:839][731]LogModuleManager: Shutting down and abandoning module WindowsServerTargetPlatform (105)
[2018.10.16-20.16.19:840][731]LogModuleManager: Shutting down and abandoning module WindowsNoEditorTargetPlatform (103)
[2018.10.16-20.16.19:840][731]LogModuleManager: Shutting down and abandoning module WindowsClientTargetPlatform (101)
[2018.10.16-20.16.19:840][731]LogModuleManager: Shutting down and abandoning module MacTargetPlatform (99)
[2018.10.16-20.16.19:840][731]LogModuleManager: Shutting down and abandoning module MacServerTargetPlatform (97)
[2018.10.16-20.16.19:840][731]LogModuleManager: Shutting down and abandoning module MacNoEditorTargetPlatform (95)
[2018.10.16-20.16.19:840][731]LogModuleManager: Shutting down and abandoning module MacClientTargetPlatform (93)
[2018.10.16-20.16.19:840][731]LogModuleManager: Shutting down and abandoning module AllDesktopTargetPlatform (91)
[2018.10.16-20.16.19:840][731]LogModuleManager: Shutting down and abandoning module InputCore (88)
[2018.10.16-20.16.19:840][731]LogModuleManager: Shutting down and abandoning module Settings (86)
[2018.10.16-20.16.19:840][731]LogModuleManager: Shutting down and abandoning module PhysXCooking (84)
[2018.10.16-20.16.19:840][731]LogModuleManager: Shutting down and abandoning module SteamVR (82)
[2018.10.16-20.16.19:840][731]LogModuleManager: Shutting down and abandoning module OculusHMD (80)
[2018.10.16-20.16.19:840][731]LogModuleManager: Shutting down and abandoning module ExampleDeviceProfileSelector (78)
[2018.10.16-20.16.19:840][731]LogModuleManager: Shutting down and abandoning module LauncherChunkInstaller (76)
[2018.10.16-20.16.19:841][731]LogModuleManager: Shutting down and abandoning module OnlineBlueprintSupport (74)
[2018.10.16-20.16.19:841][731]LogModuleManager: Shutting down and abandoning module OnlineSubsystem (70)
[2018.10.16-20.16.19:843][731]LogModuleManager: Shutting down and abandoning module XMPP (65)
[2018.10.16-20.16.19:843][731]LogModuleManager: Shutting down and abandoning module WebSockets (64)
[2018.10.16-20.16.19:876][731]LogModuleManager: Shutting down and abandoning module HTTP (61)
[2018.10.16-20.16.19:876][731]LogHttp: Display: Http module shutting down, but needs to wait on 1 outstanding Http requests:
[2018.10.16-20.16.19:876][731]LogHttp: Display: 	verb=[POST] url=[https://datarouter.ol.epicgames.com/datarouter/api/v1/public/data?SessionID=%7B14EFAA5D-488C-AA5F-1AAF-A2B381AFFA7F%7D&AppID=UEEditor.Rocket.Release&AppVersion=4.20.3-4369336%2B%2B%2BUE4%2BRelease-4.20&UserID=21ff4f114e2fb4ed4615749b5667c09d%7C%7Ca650aef5-673e-42ff-826c-2ffa1c01b24b&AppEnvironment=datacollector-binary&UploadType=eteventstream] status=Processing
[2018.10.16-20.16.19:907][731]LogModuleManager: Shutting down and abandoning module SSL (60)
[2018.10.16-20.16.19:908][731]LogModuleManager: Shutting down and abandoning module MagicLeapEmulator (56)
[2018.10.16-20.16.19:908][731]LogModuleManager: Shutting down and abandoning module MagicLeapPrivileges (54)
[2018.10.16-20.16.19:908][731]LogModuleManager: Shutting down and abandoning module MagicLeapIdentity (52)
[2018.10.16-20.16.19:908][731]LogModuleManager: Shutting down and abandoning module MagicLeapHelperVulkan (50)
[2018.10.16-20.16.19:908][731]LogModuleManager: Shutting down and abandoning module MagicLeapHelperOpenGL (48)
[2018.10.16-20.16.19:908][731]LogModuleManager: Shutting down and abandoning module MagicLeapSecureStorage (46)
[2018.10.16-20.16.19:909][731]LogModuleManager: Shutting down and abandoning module MagicLeapGestures (44)
[2018.10.16-20.16.19:909][731]LogModuleManager: Shutting down and abandoning module MagicLeapEyeTracker (42)
[2018.10.16-20.16.19:909][731]LogModuleManager: Shutting down and abandoning module MagicLeapController (40)
[2018.10.16-20.16.19:909][731]LogSlate: Slate User Destroyed.  User Index 0, Is Virtual User: 0
[2018.10.16-20.16.19:909][731]LogModuleManager: Shutting down and abandoning module MagicLeap (38)
[2018.10.16-20.16.19:909][731]LogModuleManager: Shutting down and abandoning module AnimationModifiers (36)
[2018.10.16-20.16.19:909][731]LogModuleManager: Shutting down and abandoning module PropertyEditor (35)
[2018.10.16-20.16.19:909][731]LogModuleManager: Shutting down and abandoning module AudioEditor (32)
[2018.10.16-20.16.19:909][731]LogModuleManager: Shutting down and abandoning module TextureCompressor (30)
[2018.10.16-20.16.19:912][731]LogModuleManager: Shutting down and abandoning module ShaderCore (28)
[2018.10.16-20.16.19:912][731]LogModuleManager: Shutting down and abandoning module Landscape (26)
[2018.10.16-20.16.19:912][731]LogModuleManager: Shutting down and abandoning module SlateRHIRenderer (24)
[2018.10.16-20.16.19:912][731]LogModuleManager: Shutting down and abandoning module OpenGLDrv (22)
[2018.10.16-20.16.19:912][731]LogModuleManager: Shutting down and abandoning module D3D11RHI (20)
[2018.10.16-20.16.19:912][731]LogModuleManager: Shutting down and abandoning module AnimGraphRuntime (18)
[2018.10.16-20.16.19:912][731]LogModuleManager: Shutting down and abandoning module Renderer (16)
[2018.10.16-20.16.19:912][731]LogModuleManager: Shutting down and abandoning module Engine (14)
[2018.10.16-20.16.19:913][731]LogModuleManager: Shutting down and abandoning module CoreUObject (12)
[2018.10.16-20.16.19:913][731]LogModuleManager: Shutting down and abandoning module NetworkFile (10)
[2018.10.16-20.16.19:913][731]LogModuleManager: Shutting down and abandoning module CookedIterativeFile (8)
[2018.10.16-20.16.19:913][731]LogModuleManager: Shutting down and abandoning module StreamingFile (6)
[2018.10.16-20.16.19:913][731]LogModuleManager: Shutting down and abandoning module SandboxFile (4)
[2018.10.16-20.16.19:913][731]LogModuleManager: Shutting down and abandoning module PakFile (2)
[2018.10.16-20.16.19:925][731]LogExit: Exiting.
[2018.10.16-20.16.19:932][731]Log file closed, 10/16/18 21:16:19
