Log file open, 10/19/18 12:07:35
LogWindows: Failed to load 'aqProf.dll' (GetLastError=126)
LogWindows: File 'aqProf.dll' does not exist
LogWindows: Failed to load 'VSPerf140.dll' (GetLastError=126)
LogWindows: File 'VSPerf140.dll' does not exist
LogWindows: Failed to load 'VtuneApi.dll' (GetLastError=126)
LogWindows: File 'VtuneApi.dll' does not exist
LogWindows: Failed to load 'VtuneApi32e.dll' (GetLastError=126)
LogWindows: File 'VtuneApi32e.dll' does not exist
LogInit: Display: Running engine for game: TopHatSoloProject
LogPlatformFile: Not using cached read wrapper
LogTaskGraph: Started task graph with 5 named threads and 14 total threads with 3 sets of task threads.
LogStats: Stats thread started at 4.338270
LogD3D11RHI: Loaded GFSDK_Aftermath_Lib.x64.dll
LogICUInternationalization: Display: ICU TimeZone Detection - Raw Offset: +0:00, Platform Override: ''
LogConfig: Warning: Failed to saved backup for config[Engine]
LogConfig: Warning: Failed to saved backup for config[Game]
LogConfig: Warning: Failed to saved backup for config[Input]
LogConfig: Warning: Failed to saved backup for config[Editor]
LogConfig: Warning: Failed to saved backup for config[EditorSettings]
LogConfig: Warning: Failed to saved backup for config[Lightmass]
LogConfig: Warning: Failed to saved backup for config[GameUserSettings]
LogPluginManager: Mounting plugin Paper2D
LogConfig: Warning: Failed to saved backup for config[Paper2D]
LogPluginManager: Mounting plugin AISupport
LogPluginManager: Mounting plugin LightPropagationVolume
LogPluginManager: Mounting plugin CLionSourceCodeAccess
LogPluginManager: Mounting plugin CodeLiteSourceCodeAccess
LogPluginManager: Mounting plugin GitSourceControl
LogPluginManager: Mounting plugin KDevelopSourceCodeAccess
LogPluginManager: Mounting plugin NullSourceCodeAccess
LogConfig: Warning: Failed to saved backup for config[NullSourceCodeAccess]
LogPluginManager: Mounting plugin PerforceSourceControl
LogPluginManager: Mounting plugin SubversionSourceControl
LogConfig: Warning: Failed to saved backup for config[SubversionSourceControl]
LogPluginManager: Mounting plugin UObjectPlugin
LogPluginManager: Mounting plugin VisualStudioCodeSourceCodeAccess
LogConfig: Warning: Failed to saved backup for config[VisualStudioCodeSourceCodeAccess]
LogPluginManager: Mounting plugin VisualStudioSourceCodeAccess
LogPluginManager: Mounting plugin XCodeSourceCodeAccess
LogPluginManager: Mounting plugin AssetManagerEditor
LogConfig: Warning: Failed to saved backup for config[AssetManagerEditor]
LogPluginManager: Mounting plugin CryptoKeys
LogConfig: Warning: Failed to saved backup for config[CryptoKeys]
LogPluginManager: Mounting plugin DataValidation
LogPluginManager: Mounting plugin FacialAnimation
LogConfig: Warning: Failed to saved backup for config[FacialAnimation]
LogPluginManager: Mounting plugin GameplayTagsEditor
LogPluginManager: Mounting plugin MacGraphicsSwitching
LogConfig: Warning: Failed to saved backup for config[MacGraphicsSwitching]
LogPluginManager: Mounting plugin MeshEditor
LogPluginManager: Mounting plugin MobileLauncherProfileWizard
LogPluginManager: Mounting plugin PluginBrowser
LogPluginManager: Mounting plugin SpeedTreeImporter
LogPluginManager: Mounting plugin DatasmithContent
LogPluginManager: Mounting plugin AlembicImporter
LogPluginManager: Mounting plugin AppleImageUtils
LogConfig: Warning: Failed to saved backup for config[AppleImageUtils]
LogPluginManager: Mounting plugin AppleVision
LogPluginManager: Mounting plugin BackChannel
LogConfig: Warning: Failed to saved backup for config[BackChannel]
LogPluginManager: Mounting plugin CharacterAI
LogPluginManager: Mounting plugin GeometryCache
LogPluginManager: Mounting plugin HTML5Networking
LogPluginManager: Mounting plugin ProxyLODPlugin
LogPluginManager: Mounting plugin MagicLeap
LogPluginManager: Mounting plugin MagicLeapEmulator
LogPluginManager: Mounting plugin MagicLeapMedia
LogPluginManager: Mounting plugin AndroidMedia
LogConfig: Warning: Failed to saved backup for config[AndroidMedia]
LogPluginManager: Mounting plugin AvfMedia
LogPluginManager: Mounting plugin ImgMedia
LogPluginManager: Mounting plugin LinearTimecode
LogPluginManager: Mounting plugin MediaCompositing
LogPluginManager: Mounting plugin MediaPlayerEditor
LogPluginManager: Mounting plugin WmfMedia
LogPluginManager: Mounting plugin TcpMessaging
LogPluginManager: Mounting plugin UdpMessaging
LogPluginManager: Mounting plugin ActorSequence
LogPluginManager: Mounting plugin LevelSequenceEditor
LogConfig: Warning: Failed to saved backup for config[LevelSequenceEditor]
LogPluginManager: Mounting plugin MatineeToLevelSequence
LogPluginManager: Mounting plugin NetcodeUnitTest
LogPluginManager: Mounting plugin NUTUnrealEngine4
LogPluginManager: Mounting plugin OnlineSubsystemGooglePlay
LogPluginManager: Mounting plugin OnlineSubsystemIOS
LogConfig: Warning: Failed to saved backup for config[OnlineSubsystemIOS]
LogPluginManager: Mounting plugin OnlineSubsystem
LogConfig: Warning: Failed to saved backup for config[OnlineSubsystem]
LogPluginManager: Mounting plugin OnlineSubsystemNull
LogPluginManager: Mounting plugin OnlineSubsystemUtils
LogConfig: Warning: Failed to saved backup for config[OnlineSubsystemUtils]
LogPluginManager: Mounting plugin LauncherChunkInstaller
LogConfig: Warning: Failed to saved backup for config[LauncherChunkInstaller]
LogPluginManager: Mounting plugin AndroidDeviceProfileSelector
LogPluginManager: Mounting plugin AndroidMoviePlayer
LogPluginManager: Mounting plugin AndroidPermission
LogPluginManager: Mounting plugin AppleMoviePlayer
LogConfig: Warning: Failed to saved backup for config[AppleMoviePlayer]
LogPluginManager: Mounting plugin ArchVisCharacter
LogPluginManager: Mounting plugin AudioCapture
LogConfig: Warning: Failed to saved backup for config[AudioCapture]
LogPluginManager: Mounting plugin CableComponent
LogPluginManager: Mounting plugin CustomMeshComponent
LogPluginManager: Mounting plugin EditableMesh
LogPluginManager: Mounting plugin ExampleDeviceProfileSelector
LogPluginManager: Mounting plugin GoogleCloudMessaging
LogPluginManager: Mounting plugin ImmediatePhysics
LogConfig: Warning: Failed to saved backup for config[ImmediatePhysics]
LogPluginManager: Mounting plugin IOSDeviceProfileSelector
LogPluginManager: Mounting plugin LinuxDeviceProfileSelector
LogPluginManager: Mounting plugin LocationServicesBPLibrary
LogPluginManager: Mounting plugin MobilePatchingUtils
LogConfig: Warning: Failed to saved backup for config[MobilePatchingUtils]
LogPluginManager: Mounting plugin OculusVR
LogPluginManager: Plugin shader directory ../../../Engine/Plugins/Runtime/Oculus/OculusVR/Shaders found
LogPluginManager: Mapping shader source directory ../../../Engine/Plugins/Runtime/Oculus/OculusVR/Shaders to virtual directory /Plugin/OculusVR
LogPluginManager: Mounting plugin PhysXVehicles
LogPluginManager: Mounting plugin ProceduralMeshComponent
LogPluginManager: Mounting plugin RuntimePhysXCooking
LogPluginManager: Mounting plugin SteamVR
LogConfig: Warning: Failed to saved backup for config[SteamVR]
LogPluginManager: Mounting plugin WindowsMoviePlayer
LogStreaming: Display: Took  1.877s to configure plugins.
LogInit: Using libcurl 7.55.1-DEV
LogInit:  - built for x86_64-pc-win32
LogInit:  - supports SSL with OpenSSL/1.0.2h
LogInit:  - supports HTTP deflate (compression) using libz 1.2.8
LogInit:  - other features:
LogInit:      CURL_VERSION_SSL
LogInit:      CURL_VERSION_LIBZ
LogInit:      CURL_VERSION_IPV6
LogInit:      CURL_VERSION_ASYNCHDNS
LogInit:      CURL_VERSION_LARGEFILE
LogInit:      CURL_VERSION_IDN
LogInit:  CurlRequestOptions (configurable via config and command line):
LogInit:  - bVerifyPeer = false  - Libcurl will NOT verify peer certificate
LogInit:  - bUseHttpProxy = false  - Libcurl will NOT use HTTP proxy
LogInit:  - bDontReuseConnections = false  - Libcurl will reuse connections
LogInit:  - CertBundlePath = nullptr  - Libcurl will use whatever was configured at build time.
LogInit:  - MaxHostConnections = 16  - Libcurl will limit the number of connections to a host
LogInit:  - LocalHostAddr = Default
LogInit:  - BufferSize = 65536
LogInit: WinSock: version 1.1 (2.2), MaxSocks=32767, MaxUdp=65467
LogInit: Build: ++UE4+Release-4.20-CL-4369336
LogInit: Engine Version: 4.20.3-4369336+++UE4+Release-4.20
LogInit: Compatible Engine Version: 4.20.0-4212847+++UE4+Release-4.20
LogInit: Net CL: 4212847
LogInit: OS: Windows 10 (), CPU: Intel(R) Xeon(R) CPU E5-1607 v3 @ 3.10GHz, GPU: NVIDIA GeForce GTX 970
LogInit: Compiled (64-bit): Sep 17 2018 12:26:19
LogInit: Compiled with Visual C++: 19.13.26129.00
LogInit: Build Configuration: Development
LogInit: Branch Name: ++UE4+Release-4.20
LogInit: Command Line:  
LogInit: Base Directory: C:/Epic/UE4/UE_4.20/Engine/Binaries/Win64/
LogInit: Installed Engine Build: 1
LogDevObjectVersion: Number of dev versions registered: 20
LogDevObjectVersion:   Dev-Blueprints (B0D832E4-1F89-4F0D-ACCF-7EB736FD4AA2): 10
LogDevObjectVersion:   Dev-Build (E1C64328-A22C-4D53-A36C-8E866417BD8C): 0
LogDevObjectVersion:   Dev-Core (375EC13C-06E4-48FB-B500-84F0262A717E): 2
LogDevObjectVersion:   Dev-Editor (E4B068ED-F494-42E9-A231-DA0B2E46BB41): 24
LogDevObjectVersion:   Dev-Framework (CFFC743F-43B0-4480-9391-14DF171D2073): 34
LogDevObjectVersion:   Dev-Mobile (B02B49B5-BB20-44E9-A304-32B752E40360): 2
LogDevObjectVersion:   Dev-Networking (A4E4105C-59A1-49B5-A7C5-40C4547EDFEE): 0
LogDevObjectVersion:   Dev-Online (39C831C9-5AE6-47DC-9A44-9C173E1C8E7C): 0
LogDevObjectVersion:   Dev-Physics (78F01B33-EBEA-4F98-B9B4-84EACCB95AA2): 0
LogDevObjectVersion:   Dev-Platform (6631380F-2D4D-43E0-8009-CF276956A95A): 0
LogDevObjectVersion:   Dev-Rendering (12F88B9F-8875-4AFC-A67C-D90C383ABD29): 26
LogDevObjectVersion:   Dev-Sequencer (7B5AE74C-D270-4C10-A958-57980B212A5A): 9
LogDevObjectVersion:   Dev-VR (D7296918-1DD6-4BDD-9DE2-64A83CC13884): 2
LogDevObjectVersion:   Dev-LoadTimes (C2A15278-BFE7-4AFE-6C17-90FF531DF755): 1
LogDevObjectVersion:   Private-Geometry (6EACA3D4-40EC-4CC1-B786-8BED09428FC5): 3
LogDevObjectVersion:   Dev-AnimPhys (29E575DD-E0A3-4627-9D10-D276232CDCEA): 17
LogDevObjectVersion:   Dev-ReflectionCapture (6B266CEC-1EC7-4B8F-A30B-E4D90942FC07): 1
LogDevObjectVersion:   Dev-Automation (0DF73D61-A23F-47EA-B727-89E90C41499A): 1
LogDevObjectVersion:   FortniteMain (601D1886-AC64-4F84-AA16-D3DE0DEAC7D6): 12
LogDevObjectVersion:   Dev-Enterprise (9DFFBCD6-494F-0158-E221-12823C92A888): 1
LogStreaming: Display: Took  0.014s to delete old logs.
LogInit: Presizing for max 8388607 objects, including 0 objects not considered by GC, pre-allocating 0 bytes for permanent pool.
LogInit: Object subsystem initialized
[2018.10.19-11.07.45:359][  0]LogInit: Selected Device Profile: [Windows]
[2018.10.19-11.07.45:359][  0]LogInit: Applying CVar settings loaded from the selected device profile: [Windows]
[2018.10.19-11.07.47:329][  0]LogHAL: Display: Platform has ~ 16 GB [17083682816 / 17179869184 / 16], which maps to Larger [LargestMinGB=32, LargerMinGB=12, DefaultMinGB=8, SmallerMinGB=6, SmallestMinGB=0)
[2018.10.19-11.07.47:330][  0]LogInit: Setting Device Profile CVar: [[r.Vulkan.UseRealUBs:1]]
[2018.10.19-11.07.47:330][  0]LogInit: Going up to parent DeviceProfile []
[2018.10.19-11.07.47:334][  0]LogInit: Computer: S500-34
[2018.10.19-11.07.47:334][  0]LogInit: User: p018236h
[2018.10.19-11.07.47:334][  0]LogInit: CPU Page size=4096, Cores=4
[2018.10.19-11.07.47:334][  0]LogInit: High frequency timer resolution =3.020349 MHz
[2018.10.19-11.07.47:334][  0]LogMemory: Memory total: Physical=15.9GB (16GB approx)
[2018.10.19-11.07.47:334][  0]LogMemory: Platform Memory Stats for Windows
[2018.10.19-11.07.47:334][  0]LogMemory: Process Physical Memory: 100.27 MB used, 100.27 MB peak
[2018.10.19-11.07.47:334][  0]LogMemory: Process Virtual Memory: 84.19 MB used, 84.19 MB peak
[2018.10.19-11.07.47:334][  0]LogMemory: Physical Memory: 5058.82 MB used,  11233.45 MB free, 16292.27 MB total
[2018.10.19-11.07.47:334][  0]LogMemory: Virtual Memory: 4620.36 MB used,  11233.45 MB free, 134217728.00 MB total
[2018.10.19-11.07.47:764][  0]LogInit: Using OS detected language (en-US).
[2018.10.19-11.07.47:764][  0]LogInit: Using OS detected locale (en-GB).
[2018.10.19-11.07.48:040][  0]LogTextLocalizationManager: No specific localization for 'en-US' exists, so the 'en' localization will be used.
[2018.10.19-11.07.52:351][  0]LogStreaming: Display: Took  4.588s to InitEngineTextLocalization.
[2018.10.19-11.07.52:351][  0]LogInit: Setting process to per monitor DPI aware
[2018.10.19-11.07.53:521][  0]LogSlate: New Slate User Created.  User Index 0, Is Virtual User: 0
[2018.10.19-11.07.53:521][  0]LogSlate: Slate User Registered.  User Index 0, Is Virtual User: 0
[2018.10.19-11.07.56:382][  0]LogHMD: Failed to initialize OpenVR with code 110
[2018.10.19-11.07.56:382][  0]LogD3D11RHI: D3D11 adapters:
[2018.10.19-11.07.56:469][  0]LogD3D11RHI:    0. 'NVIDIA GeForce GTX 970' (Feature Level 11_0)
[2018.10.19-11.07.56:469][  0]LogD3D11RHI:       4043/0/8146 MB DedicatedVideo/DedicatedSystem/SharedSystem, Outputs:2, VendorId:0x10de
[2018.10.19-11.07.56:471][  0]LogD3D11RHI:    1. 'Microsoft Basic Render Driver' (Feature Level 11_0)
[2018.10.19-11.07.56:471][  0]LogD3D11RHI:       0/0/8146 MB DedicatedVideo/DedicatedSystem/SharedSystem, Outputs:0, VendorId:0x1414
[2018.10.19-11.07.56:472][  0]LogD3D11RHI: Chosen D3D11 Adapter: 0
[2018.10.19-11.07.56:481][  0]LogD3D11RHI: Creating new Direct3DDevice
[2018.10.19-11.07.56:481][  0]LogD3D11RHI:     GPU DeviceId: 0x13c2 (for the marketing name, search the web for "GPU Device Id")
[2018.10.19-11.07.56:481][  0]LogWindows: EnumDisplayDevices:
[2018.10.19-11.07.56:482][  0]LogWindows:    0. 'NVIDIA GeForce GTX 970' (P:0 D:1)
[2018.10.19-11.07.56:482][  0]LogWindows:    1. 'NVIDIA GeForce GTX 970' (P:1 D:1)
[2018.10.19-11.07.56:483][  0]LogWindows:    2. 'NVIDIA GeForce GTX 970' (P:0 D:0)
[2018.10.19-11.07.56:483][  0]LogWindows:    3. 'NVIDIA GeForce GTX 970' (P:0 D:0)
[2018.10.19-11.07.56:483][  0]LogWindows: DebugString: FoundDriverCount:4 
[2018.10.19-11.07.56:483][  0]LogD3D11RHI:     Adapter Name: NVIDIA GeForce GTX 970
[2018.10.19-11.07.56:483][  0]LogD3D11RHI:   Driver Version: 399.24 (internal:24.21.13.9924, unified:399.24)
[2018.10.19-11.07.56:483][  0]LogD3D11RHI:      Driver Date: 9-5-2018
[2018.10.19-11.07.56:483][  0]LogRHI: Texture pool is 2830 MB (70% of 4043 MB)
[2018.10.19-11.07.56:537][  0]LogD3D11RHI: Async texture creation enabled
[2018.10.19-11.07.56:556][  0]LogD3D11RHI: GPU Timing Frequency: 1000.000000 (Debug: 2 2)
[2018.10.19-11.07.56:724][  0]LogShaderCompilers: Guid format shader working directory is -70 characters bigger than the processId version (../../../../../../Users/p018236h/OneDrive - Staffordshire University/TGP/SoloProject/TGP_SoloProject/TopHatSoloProject/Intermediate/Shaders/WorkingDirectory/13084/).
[2018.10.19-11.07.56:724][  0]LogShaderCompilers: Cleaned the shader compiler working directory 'C:/Users/p018236h/AppData/Local/Temp/UnrealShaderWorkingDir/62D82AD645FF9695B745A9902F3B0FAC/'.
[2018.10.19-11.07.57:102][  0]LogTemp: Display: Loaded TP AllDesktopTargetPlatform
[2018.10.19-11.07.57:140][  0]LogTemp: Display: Loaded TP MacClientTargetPlatform
[2018.10.19-11.07.57:180][  0]LogTemp: Display: Loaded TP MacNoEditorTargetPlatform
[2018.10.19-11.07.57:213][  0]LogTemp: Display: Loaded TP MacServerTargetPlatform
[2018.10.19-11.07.57:284][  0]LogTemp: Display: Loaded TP MacTargetPlatform
[2018.10.19-11.07.57:327][  0]LogTemp: Display: Loaded TP WindowsClientTargetPlatform
[2018.10.19-11.07.57:365][  0]LogTemp: Display: Loaded TP WindowsNoEditorTargetPlatform
[2018.10.19-11.07.57:411][  0]LogTemp: Display: Loaded TP WindowsServerTargetPlatform
[2018.10.19-11.07.57:459][  0]LogTemp: Display: Loaded TP WindowsTargetPlatform
[2018.10.19-11.07.57:659][  0]LogTemp: Display: Loaded TP AndroidTargetPlatform
[2018.10.19-11.07.57:659][  0]LogTemp: Display: Loaded TP AndroidTargetPlatform
[2018.10.19-11.07.57:659][  0]LogTemp: Display: Loaded TP AndroidTargetPlatform
[2018.10.19-11.07.57:660][  0]LogTemp: Display: Loaded TP AndroidTargetPlatform
[2018.10.19-11.07.57:660][  0]LogTemp: Display: Loaded TP AndroidTargetPlatform
[2018.10.19-11.07.57:660][  0]LogTemp: Display: Loaded TP AndroidTargetPlatform
[2018.10.19-11.07.57:660][  0]LogTemp: Display: Loaded TP AndroidTargetPlatform
[2018.10.19-11.07.57:660][  0]LogTemp: Display: Loaded TP AndroidTargetPlatform
[2018.10.19-11.07.57:660][  0]LogTemp: Display: Loaded TP AndroidTargetPlatform
[2018.10.19-11.07.57:660][  0]LogTemp: Display: Loaded TP AndroidTargetPlatform
[2018.10.19-11.07.57:660][  0]LogTemp: Display: Loaded TP AndroidTargetPlatform
[2018.10.19-11.07.57:660][  0]LogTemp: Display: Loaded TP AndroidTargetPlatform
[2018.10.19-11.07.57:660][  0]LogTemp: Display: Loaded TP AndroidTargetPlatform
[2018.10.19-11.07.57:660][  0]LogTemp: Display: Loaded TP AndroidTargetPlatform
[2018.10.19-11.07.57:660][  0]LogTemp: Display: Loaded TP AndroidTargetPlatform
[2018.10.19-11.07.57:660][  0]LogTemp: Display: Loaded TP AndroidTargetPlatform
[2018.10.19-11.07.57:660][  0]LogTemp: Display: Loaded TP AndroidTargetPlatform
[2018.10.19-11.07.57:660][  0]LogTemp: Display: Loaded TP AndroidTargetPlatform
[2018.10.19-11.07.57:686][  0]LogTemp: Display: Loaded TP HTML5TargetPlatform
[2018.10.19-11.07.57:836][  0]LogTemp: Display: Loaded TP IOSTargetPlatform
[2018.10.19-11.07.57:836][  0]LogTemp: Display: Loaded TP IOSTargetPlatform
[2018.10.19-11.07.57:891][  0]LogTemp: Display: Loaded TP TVOSTargetPlatform
[2018.10.19-11.07.57:891][  0]LogTemp: Display: Loaded TP TVOSTargetPlatform
[2018.10.19-11.07.57:932][  0]LogTemp: Display: Loaded TP LinuxClientTargetPlatform
[2018.10.19-11.07.57:965][  0]LogTemp: Display: Loaded TP LinuxNoEditorTargetPlatform
[2018.10.19-11.07.58:001][  0]LogTemp: Display: Loaded TP LinuxServerTargetPlatform
[2018.10.19-11.07.58:067][  0]LogTemp: Display: Loaded TP LinuxTargetPlatform
[2018.10.19-11.07.58:093][  0]LogTemp: Display: Loaded TP LuminTargetPlatform
[2018.10.19-11.07.58:093][  0]LogTargetPlatformManager: Display: Building Assets For Windows
[2018.10.19-11.07.58:792][  0]LogXGEController: Cleaning working directory: C:/Users/p018236h/AppData/Local/Temp/UnrealXGEWorkingDir/
[2018.10.19-11.07.58:793][  0]LogXGEController: Cannot use XGE Controller as Incredibuild is not installed on this machine.
[2018.10.19-11.07.58:793][  0]LogShaderCompilers: Cannot use XGE Shader Compiler as Incredibuild is not installed on this machine.
[2018.10.19-11.07.58:793][  0]LogShaderCompilers: Display: Using Local Shader Compiler.
[2018.10.19-11.08.02:429][  0]LogDerivedDataCache: Display: Max Cache Size: 512 MB
[2018.10.19-11.08.02:429][  0]LogDerivedDataCache: Display: Starting with empty Boot cache
[2018.10.19-11.08.02:429][  0]LogDerivedDataCache: FDerivedDataBackendGraph:  Pak pak cache file ../../../../../../Users/p018236h/OneDrive - Staffordshire University/TGP/SoloProject/TGP_SoloProject/TopHatSoloProject/DerivedDataCache/DDC.ddp not found, will not use a pak cache.
[2018.10.19-11.08.02:429][  0]LogDerivedDataCache: Unable to find inner node Pak for hierarchical cache Hierarchy.
[2018.10.19-11.08.02:429][  0]LogDerivedDataCache: FDerivedDataBackendGraph:  CompressedPak pak cache file ../../../../../../Users/p018236h/OneDrive - Staffordshire University/TGP/SoloProject/TGP_SoloProject/TopHatSoloProject/DerivedDataCache/Compressed.ddp not found, will not use a pak cache.
[2018.10.19-11.08.02:429][  0]LogDerivedDataCache: Unable to find inner node CompressedPak for hierarchical cache Hierarchy.
[2018.10.19-11.08.02:494][  0]LogDerivedDataCache: Display: Pak cache opened for reading ../../../Engine/DerivedDataCache/Compressed.ddp.
[2018.10.19-11.08.02:507][  0]LogDerivedDataCache: Using Local data cache path C:/Users/p018236h/AppData/Local/UnrealEngine/Common/DerivedDataCache: Writable
[2018.10.19-11.08.02:507][  0]LogDerivedDataCache: Shared data cache path not found in *engine.ini, will not use an Shared cache.
[2018.10.19-11.08.02:507][  0]LogDerivedDataCache: Unable to find inner node Shared for hierarchical cache Hierarchy.
[2018.10.19-11.08.02:576][  0]LogMaterial: Verifying Global Shaders for PCD3D_SM5
[2018.10.19-11.08.02:578][  0]LogSlate: Using FreeType 2.6.0
[2018.10.19-11.08.02:650][  0]LogSlate: SlateFontServices - WITH_FREETYPE: 1, WITH_HARFBUZZ: 1
[2018.10.19-11.08.03:457][  0]LogAssetRegistry: FAssetRegistry took 0.0286 seconds to start up
[2018.10.19-11.08.04:021][  0]LogInit: Selected Device Profile: [Windows]
[2018.10.19-11.08.08:941][  0]LogDerivedDataCache: FFileSystemDerivedDataBackend: Move collision, attempt at redundant update, OK C:/Users/p018236h/AppData/Local/UnrealEngine/Common/DerivedDataCache/5/9/7/MESHDATAKEY_STATICMESH_42190ADE250046AC958045C7DA930FECA3E9E442F5784050BCAF878E4E80EE44_1A40E092359D57B233066A515C9F6915.udd.
[2018.10.19-11.08.08:941][  0]LogSimplygon: Simplygon DLL not present - disabling.
[2018.10.19-11.08.09:474][  0]LogMeshReduction: Using SimplygonSwarm for distributed automatic mesh merging
[2018.10.19-11.08.09:507][  0]LogMeshReduction: Using ProxyLODMeshReduction for automatic mesh merging
[2018.10.19-11.08.09:507][  0]LogMeshReduction: Using QuadricMeshReduction for automatic static mesh reduction
[2018.10.19-11.08.09:507][  0]LogMeshReduction: No automatic skeletal mesh reduction module available
[2018.10.19-11.08.10:527][  0]LogNetVersion: TopHatSoloProject 1.0.0, NetCL: 4212847, EngineNetVer: 5, GameNetVer: 0 (Checksum: 426773178)
[2018.10.19-11.08.19:502][  0]LogDerivedDataCache: FFileSystemDerivedDataBackend: Move collision, attempt at redundant update, OK C:/Users/p018236h/AppData/Local/UnrealEngine/Common/DerivedDataCache/4/0/2/MESHDATAKEY_STATICMESH_42190ADE250046AC958045C7DA930FECA3E9E442F5784050BCAF878E4E80EE44_A969A2F1F26F637DF998C96EE0162401.udd.
[2018.10.19-11.08.19:502][  0]LogDerivedDataCache: FFileSystemDerivedDataBackend: Move collision, attempt at redundant update, OK C:/Users/p018236h/AppData/Local/UnrealEngine/Common/DerivedDataCache/7/9/1/MESHDATAKEY_STATICMESH_42190ADE250046AC958045C7DA930FECA3E9E442F5784050BCAF878E4E80EE44_5452E92B70A1729B9C84F5FF8B1F48A0.udd.
[2018.10.19-11.08.19:503][  0]LogDerivedDataCache: FFileSystemDerivedDataBackend: Move collision, attempt at redundant update, OK C:/Users/p018236h/AppData/Local/UnrealEngine/Common/DerivedDataCache/1/7/5/MESHDATAKEY_STATICMESH_42190ADE250046AC958045C7DA930FECA3E9E442F5784050BCAF878E4E80EE44_9562EB1DD0AC9739813D7AD0F3CEAC48.udd.
[2018.10.19-11.08.19:503][  0]LogDerivedDataCache: FFileSystemDerivedDataBackend: Move collision, attempt at redundant update, OK C:/Users/p018236h/AppData/Local/UnrealEngine/Common/DerivedDataCache/3/2/6/MESHDATAKEY_STATICMESH_42190ADE250046AC958045C7DA930FECA3E9E442F5784050BCAF878E4E80EE44_FDDC5C0701D66BCB1FC3F492E7CF0268.udd.
[2018.10.19-11.08.19:503][  0]LogAssetRegistry: Error: Failed to open file for write ../../../../../../Users/p018236h/OneDrive - Staffordshire University/TGP/SoloProject/TGP_SoloProject/TopHatSoloProject/Intermediate/CachedAssetRegistry.bin
[2018.10.19-11.08.19:503][  0]LogAssetRegistry: Error: Failed to open file for write ../../../../../../Users/p018236h/OneDrive - Staffordshire University/TGP/SoloProject/TGP_SoloProject/TopHatSoloProject/Intermediate/AssetRegistryCache/1d5167fa.bin
[2018.10.19-11.08.19:734][  0]LogAssetRegistry: Error: Failed to open file for write ../../../../../../Users/p018236h/OneDrive - Staffordshire University/TGP/SoloProject/TGP_SoloProject/TopHatSoloProject/Intermediate/AssetRegistryCache/866581fd.bin
[2018.10.19-11.08.19:977][  0]LogAssetRegistry: Error: Failed to open file for write ../../../../../../Users/p018236h/OneDrive - Staffordshire University/TGP/SoloProject/TGP_SoloProject/TopHatSoloProject/Intermediate/AssetRegistryCache/94c5d5a7.bin
[2018.10.19-11.08.20:211][  0]LogAssetRegistry: Error: Failed to open file for write ../../../../../../Users/p018236h/OneDrive - Staffordshire University/TGP/SoloProject/TGP_SoloProject/TopHatSoloProject/Intermediate/AssetRegistryCache/8c0e1344.bin
[2018.10.19-11.08.20:685][  0]LogAssetRegistry: Error: Failed to open file for write ../../../../../../Users/p018236h/OneDrive - Staffordshire University/TGP/SoloProject/TGP_SoloProject/TopHatSoloProject/Intermediate/AssetRegistryCache/c9e91a3f.bin
[2018.10.19-11.08.21:238][  0]LogAssetRegistry: Error: Failed to open file for write ../../../../../../Users/p018236h/OneDrive - Staffordshire University/TGP/SoloProject/TGP_SoloProject/TopHatSoloProject/Intermediate/AssetRegistryCache/995fc7f5.bin
[2018.10.19-11.08.23:128][  0]LogAssetRegistry: Error: Failed to open file for write ../../../../../../Users/p018236h/OneDrive - Staffordshire University/TGP/SoloProject/TGP_SoloProject/TopHatSoloProject/Intermediate/AssetRegistryCache/bf121eca.bin
[2018.10.19-11.08.23:339][  0]LogAssetRegistry: Error: Failed to open file for write ../../../../../../Users/p018236h/OneDrive - Staffordshire University/TGP/SoloProject/TGP_SoloProject/TopHatSoloProject/Intermediate/AssetRegistryCache/1f683343.bin
[2018.10.19-11.08.23:342][  0]LogPackageLocalizationCache: Processed 11 localized package path(s) for 2 prioritized culture(s) in 4.391009 seconds
[2018.10.19-11.08.23:350][  0]LogUObjectArray: 38446 objects as part of root set at end of initial load.
[2018.10.19-11.08.23:350][  0]LogUObjectAllocator: 6692544 out of 0 bytes used by permanent object pool.
[2018.10.19-11.08.23:350][  0]LogUObjectArray: CloseDisregardForGC: 0/0 objects in disregard for GC pool
[2018.10.19-11.08.42:139][  0]LogConfig: Warning: Failed to saved backup for config[TranslationPickerSettings]
[2018.10.19-11.08.43:743][  0]LogTcpMessaging: Initializing TcpMessaging bridge
[2018.10.19-11.08.43:782][  0]LogUdpMessaging: Initializing bridge on interface 0.0.0.0:0 to multicast group 230.0.0.1:6666.
[2018.10.19-11.08.46:696][  0]SourceControl: Source control is disabled
[2018.10.19-11.08.46:696][  0]SourceControl: Source control is disabled
[2018.10.19-11.08.46:738][  0]SourceControl: Source control is disabled
[2018.10.19-11.08.46:761][  0]SourceControl: Source control is disabled
[2018.10.19-11.08.49:256][  0]LogAndroidPermission: UAndroidPermissionCallbackProxy::GetInstance
[2018.10.19-11.08.50:132][  0]LogOcInput: OculusInput pre-init called
[2018.10.19-11.08.51:126][  0]LogEngine: Initializing Engine...
[2018.10.19-11.08.51:127][  0]LogHMD: Failed to initialize OpenVR with code 110
[2018.10.19-11.08.51:129][  0]LogStats: UGameplayTagsManager::ConstructGameplayTagTree: ImportINI prefixes -  0.000 s
[2018.10.19-11.08.51:129][  0]LogStats: UGameplayTagsManager::ConstructGameplayTagTree: Construct from data asset -  0.000 s
[2018.10.19-11.08.51:130][  0]LogStats: UGameplayTagsManager::ConstructGameplayTagTree: ImportINI -  0.001 s
[2018.10.19-11.08.51:130][  0]LogStats: UGameplayTagsManager::ConstructGameplayTagTree: GameplayTagTreeChangedEvent.Broadcast -  0.000 s
[2018.10.19-11.08.54:635][  0]LogInit: Initializing FReadOnlyCVARCache
[2018.10.19-11.08.54:692][  0]LogAIModule: Creating AISystem for world Untitled
[2018.10.19-11.08.54:728][  0]LogInit: XAudio2 using 'Speakers (Realtek High Definition Audio)' : 2 channels at 48 kHz using 32 bits per sample (channel mask 0x3)
[2018.10.19-11.08.54:763][  0]LogInit: FAudioDevice initialized.
[2018.10.19-11.08.54:763][  0]LogNetVersion: Set ProjectVersion to 1.0.0.0. Version Checksum will be recalculated on next use.
[2018.10.19-11.08.55:010][  0]LogDerivedDataCache: Saved boot cache 0.25s 89MB C:/Users/p018236h/AppData/Local/UnrealEngine/4.20/DerivedDataCache/Boot.ddc.
[2018.10.19-11.08.55:041][  0]LogInit: Texture streaming: Enabled
[2018.10.19-11.08.55:137][  0]LogEngineSessionManager: EngineSessionManager initialized
[2018.10.19-11.08.55:515][  0]LogInit: Transaction tracking system initialized
[2018.10.19-11.08.55:873][  0]BlueprintLog: New page: Editor Load
[2018.10.19-11.08.58:182][  0]LocalizationService: Localization service is disabled
[2018.10.19-11.09.04:400][  0]LogCook: Display: Max memory allowance for cook 16384mb min free memory 0mb
[2018.10.19-11.09.04:400][  0]LogCook: Display: Mobile HDR setting 1
[2018.10.19-11.09.04:400][  0]LogGameplayTags: Display: UGameplayTagsManager::DoneAddingNativeTags. DelegateIsBound: 0
[2018.10.19-11.09.04:400][  0]LogStats: UGameplayTagsManager::ConstructGameplayTagTree: ImportINI prefixes -  0.000 s
[2018.10.19-11.09.04:401][  0]LogStats: UGameplayTagsManager::ConstructGameplayTagTree: Construct from data asset -  0.000 s
[2018.10.19-11.09.04:401][  0]LogStats: UGameplayTagsManager::ConstructGameplayTagTree: ImportINI -  0.000 s
[2018.10.19-11.09.04:401][  0]LogStats: UGameplayTagsManager::ConstructGameplayTagTree: GameplayTagTreeChangedEvent.Broadcast -  0.000 s
[2018.10.19-11.09.05:611][  0]LogFileCache: Scanning file cache for directory 'C:/Users/p018236h/OneDrive - Staffordshire University/TGP/SoloProject/TGP_SoloProject/TopHatSoloProject/Content/' took 0.79s
[2018.10.19-11.09.13:164][  0]LogDerivedDataCache: FFileSystemDerivedDataBackend: Move collision, attempt at redundant update, OK C:/Users/p018236h/AppData/Local/UnrealEngine/Common/DerivedDataCache/8/3/9/MESHDATAKEY_STATICMESH_42190ADE250046AC958045C7DA930FECA3E9E442F5784050BCAF878E4E80EE44_8027C826C57AD83DD7B1640694B248F9.udd.
[2018.10.19-11.09.16:557][  0]SourceControl: Source control is disabled
[2018.10.19-11.09.19:501][  0]LightingResults: New page: Lighting Build
[2018.10.19-11.09.19:507][  0]MapCheck: New page: Map Check
[2018.10.19-11.09.19:507][  0]LightingResults: New page: Lighting Build
[2018.10.19-11.09.26:677][  0]LogTexture: Display: Building textures: Suit (AutoDXT, 2100X1500)
[2018.10.19-11.09.26:677][  0]LogTexture: Display: Building textures: MainMenuBackground (AutoDXT, 2100X1500)
[2018.10.19-11.09.26:677][  0]LogTexture: Display: Building textures: HQ_Lightmap1_1 (AutoDXT, 1024X1024)
[2018.10.19-11.09.26:677][  0]LogTexture: Display: Building textures: HQ_Lightmap1_2 (AutoDXT, 64X64)
[2018.10.19-11.09.26:677][  0]LogMaterial: Display: Missing cached shader map for material VampireSuit, compiling. 
[2018.10.19-11.09.27:256][  0]LogTexture: Display: Building textures: LQ_Lightmap_1_1 (DXT1, 1024X1024)
[2018.10.19-11.09.27:256][  0]LogShaderCompilers: Display: Shaders left to compile 22
[2018.10.19-11.09.27:256][  0]LogShaderCompilers: Display: Shaders left to compile 12
[2018.10.19-11.09.27:256][  0]LogShaderCompilers: Display: Shaders left to compile 2
[2018.10.19-11.09.27:256][  0]LogTexture: Display: Building textures: LQ_Lightmap_1_2 (DXT1, 64X64)
[2018.10.19-11.09.27:256][  0]LogTexture: Display: Building textures: SkyOcclusion1_1 (AutoDXT, 1024X512)
[2018.10.19-11.09.27:443][  0]LogTexture: Display: Building textures: SkyOcclusion1_2 (AutoDXT, 64X32)
[2018.10.19-11.09.27:443][  0]LogTexture: Display: Building textures: ShadowMapTexture2D_2 (G8, 1024X512)
[2018.10.19-11.09.27:443][  0]LogTexture: Display: Building textures: ShadowMapTexture2D_3 (G8, 32X32)
[2018.10.19-11.09.27:443][  0]LogTexture: Display: Building textures: Face (AutoDXT, 2100X1500)
[2018.10.19-11.09.27:744][  0]LogMaterial: Display: Missing cached shader map for material VampireFace, compiling. 
[2018.10.19-11.09.27:759][  0]LogAIModule: Creating AISystem for world ThirdPersonExampleMap
[2018.10.19-11.09.27:811][  0]LogEditorServer: Finished looking for orphan Actors (0.000 secs)
[2018.10.19-11.09.28:508][  0]LogDerivedDataCache: FFileSystemDerivedDataBackend: Move collision, attempt at redundant update, OK C:/Users/p018236h/AppData/Local/UnrealEngine/Common/DerivedDataCache/1/9/5/TEXTURE_68A083899C6F4316B8CE0E2958EDE2C2_AUTODXT_2EBFDE604923BB219A8560B6D1097__15E1A26AC1B6F9EF473591F8BB5A4C6A7C896323.udd.
[2018.10.19-11.09.28:511][  0]Cmd: MAP CHECKDEP NOCLEARLOG
[2018.10.19-11.09.28:788][  0]MapCheck: Map check complete: 0 Error(s), 0 Warning(s), took 276.897ms to complete.
[2018.10.19-11.09.28:788][  0]LogFileHelpers: Loading map 'ThirdPersonExampleMap' took 12.230
[2018.10.19-11.09.29:721][  0]LogSlate: Updating window title bar state: overlay mode, drag disabled, window buttons hidden, title bar hidden
[2018.10.19-11.09.29:729][  0]LogSlate: Updating window title bar state: overlay mode, drag disabled, window buttons hidden, title bar hidden
[2018.10.19-11.09.29:738][  0]LogSlate: Updating window title bar state: overlay mode, drag disabled, window buttons hidden, title bar hidden
[2018.10.19-11.09.29:748][  0]LogSlate: Updating window title bar state: overlay mode, drag disabled, window buttons hidden, title bar hidden
[2018.10.19-11.09.29:837][  0]LogCollectionManager: Loaded 0 collections in 0.007352 seconds
[2018.10.19-11.09.29:912][  0]LogFileCache: Scanning file cache for directory 'C:/Users/p018236h/OneDrive - Staffordshire University/TGP/SoloProject/TGP_SoloProject/TopHatSoloProject/Saved/Collections/' took 0.02s
[2018.10.19-11.09.29:912][  0]LogFileCache: Scanning file cache for directory 'C:/Users/p018236h/OneDrive - Staffordshire University/TGP/SoloProject/TGP_SoloProject/TopHatSoloProject/Content/Developers/p018236h/Collections/' took 0.02s
[2018.10.19-11.09.29:912][  0]LogFileCache: Scanning file cache for directory 'C:/Users/p018236h/OneDrive - Staffordshire University/TGP/SoloProject/TGP_SoloProject/TopHatSoloProject/Content/Collections/' took 0.02s
[2018.10.19-11.09.29:912][  0]LogCollectionManager: Rebuilt the GUID cache for 0 collections in 0.000000 seconds
[2018.10.19-11.09.29:928][  0]LogContentBrowser: Native class hierarchy populated in 0.0152 seconds. Added 2577 classes and 606 folders.
[2018.10.19-11.09.29:942][  0]LogContentBrowser: Native class hierarchy updated for 'WidgetCarousel' in 0.0008 seconds. Added 0 classes and 0 folders.
[2018.10.19-11.09.33:037][  0]LogContentBrowser: Native class hierarchy updated for 'AddContentDialog' in 0.0010 seconds. Added 0 classes and 0 folders.
[2018.10.19-11.09.33:088][  0]LogContentBrowser: Native class hierarchy updated for 'SceneOutliner' in 0.0009 seconds. Added 1 classes and 2 folders.
[2018.10.19-11.09.52:785][  0]LogShaderCompilers: Display: Shaders left to compile 22
[2018.10.19-11.09.52:785][  0]LogShaderCompilers: Display: Shaders left to compile 12
[2018.10.19-11.09.52:785][  0]LogShaderCompilers: Display: Shaders left to compile 2
[2018.10.19-11.09.52:785][  0]LogSlate: Took 0.014199 seconds to synchronously load lazily loaded font '../../../Engine/Content/Slate/Fonts/Roboto-Regular.ttf' (155K)
[2018.10.19-11.09.52:812][  0]LogSlate: Took 0.025072 seconds to synchronously load lazily loaded font '../../../Engine/Content/Slate/Fonts/Roboto-Bold.ttf' (160K)
[2018.10.19-11.09.52:836][  0]LogSlate: Took 0.017776 seconds to synchronously load lazily loaded font '../../../Engine/Content/Editor/Slate/Fonts/FontAwesome.ttf' (139K)
[2018.10.19-11.09.53:238][  0]LogRenderer: Reallocating scene render targets to support 1208x576 Format 10 NumSamples 1 (Frame:1).
[2018.10.19-11.09.53:675][  0]LogSlate: FSceneViewport::OnFocusLost() reason 2
[2018.10.19-11.09.53:892][  0]LogSlate: Window 'Tutorials' being destroyed
[2018.10.19-11.09.53:967][  0]LogContentBrowser: Native class hierarchy updated for 'HierarchicalLODOutliner' in 0.0009 seconds. Added 0 classes and 0 folders.
[2018.10.19-11.09.53:968][  0]LogLoad: (Engine Initialization) Total time: 193.32 seconds
[2018.10.19-11.09.53:968][  0]LogLoad: (Engine Initialization) Total Blueprint compile time: 0.00 seconds
[2018.10.19-11.09.54:016][  0]LogContentStreaming: Texture pool size now 1000 MB
[2018.10.19-11.09.54:167][  0]LogSlate: Took 0.025359 seconds to synchronously load lazily loaded font '../../../Engine/Content/Slate/Fonts/Roboto-Light.ttf' (167K)
[2018.10.19-11.09.54:187][  1]LogFileCache: Retrieving MD5 hashes for directory 'C:/Users/p018236h/OneDrive - Staffordshire University/TGP/SoloProject/TGP_SoloProject/TopHatSoloProject/Content/' took 0.19s
[2018.10.19-11.09.54:202][  1]LogAssetRegistry: Asset discovery search completed in 110.7779 seconds
[2018.10.19-11.09.54:205][  1]LogCollectionManager: Rebuilt the object cache for 0 collections in 0.000001 seconds (found 0 objects)
[2018.10.19-11.09.54:205][  1]LogCollectionManager: Fixed up redirectors for 0 collections in 0.000088 seconds (updated 0 objects)
[2018.10.19-11.09.55:535][  5]LogSlate: Took 0.000233 seconds to synchronously load lazily loaded font '../../../Engine/Content/Slate/Fonts/Roboto-Light.ttf' (167K)
[2018.10.19-11.51.39:474][670]LogSlate: FSceneViewport::OnFocusLost() reason 0
[2018.10.19-11.51.39:711][681]LogSlate: Window 'TopHatSoloProject - Unreal Editor' being destroyed
[2018.10.19-11.51.39:928][682]Cmd: QUIT_EDITOR
[2018.10.19-11.51.39:973][682]LogWindowsTextInputMethodSystem: Display: IME system now deactivated.
[2018.10.19-11.51.39:997][682]LogExit: Preparing to exit.
[2018.10.19-11.51.41:149][682]LogExit: Editor shut down
[2018.10.19-11.51.41:150][682]LogExit: Transaction tracking system shut down
[2018.10.19-11.51.41:676][682]LogExit: Object subsystem successfully closed.
[2018.10.19-11.51.41:692][682]LogShaderCompilers: Display: Shaders left to compile 0
[2018.10.19-11.51.41:696][682]LogD3D11RHI: Shutdown
[2018.10.19-11.51.41:696][682]LogD3D11RHI: CleanupD3DDevice
[2018.10.19-11.51.41:697][682]LogD3D11RHI: ~FD3D11DynamicRHI
[2018.10.19-11.51.41:748][682]LogModuleManager: Shutting down and abandoning module HierarchicalLODOutliner (612)
[2018.10.19-11.51.41:748][682]LogModuleManager: Shutting down and abandoning module SceneOutliner (610)
[2018.10.19-11.51.41:749][682]LogModuleManager: Shutting down and abandoning module AddContentDialog (608)
[2018.10.19-11.51.41:750][682]LogModuleManager: Shutting down and abandoning module WidgetCarousel (607)
[2018.10.19-11.51.41:750][682]LogModuleManager: Shutting down and abandoning module EditorWidgets (604)
[2018.10.19-11.51.41:750][682]LogModuleManager: Shutting down and abandoning module CollectionManager (602)
[2018.10.19-11.51.41:751][682]LogModuleManager: Shutting down and abandoning module StatsViewer (600)
[2018.10.19-11.51.41:751][682]LogModuleManager: Shutting down and abandoning module FoliageEdit (598)
[2018.10.19-11.51.41:751][682]LogModuleManager: Shutting down and abandoning module LandscapeEditor (596)
[2018.10.19-11.51.41:751][682]LogModuleManager: Shutting down and abandoning module MeshPaintMode (594)
[2018.10.19-11.51.41:751][682]LogModuleManager: Shutting down and abandoning module SceneDepthPickerMode (592)
[2018.10.19-11.51.41:751][682]LogModuleManager: Shutting down and abandoning module ActorPickerMode (590)
[2018.10.19-11.51.41:751][682]LogModuleManager: Shutting down and abandoning module GeometryMode (588)
[2018.10.19-11.51.41:751][682]LogModuleManager: Shutting down and abandoning module TextureAlignMode (586)
[2018.10.19-11.51.41:751][682]LogModuleManager: Shutting down and abandoning module BspMode (584)
[2018.10.19-11.51.41:751][682]LogModuleManager: Shutting down and abandoning module PIEPreviewDeviceProfileSelector (582)
[2018.10.19-11.51.41:751][682]LogModuleManager: Shutting down and abandoning module SequenceRecorderSections (580)
[2018.10.19-11.51.41:751][682]LogModuleManager: Shutting down and abandoning module AutomationWorker (578)
[2018.10.19-11.51.41:751][682]LogModuleManager: Shutting down and abandoning module AudioCaptureEditor (576)
[2018.10.19-11.51.41:751][682]LogModuleManager: Shutting down and abandoning module SequenceRecorder (575)
[2018.10.19-11.51.41:751][682]LogModuleManager: Shutting down and abandoning module MatineeToLevelSequence (572)
[2018.10.19-11.51.41:751][682]LogModuleManager: Shutting down and abandoning module LevelSequenceEditor (570)
[2018.10.19-11.51.41:751][682]LogModuleManager: Shutting down and abandoning module PlacementMode (569)
[2018.10.19-11.51.41:751][682]LogModuleManager: Shutting down and abandoning module MaterialEditor (568)
[2018.10.19-11.51.41:752][682]LogModuleManager: Shutting down and abandoning module WmfMediaFactory (564)
[2018.10.19-11.51.41:752][682]LogModuleManager: Shutting down and abandoning module WmfMediaEditor (562)
[2018.10.19-11.51.41:752][682]LogModuleManager: Shutting down and abandoning module MediaPlayerEditor (560)
[2018.10.19-11.51.41:752][682]LogModuleManager: Shutting down and abandoning module OpenExrWrapper (558)
[2018.10.19-11.51.41:752][682]LogModuleManager: Shutting down and abandoning module ImgMediaFactory (556)
[2018.10.19-11.51.41:752][682]LogModuleManager: Shutting down and abandoning module ImgMediaEditor (554)
[2018.10.19-11.51.41:752][682]LogModuleManager: Shutting down and abandoning module AvfMediaFactory (552)
[2018.10.19-11.51.41:752][682]LogModuleManager: Shutting down and abandoning module AvfMediaEditor (550)
[2018.10.19-11.51.41:752][682]LogModuleManager: Shutting down and abandoning module AndroidMediaFactory (548)
[2018.10.19-11.51.41:752][682]LogModuleManager: Shutting down and abandoning module AndroidMediaEditor (546)
[2018.10.19-11.51.41:752][682]LogModuleManager: Shutting down and abandoning module MagicLeapCameraPreviewFactory (544)
[2018.10.19-11.51.41:752][682]LogModuleManager: Shutting down and abandoning module MagicLeapMediaFactory (542)
[2018.10.19-11.51.41:752][682]LogModuleManager: Shutting down and abandoning module MagicLeapMediaEditor (540)
[2018.10.19-11.51.41:752][682]LogModuleManager: Shutting down and abandoning module CharacterAI (538)
[2018.10.19-11.51.41:752][682]LogModuleManager: Shutting down and abandoning module SmartSnapping (536)
[2018.10.19-11.51.41:752][682]LogModuleManager: Shutting down and abandoning module SessionServices (534)
[2018.10.19-11.51.41:752][682]LogModuleManager: Shutting down and abandoning module ViewportSnapping (532)
[2018.10.19-11.51.41:752][682]LogModuleManager: Shutting down and abandoning module ViewportInteraction (530)
[2018.10.19-11.51.41:752][682]LogModuleManager: Shutting down and abandoning module ClothPainter (528)
[2018.10.19-11.51.41:752][682]LogModuleManager: Shutting down and abandoning module SkeletalMeshEditor (527)
[2018.10.19-11.51.41:752][682]LogModuleManager: Shutting down and abandoning module LogVisualizer (524)
[2018.10.19-11.51.41:752][682]LogModuleManager: Shutting down and abandoning module IntroTutorials (522)
[2018.10.19-11.51.41:752][682]LogModuleManager: Shutting down and abandoning module GameProjectGeneration (521)
[2018.10.19-11.51.41:752][682]LogModuleManager: Shutting down and abandoning module LuminPlatformEditor (518)
[2018.10.19-11.51.41:752][682]LogModuleManager: Shutting down and abandoning module IOSPlatformEditor (516)
[2018.10.19-11.51.41:753][682]LogModuleManager: Shutting down and abandoning module HTML5PlatformEditor (514)
[2018.10.19-11.51.41:753][682]LogModuleManager: Shutting down and abandoning module AndroidPlatformEditor (512)
[2018.10.19-11.51.41:753][682]LogModuleManager: Shutting down and abandoning module AndroidDeviceDetection (511)
[2018.10.19-11.51.42:082][682]LogModuleManager: Shutting down and abandoning module WindowsPlatformEditor (508)
[2018.10.19-11.51.42:082][682]LogModuleManager: Shutting down and abandoning module LuminRuntimeSettings (506)
[2018.10.19-11.51.42:082][682]LogModuleManager: Shutting down and abandoning module IOSRuntimeSettings (504)
[2018.10.19-11.51.42:082][682]LogModuleManager: Shutting down and abandoning module AndroidRuntimeSettings (502)
[2018.10.19-11.51.42:082][682]LogModuleManager: Shutting down and abandoning module InputBindingEditor (500)
[2018.10.19-11.51.42:082][682]LogModuleManager: Shutting down and abandoning module MergeActors (498)
[2018.10.19-11.51.42:082][682]LogModuleManager: Shutting down and abandoning module LocalizationDashboard (496)
[2018.10.19-11.51.42:082][682]LogModuleManager: Shutting down and abandoning module LocalizationService (495)
[2018.10.19-11.51.42:082][682]LogModuleManager: Shutting down and abandoning module HardwareTargeting (492)
[2018.10.19-11.51.42:082][682]LogModuleManager: Shutting down and abandoning module DeviceProfileEditor (490)
[2018.10.19-11.51.42:083][682]LogModuleManager: Shutting down and abandoning module UndoHistory (488)
[2018.10.19-11.51.42:083][682]LogModuleManager: Shutting down and abandoning module XmlParser (486)
[2018.10.19-11.51.42:083][682]LogModuleManager: Shutting down and abandoning module Blutility (484)
[2018.10.19-11.51.42:083][682]LogModuleManager: Shutting down and abandoning module ProjectSettingsViewer (482)
[2018.10.19-11.51.42:083][682]LogModuleManager: Shutting down and abandoning module ProjectTargetPlatformEditor (481)
[2018.10.19-11.51.42:083][682]LogModuleManager: Shutting down and abandoning module EditorSettingsViewer (478)
[2018.10.19-11.51.42:083][682]LogModuleManager: Shutting down and abandoning module SettingsEditor (476)
[2018.10.19-11.51.42:083][682]LogModuleManager: Shutting down and abandoning module ProjectLauncher (474)
[2018.10.19-11.51.42:083][682]LogModuleManager: Shutting down and abandoning module SessionFrontend (472)
[2018.10.19-11.51.42:083][682]LogModuleManager: Shutting down and abandoning module ProfilerClient (470)
[2018.10.19-11.51.42:083][682]LogModuleManager: Shutting down and abandoning module DeviceManager (468)
[2018.10.19-11.51.42:083][682]LogModuleManager: Shutting down and abandoning module TargetDeviceServices (467)
[2018.10.19-11.51.42:149][682]LogModuleManager: Shutting down and abandoning module AutomationController (464)
[2018.10.19-11.51.42:149][682]LogModuleManager: Shutting down and abandoning module AutomationWindow (462)
[2018.10.19-11.51.42:149][682]LogModuleManager: Shutting down and abandoning module Layers (460)
[2018.10.19-11.51.42:149][682]LogModuleManager: Shutting down and abandoning module ComponentVisualizers (458)
[2018.10.19-11.51.42:149][682]LogModuleManager: Shutting down and abandoning module DetailCustomizations (456)
[2018.10.19-11.51.42:149][682]LogModuleManager: Shutting down and abandoning module PackagesDialog (454)
[2018.10.19-11.51.42:149][682]LogModuleManager: Shutting down and abandoning module Persona (452)
[2018.10.19-11.51.42:149][682]LogModuleManager: Shutting down and abandoning module AdvancedPreviewScene (451)
[2018.10.19-11.51.42:149][682]LogModuleManager: Shutting down and abandoning module AnimGraph (449)
[2018.10.19-11.51.42:149][682]LogModuleManager: Shutting down and abandoning module Kismet (446)
[2018.10.19-11.51.42:149][682]LogModuleManager: Shutting down and abandoning module GraphEditor (444)
[2018.10.19-11.51.42:150][682]LogModuleManager: Shutting down and abandoning module ClassViewer (442)
[2018.10.19-11.51.42:150][682]LogModuleManager: Shutting down and abandoning module Toolbox (440)
[2018.10.19-11.51.42:150][682]LogModuleManager: Shutting down and abandoning module DesktopPlatform (439)
[2018.10.19-11.51.42:150][682]LogModuleManager: Shutting down and abandoning module ModuleUI (436)
[2018.10.19-11.51.42:150][682]LogModuleManager: Shutting down and abandoning module MovieSceneTools (434)
[2018.10.19-11.51.42:150][682]LogModuleManager: Shutting down and abandoning module OutputLog (432)
[2018.10.19-11.51.42:150][682]LogModuleManager: Shutting down and abandoning module GammaUI (430)
[2018.10.19-11.51.42:150][682]LogModuleManager: Shutting down and abandoning module Documentation (428)
[2018.10.19-11.51.42:150][682]LogModuleManager: Shutting down and abandoning module MovieSceneTracks (426)
[2018.10.19-11.51.42:150][682]LogModuleManager: Shutting down and abandoning module MovieScene (424)
[2018.10.19-11.51.42:150][682]LogModuleManager: Shutting down and abandoning module StreamingPauseRendering (422)
[2018.10.19-11.51.42:150][682]LogModuleManager: Shutting down and abandoning module LauncherPlatform (420)
[2018.10.19-11.51.42:150][682]LogModuleManager: Shutting down and abandoning module AnalyticsET (418)
[2018.10.19-11.51.42:150][682]LogModuleManager: Shutting down and abandoning module PortalServices (416)
[2018.10.19-11.51.42:150][682]LogModuleManager: Shutting down and abandoning module PortalRpc (414)
[2018.10.19-11.51.42:150][682]LogModuleManager: Shutting down and abandoning module MessagingRpc (412)
[2018.10.19-11.51.42:150][682]LogModuleManager: Shutting down and abandoning module AIModule (410)
[2018.10.19-11.51.42:150][682]LogModuleManager: Shutting down and abandoning module GameplayDebugger (409)
[2018.10.19-11.51.42:150][682]LogModuleManager: Shutting down and abandoning module AITestSuite (407)
[2018.10.19-11.51.42:150][682]LogModuleManager: Shutting down and abandoning module NavigationSystem (405)
[2018.10.19-11.51.42:150][682]LogModuleManager: Shutting down and abandoning module ProfilerService (402)
[2018.10.19-11.51.42:249][682]LogModuleManager: Shutting down and abandoning module TaskGraph (400)
[2018.10.19-11.51.42:249][682]LogModuleManager: Shutting down and abandoning module SteamVRController (398)
[2018.10.19-11.51.42:249][682]LogModuleManager: Shutting down and abandoning module ProceduralMeshComponentEditor (396)
[2018.10.19-11.51.42:249][682]LogModuleManager: Shutting down and abandoning module ProceduralMeshComponent (394)
[2018.10.19-11.51.42:249][682]LogModuleManager: Shutting down and abandoning module OculusInput (392)
[2018.10.19-11.51.42:249][682]LogModuleManager: Shutting down and abandoning module MobilePatchingUtils (390)
[2018.10.19-11.51.42:249][682]LogModuleManager: Shutting down and abandoning module EditableMesh (388)
[2018.10.19-11.51.42:249][682]LogModuleManager: Shutting down and abandoning module CustomMeshComponent (386)
[2018.10.19-11.51.42:250][682]LogModuleManager: Shutting down and abandoning module CableComponent (384)
[2018.10.19-11.51.42:251][682]LogModuleManager: Shutting down and abandoning module AudioCapture (382)
[2018.10.19-11.51.42:251][682]LogModuleManager: Shutting down and abandoning module ArchVisCharacter (380)
[2018.10.19-11.51.42:251][682]LogModuleManager: Shutting down and abandoning module AndroidPermission (378)
[2018.10.19-11.51.42:251][682]LogModuleManager: Shutting down and abandoning module NUTUnrealEngine4 (376)
[2018.10.19-11.51.42:251][682]LogModuleManager: Shutting down and abandoning module NetcodeUnitTest (374)
[2018.10.19-11.51.42:251][682]LogModuleManager: Shutting down and abandoning module MediaCompositingEditor (372)
[2018.10.19-11.51.42:251][682]LogModuleManager: Shutting down and abandoning module MediaCompositing (370)
[2018.10.19-11.51.42:251][682]LogModuleManager: Shutting down and abandoning module LinearTimecode (368)
[2018.10.19-11.51.42:251][682]LogModuleManager: Shutting down and abandoning module ImgMedia (366)
[2018.10.19-11.51.42:255][682]LogModuleManager: Shutting down and abandoning module HTML5Networking (364)
[2018.10.19-11.51.42:255][682]LogModuleManager: Shutting down and abandoning module GeometryCacheTracks (362)
[2018.10.19-11.51.42:255][682]LogModuleManager: Shutting down and abandoning module GeometryCacheSequencer (360)
[2018.10.19-11.51.42:255][682]LogModuleManager: Shutting down and abandoning module BackChannel (358)
[2018.10.19-11.51.42:255][682]LogModuleManager: Shutting down and abandoning module AppleVision (356)
[2018.10.19-11.51.42:255][682]LogModuleManager: Shutting down and abandoning module AppleImageUtils (354)
[2018.10.19-11.51.42:255][682]LogModuleManager: Shutting down and abandoning module AlembicImporter (352)
[2018.10.19-11.51.42:255][682]LogModuleManager: Shutting down and abandoning module AlembicLibrary (351)
[2018.10.19-11.51.42:255][682]LogModuleManager: Shutting down and abandoning module GeometryCache (350)
[2018.10.19-11.51.42:255][682]LogModuleManager: Shutting down and abandoning module GeometryCacheEd (349)
[2018.10.19-11.51.42:255][682]LogModuleManager: Shutting down and abandoning module DatasmithContentEditor (344)
[2018.10.19-11.51.42:255][682]LogModuleManager: Shutting down and abandoning module DatasmithContent (342)
[2018.10.19-11.51.42:257][682]LogModuleManager: Shutting down and abandoning module SpeedTreeImporter (340)
[2018.10.19-11.51.42:257][682]LogModuleManager: Shutting down and abandoning module PluginBrowser (338)
[2018.10.19-11.51.42:257][682]LogModuleManager: Shutting down and abandoning module MobileLauncherProfileWizard (336)
[2018.10.19-11.51.42:257][682]LogModuleManager: Shutting down and abandoning module PolygonModeling (334)
[2018.10.19-11.51.42:257][682]LogModuleManager: Shutting down and abandoning module MeshEditor (332)
[2018.10.19-11.51.42:257][682]LogModuleManager: Shutting down and abandoning module CryptoKeysOpenSSL (330)
[2018.10.19-11.51.42:257][682]LogModuleManager: Shutting down and abandoning module CryptoKeys (328)
[2018.10.19-11.51.42:257][682]LogModuleManager: Shutting down and abandoning module VisualStudioSourceCodeAccess (326)
[2018.10.19-11.51.42:257][682]LogModuleManager: Shutting down and abandoning module VisualStudioCodeSourceCodeAccess (324)
[2018.10.19-11.51.42:257][682]LogModuleManager: Shutting down and abandoning module UObjectPlugin (322)
[2018.10.19-11.51.42:257][682]LogModuleManager: Shutting down and abandoning module SubversionSourceControl (320)
[2018.10.19-11.51.42:257][682]LogModuleManager: Shutting down and abandoning module PerforceSourceControl (318)
[2018.10.19-11.51.42:257][682]LogModuleManager: Shutting down and abandoning module GitSourceControl (316)
[2018.10.19-11.51.42:257][682]LogModuleManager: Shutting down and abandoning module SourceControl (315)
[2018.10.19-11.51.42:257][682]LogModuleManager: Shutting down and abandoning module CLionSourceCodeAccess (312)
[2018.10.19-11.51.42:257][682]LogModuleManager: Shutting down and abandoning module LightPropagationVolumeEditor (310)
[2018.10.19-11.51.42:257][682]LogModuleManager: Shutting down and abandoning module PaperTiledImporter (308)
[2018.10.19-11.51.42:257][682]LogModuleManager: Shutting down and abandoning module PaperSpriteSheetImporter (306)
[2018.10.19-11.51.42:257][682]LogModuleManager: Shutting down and abandoning module Paper2DEditor (304)
[2018.10.19-11.51.42:258][682]LogModuleManager: Shutting down and abandoning module MeshPaint (303)
[2018.10.19-11.51.42:258][682]LogModuleManager: Shutting down and abandoning module TopHatSoloProject (300)
[2018.10.19-11.51.42:258][682]LogModuleManager: Shutting down and abandoning module RuntimePhysXCooking (298)
[2018.10.19-11.51.42:258][682]LogModuleManager: Shutting down and abandoning module PhysXVehiclesEditor (296)
[2018.10.19-11.51.42:258][682]LogModuleManager: Shutting down and abandoning module PhysXVehicles (294)
[2018.10.19-11.51.42:258][682]LogModuleManager: Shutting down and abandoning module OculusEditor (292)
[2018.10.19-11.51.42:258][682]LogModuleManager: Shutting down and abandoning module LocationServicesBPLibrary (290)
[2018.10.19-11.51.42:258][682]LogModuleManager: Shutting down and abandoning module ImmediatePhysicsEditor (288)
[2018.10.19-11.51.42:258][682]LogModuleManager: Shutting down and abandoning module ImmediatePhysics (286)
[2018.10.19-11.51.42:258][682]LogModuleManager: Shutting down and abandoning module ActorSequence (284)
[2018.10.19-11.51.42:258][682]LogModuleManager: Shutting down and abandoning module UdpMessaging (282)
[2018.10.19-11.51.42:359][682]LogModuleManager: Shutting down and abandoning module TcpMessaging (280)
[2018.10.19-11.51.42:460][682]LogModuleManager: Shutting down and abandoning module MagicLeapAudio (278)
[2018.10.19-11.51.42:460][682]LogModuleManager: Shutting down and abandoning module GameplayTagsEditor (276)
[2018.10.19-11.51.42:460][682]LogModuleManager: Shutting down and abandoning module FacialAnimationEditor (274)
[2018.10.19-11.51.42:460][682]LogModuleManager: Shutting down and abandoning module FacialAnimation (272)
[2018.10.19-11.51.42:460][682]LogModuleManager: Shutting down and abandoning module DataValidation (270)
[2018.10.19-11.51.42:460][682]LogModuleManager: Shutting down and abandoning module AssetManagerEditor (268)
[2018.10.19-11.51.42:460][682]LogModuleManager: Shutting down and abandoning module LevelEditor (267)
[2018.10.19-11.51.42:461][682]LogModuleManager: Shutting down and abandoning module PixelInspectorModule (266)
[2018.10.19-11.51.42:461][682]LogModuleManager: Shutting down and abandoning module CommonMenuExtensions (264)
[2018.10.19-11.51.42:461][682]LogModuleManager: Shutting down and abandoning module MainFrame (262)
[2018.10.19-11.51.42:461][682]LogModuleManager: Shutting down and abandoning module HotReload (261)
[2018.10.19-11.51.42:462][682]LogModuleManager: Shutting down and abandoning module ContentBrowser (257)
[2018.10.19-11.51.42:463][682]LogModuleManager: Shutting down and abandoning module TreeMap (255)
[2018.10.19-11.51.42:463][682]LogModuleManager: Shutting down and abandoning module LightPropagationVolumeRuntime (252)
[2018.10.19-11.51.42:463][682]LogModuleManager: Shutting down and abandoning module AISupportModule (250)
[2018.10.19-11.51.42:463][682]LogModuleManager: Shutting down and abandoning module Paper2D (248)
[2018.10.19-11.51.42:463][682]LogModuleManager: Shutting down and abandoning module WindowsMoviePlayer (246)
[2018.10.19-11.51.42:463][682]LogModuleManager: Shutting down and abandoning module WmfMedia (244)
[2018.10.19-11.51.42:464][682]LogModuleManager: Shutting down and abandoning module Media (243)
[2018.10.19-11.51.42:470][682]LogModuleManager: Shutting down and abandoning module PacketHandler (240)
[2018.10.19-11.51.42:470][682]LogModuleManager: Shutting down and abandoning module ClothingSystemEditor (238)
[2018.10.19-11.51.42:470][682]LogModuleManager: Shutting down and abandoning module ClothingSystemRuntime (236)
[2018.10.19-11.51.42:470][682]LogModuleManager: Shutting down and abandoning module MediaAssets (234)
[2018.10.19-11.51.42:470][682]LogModuleManager: Shutting down and abandoning module Overlay (232)
[2018.10.19-11.51.42:470][682]LogModuleManager: Shutting down and abandoning module OverlayEditor (231)
[2018.10.19-11.51.42:470][682]LogModuleManager: Shutting down and abandoning module VREditor (228)
[2018.10.19-11.51.42:470][682]LogModuleManager: Shutting down and abandoning module StringTableEditor (226)
[2018.10.19-11.51.42:470][682]LogModuleManager: Shutting down and abandoning module GameplayTasksEditor (224)
[2018.10.19-11.51.42:470][682]LogModuleManager: Shutting down and abandoning module BehaviorTreeEditor (222)
[2018.10.19-11.51.42:471][682]LogModuleManager: Shutting down and abandoning module FunctionalTesting (220)
[2018.10.19-11.51.42:471][682]LogModuleManager: Shutting down and abandoning module CollisionAnalyzer (218)
[2018.10.19-11.51.42:471][682]LogModuleManager: Shutting down and abandoning module WorkspaceMenuStructure (217)
[2018.10.19-11.51.42:471][682]LogModuleManager: Shutting down and abandoning module UMG (214)
[2018.10.19-11.51.42:471][682]LogModuleManager: Shutting down and abandoning module UMGEditor (213)
[2018.10.19-11.51.42:471][682]LogModuleManager: Shutting down and abandoning module Sequencer (212)
[2018.10.19-11.51.42:471][682]LogModuleManager: Shutting down and abandoning module MessageLog (209)
[2018.10.19-11.51.42:471][682]LogModuleManager: Shutting down and abandoning module SlateReflector (204)
[2018.10.19-11.51.42:471][682]LogModuleManager: Shutting down and abandoning module Slate (202)
[2018.10.19-11.51.42:471][682]LogModuleManager: Shutting down and abandoning module EditorStyle (200)
[2018.10.19-11.51.42:473][682]LogModuleManager: Shutting down and abandoning module MRMesh (198)
[2018.10.19-11.51.42:473][682]LogModuleManager: Shutting down and abandoning module SourceCodeAccess (196)
[2018.10.19-11.51.42:473][682]LogModuleManager: Shutting down and abandoning module HeadMountedDisplay (194)
[2018.10.19-11.51.42:473][682]LogModuleManager: Shutting down and abandoning module XAudio2 (192)
[2018.10.19-11.51.42:473][682]LogModuleManager: Shutting down and abandoning module Networking (190)
[2018.10.19-11.51.42:473][682]LogModuleManager: Shutting down and abandoning module Core (188)
[2018.10.19-11.51.42:473][682]LogModuleManager: Shutting down and abandoning module LevelSequence (186)
[2018.10.19-11.51.42:473][682]LogModuleManager: Shutting down and abandoning module KismetCompiler (184)
[2018.10.19-11.51.42:473][682]LogModuleManager: Shutting down and abandoning module MeshUtilities (182)
[2018.10.19-11.51.42:473][682]LogModuleManager: Shutting down and abandoning module MeshMergeUtilities (181)
[2018.10.19-11.51.42:473][682]LogModuleManager: Shutting down and abandoning module MeshReductionInterface (180)
[2018.10.19-11.51.42:473][682]LogModuleManager: Shutting down and abandoning module SimplygonSwarm (179)
[2018.10.19-11.51.42:473][682]LogModuleManager: Shutting down and abandoning module ProxyLODMeshReduction (177)
[2018.10.19-11.51.42:473][682]LogModuleManager: Shutting down and abandoning module SimplygonMeshReduction (175)
[2018.10.19-11.51.42:473][682]LogModuleManager: Shutting down and abandoning module QuadricMeshReduction (173)
[2018.10.19-11.51.42:473][682]LogModuleManager: Shutting down and abandoning module MaterialBaking (169)
[2018.10.19-11.51.42:473][682]LogModuleManager: Shutting down and abandoning module DirectoryWatcher (165)
[2018.10.19-11.51.42:473][682]LogModuleManager: Shutting down and abandoning module DerivedDataCache (162)
[2018.10.19-11.51.42:573][682]LogDerivedDataCache: Shutdown
[2018.10.19-11.51.42:573][682]LogModuleManager: Shutting down and abandoning module XGEController (160)
[2018.10.19-11.51.42:573][682]LogXGEController: Cleaning working directory: C:/Users/p018236h/AppData/Local/Temp/UnrealXGEWorkingDir/
[2018.10.19-11.51.42:574][682]LogModuleManager: Shutting down and abandoning module TargetPlatform (158)
[2018.10.19-11.51.42:574][682]LogModuleManager: Shutting down and abandoning module VulkanShaderFormat (157)
[2018.10.19-11.51.42:574][682]LogModuleManager: Shutting down and abandoning module ShaderFormatVectorVM (155)
[2018.10.19-11.51.42:574][682]LogModuleManager: Shutting down and abandoning module ShaderFormatOpenGL (153)
[2018.10.19-11.51.42:574][682]LogModuleManager: Shutting down and abandoning module ShaderFormatD3D (151)
[2018.10.19-11.51.42:574][682]LogModuleManager: Shutting down and abandoning module MetalShaderFormat (149)
[2018.10.19-11.51.42:574][682]LogModuleManager: Shutting down and abandoning module TextureFormatUncompressed (147)
[2018.10.19-11.51.42:574][682]LogModuleManager: Shutting down and abandoning module TextureFormatPVR (145)
[2018.10.19-11.51.42:574][682]LogModuleManager: Shutting down and abandoning module TextureFormatDXT (143)
[2018.10.19-11.51.42:574][682]LogModuleManager: Shutting down and abandoning module TextureFormatIntelISPCTexComp (141)
[2018.10.19-11.51.42:574][682]LogModuleManager: Shutting down and abandoning module TextureFormatASTC (139)
[2018.10.19-11.51.42:574][682]LogModuleManager: Shutting down and abandoning module ImageWrapper (138)
[2018.10.19-11.51.42:574][682]LogModuleManager: Shutting down and abandoning module TextureFormatAndroid (135)
[2018.10.19-11.51.42:574][682]LogModuleManager: Shutting down and abandoning module AudioFormatOpus (133)
[2018.10.19-11.51.42:574][682]LogModuleManager: Shutting down and abandoning module AudioFormatOgg (131)
[2018.10.19-11.51.42:574][682]LogModuleManager: Shutting down and abandoning module AudioFormatADPCM (129)
[2018.10.19-11.51.42:574][682]LogModuleManager: Shutting down and abandoning module LuminTargetPlatform (127)
[2018.10.19-11.51.42:574][682]LogModuleManager: Shutting down and abandoning module LinuxTargetPlatform (125)
[2018.10.19-11.51.42:574][682]LogModuleManager: Shutting down and abandoning module LinuxServerTargetPlatform (123)
[2018.10.19-11.51.42:574][682]LogModuleManager: Shutting down and abandoning module LinuxNoEditorTargetPlatform (121)
[2018.10.19-11.51.42:575][682]LogModuleManager: Shutting down and abandoning module LinuxClientTargetPlatform (119)
[2018.10.19-11.51.42:575][682]LogModuleManager: Shutting down and abandoning module TVOSTargetPlatform (117)
[2018.10.19-11.51.42:575][682]LogModuleManager: Shutting down and abandoning module Messaging (115)
[2018.10.19-11.51.42:575][682]LogModuleManager: Shutting down and abandoning module IOSTargetPlatform (113)
[2018.10.19-11.51.42:576][682]LogModuleManager: Shutting down and abandoning module HTML5TargetPlatform (111)
[2018.10.19-11.51.42:576][682]LogModuleManager: Shutting down and abandoning module AndroidTargetPlatform (109)
[2018.10.19-11.51.42:585][682]LogModuleManager: Shutting down and abandoning module WindowsTargetPlatform (107)
[2018.10.19-11.51.42:585][682]LogModuleManager: Shutting down and abandoning module WindowsServerTargetPlatform (105)
[2018.10.19-11.51.42:585][682]LogModuleManager: Shutting down and abandoning module WindowsNoEditorTargetPlatform (103)
[2018.10.19-11.51.42:585][682]LogModuleManager: Shutting down and abandoning module WindowsClientTargetPlatform (101)
[2018.10.19-11.51.42:585][682]LogModuleManager: Shutting down and abandoning module MacTargetPlatform (99)
[2018.10.19-11.51.42:585][682]LogModuleManager: Shutting down and abandoning module MacServerTargetPlatform (97)
[2018.10.19-11.51.42:585][682]LogModuleManager: Shutting down and abandoning module MacNoEditorTargetPlatform (95)
[2018.10.19-11.51.42:585][682]LogModuleManager: Shutting down and abandoning module MacClientTargetPlatform (93)
[2018.10.19-11.51.42:585][682]LogModuleManager: Shutting down and abandoning module AllDesktopTargetPlatform (91)
[2018.10.19-11.51.42:585][682]LogModuleManager: Shutting down and abandoning module InputCore (88)
[2018.10.19-11.51.42:585][682]LogModuleManager: Shutting down and abandoning module Settings (86)
[2018.10.19-11.51.42:585][682]LogModuleManager: Shutting down and abandoning module PhysXCooking (84)
[2018.10.19-11.51.42:585][682]LogModuleManager: Shutting down and abandoning module SteamVR (82)
[2018.10.19-11.51.42:585][682]LogModuleManager: Shutting down and abandoning module OculusHMD (80)
[2018.10.19-11.51.42:585][682]LogModuleManager: Shutting down and abandoning module ExampleDeviceProfileSelector (78)
[2018.10.19-11.51.42:585][682]LogModuleManager: Shutting down and abandoning module LauncherChunkInstaller (76)
[2018.10.19-11.51.42:585][682]LogModuleManager: Shutting down and abandoning module OnlineBlueprintSupport (74)
[2018.10.19-11.51.42:585][682]LogModuleManager: Shutting down and abandoning module OnlineSubsystem (70)
[2018.10.19-11.51.42:586][682]LogModuleManager: Shutting down and abandoning module XMPP (65)
[2018.10.19-11.51.42:586][682]LogModuleManager: Shutting down and abandoning module WebSockets (64)
[2018.10.19-11.51.42:617][682]LogModuleManager: Shutting down and abandoning module HTTP (61)
[2018.10.19-11.51.42:617][682]LogHttp: Display: Http module shutting down, but needs to wait on 1 outstanding Http requests:
[2018.10.19-11.51.42:617][682]LogHttp: Display: 	verb=[POST] url=[https://datarouter.ol.epicgames.com/datarouter/api/v1/public/data?SessionID=%7B36C59699-4D97-B014-3604-0DB77A11FA8D%7D&AppID=UEEditor.Rocket.Release&AppVersion=4.20.3-4369336%2B%2B%2BUE4%2BRelease-4.20&UserID=e524b7ca40265fdfd5926b88277d5da7%7C%7C180d6c3b-4c37-4be4-aee1-8e3b26b7b95b&AppEnvironment=datacollector-binary&UploadType=eteventstream] status=Processing
[2018.10.19-11.51.42:623][682]LogModuleManager: Shutting down and abandoning module SSL (60)
[2018.10.19-11.51.42:627][682]LogModuleManager: Shutting down and abandoning module MagicLeapEmulator (56)
[2018.10.19-11.51.42:627][682]LogModuleManager: Shutting down and abandoning module MagicLeapPrivileges (54)
[2018.10.19-11.51.42:627][682]LogModuleManager: Shutting down and abandoning module MagicLeapIdentity (52)
[2018.10.19-11.51.42:627][682]LogModuleManager: Shutting down and abandoning module MagicLeapHelperVulkan (50)
[2018.10.19-11.51.42:627][682]LogModuleManager: Shutting down and abandoning module MagicLeapHelperOpenGL (48)
[2018.10.19-11.51.42:627][682]LogModuleManager: Shutting down and abandoning module MagicLeapSecureStorage (46)
[2018.10.19-11.51.42:627][682]LogModuleManager: Shutting down and abandoning module MagicLeapGestures (44)
[2018.10.19-11.51.42:627][682]LogModuleManager: Shutting down and abandoning module MagicLeapEyeTracker (42)
[2018.10.19-11.51.42:627][682]LogModuleManager: Shutting down and abandoning module MagicLeapController (40)
[2018.10.19-11.51.42:627][682]LogSlate: Slate User Destroyed.  User Index 0, Is Virtual User: 0
[2018.10.19-11.51.42:627][682]LogModuleManager: Shutting down and abandoning module MagicLeap (38)
[2018.10.19-11.51.42:627][682]LogModuleManager: Shutting down and abandoning module AnimationModifiers (36)
[2018.10.19-11.51.42:628][682]LogModuleManager: Shutting down and abandoning module PropertyEditor (35)
[2018.10.19-11.51.42:628][682]LogModuleManager: Shutting down and abandoning module AudioEditor (32)
[2018.10.19-11.51.42:628][682]LogModuleManager: Shutting down and abandoning module TextureCompressor (30)
[2018.10.19-11.51.42:628][682]LogModuleManager: Shutting down and abandoning module ShaderCore (28)
[2018.10.19-11.51.42:628][682]LogModuleManager: Shutting down and abandoning module Landscape (26)
[2018.10.19-11.51.42:628][682]LogModuleManager: Shutting down and abandoning module SlateRHIRenderer (24)
[2018.10.19-11.51.42:628][682]LogModuleManager: Shutting down and abandoning module OpenGLDrv (22)
[2018.10.19-11.51.42:628][682]LogModuleManager: Shutting down and abandoning module D3D11RHI (20)
[2018.10.19-11.51.42:629][682]LogModuleManager: Shutting down and abandoning module AnimGraphRuntime (18)
[2018.10.19-11.51.42:629][682]LogModuleManager: Shutting down and abandoning module Renderer (16)
[2018.10.19-11.51.42:629][682]LogModuleManager: Shutting down and abandoning module Engine (14)
[2018.10.19-11.51.42:629][682]LogModuleManager: Shutting down and abandoning module CoreUObject (12)
[2018.10.19-11.51.42:629][682]LogModuleManager: Shutting down and abandoning module NetworkFile (10)
[2018.10.19-11.51.42:629][682]LogModuleManager: Shutting down and abandoning module CookedIterativeFile (8)
[2018.10.19-11.51.42:629][682]LogModuleManager: Shutting down and abandoning module StreamingFile (6)
[2018.10.19-11.51.42:629][682]LogModuleManager: Shutting down and abandoning module SandboxFile (4)
[2018.10.19-11.51.42:629][682]LogModuleManager: Shutting down and abandoning module PakFile (2)
[2018.10.19-11.51.42:641][682]LogExit: Exiting.
[2018.10.19-11.51.42:650][682]Log file closed, 10/19/18 12:51:42
