Log file open, 10/23/18 20:29:25
LogWindows: Failed to load 'aqProf.dll' (GetLastError=126)
LogWindows: File 'aqProf.dll' does not exist
LogWindows: Failed to load 'VSPerf140.dll' (GetLastError=126)
LogWindows: File 'VSPerf140.dll' does not exist
LogWindows: Failed to load 'VtuneApi.dll' (GetLastError=126)
LogWindows: File 'VtuneApi.dll' does not exist
LogWindows: Failed to load 'VtuneApi32e.dll' (GetLastError=126)
LogWindows: File 'VtuneApi32e.dll' does not exist
LogInit: Display: Running engine for game: TopHatSoloProject
LogPlatformFile: Not using cached read wrapper
LogTaskGraph: Started task graph with 5 named threads and 14 total threads with 3 sets of task threads.
LogStats: Stats thread started at 0.320431
LogD3D11RHI: Loaded GFSDK_Aftermath_Lib.x64.dll
LogICUInternationalization: Display: ICU TimeZone Detection - Raw Offset: +0:00, Platform Override: ''
LogPluginManager: Mounting plugin Paper2D
LogPluginManager: Mounting plugin AISupport
LogPluginManager: Mounting plugin LightPropagationVolume
LogPluginManager: Mounting plugin CLionSourceCodeAccess
LogPluginManager: Mounting plugin CodeLiteSourceCodeAccess
LogPluginManager: Mounting plugin GitSourceControl
LogPluginManager: Mounting plugin KDevelopSourceCodeAccess
LogPluginManager: Mounting plugin NullSourceCodeAccess
LogPluginManager: Mounting plugin PerforceSourceControl
LogPluginManager: Mounting plugin SubversionSourceControl
LogPluginManager: Mounting plugin UObjectPlugin
LogPluginManager: Mounting plugin VisualStudioCodeSourceCodeAccess
LogPluginManager: Mounting plugin VisualStudioSourceCodeAccess
LogPluginManager: Mounting plugin XCodeSourceCodeAccess
LogPluginManager: Mounting plugin AssetManagerEditor
LogPluginManager: Mounting plugin CryptoKeys
LogPluginManager: Mounting plugin DataValidation
LogPluginManager: Mounting plugin FacialAnimation
LogPluginManager: Mounting plugin GameplayTagsEditor
LogPluginManager: Mounting plugin MacGraphicsSwitching
LogPluginManager: Mounting plugin MeshEditor
LogPluginManager: Mounting plugin MobileLauncherProfileWizard
LogPluginManager: Mounting plugin PluginBrowser
LogPluginManager: Mounting plugin SpeedTreeImporter
LogPluginManager: Mounting plugin DatasmithContent
LogPluginManager: Mounting plugin AlembicImporter
LogPluginManager: Mounting plugin AppleImageUtils
LogPluginManager: Mounting plugin AppleVision
LogPluginManager: Mounting plugin BackChannel
LogPluginManager: Mounting plugin CharacterAI
LogPluginManager: Mounting plugin GeometryCache
LogPluginManager: Mounting plugin HTML5Networking
LogPluginManager: Mounting plugin ProxyLODPlugin
LogPluginManager: Mounting plugin MagicLeap
LogPluginManager: Mounting plugin MagicLeapEmulator
LogPluginManager: Mounting plugin MagicLeapMedia
LogPluginManager: Mounting plugin AndroidMedia
LogPluginManager: Mounting plugin AvfMedia
LogPluginManager: Mounting plugin ImgMedia
LogPluginManager: Mounting plugin LinearTimecode
LogPluginManager: Mounting plugin MediaCompositing
LogPluginManager: Mounting plugin MediaPlayerEditor
LogPluginManager: Mounting plugin WmfMedia
LogPluginManager: Mounting plugin TcpMessaging
LogPluginManager: Mounting plugin UdpMessaging
LogPluginManager: Mounting plugin ActorSequence
LogPluginManager: Mounting plugin LevelSequenceEditor
LogPluginManager: Mounting plugin MatineeToLevelSequence
LogPluginManager: Mounting plugin NetcodeUnitTest
LogPluginManager: Mounting plugin NUTUnrealEngine4
LogPluginManager: Mounting plugin OnlineSubsystemGooglePlay
LogPluginManager: Mounting plugin OnlineSubsystemIOS
LogPluginManager: Mounting plugin OnlineSubsystem
LogPluginManager: Mounting plugin OnlineSubsystemNull
LogPluginManager: Mounting plugin OnlineSubsystemUtils
LogPluginManager: Mounting plugin LauncherChunkInstaller
LogPluginManager: Mounting plugin AndroidDeviceProfileSelector
LogPluginManager: Mounting plugin AndroidMoviePlayer
LogPluginManager: Mounting plugin AndroidPermission
LogPluginManager: Mounting plugin AppleMoviePlayer
LogPluginManager: Mounting plugin ArchVisCharacter
LogPluginManager: Mounting plugin AudioCapture
LogPluginManager: Mounting plugin CableComponent
LogPluginManager: Mounting plugin CustomMeshComponent
LogPluginManager: Mounting plugin EditableMesh
LogPluginManager: Mounting plugin ExampleDeviceProfileSelector
LogPluginManager: Mounting plugin GoogleCloudMessaging
LogPluginManager: Mounting plugin ImmediatePhysics
LogPluginManager: Mounting plugin IOSDeviceProfileSelector
LogPluginManager: Mounting plugin LinuxDeviceProfileSelector
LogPluginManager: Mounting plugin LocationServicesBPLibrary
LogPluginManager: Mounting plugin MobilePatchingUtils
LogPluginManager: Mounting plugin OculusVR
LogPluginManager: Plugin shader directory ../../../Engine/Plugins/Runtime/Oculus/OculusVR/Shaders found
LogPluginManager: Mapping shader source directory ../../../Engine/Plugins/Runtime/Oculus/OculusVR/Shaders to virtual directory /Plugin/OculusVR
LogPluginManager: Mounting plugin PhysXVehicles
LogPluginManager: Mounting plugin ProceduralMeshComponent
LogPluginManager: Mounting plugin RuntimePhysXCooking
LogPluginManager: Mounting plugin SteamVR
LogPluginManager: Mounting plugin WindowsMoviePlayer
LogStreaming: Display: Took  0.199s to configure plugins.
LogInit: Using libcurl 7.55.1-DEV
LogInit:  - built for x86_64-pc-win32
LogInit:  - supports SSL with OpenSSL/1.0.2h
LogInit:  - supports HTTP deflate (compression) using libz 1.2.8
LogInit:  - other features:
LogInit:      CURL_VERSION_SSL
LogInit:      CURL_VERSION_LIBZ
LogInit:      CURL_VERSION_IPV6
LogInit:      CURL_VERSION_ASYNCHDNS
LogInit:      CURL_VERSION_LARGEFILE
LogInit:      CURL_VERSION_IDN
LogInit:  CurlRequestOptions (configurable via config and command line):
LogInit:  - bVerifyPeer = false  - Libcurl will NOT verify peer certificate
LogInit:  - bUseHttpProxy = false  - Libcurl will NOT use HTTP proxy
LogInit:  - bDontReuseConnections = false  - Libcurl will reuse connections
LogInit:  - CertBundlePath = nullptr  - Libcurl will use whatever was configured at build time.
LogInit:  - MaxHostConnections = 16  - Libcurl will limit the number of connections to a host
LogInit:  - LocalHostAddr = Default
LogInit:  - BufferSize = 65536
LogInit: WinSock: version 1.1 (2.2), MaxSocks=32767, MaxUdp=65467
LogInit: Build: ++UE4+Release-4.20-CL-4369336
LogInit: Engine Version: 4.20.3-4369336+++UE4+Release-4.20
LogInit: Compatible Engine Version: 4.20.0-4212847+++UE4+Release-4.20
LogInit: Net CL: 4212847
LogInit: OS: Windows 10 (), CPU: Intel(R) Xeon(R) CPU E5-1607 v3 @ 3.10GHz, GPU: NVIDIA GeForce GTX 970
LogInit: Compiled (64-bit): Sep 17 2018 12:26:19
LogInit: Compiled with Visual C++: 19.13.26129.00
LogInit: Build Configuration: Development
LogInit: Branch Name: ++UE4+Release-4.20
LogInit: Command Line:  -skipcompile
LogInit: Base Directory: C:/Epic/UE4/UE_4.20/Engine/Binaries/Win64/
LogInit: Installed Engine Build: 1
LogDevObjectVersion: Number of dev versions registered: 20
LogDevObjectVersion:   Dev-Blueprints (B0D832E4-1F89-4F0D-ACCF-7EB736FD4AA2): 10
LogDevObjectVersion:   Dev-Build (E1C64328-A22C-4D53-A36C-8E866417BD8C): 0
LogDevObjectVersion:   Dev-Core (375EC13C-06E4-48FB-B500-84F0262A717E): 2
LogDevObjectVersion:   Dev-Editor (E4B068ED-F494-42E9-A231-DA0B2E46BB41): 24
LogDevObjectVersion:   Dev-Framework (CFFC743F-43B0-4480-9391-14DF171D2073): 34
LogDevObjectVersion:   Dev-Mobile (B02B49B5-BB20-44E9-A304-32B752E40360): 2
LogDevObjectVersion:   Dev-Networking (A4E4105C-59A1-49B5-A7C5-40C4547EDFEE): 0
LogDevObjectVersion:   Dev-Online (39C831C9-5AE6-47DC-9A44-9C173E1C8E7C): 0
LogDevObjectVersion:   Dev-Physics (78F01B33-EBEA-4F98-B9B4-84EACCB95AA2): 0
LogDevObjectVersion:   Dev-Platform (6631380F-2D4D-43E0-8009-CF276956A95A): 0
LogDevObjectVersion:   Dev-Rendering (12F88B9F-8875-4AFC-A67C-D90C383ABD29): 26
LogDevObjectVersion:   Dev-Sequencer (7B5AE74C-D270-4C10-A958-57980B212A5A): 9
LogDevObjectVersion:   Dev-VR (D7296918-1DD6-4BDD-9DE2-64A83CC13884): 2
LogDevObjectVersion:   Dev-LoadTimes (C2A15278-BFE7-4AFE-6C17-90FF531DF755): 1
LogDevObjectVersion:   Private-Geometry (6EACA3D4-40EC-4CC1-B786-8BED09428FC5): 3
LogDevObjectVersion:   Dev-AnimPhys (29E575DD-E0A3-4627-9D10-D276232CDCEA): 17
LogDevObjectVersion:   Dev-ReflectionCapture (6B266CEC-1EC7-4B8F-A30B-E4D90942FC07): 1
LogDevObjectVersion:   Dev-Automation (0DF73D61-A23F-47EA-B727-89E90C41499A): 1
LogDevObjectVersion:   FortniteMain (601D1886-AC64-4F84-AA16-D3DE0DEAC7D6): 12
LogDevObjectVersion:   Dev-Enterprise (9DFFBCD6-494F-0158-E221-12823C92A888): 1
LogStreaming: Display: Took  0.030s to delete old logs.
LogInit: Presizing for max 8388607 objects, including 0 objects not considered by GC, pre-allocating 0 bytes for permanent pool.
LogInit: Object subsystem initialized
[2018.10.23-19.29.25:923][  0]LogInit: Selected Device Profile: [Windows]
[2018.10.23-19.29.25:923][  0]LogInit: Applying CVar settings loaded from the selected device profile: [Windows]
[2018.10.23-19.29.25:949][  0]LogHAL: Display: Platform has ~ 16 GB [17092071424 / 17179869184 / 16], which maps to Larger [LargestMinGB=32, LargerMinGB=12, DefaultMinGB=8, SmallerMinGB=6, SmallestMinGB=0)
[2018.10.23-19.29.25:950][  0]LogInit: Setting Device Profile CVar: [[r.Vulkan.UseRealUBs:1]]
[2018.10.23-19.29.25:950][  0]LogInit: Going up to parent DeviceProfile []
[2018.10.23-19.29.25:950][  0]LogInit: Computer: S500-15
[2018.10.23-19.29.25:950][  0]LogInit: User: p018236h
[2018.10.23-19.29.25:950][  0]LogInit: CPU Page size=4096, Cores=4
[2018.10.23-19.29.25:950][  0]LogInit: High frequency timer resolution =3.020352 MHz
[2018.10.23-19.29.25:951][  0]LogMemory: Memory total: Physical=15.9GB (16GB approx)
[2018.10.23-19.29.25:951][  0]LogMemory: Platform Memory Stats for Windows
[2018.10.23-19.29.25:951][  0]LogMemory: Process Physical Memory: 101.33 MB used, 101.33 MB peak
[2018.10.23-19.29.25:951][  0]LogMemory: Process Virtual Memory: 84.27 MB used, 84.27 MB peak
[2018.10.23-19.29.25:951][  0]LogMemory: Physical Memory: 6573.84 MB used,  9726.43 MB free, 16300.27 MB total
[2018.10.23-19.29.25:951][  0]LogMemory: Virtual Memory: 4620.36 MB used,  9726.43 MB free, 134217728.00 MB total
[2018.10.23-19.29.26:145][  0]LogInit: Using OS detected language (en-US).
[2018.10.23-19.29.26:145][  0]LogInit: Using OS detected locale (en-GB).
[2018.10.23-19.29.26:147][  0]LogTextLocalizationManager: No specific localization for 'en-US' exists, so the 'en' localization will be used.
[2018.10.23-19.29.26:578][  0]LogStreaming: Display: Took  0.434s to InitEngineTextLocalization.
[2018.10.23-19.29.26:579][  0]LogInit: Setting process to per monitor DPI aware
[2018.10.23-19.29.26:657][  0]LogSlate: New Slate User Created.  User Index 0, Is Virtual User: 0
[2018.10.23-19.29.26:658][  0]LogSlate: Slate User Registered.  User Index 0, Is Virtual User: 0
[2018.10.23-19.29.27:012][  0]LogHMD: Failed to initialize OpenVR with code 110
[2018.10.23-19.29.27:012][  0]LogD3D11RHI: D3D11 adapters:
[2018.10.23-19.29.27:107][  0]LogD3D11RHI:    0. 'NVIDIA GeForce GTX 970' (Feature Level 11_0)
[2018.10.23-19.29.27:107][  0]LogD3D11RHI:       4043/0/8150 MB DedicatedVideo/DedicatedSystem/SharedSystem, Outputs:2, VendorId:0x10de
[2018.10.23-19.29.27:113][  0]LogD3D11RHI:    1. 'Microsoft Basic Render Driver' (Feature Level 11_0)
[2018.10.23-19.29.27:114][  0]LogD3D11RHI:       0/0/8150 MB DedicatedVideo/DedicatedSystem/SharedSystem, Outputs:0, VendorId:0x1414
[2018.10.23-19.29.27:114][  0]LogD3D11RHI: Chosen D3D11 Adapter: 0
[2018.10.23-19.29.27:125][  0]LogD3D11RHI: Creating new Direct3DDevice
[2018.10.23-19.29.27:125][  0]LogD3D11RHI:     GPU DeviceId: 0x13c2 (for the marketing name, search the web for "GPU Device Id")
[2018.10.23-19.29.27:125][  0]LogWindows: EnumDisplayDevices:
[2018.10.23-19.29.27:125][  0]LogWindows:    0. 'NVIDIA GeForce GTX 970' (P:0 D:1)
[2018.10.23-19.29.27:126][  0]LogWindows:    1. 'NVIDIA GeForce GTX 970' (P:1 D:1)
[2018.10.23-19.29.27:126][  0]LogWindows:    2. 'NVIDIA GeForce GTX 970' (P:0 D:0)
[2018.10.23-19.29.27:127][  0]LogWindows:    3. 'NVIDIA GeForce GTX 970' (P:0 D:0)
[2018.10.23-19.29.27:127][  0]LogWindows: DebugString: FoundDriverCount:4 
[2018.10.23-19.29.27:127][  0]LogD3D11RHI:     Adapter Name: NVIDIA GeForce GTX 970
[2018.10.23-19.29.27:127][  0]LogD3D11RHI:   Driver Version: 399.24 (internal:24.21.13.9924, unified:399.24)
[2018.10.23-19.29.27:127][  0]LogD3D11RHI:      Driver Date: 9-5-2018
[2018.10.23-19.29.27:127][  0]LogRHI: Texture pool is 2830 MB (70% of 4043 MB)
[2018.10.23-19.29.27:184][  0]LogD3D11RHI: Async texture creation enabled
[2018.10.23-19.29.27:203][  0]LogD3D11RHI: GPU Timing Frequency: 1000.000000 (Debug: 2 2)
[2018.10.23-19.29.27:292][  0]LogShaderCompilers: Guid format shader working directory is 12 characters bigger than the processId version (E:/TGP_SoloProject/TopHatSoloProject/Intermediate/Shaders/WorkingDirectory/13908/).
[2018.10.23-19.29.27:293][  0]LogShaderCompilers: Cleaned the shader compiler working directory 'C:/Users/p018236h/AppData/Local/Temp/UnrealShaderWorkingDir/805625C74C6CA1DC28CB519785D1C793/'.
[2018.10.23-19.29.27:689][  0]LogTemp: Display: Loaded TP AllDesktopTargetPlatform
[2018.10.23-19.29.27:709][  0]LogTemp: Display: Loaded TP MacClientTargetPlatform
[2018.10.23-19.29.27:729][  0]LogTemp: Display: Loaded TP MacNoEditorTargetPlatform
[2018.10.23-19.29.27:750][  0]LogTemp: Display: Loaded TP MacServerTargetPlatform
[2018.10.23-19.29.27:772][  0]LogTemp: Display: Loaded TP MacTargetPlatform
[2018.10.23-19.29.27:793][  0]LogTemp: Display: Loaded TP WindowsClientTargetPlatform
[2018.10.23-19.29.27:813][  0]LogTemp: Display: Loaded TP WindowsNoEditorTargetPlatform
[2018.10.23-19.29.27:845][  0]LogTemp: Display: Loaded TP WindowsServerTargetPlatform
[2018.10.23-19.29.27:857][  0]LogTemp: Display: Loaded TP WindowsTargetPlatform
[2018.10.23-19.29.27:958][  0]LogTemp: Display: Loaded TP AndroidTargetPlatform
[2018.10.23-19.29.27:958][  0]LogTemp: Display: Loaded TP AndroidTargetPlatform
[2018.10.23-19.29.27:958][  0]LogTemp: Display: Loaded TP AndroidTargetPlatform
[2018.10.23-19.29.27:958][  0]LogTemp: Display: Loaded TP AndroidTargetPlatform
[2018.10.23-19.29.27:958][  0]LogTemp: Display: Loaded TP AndroidTargetPlatform
[2018.10.23-19.29.27:958][  0]LogTemp: Display: Loaded TP AndroidTargetPlatform
[2018.10.23-19.29.27:958][  0]LogTemp: Display: Loaded TP AndroidTargetPlatform
[2018.10.23-19.29.27:958][  0]LogTemp: Display: Loaded TP AndroidTargetPlatform
[2018.10.23-19.29.27:958][  0]LogTemp: Display: Loaded TP AndroidTargetPlatform
[2018.10.23-19.29.27:958][  0]LogTemp: Display: Loaded TP AndroidTargetPlatform
[2018.10.23-19.29.27:958][  0]LogTemp: Display: Loaded TP AndroidTargetPlatform
[2018.10.23-19.29.27:958][  0]LogTemp: Display: Loaded TP AndroidTargetPlatform
[2018.10.23-19.29.27:958][  0]LogTemp: Display: Loaded TP AndroidTargetPlatform
[2018.10.23-19.29.27:958][  0]LogTemp: Display: Loaded TP AndroidTargetPlatform
[2018.10.23-19.29.27:958][  0]LogTemp: Display: Loaded TP AndroidTargetPlatform
[2018.10.23-19.29.27:958][  0]LogTemp: Display: Loaded TP AndroidTargetPlatform
[2018.10.23-19.29.27:959][  0]LogTemp: Display: Loaded TP AndroidTargetPlatform
[2018.10.23-19.29.27:959][  0]LogTemp: Display: Loaded TP AndroidTargetPlatform
[2018.10.23-19.29.27:964][  0]LogTemp: Display: Loaded TP HTML5TargetPlatform
[2018.10.23-19.29.28:042][  0]LogTemp: Display: Loaded TP IOSTargetPlatform
[2018.10.23-19.29.28:042][  0]LogTemp: Display: Loaded TP IOSTargetPlatform
[2018.10.23-19.29.28:073][  0]LogTemp: Display: Loaded TP TVOSTargetPlatform
[2018.10.23-19.29.28:073][  0]LogTemp: Display: Loaded TP TVOSTargetPlatform
[2018.10.23-19.29.28:090][  0]LogTemp: Display: Loaded TP LinuxClientTargetPlatform
[2018.10.23-19.29.28:108][  0]LogTemp: Display: Loaded TP LinuxNoEditorTargetPlatform
[2018.10.23-19.29.28:125][  0]LogTemp: Display: Loaded TP LinuxServerTargetPlatform
[2018.10.23-19.29.28:144][  0]LogTemp: Display: Loaded TP LinuxTargetPlatform
[2018.10.23-19.29.28:160][  0]LogTemp: Display: Loaded TP LuminTargetPlatform
[2018.10.23-19.29.28:161][  0]LogTargetPlatformManager: Display: Building Assets For Windows
[2018.10.23-19.29.28:346][  0]LogXGEController: Cleaning working directory: C:/Users/p018236h/AppData/Local/Temp/UnrealXGEWorkingDir/
[2018.10.23-19.29.28:347][  0]LogXGEController: Cannot use XGE Controller as Incredibuild is not installed on this machine.
[2018.10.23-19.29.28:347][  0]LogShaderCompilers: Cannot use XGE Shader Compiler as Incredibuild is not installed on this machine.
[2018.10.23-19.29.28:348][  0]LogShaderCompilers: Display: Using Local Shader Compiler.
[2018.10.23-19.29.29:487][  0]LogDerivedDataCache: Display: Max Cache Size: 512 MB
[2018.10.23-19.29.29:688][  0]LogDerivedDataCache: Loaded boot cache 0.20s 89MB C:/Users/p018236h/AppData/Local/UnrealEngine/4.20/DerivedDataCache/Boot.ddc.
[2018.10.23-19.29.29:689][  0]LogDerivedDataCache: Display: Loaded Boot cache: C:/Users/p018236h/AppData/Local/UnrealEngine/4.20/DerivedDataCache/Boot.ddc
[2018.10.23-19.29.29:689][  0]LogDerivedDataCache: FDerivedDataBackendGraph:  Pak pak cache file E:/TGP_SoloProject/TopHatSoloProject/DerivedDataCache/DDC.ddp not found, will not use a pak cache.
[2018.10.23-19.29.29:689][  0]LogDerivedDataCache: Unable to find inner node Pak for hierarchical cache Hierarchy.
[2018.10.23-19.29.29:689][  0]LogDerivedDataCache: FDerivedDataBackendGraph:  CompressedPak pak cache file E:/TGP_SoloProject/TopHatSoloProject/DerivedDataCache/Compressed.ddp not found, will not use a pak cache.
[2018.10.23-19.29.29:689][  0]LogDerivedDataCache: Unable to find inner node CompressedPak for hierarchical cache Hierarchy.
[2018.10.23-19.29.29:704][  0]LogDerivedDataCache: Display: Pak cache opened for reading ../../../Engine/DerivedDataCache/Compressed.ddp.
[2018.10.23-19.29.29:717][  0]LogDerivedDataCache: Using Local data cache path C:/Users/p018236h/AppData/Local/UnrealEngine/Common/DerivedDataCache: Writable
[2018.10.23-19.29.29:717][  0]LogDerivedDataCache: Shared data cache path not found in *engine.ini, will not use an Shared cache.
[2018.10.23-19.29.29:717][  0]LogDerivedDataCache: Unable to find inner node Shared for hierarchical cache Hierarchy.
[2018.10.23-19.29.29:740][  0]LogMaterial: Verifying Global Shaders for PCD3D_SM5
[2018.10.23-19.29.29:741][  0]LogSlate: Using FreeType 2.6.0
[2018.10.23-19.29.29:763][  0]LogSlate: SlateFontServices - WITH_FREETYPE: 1, WITH_HARFBUZZ: 1
[2018.10.23-19.29.30:058][  0]LogAssetRegistry: FAssetRegistry took 0.0296 seconds to start up
[2018.10.23-19.29.30:459][  0]LogInit: Selected Device Profile: [Windows]
[2018.10.23-19.29.30:705][  0]LogSimplygon: Simplygon DLL not present - disabling.
[2018.10.23-19.29.30:727][  0]LogMeshReduction: Using SimplygonSwarm for distributed automatic mesh merging
[2018.10.23-19.29.30:727][  0]LogMeshReduction: Using ProxyLODMeshReduction for automatic mesh merging
[2018.10.23-19.29.30:727][  0]LogMeshReduction: Using QuadricMeshReduction for automatic static mesh reduction
[2018.10.23-19.29.30:727][  0]LogMeshReduction: No automatic skeletal mesh reduction module available
[2018.10.23-19.29.30:750][  0]LogNetVersion: TopHatSoloProject 1.0.0, NetCL: 4212847, EngineNetVer: 5, GameNetVer: 0 (Checksum: 426773178)
[2018.10.23-19.29.31:454][  0]LogPackageLocalizationCache: Processed 11 localized package path(s) for 2 prioritized culture(s) in 0.132395 seconds
[2018.10.23-19.29.31:461][  0]LogUObjectArray: 38425 objects as part of root set at end of initial load.
[2018.10.23-19.29.31:461][  0]LogUObjectAllocator: 6690864 out of 0 bytes used by permanent object pool.
[2018.10.23-19.29.31:461][  0]LogUObjectArray: CloseDisregardForGC: 0/0 objects in disregard for GC pool
[2018.10.23-19.29.35:893][  0]LogTcpMessaging: Initializing TcpMessaging bridge
[2018.10.23-19.29.35:910][  0]LogUdpMessaging: Initializing bridge on interface 0.0.0.0:0 to multicast group 230.0.0.1:6666.
[2018.10.23-19.29.36:389][  0]SourceControl: Source control is disabled
[2018.10.23-19.29.36:389][  0]SourceControl: Source control is disabled
[2018.10.23-19.29.36:394][  0]SourceControl: Source control is disabled
[2018.10.23-19.29.36:398][  0]SourceControl: Source control is disabled
[2018.10.23-19.29.36:793][  0]LogAndroidPermission: UAndroidPermissionCallbackProxy::GetInstance
[2018.10.23-19.29.36:911][  0]LogOcInput: OculusInput pre-init called
[2018.10.23-19.29.36:998][  0]LogEngine: Initializing Engine...
[2018.10.23-19.29.37:000][  0]LogHMD: Failed to initialize OpenVR with code 110
[2018.10.23-19.29.37:001][  0]LogStats: UGameplayTagsManager::ConstructGameplayTagTree: ImportINI prefixes -  0.000 s
[2018.10.23-19.29.37:001][  0]LogStats: UGameplayTagsManager::ConstructGameplayTagTree: Construct from data asset -  0.000 s
[2018.10.23-19.29.37:002][  0]LogStats: UGameplayTagsManager::ConstructGameplayTagTree: ImportINI -  0.000 s
[2018.10.23-19.29.37:002][  0]LogStats: UGameplayTagsManager::ConstructGameplayTagTree: GameplayTagTreeChangedEvent.Broadcast -  0.000 s
[2018.10.23-19.29.37:260][  0]LogInit: Initializing FReadOnlyCVARCache
[2018.10.23-19.29.37:288][  0]LogAIModule: Creating AISystem for world Untitled
[2018.10.23-19.29.37:303][  0]LogInit: XAudio2 using 'Speakers (Realtek High Definition Audio)' : 2 channels at 48 kHz using 32 bits per sample (channel mask 0x3)
[2018.10.23-19.29.37:399][  0]LogInit: FAudioDevice initialized.
[2018.10.23-19.29.37:400][  0]LogNetVersion: Set ProjectVersion to 1.0.0.0. Version Checksum will be recalculated on next use.
[2018.10.23-19.29.37:567][  0]LogDerivedDataCache: Saved boot cache 0.17s 89MB C:/Users/p018236h/AppData/Local/UnrealEngine/4.20/DerivedDataCache/Boot.ddc.
[2018.10.23-19.29.37:602][  0]LogInit: Texture streaming: Enabled
[2018.10.23-19.29.37:647][  0]LogEngineSessionManager: EngineSessionManager initialized
[2018.10.23-19.29.37:667][  0]LogInit: Transaction tracking system initialized
[2018.10.23-19.29.37:730][  0]BlueprintLog: New page: Editor Load
[2018.10.23-19.29.37:995][  0]LocalizationService: Localization service is disabled
[2018.10.23-19.29.38:409][  0]LogCook: Display: Max memory allowance for cook 16384mb min free memory 0mb
[2018.10.23-19.29.38:409][  0]LogCook: Display: Mobile HDR setting 1
[2018.10.23-19.29.38:409][  0]LogGameplayTags: Display: UGameplayTagsManager::DoneAddingNativeTags. DelegateIsBound: 0
[2018.10.23-19.29.38:410][  0]LogStats: UGameplayTagsManager::ConstructGameplayTagTree: ImportINI prefixes -  0.000 s
[2018.10.23-19.29.38:410][  0]LogStats: UGameplayTagsManager::ConstructGameplayTagTree: Construct from data asset -  0.000 s
[2018.10.23-19.29.38:410][  0]LogStats: UGameplayTagsManager::ConstructGameplayTagTree: ImportINI -  0.000 s
[2018.10.23-19.29.38:410][  0]LogStats: UGameplayTagsManager::ConstructGameplayTagTree: GameplayTagTreeChangedEvent.Broadcast -  0.000 s
[2018.10.23-19.29.38:677][  0]LogFileCache: Scanning file cache for directory 'E:/TGP_SoloProject/TopHatSoloProject/Content/' took 0.02s
[2018.10.23-19.29.38:677][  0]SourceControl: Source control is disabled
[2018.10.23-19.29.38:677][  0]Cmd: MAP LOAD FILE="../../../Engine/Content/Maps/Templates/Template_Default.umap" TEMPLATE=1 SHOWPROGRESS=1 FEATURELEVEL=3
[2018.10.23-19.29.38:678][  0]LightingResults: New page: Lighting Build
[2018.10.23-19.29.38:683][  0]MapCheck: New page: Map Check
[2018.10.23-19.29.38:684][  0]LightingResults: New page: Lighting Build
[2018.10.23-19.29.38:876][  0]LogAIModule: Creating AISystem for world Untitled_1
[2018.10.23-19.29.38:886][  0]LogEditorServer: Finished looking for orphan Actors (0.000 secs)
[2018.10.23-19.29.38:915][  0]Cmd: MAP CHECKDEP NOCLEARLOG
[2018.10.23-19.29.39:143][  0]MapCheck: Map check complete: 0 Error(s), 0 Warning(s), took 227.333ms to complete.
[2018.10.23-19.29.39:143][  0]LogFileHelpers: Loading map 'Template_Default' took 0.466
[2018.10.23-19.29.39:309][  0]LogSlate: Updating window title bar state: overlay mode, drag disabled, window buttons hidden, title bar hidden
[2018.10.23-19.29.39:317][  0]LogSlate: Updating window title bar state: overlay mode, drag disabled, window buttons hidden, title bar hidden
[2018.10.23-19.29.39:326][  0]LogSlate: Updating window title bar state: overlay mode, drag disabled, window buttons hidden, title bar hidden
[2018.10.23-19.29.39:335][  0]LogSlate: Updating window title bar state: overlay mode, drag disabled, window buttons hidden, title bar hidden
[2018.10.23-19.29.39:349][  0]LogCollectionManager: Loaded 0 collections in 0.004129 seconds
[2018.10.23-19.29.39:403][  0]LogFileCache: Scanning file cache for directory 'E:/TGP_SoloProject/TopHatSoloProject/Saved/Collections/' took 0.01s
[2018.10.23-19.29.39:403][  0]LogFileCache: Scanning file cache for directory 'E:/TGP_SoloProject/TopHatSoloProject/Content/Developers/p018236h/Collections/' took 0.01s
[2018.10.23-19.29.39:403][  0]LogFileCache: Scanning file cache for directory 'E:/TGP_SoloProject/TopHatSoloProject/Content/Collections/' took 0.01s
[2018.10.23-19.29.39:403][  0]LogCollectionManager: Rebuilt the GUID cache for 0 collections in 0.000000 seconds
[2018.10.23-19.29.39:414][  0]LogContentBrowser: Native class hierarchy populated in 0.0107 seconds. Added 2579 classes and 606 folders.
[2018.10.23-19.29.39:427][  0]LogContentBrowser: Native class hierarchy updated for 'WidgetCarousel' in 0.0004 seconds. Added 0 classes and 0 folders.
[2018.10.23-19.29.39:528][  0]LogContentBrowser: Native class hierarchy updated for 'AddContentDialog' in 0.0004 seconds. Added 0 classes and 0 folders.
[2018.10.23-19.29.39:539][  0]LogContentBrowser: Native class hierarchy updated for 'SceneOutliner' in 0.0004 seconds. Added 1 classes and 2 folders.
[2018.10.23-19.29.39:611][  0]LogSlate: Took 0.000459 seconds to synchronously load lazily loaded font '../../../Engine/Content/Slate/Fonts/Roboto-Regular.ttf' (155K)
[2018.10.23-19.29.39:613][  0]LogSlate: Took 0.000241 seconds to synchronously load lazily loaded font '../../../Engine/Content/Slate/Fonts/Roboto-Bold.ttf' (160K)
[2018.10.23-19.29.39:619][  0]LogSlate: Took 0.000287 seconds to synchronously load lazily loaded font '../../../Engine/Content/Editor/Slate/Fonts/FontAwesome.ttf' (139K)
[2018.10.23-19.29.39:709][  0]LogRenderer: Reallocating scene render targets to support 1208x576 Format 10 NumSamples 1 (Frame:1).
[2018.10.23-19.29.39:908][  0]LogContentBrowser: Native class hierarchy updated for 'HierarchicalLODOutliner' in 0.0008 seconds. Added 0 classes and 0 folders.
[2018.10.23-19.29.39:908][  0]LogLoad: (Engine Initialization) Total time: 17.57 seconds
[2018.10.23-19.29.39:908][  0]LogLoad: (Engine Initialization) Total Blueprint compile time: 0.00 seconds
[2018.10.23-19.29.39:919][  0]LogWindowsTextInputMethodSystem: Display: IME system now deactivated.
[2018.10.23-19.29.39:956][  0]LogContentStreaming: Texture pool size now 1000 MB
[2018.10.23-19.29.39:990][  0]LogSlate: Took 0.000260 seconds to synchronously load lazily loaded font '../../../Engine/Content/Slate/Fonts/Roboto-Light.ttf' (167K)
[2018.10.23-19.29.40:002][  1]LogFileCache: Retrieving MD5 hashes for directory 'E:/TGP_SoloProject/TopHatSoloProject/Content/' took 0.07s
[2018.10.23-19.29.40:132][  2]LogAssetRegistry: Asset discovery search completed in 10.0984 seconds
[2018.10.23-19.29.40:135][  2]LogCollectionManager: Rebuilt the object cache for 0 collections in 0.000000 seconds (found 0 objects)
[2018.10.23-19.29.40:135][  2]LogCollectionManager: Fixed up redirectors for 0 collections in 0.000505 seconds (updated 0 objects)
[2018.10.23-19.29.40:955][ 94]LogSlate: Took 0.000278 seconds to synchronously load lazily loaded font '../../../Engine/Content/Slate/Fonts/Roboto-Light.ttf' (167K)
[2018.10.23-19.29.42:828][316]LogSlate: FSceneViewport::OnFocusLost() reason 0
[2018.10.23-19.29.43:008][328]LogAssetEditorManager: Opening Asset editor for WidgetBlueprint /Game/MainMenu/MainMenuWidget.MainMenuWidget
[2018.10.23-19.29.43:504][328]LogContentBrowser: Native class hierarchy updated for 'BlueprintGraph' in 0.0008 seconds. Added 116 classes and 0 folders.
[2018.10.23-19.29.44:535][328]LogAssetEditorManager: Opening Asset editor for WidgetBlueprint /Game/EndingScreens/CompletedGame.CompletedGame
[2018.10.23-19.29.44:887][328]LogAssetEditorManager: Opening Asset editor for WidgetBlueprint /Game/EndingScreens/FailedGame.FailedGame
[2018.10.23-19.29.45:234][328]LogSlate: Took 0.000283 seconds to synchronously load lazily loaded font '../../../Engine/Content/Slate/Fonts/Roboto-BoldCondensed.ttf' (158K)
[2018.10.23-19.29.52:362][655]LogSlate: Window 'FailedGame' being destroyed
[2018.10.23-19.30.43:008][552]LogAIModule: Creating AISystem for world TestLevel
[2018.10.23-19.30.43:036][552]LogAssetEditorManager: Opening Asset editor for World /Game/MainMenu/TestLevel.TestLevel
[2018.10.23-19.30.43:078][552]Cmd: MAP LOAD FILE="E:/TGP_SoloProject/TopHatSoloProject/Content/MainMenu/TestLevel.umap" TEMPLATE=0 SHOWPROGRESS=1 FEATURELEVEL=3
[2018.10.23-19.30.43:078][552]LightingResults: New page: Lighting Build
[2018.10.23-19.30.43:079][552]LoadErrors: New page: Loading map: TestLevel.umap
[2018.10.23-19.30.43:079][552]MapCheck: New page: Map Check
[2018.10.23-19.30.43:079][552]LightingResults: New page: Lighting Build
[2018.10.23-19.30.43:286][552]LogEditorServer: Finished looking for orphan Actors (0.000 secs)
[2018.10.23-19.30.43:350][552]Cmd: MAP CHECKDEP NOCLEARLOG
[2018.10.23-19.30.43:597][552]MapCheck: Map check complete: 0 Error(s), 0 Warning(s), took 247.238ms to complete.
[2018.10.23-19.30.43:598][552]LogFileHelpers: Loading map 'TestLevel' took 0.521
[2018.10.23-19.30.47:652][ 20]LogSlate: FSceneViewport::OnFocusLost() reason 2
[2018.10.23-19.30.49:554][224]LogSlate: FSceneViewport::OnFocusLost() reason 2
[2018.10.23-19.30.49:556][224]LogAssetEditorManager: Opening Asset editor for LevelScriptBlueprint /Game/MainMenu/TestLevel.TestLevel:PersistentLevel.TestLevel
[2018.10.23-19.30.57:970][149]LogAIModule: Creating AISystem for world ThirdPersonExampleMap
[2018.10.23-19.30.57:981][149]LogAssetEditorManager: Opening Asset editor for World /Game/ThirdPersonCPP/Maps/ThirdPersonExampleMap.ThirdPersonExampleMap
[2018.10.23-19.30.58:019][149]Cmd: MAP LOAD FILE="E:/TGP_SoloProject/TopHatSoloProject/Content/ThirdPersonCPP/Maps/ThirdPersonExampleMap.umap" TEMPLATE=0 SHOWPROGRESS=1 FEATURELEVEL=3
[2018.10.23-19.30.58:019][149]LightingResults: New page: Lighting Build
[2018.10.23-19.30.58:020][149]LoadErrors: New page: Loading map: ThirdPersonExampleMap.umap
[2018.10.23-19.30.58:021][149]MapCheck: New page: Map Check
[2018.10.23-19.30.58:021][149]LightingResults: New page: Lighting Build
[2018.10.23-19.30.58:146][149]LogEditorServer: Finished looking for orphan Actors (0.000 secs)
[2018.10.23-19.30.58:210][149]Cmd: MAP CHECKDEP NOCLEARLOG
[2018.10.23-19.30.58:458][149]MapCheck: Map check complete: 0 Error(s), 0 Warning(s), took 247.536ms to complete.
[2018.10.23-19.30.58:459][149]LogFileHelpers: Loading map 'ThirdPersonExampleMap' took 0.441
[2018.10.23-19.31.00:587][395]LogSlate: FSceneViewport::OnFocusLost() reason 2
[2018.10.23-19.31.01:405][485]LogSlate: FSceneViewport::OnFocusLost() reason 2
[2018.10.23-19.31.01:407][485]LogAssetEditorManager: Opening Asset editor for LevelScriptBlueprint /Game/ThirdPersonCPP/Maps/ThirdPersonExampleMap.ThirdPersonExampleMap:PersistentLevel.ThirdPersonExampleMap
[2018.10.23-19.31.01:694][486]LogSlate: Took 0.000302 seconds to synchronously load lazily loaded font '../../../Engine/Content/Slate/Fonts/Roboto-Italic.ttf' (157K)
